<?xml version="1.0" encoding="UTF-8"?>
<TestRun id="ce533b7c-efd2-481c-8eb3-8904da195e85" name="skynryd9@LIL-MONEY-PIT 2012-02-21 17:29:43" runUser="Lil-Money-Pit\skynryd9" xmlns="http://microsoft.com/schemas/VisualStudio/TeamTest/2010">
  <TestSettings name="Local" id="edb481bb-0340-4d08-a79e-041a6ff1b069">
    <Description>These are default test settings for a local test run.</Description>
    <Deployment enabled="false" runDeploymentRoot="skynryd9_LIL-MONEY-PIT 2012-02-21 17_29_43">
      <DeploymentItem filename="C:\Development Projects\ENN\ENN\bin\Debug\UserBin\TestUserBinary.dll" />
      <DeploymentItem filename="C:\Development Projects\ENN\ENN.Framework\bin\Debug\ENN.Framework.dll" />
    </Deployment>
    <Execution hostProcessPlatform="MSIL">
      <Hosts skipUnhostableTests="false" />
      <TestTypeSpecific>
        <UnitTestRunConfig testTypeId="13cdc9d9-ddb5-4fa4-a97d-d965ccfc6d4b">
          <AssemblyResolution>
            <TestDirectory useLoadContext="true" />
          </AssemblyResolution>
        </UnitTestRunConfig>
      </TestTypeSpecific>
      <AgentRule name="Execution Agents">
      </AgentRule>
    </Execution>
  </TestSettings>
  <Times creation="2012-02-21T17:29:43.4678386-05:00" queuing="2012-02-21T17:29:43.5928458-05:00" start="2012-02-21T17:29:43.6258476-05:00" finish="2012-02-21T17:29:44.4528950-05:00" />
  <ResultSummary outcome="Failed">
    <Counters total="42" executed="42" passed="21" error="0" failed="11" timeout="0" aborted="0" inconclusive="10" passedButRunAborted="0" notRunnable="0" notExecuted="0" disconnected="0" warning="0" completed="0" inProgress="0" pending="0" />
  </ResultSummary>
  <TestDefinitions>
    <UnitTest name="LoadTextTest" storage="c:\development projects\enn\testsuite\bin\debug\testsuite.dll" id="7d8ab741-01d2-0d2d-1e29-c0fcb83101fd">
      <Execution id="bcf50664-f218-457e-8438-f01532612aa3" />
      <TestMethod codeBase="C:/Development Projects/ENN/TestSuite/bin/Debug/TestSuite.DLL" adapterTypeName="Microsoft.VisualStudio.TestTools.TestTypes.Unit.UnitTestAdapter, Microsoft.VisualStudio.QualityTools.Tips.UnitTest.Adapter, Version=10.0.0.0, Culture=neutral, PublicKeyToken=b03f5f7f11d50a3a" className="TestSuite.Framework.Tools.TopologyTest, TestSuite, Version=1.0.0.0, Culture=neutral, PublicKeyToken=null" name="LoadTextTest" />
    </UnitTest>
    <UnitTest name="TrainNetworkTest" storage="c:\development projects\enn\testsuite\bin\debug\testsuite.dll" id="d60f0c70-680a-f2a7-be96-723443b7d4dc">
      <Execution id="899969a7-6e63-4f31-9f4d-8247c1b298f4" />
      <TestMethod codeBase="C:/Development Projects/ENN/TestSuite/bin/Debug/TestSuite.DLL" adapterTypeName="Microsoft.VisualStudio.TestTools.TestTypes.Unit.UnitTestAdapter, Microsoft.VisualStudio.QualityTools.Tips.UnitTest.Adapter, Version=10.0.0.0, Culture=neutral, PublicKeyToken=b03f5f7f11d50a3a" className="TestSuite.Framework.HillClimbAlgoTest, TestSuite, Version=1.0.0.0, Culture=neutral, PublicKeyToken=null" name="TrainNetworkTest" />
    </UnitTest>
    <UnitTest name="SaveText" storage="c:\development projects\enn\testsuite\bin\debug\testsuite.dll" id="dc7516d4-ea11-52ea-592a-675e802b27f3">
      <Execution id="d3e2e795-6a42-4b2c-9c2e-918335b27d30" />
      <TestMethod codeBase="C:/Development Projects/ENN/TestSuite/bin/Debug/TestSuite.DLL" adapterTypeName="Microsoft.VisualStudio.TestTools.TestTypes.Unit.UnitTestAdapter, Microsoft.VisualStudio.QualityTools.Tips.UnitTest.Adapter, Version=10.0.0.0, Culture=neutral, PublicKeyToken=b03f5f7f11d50a3a" className="TestSuite.Framework.Tools.SettingsTest, TestSuite, Version=1.0.0.0, Culture=neutral, PublicKeyToken=null" name="SaveText" />
    </UnitTest>
    <UnitTest name="GetValuesTest" storage="c:\development projects\enn\testsuite\bin\debug\testsuite.dll" id="919fcb5c-9129-e4af-6da8-58234650b9d0">
      <Execution id="9a71c6cf-a5cc-4beb-8448-05ca3d37afba" />
      <TestMethod codeBase="C:/Development Projects/ENN/TestSuite/bin/Debug/TestSuite.DLL" adapterTypeName="Microsoft.VisualStudio.TestTools.TestTypes.Unit.UnitTestAdapter, Microsoft.VisualStudio.QualityTools.Tips.UnitTest.Adapter, Version=10.0.0.0, Culture=neutral, PublicKeyToken=b03f5f7f11d50a3a" className="TestSuite.Framework.BasicInputLayerTest, TestSuite, Version=1.0.0.0, Culture=neutral, PublicKeyToken=null" name="GetValuesTest" />
    </UnitTest>
    <UnitTest name="SaveLoadBinary" storage="c:\development projects\enn\testsuite\bin\debug\testsuite.dll" id="b956f179-a280-645c-1bae-ce922e14d496">
      <Execution id="814e42fe-776b-460d-9262-81f7ca65834b" />
      <TestMethod codeBase="C:/Development Projects/ENN/TestSuite/bin/Debug/TestSuite.DLL" adapterTypeName="Microsoft.VisualStudio.TestTools.TestTypes.Unit.UnitTestAdapter, Microsoft.VisualStudio.QualityTools.Tips.UnitTest.Adapter, Version=10.0.0.0, Culture=neutral, PublicKeyToken=b03f5f7f11d50a3a" className="TestSuite.Framework.Tools.SettingsTest, TestSuite, Version=1.0.0.0, Culture=neutral, PublicKeyToken=null" name="SaveLoadBinary" />
    </UnitTest>
    <UnitTest name="GeneralizedLogisticTest1" storage="c:\development projects\enn\testsuite\bin\debug\testsuite.dll" id="2c89c367-a74f-da41-08f4-450946228133">
      <Execution id="42ab80a0-77ee-4541-8c05-d97bcf4e4620" />
      <TestMethod codeBase="C:/Development Projects/ENN/TestSuite/bin/Debug/TestSuite.DLL" adapterTypeName="Microsoft.VisualStudio.TestTools.TestTypes.Unit.UnitTestAdapter, Microsoft.VisualStudio.QualityTools.Tips.UnitTest.Adapter, Version=10.0.0.0, Culture=neutral, PublicKeyToken=b03f5f7f11d50a3a" className="TestSuite.Framework.SigmoidFunctionsTest, TestSuite, Version=1.0.0.0, Culture=neutral, PublicKeyToken=null" name="GeneralizedLogisticTest1" />
    </UnitTest>
    <UnitTest name="LoadText" storage="c:\development projects\enn\testsuite\bin\debug\testsuite.dll" id="895e1ad2-9637-1929-bdca-2e13d6ecdf33">
      <Execution id="7c03232d-7d48-466d-baa4-2757f087c491" />
      <TestMethod codeBase="C:/Development Projects/ENN/TestSuite/bin/Debug/TestSuite.DLL" adapterTypeName="Microsoft.VisualStudio.TestTools.TestTypes.Unit.UnitTestAdapter, Microsoft.VisualStudio.QualityTools.Tips.UnitTest.Adapter, Version=10.0.0.0, Culture=neutral, PublicKeyToken=b03f5f7f11d50a3a" className="TestSuite.Framework.Tools.SettingsTest, TestSuite, Version=1.0.0.0, Culture=neutral, PublicKeyToken=null" name="LoadText" />
    </UnitTest>
    <UnitTest name="CreateUserObjectTest" storage="c:\development projects\enn\testsuite\bin\debug\testsuite.dll" id="86183e70-5869-ac26-e602-fe6fdc8564f6">
      <DeploymentItems>
        <DeploymentItem filename="ENN.Framework.dll" />
      </DeploymentItems>
      <Execution id="079092a2-7dc8-475e-98a4-930a30b671f8" />
      <TestMethod codeBase="C:/Development Projects/ENN/TestSuite/bin/Debug/TestSuite.DLL" adapterTypeName="Microsoft.VisualStudio.TestTools.TestTypes.Unit.UnitTestAdapter, Microsoft.VisualStudio.QualityTools.Tips.UnitTest.Adapter, Version=10.0.0.0, Culture=neutral, PublicKeyToken=b03f5f7f11d50a3a" className="TestSuite.Framework.StandLibFactoryTest, TestSuite, Version=1.0.0.0, Culture=neutral, PublicKeyToken=null" name="CreateUserObjectTest" />
    </UnitTest>
    <UnitTest name="GetValuesTest" storage="c:\development projects\enn\testsuite\bin\debug\testsuite.dll" id="430f1830-9fb9-6f5a-5bbd-8746f440b9db">
      <Execution id="f850a98e-5abb-4482-b154-d8a025c9add3" />
      <TestMethod codeBase="C:/Development Projects/ENN/TestSuite/bin/Debug/TestSuite.DLL" adapterTypeName="Microsoft.VisualStudio.TestTools.TestTypes.Unit.UnitTestAdapter, Microsoft.VisualStudio.QualityTools.Tips.UnitTest.Adapter, Version=10.0.0.0, Culture=neutral, PublicKeyToken=b03f5f7f11d50a3a" className="TestSuite.Framework.ThreadedHiddenLayerTest, TestSuite, Version=1.0.0.0, Culture=neutral, PublicKeyToken=null" name="GetValuesTest" />
    </UnitTest>
    <UnitTest name="EqualsTest" storage="c:\development projects\enn\testsuite\bin\debug\testsuite.dll" id="020f297e-a2c1-3a64-4acc-60c7b6d21770">
      <Execution id="12827137-e325-44bd-bba3-87bdf3498f93" />
      <TestMethod codeBase="C:/Development Projects/ENN/TestSuite/bin/Debug/TestSuite.DLL" adapterTypeName="Microsoft.VisualStudio.TestTools.TestTypes.Unit.UnitTestAdapter, Microsoft.VisualStudio.QualityTools.Tips.UnitTest.Adapter, Version=10.0.0.0, Culture=neutral, PublicKeyToken=b03f5f7f11d50a3a" className="TestSuite.Framework.CustomizableNodeTest, TestSuite, Version=1.0.0.0, Culture=neutral, PublicKeyToken=null" name="EqualsTest" />
    </UnitTest>
    <UnitTest name="GetValueTest" storage="c:\development projects\enn\testsuite\bin\debug\testsuite.dll" id="855130ce-84bf-1161-1eee-aae8000252b2">
      <Execution id="da7b859a-2c17-4f3f-b2e6-1e1b1f121e5a" />
      <TestMethod codeBase="C:/Development Projects/ENN/TestSuite/bin/Debug/TestSuite.DLL" adapterTypeName="Microsoft.VisualStudio.TestTools.TestTypes.Unit.UnitTestAdapter, Microsoft.VisualStudio.QualityTools.Tips.UnitTest.Adapter, Version=10.0.0.0, Culture=neutral, PublicKeyToken=b03f5f7f11d50a3a" className="TestSuite.Framework.CustomizableNodeTest, TestSuite, Version=1.0.0.0, Culture=neutral, PublicKeyToken=null" name="GetValueTest" />
    </UnitTest>
    <UnitTest name="EqualsTest" storage="c:\development projects\enn\testsuite\bin\debug\testsuite.dll" id="8de660a6-a5b4-4a08-e168-84d6a8847c2d">
      <Execution id="9a1a3366-5d89-4bcd-94ed-796bfda3852f" />
      <TestMethod codeBase="C:/Development Projects/ENN/TestSuite/bin/Debug/TestSuite.DLL" adapterTypeName="Microsoft.VisualStudio.TestTools.TestTypes.Unit.UnitTestAdapter, Microsoft.VisualStudio.QualityTools.Tips.UnitTest.Adapter, Version=10.0.0.0, Culture=neutral, PublicKeyToken=b03f5f7f11d50a3a" className="TestSuite.Framework.NetworkTopologyTest, TestSuite, Version=1.0.0.0, Culture=neutral, PublicKeyToken=null" name="EqualsTest" />
    </UnitTest>
    <UnitTest name="GetValueTest" storage="c:\development projects\enn\testsuite\bin\debug\testsuite.dll" id="ed6cbf7c-1892-3c38-82a7-ffa09ec69e5a">
      <Execution id="68d5095a-2ab4-4fb9-8b10-a45de8b99a8c" />
      <TestMethod codeBase="C:/Development Projects/ENN/TestSuite/bin/Debug/TestSuite.DLL" adapterTypeName="Microsoft.VisualStudio.TestTools.TestTypes.Unit.UnitTestAdapter, Microsoft.VisualStudio.QualityTools.Tips.UnitTest.Adapter, Version=10.0.0.0, Culture=neutral, PublicKeyToken=b03f5f7f11d50a3a" className="TestSuite.Framework.BasicNodeTest, TestSuite, Version=1.0.0.0, Culture=neutral, PublicKeyToken=null" name="GetValueTest" />
    </UnitTest>
    <UnitTest name="EqualsTest" storage="c:\development projects\enn\testsuite\bin\debug\testsuite.dll" id="6a52bd04-93c0-3f97-3dd3-da1b2d4c5d7d">
      <Execution id="a827b8c3-223e-438b-8153-d51c68a91c7a" />
      <TestMethod codeBase="C:/Development Projects/ENN/TestSuite/bin/Debug/TestSuite.DLL" adapterTypeName="Microsoft.VisualStudio.TestTools.TestTypes.Unit.UnitTestAdapter, Microsoft.VisualStudio.QualityTools.Tips.UnitTest.Adapter, Version=10.0.0.0, Culture=neutral, PublicKeyToken=b03f5f7f11d50a3a" className="TestSuite.Framework.BasicOutputLayerTest, TestSuite, Version=1.0.0.0, Culture=neutral, PublicKeyToken=null" name="EqualsTest" />
    </UnitTest>
    <UnitTest name="GetValueTest" storage="c:\development projects\enn\testsuite\bin\debug\testsuite.dll" id="7ddb6d66-d4cc-b85e-ceb4-dacdc7709908">
      <Execution id="8f98e3f5-9a47-4a52-8de7-97f56eacfb7e" />
      <TestMethod codeBase="C:/Development Projects/ENN/TestSuite/bin/Debug/TestSuite.DLL" adapterTypeName="Microsoft.VisualStudio.TestTools.TestTypes.Unit.UnitTestAdapter, Microsoft.VisualStudio.QualityTools.Tips.UnitTest.Adapter, Version=10.0.0.0, Culture=neutral, PublicKeyToken=b03f5f7f11d50a3a" className="TestSuite.Framework.BasicOutputLayerTest, TestSuite, Version=1.0.0.0, Culture=neutral, PublicKeyToken=null" name="GetValueTest" />
    </UnitTest>
    <UnitTest name="StandLibFactoryConstructorTest" storage="c:\development projects\enn\testsuite\bin\debug\testsuite.dll" id="3c9d6005-6c63-77c2-b4e0-1c2eb9238c86">
      <Execution id="d94fed54-26d5-4665-ac93-247fcf70d62a" />
      <TestMethod codeBase="C:/Development Projects/ENN/TestSuite/bin/Debug/TestSuite.DLL" adapterTypeName="Microsoft.VisualStudio.TestTools.TestTypes.Unit.UnitTestAdapter, Microsoft.VisualStudio.QualityTools.Tips.UnitTest.Adapter, Version=10.0.0.0, Culture=neutral, PublicKeyToken=b03f5f7f11d50a3a" className="TestSuite.Framework.StandLibFactoryTest, TestSuite, Version=1.0.0.0, Culture=neutral, PublicKeyToken=null" name="StandLibFactoryConstructorTest" />
    </UnitTest>
    <UnitTest name="GetValuesTest" storage="c:\development projects\enn\testsuite\bin\debug\testsuite.dll" id="f053d416-9380-8069-ef40-6a7789ba8040">
      <Execution id="e3840bcc-7236-4450-84a0-63cc1761c4c2" />
      <TestMethod codeBase="C:/Development Projects/ENN/TestSuite/bin/Debug/TestSuite.DLL" adapterTypeName="Microsoft.VisualStudio.TestTools.TestTypes.Unit.UnitTestAdapter, Microsoft.VisualStudio.QualityTools.Tips.UnitTest.Adapter, Version=10.0.0.0, Culture=neutral, PublicKeyToken=b03f5f7f11d50a3a" className="TestSuite.Framework.BasicLayerTest, TestSuite, Version=1.0.0.0, Culture=neutral, PublicKeyToken=null" name="GetValuesTest" />
    </UnitTest>
    <UnitTest name="EqualsTest" storage="c:\development projects\enn\testsuite\bin\debug\testsuite.dll" id="5577bcbe-3b62-1f0a-eed4-fd75c6d9137e">
      <Execution id="933cba47-6aa5-451c-a054-574389759b6e" />
      <TestMethod codeBase="C:/Development Projects/ENN/TestSuite/bin/Debug/TestSuite.DLL" adapterTypeName="Microsoft.VisualStudio.TestTools.TestTypes.Unit.UnitTestAdapter, Microsoft.VisualStudio.QualityTools.Tips.UnitTest.Adapter, Version=10.0.0.0, Culture=neutral, PublicKeyToken=b03f5f7f11d50a3a" className="TestSuite.Framework.NetworkSettingsTest, TestSuite, Version=1.0.0.0, Culture=neutral, PublicKeyToken=null" name="EqualsTest" />
    </UnitTest>
    <UnitTest name="SaveTextTest" storage="c:\development projects\enn\testsuite\bin\debug\testsuite.dll" id="49de5b48-9eaf-d0db-f8b0-e44b0098530f">
      <Execution id="feefa587-de02-4f40-b510-ef2c6b1c5ec7" />
      <TestMethod codeBase="C:/Development Projects/ENN/TestSuite/bin/Debug/TestSuite.DLL" adapterTypeName="Microsoft.VisualStudio.TestTools.TestTypes.Unit.UnitTestAdapter, Microsoft.VisualStudio.QualityTools.Tips.UnitTest.Adapter, Version=10.0.0.0, Culture=neutral, PublicKeyToken=b03f5f7f11d50a3a" className="TestSuite.Framework.Tools.TopologyTest, TestSuite, Version=1.0.0.0, Culture=neutral, PublicKeyToken=null" name="SaveTextTest" />
    </UnitTest>
    <UnitTest name="TrainNetworkTest" storage="c:\development projects\enn\testsuite\bin\debug\testsuite.dll" id="583e1b08-512f-1567-2515-8af7db8880c1">
      <Execution id="cf72db6e-38b8-4e1c-9cdd-adaf003fe3d5" />
      <TestMethod codeBase="C:/Development Projects/ENN/TestSuite/bin/Debug/TestSuite.DLL" adapterTypeName="Microsoft.VisualStudio.TestTools.TestTypes.Unit.UnitTestAdapter, Microsoft.VisualStudio.QualityTools.Tips.UnitTest.Adapter, Version=10.0.0.0, Culture=neutral, PublicKeyToken=b03f5f7f11d50a3a" className="TestSuite.Framework.NeuralNetworkTest, TestSuite, Version=1.0.0.0, Culture=neutral, PublicKeyToken=null" name="TrainNetworkTest" />
    </UnitTest>
    <UnitTest name="productionTest" storage="c:\development projects\enn\testsuite\bin\debug\testsuite.dll" id="41c561ac-f514-03ed-4f2e-66225ee0a9b3">
      <Execution id="df8ed775-509e-419d-a0b0-3ba79dfea0ee" />
      <TestMethod codeBase="C:/Development Projects/ENN/TestSuite/bin/Debug/TestSuite.DLL" adapterTypeName="Microsoft.VisualStudio.TestTools.TestTypes.Unit.UnitTestAdapter, Microsoft.VisualStudio.QualityTools.Tips.UnitTest.Adapter, Version=10.0.0.0, Culture=neutral, PublicKeyToken=b03f5f7f11d50a3a" className="TestSuite.Framework.CombinationFunctionsTest, TestSuite, Version=1.0.0.0, Culture=neutral, PublicKeyToken=null" name="productionTest" />
    </UnitTest>
    <UnitTest name="EqualsTest" storage="c:\development projects\enn\testsuite\bin\debug\testsuite.dll" id="18a77028-9543-64bf-e55c-fd2f334a9adb">
      <Execution id="9183903f-9f2c-45de-9a63-40d898e12c79" />
      <TestMethod codeBase="C:/Development Projects/ENN/TestSuite/bin/Debug/TestSuite.DLL" adapterTypeName="Microsoft.VisualStudio.TestTools.TestTypes.Unit.UnitTestAdapter, Microsoft.VisualStudio.QualityTools.Tips.UnitTest.Adapter, Version=10.0.0.0, Culture=neutral, PublicKeyToken=b03f5f7f11d50a3a" className="TestSuite.Framework.BasicNodeTest, TestSuite, Version=1.0.0.0, Culture=neutral, PublicKeyToken=null" name="EqualsTest" />
    </UnitTest>
    <UnitTest name="MetaDataTest" storage="c:\development projects\enn\testsuite\bin\debug\testsuite.dll" id="47b48568-fe23-aa9f-4797-84c392c55991">
      <Execution id="6c02e13d-06de-40a8-9ab8-45904b1f94a3" />
      <TestMethod codeBase="C:/Development Projects/ENN/TestSuite/bin/Debug/TestSuite.DLL" adapterTypeName="Microsoft.VisualStudio.TestTools.TestTypes.Unit.UnitTestAdapter, Microsoft.VisualStudio.QualityTools.Tips.UnitTest.Adapter, Version=10.0.0.0, Culture=neutral, PublicKeyToken=b03f5f7f11d50a3a" className="TestSuite.Framework.BasicLayerTest, TestSuite, Version=1.0.0.0, Culture=neutral, PublicKeyToken=null" name="MetaDataTest" />
    </UnitTest>
    <UnitTest name="ComputeDecisionTest" storage="c:\development projects\enn\testsuite\bin\debug\testsuite.dll" id="b6e27dc1-3f73-d482-30bb-5034e06d0f49">
      <Execution id="f94b3a7e-6c75-4410-85fc-29375e3940d2" />
      <TestMethod codeBase="C:/Development Projects/ENN/TestSuite/bin/Debug/TestSuite.DLL" adapterTypeName="Microsoft.VisualStudio.TestTools.TestTypes.Unit.UnitTestAdapter, Microsoft.VisualStudio.QualityTools.Tips.UnitTest.Adapter, Version=10.0.0.0, Culture=neutral, PublicKeyToken=b03f5f7f11d50a3a" className="TestSuite.Framework.NeuralNetworkTest, TestSuite, Version=1.0.0.0, Culture=neutral, PublicKeyToken=null" name="ComputeDecisionTest" />
    </UnitTest>
    <UnitTest name="MetaDataTest" storage="c:\development projects\enn\testsuite\bin\debug\testsuite.dll" id="f8957ebd-9c0b-9da1-0906-83765d4b5fea">
      <Execution id="0ac85e87-ef7e-4a6a-aa18-65cbca92c807" />
      <TestMethod codeBase="C:/Development Projects/ENN/TestSuite/bin/Debug/TestSuite.DLL" adapterTypeName="Microsoft.VisualStudio.TestTools.TestTypes.Unit.UnitTestAdapter, Microsoft.VisualStudio.QualityTools.Tips.UnitTest.Adapter, Version=10.0.0.0, Culture=neutral, PublicKeyToken=b03f5f7f11d50a3a" className="TestSuite.Framework.BasicNodeTest, TestSuite, Version=1.0.0.0, Culture=neutral, PublicKeyToken=null" name="MetaDataTest" />
    </UnitTest>
    <UnitTest name="LogisticTest" storage="c:\development projects\enn\testsuite\bin\debug\testsuite.dll" id="ca9b7ca8-ec0a-3d74-80eb-bb3fce3380f1">
      <Execution id="26ad20c1-a404-461d-b4a4-26c5199d2eac" />
      <TestMethod codeBase="C:/Development Projects/ENN/TestSuite/bin/Debug/TestSuite.DLL" adapterTypeName="Microsoft.VisualStudio.TestTools.TestTypes.Unit.UnitTestAdapter, Microsoft.VisualStudio.QualityTools.Tips.UnitTest.Adapter, Version=10.0.0.0, Culture=neutral, PublicKeyToken=b03f5f7f11d50a3a" className="TestSuite.Framework.SigmoidFunctionsTest, TestSuite, Version=1.0.0.0, Culture=neutral, PublicKeyToken=null" name="LogisticTest" />
    </UnitTest>
    <UnitTest name="EqualsTest" storage="c:\development projects\enn\testsuite\bin\debug\testsuite.dll" id="604a034f-362e-5faa-f734-caee2f5177cf">
      <Execution id="45a416b1-7b66-40ec-8d0a-7539cdd1b866" />
      <TestMethod codeBase="C:/Development Projects/ENN/TestSuite/bin/Debug/TestSuite.DLL" adapterTypeName="Microsoft.VisualStudio.TestTools.TestTypes.Unit.UnitTestAdapter, Microsoft.VisualStudio.QualityTools.Tips.UnitTest.Adapter, Version=10.0.0.0, Culture=neutral, PublicKeyToken=b03f5f7f11d50a3a" className="TestSuite.Framework.BasicLayerTest, TestSuite, Version=1.0.0.0, Culture=neutral, PublicKeyToken=null" name="EqualsTest" />
    </UnitTest>
    <UnitTest name="StartNetworkTest" storage="c:\development projects\enn\testsuite\bin\debug\testsuite.dll" id="4d46c574-4e3e-c892-575b-4964cedc723f">
      <Execution id="3f531aa8-6036-4a20-a0e2-a0a34424d2c4" />
      <TestMethod codeBase="C:/Development Projects/ENN/TestSuite/bin/Debug/TestSuite.DLL" adapterTypeName="Microsoft.VisualStudio.TestTools.TestTypes.Unit.UnitTestAdapter, Microsoft.VisualStudio.QualityTools.Tips.UnitTest.Adapter, Version=10.0.0.0, Culture=neutral, PublicKeyToken=b03f5f7f11d50a3a" className="TestSuite.Framework.NeuralNetworkTest, TestSuite, Version=1.0.0.0, Culture=neutral, PublicKeyToken=null" name="StartNetworkTest" />
    </UnitTest>
    <UnitTest name="ThreadedHiddenLayerConstructorTest" storage="c:\development projects\enn\testsuite\bin\debug\testsuite.dll" id="b5ae595f-7dca-73d7-1bda-f09e7ea52bd4">
      <Execution id="3fe9d389-efcc-4ad1-90b4-7754ec30e316" />
      <TestMethod codeBase="C:/Development Projects/ENN/TestSuite/bin/Debug/TestSuite.DLL" adapterTypeName="Microsoft.VisualStudio.TestTools.TestTypes.Unit.UnitTestAdapter, Microsoft.VisualStudio.QualityTools.Tips.UnitTest.Adapter, Version=10.0.0.0, Culture=neutral, PublicKeyToken=b03f5f7f11d50a3a" className="TestSuite.Framework.ThreadedHiddenLayerTest, TestSuite, Version=1.0.0.0, Culture=neutral, PublicKeyToken=null" name="ThreadedHiddenLayerConstructorTest" />
    </UnitTest>
    <UnitTest name="SimpleAlgebraTest" storage="c:\development projects\enn\testsuite\bin\debug\testsuite.dll" id="56dba6eb-083e-0230-0e94-72afb7f4ca1f">
      <Execution id="73919c76-4b32-4117-ae74-e4c1a68f351c" />
      <TestMethod codeBase="C:/Development Projects/ENN/TestSuite/bin/Debug/TestSuite.DLL" adapterTypeName="Microsoft.VisualStudio.TestTools.TestTypes.Unit.UnitTestAdapter, Microsoft.VisualStudio.QualityTools.Tips.UnitTest.Adapter, Version=10.0.0.0, Culture=neutral, PublicKeyToken=b03f5f7f11d50a3a" className="TestSuite.Framework.SigmoidFunctionsTest, TestSuite, Version=1.0.0.0, Culture=neutral, PublicKeyToken=null" name="SimpleAlgebraTest" />
    </UnitTest>
    <UnitTest name="getActivationFunctionTest" storage="c:\development projects\enn\testsuite\bin\debug\testsuite.dll" id="357b4346-32ed-acf9-652d-d83b6fab665a">
      <Execution id="39cf5ac4-f892-4d71-87e6-6432015e5dfa" />
      <TestMethod codeBase="C:/Development Projects/ENN/TestSuite/bin/Debug/TestSuite.DLL" adapterTypeName="Microsoft.VisualStudio.TestTools.TestTypes.Unit.UnitTestAdapter, Microsoft.VisualStudio.QualityTools.Tips.UnitTest.Adapter, Version=10.0.0.0, Culture=neutral, PublicKeyToken=b03f5f7f11d50a3a" className="TestSuite.Framework.StandLibFactoryTest, TestSuite, Version=1.0.0.0, Culture=neutral, PublicKeyToken=null" name="getActivationFunctionTest" />
    </UnitTest>
    <UnitTest name="BasicLayerConstructorTest" storage="c:\development projects\enn\testsuite\bin\debug\testsuite.dll" id="07b21b41-3269-6cca-bc3e-6dc3a61f0299">
      <Execution id="238de82b-1b7f-4d51-9aa0-de0bcefa5bdd" />
      <TestMethod codeBase="C:/Development Projects/ENN/TestSuite/bin/Debug/TestSuite.DLL" adapterTypeName="Microsoft.VisualStudio.TestTools.TestTypes.Unit.UnitTestAdapter, Microsoft.VisualStudio.QualityTools.Tips.UnitTest.Adapter, Version=10.0.0.0, Culture=neutral, PublicKeyToken=b03f5f7f11d50a3a" className="TestSuite.Framework.BasicLayerTest, TestSuite, Version=1.0.0.0, Culture=neutral, PublicKeyToken=null" name="BasicLayerConstructorTest" />
    </UnitTest>
    <UnitTest name="WeightsTest" storage="c:\development projects\enn\testsuite\bin\debug\testsuite.dll" id="75f6c7d5-9e5a-8f55-82e3-7c8fe7e13944">
      <Execution id="287d8cd5-4908-4bfa-9682-df8fb3b3f7f6" />
      <TestMethod codeBase="C:/Development Projects/ENN/TestSuite/bin/Debug/TestSuite.DLL" adapterTypeName="Microsoft.VisualStudio.TestTools.TestTypes.Unit.UnitTestAdapter, Microsoft.VisualStudio.QualityTools.Tips.UnitTest.Adapter, Version=10.0.0.0, Culture=neutral, PublicKeyToken=b03f5f7f11d50a3a" className="TestSuite.Framework.BasicNodeTest, TestSuite, Version=1.0.0.0, Culture=neutral, PublicKeyToken=null" name="WeightsTest" />
    </UnitTest>
    <UnitTest name="sumationTest" storage="c:\development projects\enn\testsuite\bin\debug\testsuite.dll" id="d7de268d-ad00-3d1a-9ef6-c7d7c6d2c881">
      <Execution id="20a6c22b-2864-4629-bb1c-7a304d882c81" />
      <TestMethod codeBase="C:/Development Projects/ENN/TestSuite/bin/Debug/TestSuite.DLL" adapterTypeName="Microsoft.VisualStudio.TestTools.TestTypes.Unit.UnitTestAdapter, Microsoft.VisualStudio.QualityTools.Tips.UnitTest.Adapter, Version=10.0.0.0, Culture=neutral, PublicKeyToken=b03f5f7f11d50a3a" className="TestSuite.Framework.CombinationFunctionsTest, TestSuite, Version=1.0.0.0, Culture=neutral, PublicKeyToken=null" name="sumationTest" />
    </UnitTest>
    <UnitTest name="HyperbolicTangentTest" storage="c:\development projects\enn\testsuite\bin\debug\testsuite.dll" id="6d9bec79-b5da-bc4a-5a65-b5aeaeb99bc5">
      <Execution id="d5daab80-9ca5-4345-ab75-5ad393331288" />
      <TestMethod codeBase="C:/Development Projects/ENN/TestSuite/bin/Debug/TestSuite.DLL" adapterTypeName="Microsoft.VisualStudio.TestTools.TestTypes.Unit.UnitTestAdapter, Microsoft.VisualStudio.QualityTools.Tips.UnitTest.Adapter, Version=10.0.0.0, Culture=neutral, PublicKeyToken=b03f5f7f11d50a3a" className="TestSuite.Framework.SigmoidFunctionsTest, TestSuite, Version=1.0.0.0, Culture=neutral, PublicKeyToken=null" name="HyperbolicTangentTest" />
    </UnitTest>
    <UnitTest name="SaveLoadBinaryTest" storage="c:\development projects\enn\testsuite\bin\debug\testsuite.dll" id="38c45ed0-2293-3c74-f641-ef31e1cff933">
      <Execution id="9d728a5e-b479-4fa6-aecf-219c3c244d44" />
      <TestMethod codeBase="C:/Development Projects/ENN/TestSuite/bin/Debug/TestSuite.DLL" adapterTypeName="Microsoft.VisualStudio.TestTools.TestTypes.Unit.UnitTestAdapter, Microsoft.VisualStudio.QualityTools.Tips.UnitTest.Adapter, Version=10.0.0.0, Culture=neutral, PublicKeyToken=b03f5f7f11d50a3a" className="TestSuite.Framework.Tools.TopologyTest, TestSuite, Version=1.0.0.0, Culture=neutral, PublicKeyToken=null" name="SaveLoadBinaryTest" />
    </UnitTest>
    <UnitTest name="ModifiedLogisticTest" storage="c:\development projects\enn\testsuite\bin\debug\testsuite.dll" id="53c97187-29f3-3a29-3a8c-67e2258754c3">
      <Execution id="b2474ec2-310e-44e0-8923-e1ea1f5b0180" />
      <TestMethod codeBase="C:/Development Projects/ENN/TestSuite/bin/Debug/TestSuite.DLL" adapterTypeName="Microsoft.VisualStudio.TestTools.TestTypes.Unit.UnitTestAdapter, Microsoft.VisualStudio.QualityTools.Tips.UnitTest.Adapter, Version=10.0.0.0, Culture=neutral, PublicKeyToken=b03f5f7f11d50a3a" className="TestSuite.Framework.SigmoidFunctionsTest, TestSuite, Version=1.0.0.0, Culture=neutral, PublicKeyToken=null" name="ModifiedLogisticTest" />
    </UnitTest>
    <UnitTest name="EqualsTest" storage="c:\development projects\enn\testsuite\bin\debug\testsuite.dll" id="304bcf55-bb27-4a03-1c77-ecdeae3bc051">
      <Execution id="6fd46bb2-624b-499e-a2b7-db063392ffee" />
      <TestMethod codeBase="C:/Development Projects/ENN/TestSuite/bin/Debug/TestSuite.DLL" adapterTypeName="Microsoft.VisualStudio.TestTools.TestTypes.Unit.UnitTestAdapter, Microsoft.VisualStudio.QualityTools.Tips.UnitTest.Adapter, Version=10.0.0.0, Culture=neutral, PublicKeyToken=b03f5f7f11d50a3a" className="TestSuite.Framework.BasicInputLayerTest, TestSuite, Version=1.0.0.0, Culture=neutral, PublicKeyToken=null" name="EqualsTest" />
    </UnitTest>
    <UnitTest name="GeneralizedLogisticTest" storage="c:\development projects\enn\testsuite\bin\debug\testsuite.dll" id="d1aa1e04-5762-55e7-0a3f-f25ed3746b8e">
      <Execution id="e46c6b38-72bd-4f67-a154-93f15441f2cc" />
      <TestMethod codeBase="C:/Development Projects/ENN/TestSuite/bin/Debug/TestSuite.DLL" adapterTypeName="Microsoft.VisualStudio.TestTools.TestTypes.Unit.UnitTestAdapter, Microsoft.VisualStudio.QualityTools.Tips.UnitTest.Adapter, Version=10.0.0.0, Culture=neutral, PublicKeyToken=b03f5f7f11d50a3a" className="TestSuite.Framework.SigmoidFunctionsTest, TestSuite, Version=1.0.0.0, Culture=neutral, PublicKeyToken=null" name="GeneralizedLogisticTest" />
    </UnitTest>
    <UnitTest name="getCombinationFunctionTest" storage="c:\development projects\enn\testsuite\bin\debug\testsuite.dll" id="349f5a51-cd4a-74bd-4680-47d19c2c213f">
      <Execution id="f3c6348d-07eb-4b95-8126-1d2b3225f6e7" />
      <TestMethod codeBase="C:/Development Projects/ENN/TestSuite/bin/Debug/TestSuite.DLL" adapterTypeName="Microsoft.VisualStudio.TestTools.TestTypes.Unit.UnitTestAdapter, Microsoft.VisualStudio.QualityTools.Tips.UnitTest.Adapter, Version=10.0.0.0, Culture=neutral, PublicKeyToken=b03f5f7f11d50a3a" className="TestSuite.Framework.StandLibFactoryTest, TestSuite, Version=1.0.0.0, Culture=neutral, PublicKeyToken=null" name="getCombinationFunctionTest" />
    </UnitTest>
    <UnitTest name="NeuralNetworkConstructorTest" storage="c:\development projects\enn\testsuite\bin\debug\testsuite.dll" id="cf73ff44-a6c5-1e64-628c-f9b7f15247dd">
      <Execution id="680933b9-c79f-49be-8442-ae935f548dea" />
      <TestMethod codeBase="C:/Development Projects/ENN/TestSuite/bin/Debug/TestSuite.DLL" adapterTypeName="Microsoft.VisualStudio.TestTools.TestTypes.Unit.UnitTestAdapter, Microsoft.VisualStudio.QualityTools.Tips.UnitTest.Adapter, Version=10.0.0.0, Culture=neutral, PublicKeyToken=b03f5f7f11d50a3a" className="TestSuite.Framework.NeuralNetworkTest, TestSuite, Version=1.0.0.0, Culture=neutral, PublicKeyToken=null" name="NeuralNetworkConstructorTest" />
    </UnitTest>
    <UnitTest name="ParseListTest" storage="c:\development projects\enn\testsuite\bin\debug\testsuite.dll" id="e28af217-9e05-374a-b589-3e0e31013f06">
      <Execution id="59f195cc-a6d0-4edf-813d-98b8be0a9daa" />
      <TestMethod codeBase="C:/Development Projects/ENN/TestSuite/bin/Debug/TestSuite.DLL" adapterTypeName="Microsoft.VisualStudio.TestTools.TestTypes.Unit.UnitTestAdapter, Microsoft.VisualStudio.QualityTools.Tips.UnitTest.Adapter, Version=10.0.0.0, Culture=neutral, PublicKeyToken=b03f5f7f11d50a3a" className="TestSuite.Framework.StandLibFactoryTest, TestSuite, Version=1.0.0.0, Culture=neutral, PublicKeyToken=null" name="ParseListTest" />
    </UnitTest>
  </TestDefinitions>
  <TestLists>
    <TestList name="Results Not in a List" id="8c84fa94-04c1-424b-9868-57a2d4851a1d" />
    <TestList name="All Loaded Results" id="19431567-8539-422a-85d7-44ee4e166bda" />
  </TestLists>
  <TestEntries>
    <TestEntry testId="020f297e-a2c1-3a64-4acc-60c7b6d21770" executionId="12827137-e325-44bd-bba3-87bdf3498f93" testListId="8c84fa94-04c1-424b-9868-57a2d4851a1d" />
    <TestEntry testId="07b21b41-3269-6cca-bc3e-6dc3a61f0299" executionId="238de82b-1b7f-4d51-9aa0-de0bcefa5bdd" testListId="8c84fa94-04c1-424b-9868-57a2d4851a1d" />
    <TestEntry testId="18a77028-9543-64bf-e55c-fd2f334a9adb" executionId="9183903f-9f2c-45de-9a63-40d898e12c79" testListId="8c84fa94-04c1-424b-9868-57a2d4851a1d" />
    <TestEntry testId="2c89c367-a74f-da41-08f4-450946228133" executionId="42ab80a0-77ee-4541-8c05-d97bcf4e4620" testListId="8c84fa94-04c1-424b-9868-57a2d4851a1d" />
    <TestEntry testId="304bcf55-bb27-4a03-1c77-ecdeae3bc051" executionId="6fd46bb2-624b-499e-a2b7-db063392ffee" testListId="8c84fa94-04c1-424b-9868-57a2d4851a1d" />
    <TestEntry testId="349f5a51-cd4a-74bd-4680-47d19c2c213f" executionId="f3c6348d-07eb-4b95-8126-1d2b3225f6e7" testListId="8c84fa94-04c1-424b-9868-57a2d4851a1d" />
    <TestEntry testId="357b4346-32ed-acf9-652d-d83b6fab665a" executionId="39cf5ac4-f892-4d71-87e6-6432015e5dfa" testListId="8c84fa94-04c1-424b-9868-57a2d4851a1d" />
    <TestEntry testId="38c45ed0-2293-3c74-f641-ef31e1cff933" executionId="9d728a5e-b479-4fa6-aecf-219c3c244d44" testListId="8c84fa94-04c1-424b-9868-57a2d4851a1d" />
    <TestEntry testId="3c9d6005-6c63-77c2-b4e0-1c2eb9238c86" executionId="d94fed54-26d5-4665-ac93-247fcf70d62a" testListId="8c84fa94-04c1-424b-9868-57a2d4851a1d" />
    <TestEntry testId="41c561ac-f514-03ed-4f2e-66225ee0a9b3" executionId="df8ed775-509e-419d-a0b0-3ba79dfea0ee" testListId="8c84fa94-04c1-424b-9868-57a2d4851a1d" />
    <TestEntry testId="430f1830-9fb9-6f5a-5bbd-8746f440b9db" executionId="f850a98e-5abb-4482-b154-d8a025c9add3" testListId="8c84fa94-04c1-424b-9868-57a2d4851a1d" />
    <TestEntry testId="47b48568-fe23-aa9f-4797-84c392c55991" executionId="6c02e13d-06de-40a8-9ab8-45904b1f94a3" testListId="8c84fa94-04c1-424b-9868-57a2d4851a1d" />
    <TestEntry testId="49de5b48-9eaf-d0db-f8b0-e44b0098530f" executionId="feefa587-de02-4f40-b510-ef2c6b1c5ec7" testListId="8c84fa94-04c1-424b-9868-57a2d4851a1d" />
    <TestEntry testId="4d46c574-4e3e-c892-575b-4964cedc723f" executionId="3f531aa8-6036-4a20-a0e2-a0a34424d2c4" testListId="8c84fa94-04c1-424b-9868-57a2d4851a1d" />
    <TestEntry testId="53c97187-29f3-3a29-3a8c-67e2258754c3" executionId="b2474ec2-310e-44e0-8923-e1ea1f5b0180" testListId="8c84fa94-04c1-424b-9868-57a2d4851a1d" />
    <TestEntry testId="5577bcbe-3b62-1f0a-eed4-fd75c6d9137e" executionId="933cba47-6aa5-451c-a054-574389759b6e" testListId="8c84fa94-04c1-424b-9868-57a2d4851a1d" />
    <TestEntry testId="56dba6eb-083e-0230-0e94-72afb7f4ca1f" executionId="73919c76-4b32-4117-ae74-e4c1a68f351c" testListId="8c84fa94-04c1-424b-9868-57a2d4851a1d" />
    <TestEntry testId="583e1b08-512f-1567-2515-8af7db8880c1" executionId="cf72db6e-38b8-4e1c-9cdd-adaf003fe3d5" testListId="8c84fa94-04c1-424b-9868-57a2d4851a1d" />
    <TestEntry testId="604a034f-362e-5faa-f734-caee2f5177cf" executionId="45a416b1-7b66-40ec-8d0a-7539cdd1b866" testListId="8c84fa94-04c1-424b-9868-57a2d4851a1d" />
    <TestEntry testId="6a52bd04-93c0-3f97-3dd3-da1b2d4c5d7d" executionId="a827b8c3-223e-438b-8153-d51c68a91c7a" testListId="8c84fa94-04c1-424b-9868-57a2d4851a1d" />
    <TestEntry testId="6d9bec79-b5da-bc4a-5a65-b5aeaeb99bc5" executionId="d5daab80-9ca5-4345-ab75-5ad393331288" testListId="8c84fa94-04c1-424b-9868-57a2d4851a1d" />
    <TestEntry testId="75f6c7d5-9e5a-8f55-82e3-7c8fe7e13944" executionId="287d8cd5-4908-4bfa-9682-df8fb3b3f7f6" testListId="8c84fa94-04c1-424b-9868-57a2d4851a1d" />
    <TestEntry testId="7d8ab741-01d2-0d2d-1e29-c0fcb83101fd" executionId="bcf50664-f218-457e-8438-f01532612aa3" testListId="8c84fa94-04c1-424b-9868-57a2d4851a1d" />
    <TestEntry testId="7ddb6d66-d4cc-b85e-ceb4-dacdc7709908" executionId="8f98e3f5-9a47-4a52-8de7-97f56eacfb7e" testListId="8c84fa94-04c1-424b-9868-57a2d4851a1d" />
    <TestEntry testId="855130ce-84bf-1161-1eee-aae8000252b2" executionId="da7b859a-2c17-4f3f-b2e6-1e1b1f121e5a" testListId="8c84fa94-04c1-424b-9868-57a2d4851a1d" />
    <TestEntry testId="86183e70-5869-ac26-e602-fe6fdc8564f6" executionId="079092a2-7dc8-475e-98a4-930a30b671f8" testListId="8c84fa94-04c1-424b-9868-57a2d4851a1d" />
    <TestEntry testId="895e1ad2-9637-1929-bdca-2e13d6ecdf33" executionId="7c03232d-7d48-466d-baa4-2757f087c491" testListId="8c84fa94-04c1-424b-9868-57a2d4851a1d" />
    <TestEntry testId="8de660a6-a5b4-4a08-e168-84d6a8847c2d" executionId="9a1a3366-5d89-4bcd-94ed-796bfda3852f" testListId="8c84fa94-04c1-424b-9868-57a2d4851a1d" />
    <TestEntry testId="919fcb5c-9129-e4af-6da8-58234650b9d0" executionId="9a71c6cf-a5cc-4beb-8448-05ca3d37afba" testListId="8c84fa94-04c1-424b-9868-57a2d4851a1d" />
    <TestEntry testId="b5ae595f-7dca-73d7-1bda-f09e7ea52bd4" executionId="3fe9d389-efcc-4ad1-90b4-7754ec30e316" testListId="8c84fa94-04c1-424b-9868-57a2d4851a1d" />
    <TestEntry testId="b6e27dc1-3f73-d482-30bb-5034e06d0f49" executionId="f94b3a7e-6c75-4410-85fc-29375e3940d2" testListId="8c84fa94-04c1-424b-9868-57a2d4851a1d" />
    <TestEntry testId="b956f179-a280-645c-1bae-ce922e14d496" executionId="814e42fe-776b-460d-9262-81f7ca65834b" testListId="8c84fa94-04c1-424b-9868-57a2d4851a1d" />
    <TestEntry testId="ca9b7ca8-ec0a-3d74-80eb-bb3fce3380f1" executionId="26ad20c1-a404-461d-b4a4-26c5199d2eac" testListId="8c84fa94-04c1-424b-9868-57a2d4851a1d" />
    <TestEntry testId="cf73ff44-a6c5-1e64-628c-f9b7f15247dd" executionId="680933b9-c79f-49be-8442-ae935f548dea" testListId="8c84fa94-04c1-424b-9868-57a2d4851a1d" />
    <TestEntry testId="d1aa1e04-5762-55e7-0a3f-f25ed3746b8e" executionId="e46c6b38-72bd-4f67-a154-93f15441f2cc" testListId="8c84fa94-04c1-424b-9868-57a2d4851a1d" />
    <TestEntry testId="d60f0c70-680a-f2a7-be96-723443b7d4dc" executionId="899969a7-6e63-4f31-9f4d-8247c1b298f4" testListId="8c84fa94-04c1-424b-9868-57a2d4851a1d" />
    <TestEntry testId="d7de268d-ad00-3d1a-9ef6-c7d7c6d2c881" executionId="20a6c22b-2864-4629-bb1c-7a304d882c81" testListId="8c84fa94-04c1-424b-9868-57a2d4851a1d" />
    <TestEntry testId="dc7516d4-ea11-52ea-592a-675e802b27f3" executionId="d3e2e795-6a42-4b2c-9c2e-918335b27d30" testListId="8c84fa94-04c1-424b-9868-57a2d4851a1d" />
    <TestEntry testId="e28af217-9e05-374a-b589-3e0e31013f06" executionId="59f195cc-a6d0-4edf-813d-98b8be0a9daa" testListId="8c84fa94-04c1-424b-9868-57a2d4851a1d" />
    <TestEntry testId="ed6cbf7c-1892-3c38-82a7-ffa09ec69e5a" executionId="68d5095a-2ab4-4fb9-8b10-a45de8b99a8c" testListId="8c84fa94-04c1-424b-9868-57a2d4851a1d" />
    <TestEntry testId="f053d416-9380-8069-ef40-6a7789ba8040" executionId="e3840bcc-7236-4450-84a0-63cc1761c4c2" testListId="8c84fa94-04c1-424b-9868-57a2d4851a1d" />
    <TestEntry testId="f8957ebd-9c0b-9da1-0906-83765d4b5fea" executionId="0ac85e87-ef7e-4a6a-aa18-65cbca92c807" testListId="8c84fa94-04c1-424b-9868-57a2d4851a1d" />
  </TestEntries>
  <Results>
    <UnitTestResult executionId="12827137-e325-44bd-bba3-87bdf3498f93" testId="020f297e-a2c1-3a64-4acc-60c7b6d21770" testName="EqualsTest" computerName="LIL-MONEY-PIT" duration="00:00:00.0571221" startTime="2012-02-21T17:29:43.6258476-05:00" endTime="2012-02-21T17:29:43.9428658-05:00" testType="13cdc9d9-ddb5-4fa4-a97d-d965ccfc6d4b" outcome="Inconclusive" testListId="8c84fa94-04c1-424b-9868-57a2d4851a1d" relativeResultsDirectory="12827137-e325-44bd-bba3-87bdf3498f93">
      <Output>
        <ErrorInfo>
          <Message>Assert.Inconclusive failed. Verify the correctness of this test method.</Message>
          <StackTrace>   at TestSuite.Framework.CustomizableNodeTest.EqualsTest() in C:\Development Projects\ENN\TestSuite\Framework\Nodes\CustomizableNodeTest.cs:line 43
</StackTrace>
        </ErrorInfo>
      </Output>
    </UnitTestResult>
    <UnitTestResult executionId="238de82b-1b7f-4d51-9aa0-de0bcefa5bdd" testId="07b21b41-3269-6cca-bc3e-6dc3a61f0299" testName="BasicLayerConstructorTest" computerName="LIL-MONEY-PIT" duration="00:00:00.0015571" startTime="2012-02-21T17:29:43.9458660-05:00" endTime="2012-02-21T17:29:43.9528664-05:00" testType="13cdc9d9-ddb5-4fa4-a97d-d965ccfc6d4b" outcome="Inconclusive" testListId="8c84fa94-04c1-424b-9868-57a2d4851a1d" relativeResultsDirectory="238de82b-1b7f-4d51-9aa0-de0bcefa5bdd">
      <Output>
        <ErrorInfo>
          <Message>Assert.Inconclusive failed. TODO: Implement code to verify target</Message>
          <StackTrace>   at TestSuite.Framework.BasicLayerTest.BasicLayerConstructorTest() in C:\Development Projects\ENN\TestSuite\Framework\Layers\BasicLayerTest.cs:line 38
</StackTrace>
        </ErrorInfo>
      </Output>
    </UnitTestResult>
    <UnitTestResult executionId="9183903f-9f2c-45de-9a63-40d898e12c79" testId="18a77028-9543-64bf-e55c-fd2f334a9adb" testName="EqualsTest" computerName="LIL-MONEY-PIT" duration="00:00:00.0035631" startTime="2012-02-21T17:29:43.9548665-05:00" endTime="2012-02-21T17:29:43.9638670-05:00" testType="13cdc9d9-ddb5-4fa4-a97d-d965ccfc6d4b" outcome="Passed" testListId="8c84fa94-04c1-424b-9868-57a2d4851a1d" relativeResultsDirectory="9183903f-9f2c-45de-9a63-40d898e12c79">
    </UnitTestResult>
    <UnitTestResult executionId="42ab80a0-77ee-4541-8c05-d97bcf4e4620" testId="2c89c367-a74f-da41-08f4-450946228133" testName="GeneralizedLogisticTest1" computerName="LIL-MONEY-PIT" duration="00:00:00.0012276" startTime="2012-02-21T17:29:43.9678672-05:00" endTime="2012-02-21T17:29:43.9748676-05:00" testType="13cdc9d9-ddb5-4fa4-a97d-d965ccfc6d4b" outcome="Passed" testListId="8c84fa94-04c1-424b-9868-57a2d4851a1d" relativeResultsDirectory="42ab80a0-77ee-4541-8c05-d97bcf4e4620">
    </UnitTestResult>
    <UnitTestResult executionId="6fd46bb2-624b-499e-a2b7-db063392ffee" testId="304bcf55-bb27-4a03-1c77-ecdeae3bc051" testName="EqualsTest" computerName="LIL-MONEY-PIT" duration="00:00:00.0021788" startTime="2012-02-21T17:29:43.9778678-05:00" endTime="2012-02-21T17:29:43.9838681-05:00" testType="13cdc9d9-ddb5-4fa4-a97d-d965ccfc6d4b" outcome="Passed" testListId="8c84fa94-04c1-424b-9868-57a2d4851a1d" relativeResultsDirectory="6fd46bb2-624b-499e-a2b7-db063392ffee">
    </UnitTestResult>
    <UnitTestResult executionId="f3c6348d-07eb-4b95-8126-1d2b3225f6e7" testId="349f5a51-cd4a-74bd-4680-47d19c2c213f" testName="getCombinationFunctionTest" computerName="LIL-MONEY-PIT" duration="00:00:00.0200697" startTime="2012-02-21T17:29:43.9878684-05:00" endTime="2012-02-21T17:29:44.0118697-05:00" testType="13cdc9d9-ddb5-4fa4-a97d-d965ccfc6d4b" outcome="Failed" testListId="8c84fa94-04c1-424b-9868-57a2d4851a1d" relativeResultsDirectory="f3c6348d-07eb-4b95-8126-1d2b3225f6e7">
      <Output>
        <ErrorInfo>
          <Message>Assert.AreEqual failed. Expected:&lt;(null)&gt;. Actual:&lt;ENN.Framework.CombinationFunction&gt;. </Message>
          <StackTrace>   at TestSuite.Framework.StandLibFactoryTest.getCombinationFunctionTest() in C:\Development Projects\ENN\TestSuite\Framework\StandLibFactoryTest.cs:line 152
</StackTrace>
        </ErrorInfo>
      </Output>
    </UnitTestResult>
    <UnitTestResult executionId="39cf5ac4-f892-4d71-87e6-6432015e5dfa" testId="357b4346-32ed-acf9-652d-d83b6fab665a" testName="getActivationFunctionTest" computerName="LIL-MONEY-PIT" duration="00:00:00.0035650" startTime="2012-02-21T17:29:44.0188701-05:00" endTime="2012-02-21T17:29:44.0318709-05:00" testType="13cdc9d9-ddb5-4fa4-a97d-d965ccfc6d4b" outcome="Failed" testListId="8c84fa94-04c1-424b-9868-57a2d4851a1d" relativeResultsDirectory="39cf5ac4-f892-4d71-87e6-6432015e5dfa">
      <Output>
        <ErrorInfo>
          <Message>Assert.AreEqual failed. Expected:&lt;(null)&gt;. Actual:&lt;ENN.Framework.ActivationFunction&gt;. </Message>
          <StackTrace>   at TestSuite.Framework.StandLibFactoryTest.getActivationFunctionTest() in C:\Development Projects\ENN\TestSuite\Framework\StandLibFactoryTest.cs:line 138
</StackTrace>
        </ErrorInfo>
      </Output>
    </UnitTestResult>
    <UnitTestResult executionId="9d728a5e-b479-4fa6-aecf-219c3c244d44" testId="38c45ed0-2293-3c74-f641-ef31e1cff933" testName="SaveLoadBinaryTest" computerName="LIL-MONEY-PIT" duration="00:00:00.0285607" startTime="2012-02-21T17:29:44.0358711-05:00" endTime="2012-02-21T17:29:44.0698730-05:00" testType="13cdc9d9-ddb5-4fa4-a97d-d965ccfc6d4b" outcome="Passed" testListId="8c84fa94-04c1-424b-9868-57a2d4851a1d" relativeResultsDirectory="9d728a5e-b479-4fa6-aecf-219c3c244d44">
    </UnitTestResult>
    <UnitTestResult executionId="d94fed54-26d5-4665-ac93-247fcf70d62a" testId="3c9d6005-6c63-77c2-b4e0-1c2eb9238c86" testName="StandLibFactoryConstructorTest" computerName="LIL-MONEY-PIT" duration="00:00:00.0008973" startTime="2012-02-21T17:29:44.0738733-05:00" endTime="2012-02-21T17:29:44.0778735-05:00" testType="13cdc9d9-ddb5-4fa4-a97d-d965ccfc6d4b" outcome="Inconclusive" testListId="8c84fa94-04c1-424b-9868-57a2d4851a1d" relativeResultsDirectory="d94fed54-26d5-4665-ac93-247fcf70d62a">
      <Output>
        <ErrorInfo>
          <Message>Assert.Inconclusive failed. TODO: Implement code to verify target</Message>
          <StackTrace>   at TestSuite.Framework.StandLibFactoryTest.StandLibFactoryConstructorTest() in C:\Development Projects\ENN\TestSuite\Framework\StandLibFactoryTest.cs:line 89
</StackTrace>
        </ErrorInfo>
      </Output>
    </UnitTestResult>
    <UnitTestResult executionId="df8ed775-509e-419d-a0b0-3ba79dfea0ee" testId="41c561ac-f514-03ed-4f2e-66225ee0a9b3" testName="productionTest" computerName="LIL-MONEY-PIT" duration="00:00:00.0042021" startTime="2012-02-21T17:29:44.0828738-05:00" endTime="2012-02-21T17:29:44.0908742-05:00" testType="13cdc9d9-ddb5-4fa4-a97d-d965ccfc6d4b" outcome="Passed" testListId="8c84fa94-04c1-424b-9868-57a2d4851a1d" relativeResultsDirectory="df8ed775-509e-419d-a0b0-3ba79dfea0ee">
    </UnitTestResult>
    <UnitTestResult executionId="f850a98e-5abb-4482-b154-d8a025c9add3" testId="430f1830-9fb9-6f5a-5bbd-8746f440b9db" testName="GetValuesTest" computerName="LIL-MONEY-PIT" duration="00:00:00.0099788" startTime="2012-02-21T17:29:44.0938744-05:00" endTime="2012-02-21T17:29:44.1078752-05:00" testType="13cdc9d9-ddb5-4fa4-a97d-d965ccfc6d4b" outcome="Failed" testListId="8c84fa94-04c1-424b-9868-57a2d4851a1d" relativeResultsDirectory="f850a98e-5abb-4482-b154-d8a025c9add3">
      <Output>
        <ErrorInfo>
          <Message>Test method TestSuite.Framework.ThreadedHiddenLayerTest.GetValuesTest threw exception: 
System.NullReferenceException: Object reference not set to an instance of an object.</Message>
          <StackTrace>    at ENN.Framework.ThreadedHiddenLayer.GetValues(Single[] values) in C:\Development Projects\ENN\ENN.Framework\Layers\TreadedHiddenLayer.cs:line 40
   at TestSuite.Framework.ThreadedHiddenLayerTest.GetValuesTest() in C:\Development Projects\ENN\TestSuite\Framework\Layers\ThreadedHiddenLayerTest.cs:line 52
</StackTrace>
        </ErrorInfo>
      </Output>
    </UnitTestResult>
    <UnitTestResult executionId="6c02e13d-06de-40a8-9ab8-45904b1f94a3" testId="47b48568-fe23-aa9f-4797-84c392c55991" testName="MetaDataTest" computerName="LIL-MONEY-PIT" duration="00:00:00.0017484" startTime="2012-02-21T17:29:44.1108754-05:00" endTime="2012-02-21T17:29:44.1158757-05:00" testType="13cdc9d9-ddb5-4fa4-a97d-d965ccfc6d4b" outcome="Inconclusive" testListId="8c84fa94-04c1-424b-9868-57a2d4851a1d" relativeResultsDirectory="6c02e13d-06de-40a8-9ab8-45904b1f94a3">
      <Output>
        <ErrorInfo>
          <Message>Assert.Inconclusive failed. Verify the correctness of this test method.</Message>
          <StackTrace>   at TestSuite.Framework.BasicLayerTest.MetaDataTest() in C:\Development Projects\ENN\TestSuite\Framework\Layers\BasicLayerTest.cs:line 86
</StackTrace>
        </ErrorInfo>
      </Output>
    </UnitTestResult>
    <UnitTestResult executionId="feefa587-de02-4f40-b510-ef2c6b1c5ec7" testId="49de5b48-9eaf-d0db-f8b0-e44b0098530f" testName="SaveTextTest" computerName="LIL-MONEY-PIT" duration="00:00:00.0335189" startTime="2012-02-21T17:29:44.1198759-05:00" endTime="2012-02-21T17:29:44.1568780-05:00" testType="13cdc9d9-ddb5-4fa4-a97d-d965ccfc6d4b" outcome="Passed" testListId="8c84fa94-04c1-424b-9868-57a2d4851a1d" relativeResultsDirectory="feefa587-de02-4f40-b510-ef2c6b1c5ec7">
    </UnitTestResult>
    <UnitTestResult executionId="3f531aa8-6036-4a20-a0e2-a0a34424d2c4" testId="4d46c574-4e3e-c892-575b-4964cedc723f" testName="StartNetworkTest" computerName="LIL-MONEY-PIT" duration="00:00:00.0030819" startTime="2012-02-21T17:29:44.1598782-05:00" endTime="2012-02-21T17:29:44.1658785-05:00" testType="13cdc9d9-ddb5-4fa4-a97d-d965ccfc6d4b" outcome="Failed" testListId="8c84fa94-04c1-424b-9868-57a2d4851a1d" relativeResultsDirectory="3f531aa8-6036-4a20-a0e2-a0a34424d2c4">
      <Output>
        <ErrorInfo>
          <Message>Test method TestSuite.Framework.NeuralNetworkTest.StartNetworkTest threw exception: 
System.NullReferenceException: Object reference not set to an instance of an object.</Message>
          <StackTrace>    at ENN.Framework.NeuralNetwork.StartNetwork(Object state) in C:\Development Projects\ENN\ENN.Framework\NeuralNetwork.cs:line 45
   at TestSuite.Framework.NeuralNetworkTest.StartNetworkTest() in C:\Development Projects\ENN\TestSuite\Framework\NeuralNetworkTest.cs:line 65
</StackTrace>
        </ErrorInfo>
      </Output>
    </UnitTestResult>
    <UnitTestResult executionId="b2474ec2-310e-44e0-8923-e1ea1f5b0180" testId="53c97187-29f3-3a29-3a8c-67e2258754c3" testName="ModifiedLogisticTest" computerName="LIL-MONEY-PIT" duration="00:00:00.0007083" startTime="2012-02-21T17:29:44.1678786-05:00" endTime="2012-02-21T17:29:44.1718789-05:00" testType="13cdc9d9-ddb5-4fa4-a97d-d965ccfc6d4b" outcome="Passed" testListId="8c84fa94-04c1-424b-9868-57a2d4851a1d" relativeResultsDirectory="b2474ec2-310e-44e0-8923-e1ea1f5b0180">
    </UnitTestResult>
    <UnitTestResult executionId="933cba47-6aa5-451c-a054-574389759b6e" testId="5577bcbe-3b62-1f0a-eed4-fd75c6d9137e" testName="EqualsTest" computerName="LIL-MONEY-PIT" duration="00:00:00.0041190" startTime="2012-02-21T17:29:44.1728789-05:00" endTime="2012-02-21T17:29:44.1798793-05:00" testType="13cdc9d9-ddb5-4fa4-a97d-d965ccfc6d4b" outcome="Passed" testListId="8c84fa94-04c1-424b-9868-57a2d4851a1d" relativeResultsDirectory="933cba47-6aa5-451c-a054-574389759b6e">
    </UnitTestResult>
    <UnitTestResult executionId="73919c76-4b32-4117-ae74-e4c1a68f351c" testId="56dba6eb-083e-0230-0e94-72afb7f4ca1f" testName="SimpleAlgebraTest" computerName="LIL-MONEY-PIT" duration="00:00:00.0005350" startTime="2012-02-21T17:29:44.1818794-05:00" endTime="2012-02-21T17:29:44.1848796-05:00" testType="13cdc9d9-ddb5-4fa4-a97d-d965ccfc6d4b" outcome="Passed" testListId="8c84fa94-04c1-424b-9868-57a2d4851a1d" relativeResultsDirectory="73919c76-4b32-4117-ae74-e4c1a68f351c">
    </UnitTestResult>
    <UnitTestResult executionId="cf72db6e-38b8-4e1c-9cdd-adaf003fe3d5" testId="583e1b08-512f-1567-2515-8af7db8880c1" testName="TrainNetworkTest" computerName="LIL-MONEY-PIT" duration="00:00:00.0015498" startTime="2012-02-21T17:29:44.1868797-05:00" endTime="2012-02-21T17:29:44.1918800-05:00" testType="13cdc9d9-ddb5-4fa4-a97d-d965ccfc6d4b" outcome="Inconclusive" testListId="8c84fa94-04c1-424b-9868-57a2d4851a1d" relativeResultsDirectory="cf72db6e-38b8-4e1c-9cdd-adaf003fe3d5">
      <Output>
        <ErrorInfo>
          <Message>Assert.Inconclusive failed. A method that does not return a value cannot be verified.</Message>
          <StackTrace>   at TestSuite.Framework.NeuralNetworkTest.TrainNetworkTest() in C:\Development Projects\ENN\TestSuite\Framework\NeuralNetworkTest.cs:line 75
</StackTrace>
        </ErrorInfo>
      </Output>
    </UnitTestResult>
    <UnitTestResult executionId="45a416b1-7b66-40ec-8d0a-7539cdd1b866" testId="604a034f-362e-5faa-f734-caee2f5177cf" testName="EqualsTest" computerName="LIL-MONEY-PIT" duration="00:00:00.0015594" startTime="2012-02-21T17:29:44.1948802-05:00" endTime="2012-02-21T17:29:44.2018806-05:00" testType="13cdc9d9-ddb5-4fa4-a97d-d965ccfc6d4b" outcome="Inconclusive" testListId="8c84fa94-04c1-424b-9868-57a2d4851a1d" relativeResultsDirectory="45a416b1-7b66-40ec-8d0a-7539cdd1b866">
      <Output>
        <ErrorInfo>
          <Message>Assert.Inconclusive failed. Verify the correctness of this test method.</Message>
          <StackTrace>   at TestSuite.Framework.BasicLayerTest.EqualsTest() in C:\Development Projects\ENN\TestSuite\Framework\Layers\BasicLayerTest.cs:line 54
</StackTrace>
        </ErrorInfo>
      </Output>
    </UnitTestResult>
    <UnitTestResult executionId="a827b8c3-223e-438b-8153-d51c68a91c7a" testId="6a52bd04-93c0-3f97-3dd3-da1b2d4c5d7d" testName="EqualsTest" computerName="LIL-MONEY-PIT" duration="00:00:00.0008415" startTime="2012-02-21T17:29:44.2048808-05:00" endTime="2012-02-21T17:29:44.2098811-05:00" testType="13cdc9d9-ddb5-4fa4-a97d-d965ccfc6d4b" outcome="Passed" testListId="8c84fa94-04c1-424b-9868-57a2d4851a1d" relativeResultsDirectory="a827b8c3-223e-438b-8153-d51c68a91c7a">
    </UnitTestResult>
    <UnitTestResult executionId="d5daab80-9ca5-4345-ab75-5ad393331288" testId="6d9bec79-b5da-bc4a-5a65-b5aeaeb99bc5" testName="HyperbolicTangentTest" computerName="LIL-MONEY-PIT" duration="00:00:00.0006467" startTime="2012-02-21T17:29:44.2138813-05:00" endTime="2012-02-21T17:29:44.2188816-05:00" testType="13cdc9d9-ddb5-4fa4-a97d-d965ccfc6d4b" outcome="Passed" testListId="8c84fa94-04c1-424b-9868-57a2d4851a1d" relativeResultsDirectory="d5daab80-9ca5-4345-ab75-5ad393331288">
    </UnitTestResult>
    <UnitTestResult executionId="287d8cd5-4908-4bfa-9682-df8fb3b3f7f6" testId="75f6c7d5-9e5a-8f55-82e3-7c8fe7e13944" testName="WeightsTest" computerName="LIL-MONEY-PIT" duration="00:00:00.0008800" startTime="2012-02-21T17:29:44.2208817-05:00" endTime="2012-02-21T17:29:44.2268820-05:00" testType="13cdc9d9-ddb5-4fa4-a97d-d965ccfc6d4b" outcome="Passed" testListId="8c84fa94-04c1-424b-9868-57a2d4851a1d" relativeResultsDirectory="287d8cd5-4908-4bfa-9682-df8fb3b3f7f6">
    </UnitTestResult>
    <UnitTestResult executionId="bcf50664-f218-457e-8438-f01532612aa3" testId="7d8ab741-01d2-0d2d-1e29-c0fcb83101fd" testName="LoadTextTest" computerName="LIL-MONEY-PIT" duration="00:00:00.0011202" startTime="2012-02-21T17:29:44.2308823-05:00" endTime="2012-02-21T17:29:44.2358825-05:00" testType="13cdc9d9-ddb5-4fa4-a97d-d965ccfc6d4b" outcome="Passed" testListId="8c84fa94-04c1-424b-9868-57a2d4851a1d" relativeResultsDirectory="bcf50664-f218-457e-8438-f01532612aa3">
    </UnitTestResult>
    <UnitTestResult executionId="8f98e3f5-9a47-4a52-8de7-97f56eacfb7e" testId="7ddb6d66-d4cc-b85e-ceb4-dacdc7709908" testName="GetValueTest" computerName="LIL-MONEY-PIT" duration="00:00:00.0008703" startTime="2012-02-21T17:29:44.2388827-05:00" endTime="2012-02-21T17:29:44.2438830-05:00" testType="13cdc9d9-ddb5-4fa4-a97d-d965ccfc6d4b" outcome="Passed" testListId="8c84fa94-04c1-424b-9868-57a2d4851a1d" relativeResultsDirectory="8f98e3f5-9a47-4a52-8de7-97f56eacfb7e">
    </UnitTestResult>
    <UnitTestResult executionId="da7b859a-2c17-4f3f-b2e6-1e1b1f121e5a" testId="855130ce-84bf-1161-1eee-aae8000252b2" testName="GetValueTest" computerName="LIL-MONEY-PIT" duration="00:00:00.0034118" startTime="2012-02-21T17:29:44.2468832-05:00" endTime="2012-02-21T17:29:44.2548836-05:00" testType="13cdc9d9-ddb5-4fa4-a97d-d965ccfc6d4b" outcome="Failed" testListId="8c84fa94-04c1-424b-9868-57a2d4851a1d" relativeResultsDirectory="da7b859a-2c17-4f3f-b2e6-1e1b1f121e5a">
      <Output>
        <ErrorInfo>
          <Message>Test method TestSuite.Framework.CustomizableNodeTest.GetValueTest threw exception: 
System.NullReferenceException: Object reference not set to an instance of an object.</Message>
          <StackTrace>    at ENN.Framework.CombinationFunctions.sumation(Single[] nodeValues, Single[] constants) in C:\Development Projects\ENN\ENN.Framework\CombinationFunctions.cs:line 43
   at ENN.Framework.CustomizableNode.GetValue(Single[] nodeValues) in C:\Development Projects\ENN\ENN.Framework\Nodes\CustomizableNode.cs:line 52
   at TestSuite.Framework.CustomizableNodeTest.GetValueTest() in C:\Development Projects\ENN\TestSuite\Framework\Nodes\CustomizableNodeTest.cs:line 56
</StackTrace>
        </ErrorInfo>
      </Output>
    </UnitTestResult>
    <UnitTestResult executionId="079092a2-7dc8-475e-98a4-930a30b671f8" testId="86183e70-5869-ac26-e602-fe6fdc8564f6" testName="CreateUserObjectTest" computerName="LIL-MONEY-PIT" duration="00:00:00.0019848" startTime="2012-02-21T17:29:44.2578838-05:00" endTime="2012-02-21T17:29:44.2638841-05:00" testType="13cdc9d9-ddb5-4fa4-a97d-d965ccfc6d4b" outcome="Inconclusive" testListId="8c84fa94-04c1-424b-9868-57a2d4851a1d" relativeResultsDirectory="079092a2-7dc8-475e-98a4-930a30b671f8">
      <Output>
        <ErrorInfo>
          <Message>Assert.Inconclusive failed. Verify the correctness of this test method.</Message>
          <StackTrace>   at TestSuite.Framework.StandLibFactoryTest.CreateUserObjectTestHelper[TObject]() in C:\Development Projects\ENN\TestSuite\Framework\StandLibFactoryTest.cs:line 104
   at TestSuite.Framework.StandLibFactoryTest.CreateUserObjectTest() in C:\Development Projects\ENN\TestSuite\Framework\StandLibFactoryTest.cs:line 111
</StackTrace>
        </ErrorInfo>
      </Output>
    </UnitTestResult>
    <UnitTestResult executionId="7c03232d-7d48-466d-baa4-2757f087c491" testId="895e1ad2-9637-1929-bdca-2e13d6ecdf33" testName="LoadText" computerName="LIL-MONEY-PIT" duration="00:00:00.0045617" startTime="2012-02-21T17:29:44.2688844-05:00" endTime="2012-02-21T17:29:44.2788850-05:00" testType="13cdc9d9-ddb5-4fa4-a97d-d965ccfc6d4b" outcome="Failed" testListId="8c84fa94-04c1-424b-9868-57a2d4851a1d" relativeResultsDirectory="7c03232d-7d48-466d-baa4-2757f087c491">
      <Output>
        <ErrorInfo>
          <Message>Test method TestSuite.Framework.Tools.SettingsTest.LoadText threw exception: 
System.ArgumentException: An item with the same key has already been added.</Message>
          <StackTrace>    at System.Collections.Generic.Dictionary`2.Insert(TKey key, TValue value, Boolean add)
   at TestSuite.Framework.Tools.SettingsTest.SetBaseSetting() in C:\Development Projects\ENN\TestSuite\Framework\Tools\SettingsTest.cs:line 89
   at TestSuite.Framework.Tools.SettingsTest.LoadText() in C:\Development Projects\ENN\TestSuite\Framework\Tools\SettingsTest.cs:line 46
</StackTrace>
        </ErrorInfo>
      </Output>
    </UnitTestResult>
    <UnitTestResult executionId="9a1a3366-5d89-4bcd-94ed-796bfda3852f" testId="8de660a6-a5b4-4a08-e168-84d6a8847c2d" testName="EqualsTest" computerName="LIL-MONEY-PIT" duration="00:00:00.0069319" startTime="2012-02-21T17:29:44.2828852-05:00" endTime="2012-02-21T17:29:44.2938859-05:00" testType="13cdc9d9-ddb5-4fa4-a97d-d965ccfc6d4b" outcome="Passed" testListId="8c84fa94-04c1-424b-9868-57a2d4851a1d" relativeResultsDirectory="9a1a3366-5d89-4bcd-94ed-796bfda3852f">
    </UnitTestResult>
    <UnitTestResult executionId="9a71c6cf-a5cc-4beb-8448-05ca3d37afba" testId="919fcb5c-9129-e4af-6da8-58234650b9d0" testName="GetValuesTest" computerName="LIL-MONEY-PIT" duration="00:00:00.0019247" startTime="2012-02-21T17:29:44.2978861-05:00" endTime="2012-02-21T17:29:44.3038864-05:00" testType="13cdc9d9-ddb5-4fa4-a97d-d965ccfc6d4b" outcome="Passed" testListId="8c84fa94-04c1-424b-9868-57a2d4851a1d" relativeResultsDirectory="9a71c6cf-a5cc-4beb-8448-05ca3d37afba">
    </UnitTestResult>
    <UnitTestResult executionId="3fe9d389-efcc-4ad1-90b4-7754ec30e316" testId="b5ae595f-7dca-73d7-1bda-f09e7ea52bd4" testName="ThreadedHiddenLayerConstructorTest" computerName="LIL-MONEY-PIT" duration="00:00:00.0011132" startTime="2012-02-21T17:29:44.3068866-05:00" endTime="2012-02-21T17:29:44.3108868-05:00" testType="13cdc9d9-ddb5-4fa4-a97d-d965ccfc6d4b" outcome="Inconclusive" testListId="8c84fa94-04c1-424b-9868-57a2d4851a1d" relativeResultsDirectory="3fe9d389-efcc-4ad1-90b4-7754ec30e316">
      <Output>
        <ErrorInfo>
          <Message>Assert.Inconclusive failed. TODO: Implement code to verify target</Message>
          <StackTrace>   at TestSuite.Framework.ThreadedHiddenLayerTest.ThreadedHiddenLayerConstructorTest() in C:\Development Projects\ENN\TestSuite\Framework\Layers\ThreadedHiddenLayerTest.cs:line 38
</StackTrace>
        </ErrorInfo>
      </Output>
    </UnitTestResult>
    <UnitTestResult executionId="f94b3a7e-6c75-4410-85fc-29375e3940d2" testId="b6e27dc1-3f73-d482-30bb-5034e06d0f49" testName="ComputeDecisionTest" computerName="LIL-MONEY-PIT" duration="00:00:00.0012230" startTime="2012-02-21T17:29:44.3128869-05:00" endTime="2012-02-21T17:29:44.3188873-05:00" testType="13cdc9d9-ddb5-4fa4-a97d-d965ccfc6d4b" outcome="Inconclusive" testListId="8c84fa94-04c1-424b-9868-57a2d4851a1d" relativeResultsDirectory="f94b3a7e-6c75-4410-85fc-29375e3940d2">
      <Output>
        <ErrorInfo>
          <Message>Assert.Inconclusive failed. Verify the correctness of this test method.</Message>
          <StackTrace>   at TestSuite.Framework.NeuralNetworkTest.ComputeDecisionTest() in C:\Development Projects\ENN\TestSuite\Framework\NeuralNetworkTest.cs:line 52
</StackTrace>
        </ErrorInfo>
      </Output>
    </UnitTestResult>
    <UnitTestResult executionId="814e42fe-776b-460d-9262-81f7ca65834b" testId="b956f179-a280-645c-1bae-ce922e14d496" testName="SaveLoadBinary" computerName="LIL-MONEY-PIT" duration="00:00:00.0029206" startTime="2012-02-21T17:29:44.3218875-05:00" endTime="2012-02-21T17:29:44.3288879-05:00" testType="13cdc9d9-ddb5-4fa4-a97d-d965ccfc6d4b" outcome="Failed" testListId="8c84fa94-04c1-424b-9868-57a2d4851a1d" relativeResultsDirectory="814e42fe-776b-460d-9262-81f7ca65834b">
      <Output>
        <ErrorInfo>
          <Message>Test method TestSuite.Framework.Tools.SettingsTest.SaveLoadBinary threw exception: 
System.ArgumentException: An item with the same key has already been added.</Message>
          <StackTrace>    at System.Collections.Generic.Dictionary`2.Insert(TKey key, TValue value, Boolean add)
   at TestSuite.Framework.Tools.SettingsTest.SetBaseSetting() in C:\Development Projects\ENN\TestSuite\Framework\Tools\SettingsTest.cs:line 89
   at TestSuite.Framework.Tools.SettingsTest.SaveLoadBinary() in C:\Development Projects\ENN\TestSuite\Framework\Tools\SettingsTest.cs:line 65
</StackTrace>
        </ErrorInfo>
      </Output>
    </UnitTestResult>
    <UnitTestResult executionId="26ad20c1-a404-461d-b4a4-26c5199d2eac" testId="ca9b7ca8-ec0a-3d74-80eb-bb3fce3380f1" testName="LogisticTest" computerName="LIL-MONEY-PIT" duration="00:00:00.0006794" startTime="2012-02-21T17:29:44.3328881-05:00" endTime="2012-02-21T17:29:44.3368883-05:00" testType="13cdc9d9-ddb5-4fa4-a97d-d965ccfc6d4b" outcome="Passed" testListId="8c84fa94-04c1-424b-9868-57a2d4851a1d" relativeResultsDirectory="26ad20c1-a404-461d-b4a4-26c5199d2eac">
    </UnitTestResult>
    <UnitTestResult executionId="680933b9-c79f-49be-8442-ae935f548dea" testId="cf73ff44-a6c5-1e64-628c-f9b7f15247dd" testName="NeuralNetworkConstructorTest" computerName="LIL-MONEY-PIT" duration="00:00:00.0010470" startTime="2012-02-21T17:29:44.3418886-05:00" endTime="2012-02-21T17:29:44.3468889-05:00" testType="13cdc9d9-ddb5-4fa4-a97d-d965ccfc6d4b" outcome="Inconclusive" testListId="8c84fa94-04c1-424b-9868-57a2d4851a1d" relativeResultsDirectory="680933b9-c79f-49be-8442-ae935f548dea">
      <Output>
        <ErrorInfo>
          <Message>Assert.Inconclusive failed. TODO: Implement code to verify target</Message>
          <StackTrace>   at TestSuite.Framework.NeuralNetworkTest.NeuralNetworkConstructorTest() in C:\Development Projects\ENN\TestSuite\Framework\NeuralNetworkTest.cs:line 40
</StackTrace>
        </ErrorInfo>
      </Output>
    </UnitTestResult>
    <UnitTestResult executionId="e46c6b38-72bd-4f67-a154-93f15441f2cc" testId="d1aa1e04-5762-55e7-0a3f-f25ed3746b8e" testName="GeneralizedLogisticTest" computerName="LIL-MONEY-PIT" duration="00:00:00.0005362" startTime="2012-02-21T17:29:44.3488890-05:00" endTime="2012-02-21T17:29:44.3538893-05:00" testType="13cdc9d9-ddb5-4fa4-a97d-d965ccfc6d4b" outcome="Passed" testListId="8c84fa94-04c1-424b-9868-57a2d4851a1d" relativeResultsDirectory="e46c6b38-72bd-4f67-a154-93f15441f2cc">
    </UnitTestResult>
    <UnitTestResult executionId="899969a7-6e63-4f31-9f4d-8247c1b298f4" testId="d60f0c70-680a-f2a7-be96-723443b7d4dc" testName="TrainNetworkTest" computerName="LIL-MONEY-PIT" duration="00:00:00.0046752" startTime="2012-02-21T17:29:44.3568895-05:00" endTime="2012-02-21T17:29:44.3658900-05:00" testType="13cdc9d9-ddb5-4fa4-a97d-d965ccfc6d4b" outcome="Failed" testListId="8c84fa94-04c1-424b-9868-57a2d4851a1d" relativeResultsDirectory="899969a7-6e63-4f31-9f4d-8247c1b298f4">
      <Output>
        <ErrorInfo>
          <Message>Test method TestSuite.Framework.HillClimbAlgoTest.TrainNetworkTest threw exception: 
System.NullReferenceException: Object reference not set to an instance of an object.</Message>
          <StackTrace>    at ENN.Framework.HillClimbAlgo.TrainNetwork(NetworkTopology&amp; topology, Single error) in C:\Development Projects\ENN\ENN.Framework\HillClimbAlgo.cs:line 95
   at TestSuite.Framework.HillClimbAlgoTest.TrainNetworkTest() in C:\Development Projects\ENN\TestSuite\Framework\HillClimbAlgoTest.cs:line 39
</StackTrace>
        </ErrorInfo>
      </Output>
    </UnitTestResult>
    <UnitTestResult executionId="20a6c22b-2864-4629-bb1c-7a304d882c81" testId="d7de268d-ad00-3d1a-9ef6-c7d7c6d2c881" testName="sumationTest" computerName="LIL-MONEY-PIT" duration="00:00:00.0006782" startTime="2012-02-21T17:29:44.3678901-05:00" endTime="2012-02-21T17:29:44.3718903-05:00" testType="13cdc9d9-ddb5-4fa4-a97d-d965ccfc6d4b" outcome="Passed" testListId="8c84fa94-04c1-424b-9868-57a2d4851a1d" relativeResultsDirectory="20a6c22b-2864-4629-bb1c-7a304d882c81">
    </UnitTestResult>
    <UnitTestResult executionId="d3e2e795-6a42-4b2c-9c2e-918335b27d30" testId="dc7516d4-ea11-52ea-592a-675e802b27f3" testName="SaveText" computerName="LIL-MONEY-PIT" duration="00:00:00.0025137" startTime="2012-02-21T17:29:44.3758905-05:00" endTime="2012-02-21T17:29:44.3828909-05:00" testType="13cdc9d9-ddb5-4fa4-a97d-d965ccfc6d4b" outcome="Failed" testListId="8c84fa94-04c1-424b-9868-57a2d4851a1d" relativeResultsDirectory="d3e2e795-6a42-4b2c-9c2e-918335b27d30">
      <Output>
        <ErrorInfo>
          <Message>Test method TestSuite.Framework.Tools.SettingsTest.SaveText threw exception: 
System.ArgumentException: An item with the same key has already been added.</Message>
          <StackTrace>    at System.Collections.Generic.Dictionary`2.Insert(TKey key, TValue value, Boolean add)
   at TestSuite.Framework.Tools.SettingsTest.SetBaseSetting() in C:\Development Projects\ENN\TestSuite\Framework\Tools\SettingsTest.cs:line 89
   at TestSuite.Framework.Tools.SettingsTest.SaveText() in C:\Development Projects\ENN\TestSuite\Framework\Tools\SettingsTest.cs:line 54
</StackTrace>
        </ErrorInfo>
      </Output>
    </UnitTestResult>
    <UnitTestResult executionId="59f195cc-a6d0-4edf-813d-98b8be0a9daa" testId="e28af217-9e05-374a-b589-3e0e31013f06" testName="ParseListTest" computerName="LIL-MONEY-PIT" duration="00:00:00.0021084" startTime="2012-02-21T17:29:44.3858911-05:00" endTime="2012-02-21T17:29:44.3918915-05:00" testType="13cdc9d9-ddb5-4fa4-a97d-d965ccfc6d4b" outcome="Failed" testListId="8c84fa94-04c1-424b-9868-57a2d4851a1d" relativeResultsDirectory="59f195cc-a6d0-4edf-813d-98b8be0a9daa">
      <Output>
        <ErrorInfo>
          <Message>Assert.AreEqual failed. Expected:&lt;(null)&gt;. Actual:&lt;System.String[]&gt;. </Message>
          <StackTrace>   at TestSuite.Framework.StandLibFactoryTest.ParseListTest() in C:\Development Projects\ENN\TestSuite\Framework\StandLibFactoryTest.cs:line 124
</StackTrace>
        </ErrorInfo>
      </Output>
    </UnitTestResult>
    <UnitTestResult executionId="68d5095a-2ab4-4fb9-8b10-a45de8b99a8c" testId="ed6cbf7c-1892-3c38-82a7-ffa09ec69e5a" testName="GetValueTest" computerName="LIL-MONEY-PIT" duration="00:00:00.0013939" startTime="2012-02-21T17:29:44.3958917-05:00" endTime="2012-02-21T17:29:44.4008920-05:00" testType="13cdc9d9-ddb5-4fa4-a97d-d965ccfc6d4b" outcome="Passed" testListId="8c84fa94-04c1-424b-9868-57a2d4851a1d" relativeResultsDirectory="68d5095a-2ab4-4fb9-8b10-a45de8b99a8c">
    </UnitTestResult>
    <UnitTestResult executionId="e3840bcc-7236-4450-84a0-63cc1761c4c2" testId="f053d416-9380-8069-ef40-6a7789ba8040" testName="GetValuesTest" computerName="LIL-MONEY-PIT" duration="00:00:00.0024433" startTime="2012-02-21T17:29:44.4038921-05:00" endTime="2012-02-21T17:29:44.4108925-05:00" testType="13cdc9d9-ddb5-4fa4-a97d-d965ccfc6d4b" outcome="Failed" testListId="8c84fa94-04c1-424b-9868-57a2d4851a1d" relativeResultsDirectory="e3840bcc-7236-4450-84a0-63cc1761c4c2">
      <Output>
        <ErrorInfo>
          <Message>Test method TestSuite.Framework.BasicLayerTest.GetValuesTest threw exception: 
System.NullReferenceException: Object reference not set to an instance of an object.</Message>
          <StackTrace>    at ENN.Framework.BasicLayer.GetValues(Single[] values) in C:\Development Projects\ENN\ENN.Framework\Layers\BasicLayer.cs:line 46
   at TestSuite.Framework.BasicLayerTest.GetValuesTest() in C:\Development Projects\ENN\TestSuite\Framework\Layers\BasicLayerTest.cs:line 68
</StackTrace>
        </ErrorInfo>
      </Output>
    </UnitTestResult>
    <UnitTestResult executionId="0ac85e87-ef7e-4a6a-aa18-65cbca92c807" testId="f8957ebd-9c0b-9da1-0906-83765d4b5fea" testName="MetaDataTest" computerName="LIL-MONEY-PIT" duration="00:00:00.0010097" startTime="2012-02-21T17:29:44.4148928-05:00" endTime="2012-02-21T17:29:44.4198931-05:00" testType="13cdc9d9-ddb5-4fa4-a97d-d965ccfc6d4b" outcome="Passed" testListId="8c84fa94-04c1-424b-9868-57a2d4851a1d" relativeResultsDirectory="0ac85e87-ef7e-4a6a-aa18-65cbca92c807">
    </UnitTestResult>
  </Results>
</TestRun>