<?xml version="1.0" encoding="UTF-8"?>
<TestRun id="cce10cfe-5bf6-4461-a6c9-c13873fb4056" name="skynryd9@LIL-MONEY-PIT 2012-02-01 23:57:51" runUser="Lil-Money-Pit\skynryd9" xmlns="http://microsoft.com/schemas/VisualStudio/TeamTest/2010">
  <TestSettings name="Local" id="edb481bb-0340-4d08-a79e-041a6ff1b069">
    <Description>These are default test settings for a local test run.</Description>
    <Deployment enabled="false" runDeploymentRoot="skynryd9_LIL-MONEY-PIT 2012-02-01 23_57_51">
      <DeploymentItem filename="C:\Development Projects\ENN\ENN\bin\Debug\UserBin\TestUserBinary.dll" />
      <DeploymentItem filename="C:\Development Projects\ENN\ENN.Framework\bin\Debug\ENN.Framework.dll" />
    </Deployment>
    <Execution>
      <TestTypeSpecific />
      <AgentRule name="Execution Agents">
      </AgentRule>
    </Execution>
  </TestSettings>
  <Times creation="2012-02-01T23:57:51.4602535-05:00" queuing="2012-02-01T23:57:52.1310763-05:00" start="2012-02-01T23:57:52.2402765-05:00" finish="2012-02-01T23:57:53.3790785-05:00" />
  <ResultSummary outcome="Failed">
    <Counters total="74" executed="74" passed="20" error="0" failed="13" timeout="0" aborted="0" inconclusive="41" passedButRunAborted="0" notRunnable="0" notExecuted="0" disconnected="0" warning="0" completed="0" inProgress="0" pending="0" />
  </ResultSummary>
  <TestDefinitions>
    <UnitTest name="GetValueTest" storage="c:\development projects\enn\testsuite\bin\debug\testsuite.dll" id="c93155ce-b454-6847-1825-0b7654684196">
      <Execution id="2d2683bb-20ab-4380-aba5-9bf7a334b04c" />
      <TestMethod codeBase="C:/Development Projects/ENN/TestSuite/bin/Debug/TestSuite.DLL" adapterTypeName="Microsoft.VisualStudio.TestTools.TestTypes.Unit.UnitTestAdapter, Microsoft.VisualStudio.QualityTools.Tips.UnitTest.Adapter, Version=10.0.0.0, Culture=neutral, PublicKeyToken=b03f5f7f11d50a3a" className="TestSuite.Runtime.BasicOutputLayerTest, TestSuite, Version=1.0.0.0, Culture=neutral, PublicKeyToken=null" name="GetValueTest" />
    </UnitTest>
    <UnitTest name="EqualsTest" storage="c:\development projects\enn\testsuite\bin\debug\testsuite.dll" id="85d0cd34-7421-35fb-9a2f-0d638c92b910">
      <Execution id="5a4781b8-da1f-4139-8d2f-fce9d8975a88" />
      <TestMethod codeBase="C:/Development Projects/ENN/TestSuite/bin/Debug/TestSuite.DLL" adapterTypeName="Microsoft.VisualStudio.TestTools.TestTypes.Unit.UnitTestAdapter, Microsoft.VisualStudio.QualityTools.Tips.UnitTest.Adapter, Version=10.0.0.0, Culture=neutral, PublicKeyToken=b03f5f7f11d50a3a" className="TestSuite.Runtime.BasicInputLayerTest, TestSuite, Version=1.0.0.0, Culture=neutral, PublicKeyToken=null" name="EqualsTest" />
    </UnitTest>
    <UnitTest name="WeightsTest" storage="c:\development projects\enn\testsuite\bin\debug\testsuite.dll" id="56505b5f-896b-db28-949a-5aa770ed8421">
      <Execution id="8fb56354-fa1b-4c66-a241-269e0fe6ea05" />
      <TestMethod codeBase="C:/Development Projects/ENN/TestSuite/bin/Debug/TestSuite.DLL" adapterTypeName="Microsoft.VisualStudio.TestTools.TestTypes.Unit.UnitTestAdapter, Microsoft.VisualStudio.QualityTools.Tips.UnitTest.Adapter, Version=10.0.0.0, Culture=neutral, PublicKeyToken=b03f5f7f11d50a3a" className="TestSuite.Runtime.BasicNodeTest, TestSuite, Version=1.0.0.0, Culture=neutral, PublicKeyToken=null" name="WeightsTest" />
    </UnitTest>
    <UnitTest name="TrainNetworkTest" storage="c:\development projects\enn\testsuite\bin\debug\testsuite.dll" id="b599232e-57ed-461d-b77e-9cfcbd2a22cc">
      <Execution id="3dfbb9eb-c1df-43d1-a212-db779523ea72" />
      <TestMethod codeBase="C:/Development Projects/ENN/TestSuite/bin/Debug/TestSuite.DLL" adapterTypeName="Microsoft.VisualStudio.TestTools.TestTypes.Unit.UnitTestAdapter, Microsoft.VisualStudio.QualityTools.Tips.UnitTest.Adapter, Version=10.0.0.0, Culture=neutral, PublicKeyToken=b03f5f7f11d50a3a" className="TestSuite.Runtime.NeuralNetworkTest, TestSuite, Version=1.0.0.0, Culture=neutral, PublicKeyToken=null" name="TrainNetworkTest" />
    </UnitTest>
    <UnitTest name="DefaultInputLayerTest" storage="c:\development projects\enn\testsuite\bin\debug\testsuite.dll" id="f81d4c44-cecd-3dbc-335f-ac5e410e2b56">
      <Execution id="70e27fcd-59a8-4939-8312-85f8e2469c96" />
      <TestMethod codeBase="C:/Development Projects/ENN/TestSuite/bin/Debug/TestSuite.DLL" adapterTypeName="Microsoft.VisualStudio.TestTools.TestTypes.Unit.UnitTestAdapter, Microsoft.VisualStudio.QualityTools.Tips.UnitTest.Adapter, Version=10.0.0.0, Culture=neutral, PublicKeyToken=b03f5f7f11d50a3a" className="TestSuite.Runtime.NetworkSettingsTest, TestSuite, Version=1.0.0.0, Culture=neutral, PublicKeyToken=null" name="DefaultInputLayerTest" />
    </UnitTest>
    <UnitTest name="TrainNetworkTest" storage="c:\development projects\enn\testsuite\bin\debug\testsuite.dll" id="c24b1469-3b97-216d-b967-e4488a8b46ef">
      <Execution id="3b071169-f9c3-4448-bc82-9a41277e816f" />
      <TestMethod codeBase="C:/Development Projects/ENN/TestSuite/bin/Debug/TestSuite.DLL" adapterTypeName="Microsoft.VisualStudio.TestTools.TestTypes.Unit.UnitTestAdapter, Microsoft.VisualStudio.QualityTools.Tips.UnitTest.Adapter, Version=10.0.0.0, Culture=neutral, PublicKeyToken=b03f5f7f11d50a3a" className="TestSuite.Runtime.HillClimbAlgoTest, TestSuite, Version=1.0.0.0, Culture=neutral, PublicKeyToken=null" name="TrainNetworkTest" />
    </UnitTest>
    <UnitTest name="TrainingAccuracyTest" storage="c:\development projects\enn\testsuite\bin\debug\testsuite.dll" id="3ef70ada-6b64-eb3b-1057-e180d63146a1">
      <Execution id="32a3dadc-b080-47e4-a5bc-705cbf576434" />
      <TestMethod codeBase="C:/Development Projects/ENN/TestSuite/bin/Debug/TestSuite.DLL" adapterTypeName="Microsoft.VisualStudio.TestTools.TestTypes.Unit.UnitTestAdapter, Microsoft.VisualStudio.QualityTools.Tips.UnitTest.Adapter, Version=10.0.0.0, Culture=neutral, PublicKeyToken=b03f5f7f11d50a3a" className="TestSuite.Runtime.NetworkSettingsTest, TestSuite, Version=1.0.0.0, Culture=neutral, PublicKeyToken=null" name="TrainingAccuracyTest" />
    </UnitTest>
    <UnitTest name="HyperbolicTangentTest" storage="c:\development projects\enn\testsuite\bin\debug\testsuite.dll" id="dd120e22-c30c-9c60-6bde-948198bc12d2">
      <Execution id="0197ef2c-bc17-4fde-8217-b7375571bc8b" />
      <TestMethod codeBase="C:/Development Projects/ENN/TestSuite/bin/Debug/TestSuite.DLL" adapterTypeName="Microsoft.VisualStudio.TestTools.TestTypes.Unit.UnitTestAdapter, Microsoft.VisualStudio.QualityTools.Tips.UnitTest.Adapter, Version=10.0.0.0, Culture=neutral, PublicKeyToken=b03f5f7f11d50a3a" className="TestSuite.Runtime.SigmoidFunctionsTest, TestSuite, Version=1.0.0.0, Culture=neutral, PublicKeyToken=null" name="HyperbolicTangentTest" />
    </UnitTest>
    <UnitTest name="ComputeDecisionTest" storage="c:\development projects\enn\testsuite\bin\debug\testsuite.dll" id="1958bd71-ea15-edbf-d596-fbca70800bc2">
      <Execution id="d633fd7b-c65c-4429-8cc0-499ee4833f5b" />
      <TestMethod codeBase="C:/Development Projects/ENN/TestSuite/bin/Debug/TestSuite.DLL" adapterTypeName="Microsoft.VisualStudio.TestTools.TestTypes.Unit.UnitTestAdapter, Microsoft.VisualStudio.QualityTools.Tips.UnitTest.Adapter, Version=10.0.0.0, Culture=neutral, PublicKeyToken=b03f5f7f11d50a3a" className="TestSuite.Runtime.NeuralNetworkTest, TestSuite, Version=1.0.0.0, Culture=neutral, PublicKeyToken=null" name="ComputeDecisionTest" />
    </UnitTest>
    <UnitTest name="MetaDataTest" storage="c:\development projects\enn\testsuite\bin\debug\testsuite.dll" id="080bef21-2a80-05ec-e494-807b634f47a5">
      <Execution id="29a8d797-4159-4f3d-8861-1badb509a139" />
      <TestMethod codeBase="C:/Development Projects/ENN/TestSuite/bin/Debug/TestSuite.DLL" adapterTypeName="Microsoft.VisualStudio.TestTools.TestTypes.Unit.UnitTestAdapter, Microsoft.VisualStudio.QualityTools.Tips.UnitTest.Adapter, Version=10.0.0.0, Culture=neutral, PublicKeyToken=b03f5f7f11d50a3a" className="TestSuite.Runtime.NetworkTopologyTest, TestSuite, Version=1.0.0.0, Culture=neutral, PublicKeyToken=null" name="MetaDataTest" />
    </UnitTest>
    <UnitTest name="EnableTimingTest" storage="c:\development projects\enn\testsuite\bin\debug\testsuite.dll" id="85f88623-3199-74f9-cdd3-bcde89590e03">
      <Execution id="25e2bd76-2740-4272-9426-576cf514db6c" />
      <TestMethod codeBase="C:/Development Projects/ENN/TestSuite/bin/Debug/TestSuite.DLL" adapterTypeName="Microsoft.VisualStudio.TestTools.TestTypes.Unit.UnitTestAdapter, Microsoft.VisualStudio.QualityTools.Tips.UnitTest.Adapter, Version=10.0.0.0, Culture=neutral, PublicKeyToken=b03f5f7f11d50a3a" className="TestSuite.Runtime.NetworkSettingsTest, TestSuite, Version=1.0.0.0, Culture=neutral, PublicKeyToken=null" name="EnableTimingTest" />
    </UnitTest>
    <UnitTest name="NetworkSettingsConstructorTest" storage="c:\development projects\enn\testsuite\bin\debug\testsuite.dll" id="3634ce8f-2892-842d-fe66-673421e34418">
      <Execution id="d24d6901-66f2-44da-80cb-c9c5022cd3fb" />
      <TestMethod codeBase="C:/Development Projects/ENN/TestSuite/bin/Debug/TestSuite.DLL" adapterTypeName="Microsoft.VisualStudio.TestTools.TestTypes.Unit.UnitTestAdapter, Microsoft.VisualStudio.QualityTools.Tips.UnitTest.Adapter, Version=10.0.0.0, Culture=neutral, PublicKeyToken=b03f5f7f11d50a3a" className="TestSuite.Runtime.NetworkSettingsTest, TestSuite, Version=1.0.0.0, Culture=neutral, PublicKeyToken=null" name="NetworkSettingsConstructorTest" />
    </UnitTest>
    <UnitTest name="CreateUserObjectTest" storage="c:\development projects\enn\testsuite\bin\debug\testsuite.dll" id="ce28e66d-087b-d3bb-3bbf-02f2e9697e01">
      <DeploymentItems>
        <DeploymentItem filename="ENN.Framework.dll" />
      </DeploymentItems>
      <Execution id="ef6f511a-3e59-4859-8ddb-4d573c7b3bd6" />
      <TestMethod codeBase="C:/Development Projects/ENN/TestSuite/bin/Debug/TestSuite.DLL" adapterTypeName="Microsoft.VisualStudio.TestTools.TestTypes.Unit.UnitTestAdapter, Microsoft.VisualStudio.QualityTools.Tips.UnitTest.Adapter, Version=10.0.0.0, Culture=neutral, PublicKeyToken=b03f5f7f11d50a3a" className="TestSuite.Runtime.StandLibFactoryTest, TestSuite, Version=1.0.0.0, Culture=neutral, PublicKeyToken=null" name="CreateUserObjectTest" />
    </UnitTest>
    <UnitTest name="NetworkTopologyConstructorTest" storage="c:\development projects\enn\testsuite\bin\debug\testsuite.dll" id="78a71774-651c-96d6-be6a-025b4bda2a54">
      <Execution id="ad71d715-3950-49a8-9225-2004f8876320" />
      <TestMethod codeBase="C:/Development Projects/ENN/TestSuite/bin/Debug/TestSuite.DLL" adapterTypeName="Microsoft.VisualStudio.TestTools.TestTypes.Unit.UnitTestAdapter, Microsoft.VisualStudio.QualityTools.Tips.UnitTest.Adapter, Version=10.0.0.0, Culture=neutral, PublicKeyToken=b03f5f7f11d50a3a" className="TestSuite.Runtime.NetworkTopologyTest, TestSuite, Version=1.0.0.0, Culture=neutral, PublicKeyToken=null" name="NetworkTopologyConstructorTest" />
    </UnitTest>
    <UnitTest name="LoadTextTest" storage="c:\development projects\enn\testsuite\bin\debug\testsuite.dll" id="91413c2e-76dd-9dca-f643-52fa9133df7b">
      <Execution id="499c3edc-22eb-4878-9dfa-ca02de8592ce" />
      <TestMethod codeBase="C:/Development Projects/ENN/TestSuite/bin/Debug/TestSuite.DLL" adapterTypeName="Microsoft.VisualStudio.TestTools.TestTypes.Unit.UnitTestAdapter, Microsoft.VisualStudio.QualityTools.Tips.UnitTest.Adapter, Version=10.0.0.0, Culture=neutral, PublicKeyToken=b03f5f7f11d50a3a" className="TestSuite.Runtime.Tools.TopologyTest, TestSuite, Version=1.0.0.0, Culture=neutral, PublicKeyToken=null" name="LoadTextTest" />
    </UnitTest>
    <UnitTest name="CombinationFunctionsConstructorTest" storage="c:\development projects\enn\testsuite\bin\debug\testsuite.dll" id="7c415434-23ca-ed13-9a02-5340bf33bd80">
      <Execution id="1b9b6cb9-3d7f-49e2-9cf0-f315e657c565" />
      <TestMethod codeBase="C:/Development Projects/ENN/TestSuite/bin/Debug/TestSuite.DLL" adapterTypeName="Microsoft.VisualStudio.TestTools.TestTypes.Unit.UnitTestAdapter, Microsoft.VisualStudio.QualityTools.Tips.UnitTest.Adapter, Version=10.0.0.0, Culture=neutral, PublicKeyToken=b03f5f7f11d50a3a" className="TestSuite.Runtime.CombinationFunctionsTest, TestSuite, Version=1.0.0.0, Culture=neutral, PublicKeyToken=null" name="CombinationFunctionsConstructorTest" />
    </UnitTest>
    <UnitTest name="sumationTest" storage="c:\development projects\enn\testsuite\bin\debug\testsuite.dll" id="d0796adc-1f3d-e54b-00d9-3e28576ca374">
      <Execution id="ac2916dc-c656-4ac9-8f88-fcd277505455" />
      <TestMethod codeBase="C:/Development Projects/ENN/TestSuite/bin/Debug/TestSuite.DLL" adapterTypeName="Microsoft.VisualStudio.TestTools.TestTypes.Unit.UnitTestAdapter, Microsoft.VisualStudio.QualityTools.Tips.UnitTest.Adapter, Version=10.0.0.0, Culture=neutral, PublicKeyToken=b03f5f7f11d50a3a" className="TestSuite.Runtime.CombinationFunctionsTest, TestSuite, Version=1.0.0.0, Culture=neutral, PublicKeyToken=null" name="sumationTest" />
    </UnitTest>
    <UnitTest name="DefaultOutputLayerTest" storage="c:\development projects\enn\testsuite\bin\debug\testsuite.dll" id="84e4f622-355d-ee3c-23e7-608d06a3c246">
      <Execution id="54bb6a83-a872-423d-9e37-47655f54c4a3" />
      <TestMethod codeBase="C:/Development Projects/ENN/TestSuite/bin/Debug/TestSuite.DLL" adapterTypeName="Microsoft.VisualStudio.TestTools.TestTypes.Unit.UnitTestAdapter, Microsoft.VisualStudio.QualityTools.Tips.UnitTest.Adapter, Version=10.0.0.0, Culture=neutral, PublicKeyToken=b03f5f7f11d50a3a" className="TestSuite.Runtime.NetworkSettingsTest, TestSuite, Version=1.0.0.0, Culture=neutral, PublicKeyToken=null" name="DefaultOutputLayerTest" />
    </UnitTest>
    <UnitTest name="BasicLayerConstructorTest" storage="c:\development projects\enn\testsuite\bin\debug\testsuite.dll" id="0c1a52db-085f-277b-a9a9-314b1fb28354">
      <Execution id="20571a83-1c73-4391-908a-0a2f68dfe73f" />
      <TestMethod codeBase="C:/Development Projects/ENN/TestSuite/bin/Debug/TestSuite.DLL" adapterTypeName="Microsoft.VisualStudio.TestTools.TestTypes.Unit.UnitTestAdapter, Microsoft.VisualStudio.QualityTools.Tips.UnitTest.Adapter, Version=10.0.0.0, Culture=neutral, PublicKeyToken=b03f5f7f11d50a3a" className="TestSuite.Runtime.BasicLayerTest, TestSuite, Version=1.0.0.0, Culture=neutral, PublicKeyToken=null" name="BasicLayerConstructorTest" />
    </UnitTest>
    <UnitTest name="OtherTest" storage="c:\development projects\enn\testsuite\bin\debug\testsuite.dll" id="ef2d5f30-3116-9896-2df2-b1db68ca23fd">
      <Execution id="c8df27a5-a206-4380-b693-567751e0a919" />
      <TestMethod codeBase="C:/Development Projects/ENN/TestSuite/bin/Debug/TestSuite.DLL" adapterTypeName="Microsoft.VisualStudio.TestTools.TestTypes.Unit.UnitTestAdapter, Microsoft.VisualStudio.QualityTools.Tips.UnitTest.Adapter, Version=10.0.0.0, Culture=neutral, PublicKeyToken=b03f5f7f11d50a3a" className="TestSuite.Runtime.NetworkSettingsTest, TestSuite, Version=1.0.0.0, Culture=neutral, PublicKeyToken=null" name="OtherTest" />
    </UnitTest>
    <UnitTest name="EqualsTest" storage="c:\development projects\enn\testsuite\bin\debug\testsuite.dll" id="76a7db94-41af-ea30-909c-7078774eed0f">
      <Execution id="afd80ccb-4610-4226-a557-4a835d167de4" />
      <TestMethod codeBase="C:/Development Projects/ENN/TestSuite/bin/Debug/TestSuite.DLL" adapterTypeName="Microsoft.VisualStudio.TestTools.TestTypes.Unit.UnitTestAdapter, Microsoft.VisualStudio.QualityTools.Tips.UnitTest.Adapter, Version=10.0.0.0, Culture=neutral, PublicKeyToken=b03f5f7f11d50a3a" className="TestSuite.Runtime.HillClimbAlgoTest, TestSuite, Version=1.0.0.0, Culture=neutral, PublicKeyToken=null" name="EqualsTest" />
    </UnitTest>
    <UnitTest name="UserBinaryNameTest" storage="c:\development projects\enn\testsuite\bin\debug\testsuite.dll" id="f9033c08-15a9-3fec-28cc-b9ff56a44b9f">
      <Execution id="39bdef4b-3d3d-4bba-9f7e-9417bd5623e0" />
      <TestMethod codeBase="C:/Development Projects/ENN/TestSuite/bin/Debug/TestSuite.DLL" adapterTypeName="Microsoft.VisualStudio.TestTools.TestTypes.Unit.UnitTestAdapter, Microsoft.VisualStudio.QualityTools.Tips.UnitTest.Adapter, Version=10.0.0.0, Culture=neutral, PublicKeyToken=b03f5f7f11d50a3a" className="TestSuite.Runtime.NetworkSettingsTest, TestSuite, Version=1.0.0.0, Culture=neutral, PublicKeyToken=null" name="UserBinaryNameTest" />
    </UnitTest>
    <UnitTest name="TrainingAlgorithmTest" storage="c:\development projects\enn\testsuite\bin\debug\testsuite.dll" id="0b41708d-fc5e-726d-b78f-696de98b94a8">
      <Execution id="a23dbb7f-f945-4dbe-93ec-83311937df46" />
      <TestMethod codeBase="C:/Development Projects/ENN/TestSuite/bin/Debug/TestSuite.DLL" adapterTypeName="Microsoft.VisualStudio.TestTools.TestTypes.Unit.UnitTestAdapter, Microsoft.VisualStudio.QualityTools.Tips.UnitTest.Adapter, Version=10.0.0.0, Culture=neutral, PublicKeyToken=b03f5f7f11d50a3a" className="TestSuite.Runtime.NetworkTopologyTest, TestSuite, Version=1.0.0.0, Culture=neutral, PublicKeyToken=null" name="TrainingAlgorithmTest" />
    </UnitTest>
    <UnitTest name="EqualsTest" storage="c:\development projects\enn\testsuite\bin\debug\testsuite.dll" id="923feb72-64b3-b25f-cfd9-a157f2316282">
      <Execution id="71c33d81-93db-4ba9-a3ee-9b6bb3b67d3d" />
      <TestMethod codeBase="C:/Development Projects/ENN/TestSuite/bin/Debug/TestSuite.DLL" adapterTypeName="Microsoft.VisualStudio.TestTools.TestTypes.Unit.UnitTestAdapter, Microsoft.VisualStudio.QualityTools.Tips.UnitTest.Adapter, Version=10.0.0.0, Culture=neutral, PublicKeyToken=b03f5f7f11d50a3a" className="TestSuite.Runtime.BasicOutputLayerTest, TestSuite, Version=1.0.0.0, Culture=neutral, PublicKeyToken=null" name="EqualsTest" />
    </UnitTest>
    <UnitTest name="ToStringTest" storage="c:\development projects\enn\testsuite\bin\debug\testsuite.dll" id="900964b5-5126-fe10-7e47-a66de81922b0">
      <Execution id="51764da9-2ab8-4a9c-9b90-babba2e7541a" />
      <TestMethod codeBase="C:/Development Projects/ENN/TestSuite/bin/Debug/TestSuite.DLL" adapterTypeName="Microsoft.VisualStudio.TestTools.TestTypes.Unit.UnitTestAdapter, Microsoft.VisualStudio.QualityTools.Tips.UnitTest.Adapter, Version=10.0.0.0, Culture=neutral, PublicKeyToken=b03f5f7f11d50a3a" className="TestSuite.Runtime.NetworkTopologyTest, TestSuite, Version=1.0.0.0, Culture=neutral, PublicKeyToken=null" name="ToStringTest" />
    </UnitTest>
    <UnitTest name="HiddenLayersTest" storage="c:\development projects\enn\testsuite\bin\debug\testsuite.dll" id="95da3b3e-1afb-b3e8-3ced-ecac6a3a7c40">
      <Execution id="cb0aaa87-a45d-4176-9fc2-c3e709b92105" />
      <TestMethod codeBase="C:/Development Projects/ENN/TestSuite/bin/Debug/TestSuite.DLL" adapterTypeName="Microsoft.VisualStudio.TestTools.TestTypes.Unit.UnitTestAdapter, Microsoft.VisualStudio.QualityTools.Tips.UnitTest.Adapter, Version=10.0.0.0, Culture=neutral, PublicKeyToken=b03f5f7f11d50a3a" className="TestSuite.Runtime.NetworkTopologyTest, TestSuite, Version=1.0.0.0, Culture=neutral, PublicKeyToken=null" name="HiddenLayersTest" />
    </UnitTest>
    <UnitTest name="NetworkTypeTest" storage="c:\development projects\enn\testsuite\bin\debug\testsuite.dll" id="fd28dab3-a157-b4ce-14df-3c2efa2d911c">
      <Execution id="9ff6f44f-8e00-403a-a67c-b6bcb27125a6" />
      <TestMethod codeBase="C:/Development Projects/ENN/TestSuite/bin/Debug/TestSuite.DLL" adapterTypeName="Microsoft.VisualStudio.TestTools.TestTypes.Unit.UnitTestAdapter, Microsoft.VisualStudio.QualityTools.Tips.UnitTest.Adapter, Version=10.0.0.0, Culture=neutral, PublicKeyToken=b03f5f7f11d50a3a" className="TestSuite.Runtime.NetworkSettingsTest, TestSuite, Version=1.0.0.0, Culture=neutral, PublicKeyToken=null" name="NetworkTypeTest" />
    </UnitTest>
    <UnitTest name="ToStringTest" storage="c:\development projects\enn\testsuite\bin\debug\testsuite.dll" id="5d503c0c-7266-8659-b0ed-861d6daeccee">
      <Execution id="40e2271b-2e1c-46c8-9309-3bb273e04099" />
      <TestMethod codeBase="C:/Development Projects/ENN/TestSuite/bin/Debug/TestSuite.DLL" adapterTypeName="Microsoft.VisualStudio.TestTools.TestTypes.Unit.UnitTestAdapter, Microsoft.VisualStudio.QualityTools.Tips.UnitTest.Adapter, Version=10.0.0.0, Culture=neutral, PublicKeyToken=b03f5f7f11d50a3a" className="TestSuite.Runtime.NetworkSettingsTest, TestSuite, Version=1.0.0.0, Culture=neutral, PublicKeyToken=null" name="ToStringTest" />
    </UnitTest>
    <UnitTest name="getCombinationFunctionTest" storage="c:\development projects\enn\testsuite\bin\debug\testsuite.dll" id="4d8b5dd7-4688-1816-e47d-ad6fd195ec4e">
      <Execution id="afd8653f-fa71-42dc-b414-e134f5c3f58a" />
      <TestMethod codeBase="C:/Development Projects/ENN/TestSuite/bin/Debug/TestSuite.DLL" adapterTypeName="Microsoft.VisualStudio.TestTools.TestTypes.Unit.UnitTestAdapter, Microsoft.VisualStudio.QualityTools.Tips.UnitTest.Adapter, Version=10.0.0.0, Culture=neutral, PublicKeyToken=b03f5f7f11d50a3a" className="TestSuite.Runtime.StandLibFactoryTest, TestSuite, Version=1.0.0.0, Culture=neutral, PublicKeyToken=null" name="getCombinationFunctionTest" />
    </UnitTest>
    <UnitTest name="LoadText" storage="c:\development projects\enn\testsuite\bin\debug\testsuite.dll" id="251000d6-201c-3225-045e-6c6286bebe71">
      <Execution id="008ef29a-879b-429e-a1c9-3dc8909c0b07" />
      <TestMethod codeBase="C:/Development Projects/ENN/TestSuite/bin/Debug/TestSuite.DLL" adapterTypeName="Microsoft.VisualStudio.TestTools.TestTypes.Unit.UnitTestAdapter, Microsoft.VisualStudio.QualityTools.Tips.UnitTest.Adapter, Version=10.0.0.0, Culture=neutral, PublicKeyToken=b03f5f7f11d50a3a" className="TestSuite.Runtime.Tools.SettingsTest, TestSuite, Version=1.0.0.0, Culture=neutral, PublicKeyToken=null" name="LoadText" />
    </UnitTest>
    <UnitTest name="DefaultHiddenLayerTest" storage="c:\development projects\enn\testsuite\bin\debug\testsuite.dll" id="c69b6a69-0b1c-d404-8598-e80508544538">
      <Execution id="56c1abfa-b455-4624-a247-322a1b21686e" />
      <TestMethod codeBase="C:/Development Projects/ENN/TestSuite/bin/Debug/TestSuite.DLL" adapterTypeName="Microsoft.VisualStudio.TestTools.TestTypes.Unit.UnitTestAdapter, Microsoft.VisualStudio.QualityTools.Tips.UnitTest.Adapter, Version=10.0.0.0, Culture=neutral, PublicKeyToken=b03f5f7f11d50a3a" className="TestSuite.Runtime.NetworkSettingsTest, TestSuite, Version=1.0.0.0, Culture=neutral, PublicKeyToken=null" name="DefaultHiddenLayerTest" />
    </UnitTest>
    <UnitTest name="GetValuesTest" storage="c:\development projects\enn\testsuite\bin\debug\testsuite.dll" id="54e0d563-4b58-59ab-2558-9128b3f4fd71">
      <Execution id="cd539aa8-7517-4a86-a2a8-d198bdf646e2" />
      <TestMethod codeBase="C:/Development Projects/ENN/TestSuite/bin/Debug/TestSuite.DLL" adapterTypeName="Microsoft.VisualStudio.TestTools.TestTypes.Unit.UnitTestAdapter, Microsoft.VisualStudio.QualityTools.Tips.UnitTest.Adapter, Version=10.0.0.0, Culture=neutral, PublicKeyToken=b03f5f7f11d50a3a" className="TestSuite.Runtime.BasicInputLayerTest, TestSuite, Version=1.0.0.0, Culture=neutral, PublicKeyToken=null" name="GetValuesTest" />
    </UnitTest>
    <UnitTest name="MetaDataTest" storage="c:\development projects\enn\testsuite\bin\debug\testsuite.dll" id="84139ec4-03ef-0b1f-410c-ed34ad1e61a7">
      <Execution id="1f2e230e-b857-4204-b073-49f2c71500f3" />
      <TestMethod codeBase="C:/Development Projects/ENN/TestSuite/bin/Debug/TestSuite.DLL" adapterTypeName="Microsoft.VisualStudio.TestTools.TestTypes.Unit.UnitTestAdapter, Microsoft.VisualStudio.QualityTools.Tips.UnitTest.Adapter, Version=10.0.0.0, Culture=neutral, PublicKeyToken=b03f5f7f11d50a3a" className="TestSuite.Runtime.BasicNodeTest, TestSuite, Version=1.0.0.0, Culture=neutral, PublicKeyToken=null" name="MetaDataTest" />
    </UnitTest>
    <UnitTest name="SaveText" storage="c:\development projects\enn\testsuite\bin\debug\testsuite.dll" id="d1ed5f65-7462-12a5-4bb7-93f22baf2269">
      <Execution id="09538556-a5ad-4456-9d45-2e939c29af84" />
      <TestMethod codeBase="C:/Development Projects/ENN/TestSuite/bin/Debug/TestSuite.DLL" adapterTypeName="Microsoft.VisualStudio.TestTools.TestTypes.Unit.UnitTestAdapter, Microsoft.VisualStudio.QualityTools.Tips.UnitTest.Adapter, Version=10.0.0.0, Culture=neutral, PublicKeyToken=b03f5f7f11d50a3a" className="TestSuite.Runtime.Tools.SettingsTest, TestSuite, Version=1.0.0.0, Culture=neutral, PublicKeyToken=null" name="SaveText" />
    </UnitTest>
    <UnitTest name="TraininPoolTest" storage="c:\development projects\enn\testsuite\bin\debug\testsuite.dll" id="a2ba19cc-746d-98aa-01d0-da7b8bdf4e34">
      <Execution id="61da3de2-97d2-43ea-9f65-cbd1827d326e" />
      <TestMethod codeBase="C:/Development Projects/ENN/TestSuite/bin/Debug/TestSuite.DLL" adapterTypeName="Microsoft.VisualStudio.TestTools.TestTypes.Unit.UnitTestAdapter, Microsoft.VisualStudio.QualityTools.Tips.UnitTest.Adapter, Version=10.0.0.0, Culture=neutral, PublicKeyToken=b03f5f7f11d50a3a" className="TestSuite.Runtime.NetworkSettingsTest, TestSuite, Version=1.0.0.0, Culture=neutral, PublicKeyToken=null" name="TraininPoolTest" />
    </UnitTest>
    <UnitTest name="StandLibFactoryConstructorTest" storage="c:\development projects\enn\testsuite\bin\debug\testsuite.dll" id="7479ab4c-891f-dbdf-678d-ccd82bebebe3">
      <Execution id="5a174843-54cd-4f75-857f-727163454f04" />
      <TestMethod codeBase="C:/Development Projects/ENN/TestSuite/bin/Debug/TestSuite.DLL" adapterTypeName="Microsoft.VisualStudio.TestTools.TestTypes.Unit.UnitTestAdapter, Microsoft.VisualStudio.QualityTools.Tips.UnitTest.Adapter, Version=10.0.0.0, Culture=neutral, PublicKeyToken=b03f5f7f11d50a3a" className="TestSuite.Runtime.StandLibFactoryTest, TestSuite, Version=1.0.0.0, Culture=neutral, PublicKeyToken=null" name="StandLibFactoryConstructorTest" />
    </UnitTest>
    <UnitTest name="UserBinaryClassNameTest" storage="c:\development projects\enn\testsuite\bin\debug\testsuite.dll" id="275636fa-5ea8-920b-4e28-794394fb2307">
      <Execution id="cf2fc055-7de2-44c9-9847-e05c3b166121" />
      <TestMethod codeBase="C:/Development Projects/ENN/TestSuite/bin/Debug/TestSuite.DLL" adapterTypeName="Microsoft.VisualStudio.TestTools.TestTypes.Unit.UnitTestAdapter, Microsoft.VisualStudio.QualityTools.Tips.UnitTest.Adapter, Version=10.0.0.0, Culture=neutral, PublicKeyToken=b03f5f7f11d50a3a" className="TestSuite.Runtime.NetworkSettingsTest, TestSuite, Version=1.0.0.0, Culture=neutral, PublicKeyToken=null" name="UserBinaryClassNameTest" />
    </UnitTest>
    <UnitTest name="ModifiedLogisticTest" storage="c:\development projects\enn\testsuite\bin\debug\testsuite.dll" id="f590dcde-57c2-4844-9cad-2fe602dec5de">
      <Execution id="f8e41d69-e8c9-4b99-8499-c7ccadae61fc" />
      <TestMethod codeBase="C:/Development Projects/ENN/TestSuite/bin/Debug/TestSuite.DLL" adapterTypeName="Microsoft.VisualStudio.TestTools.TestTypes.Unit.UnitTestAdapter, Microsoft.VisualStudio.QualityTools.Tips.UnitTest.Adapter, Version=10.0.0.0, Culture=neutral, PublicKeyToken=b03f5f7f11d50a3a" className="TestSuite.Runtime.SigmoidFunctionsTest, TestSuite, Version=1.0.0.0, Culture=neutral, PublicKeyToken=null" name="ModifiedLogisticTest" />
    </UnitTest>
    <UnitTest name="UserBinaryLocationTest" storage="c:\development projects\enn\testsuite\bin\debug\testsuite.dll" id="47d5b5b6-ced4-9fb4-2600-7d662198365a">
      <Execution id="31f3ac7a-c430-485c-8c36-b4a1ac8b8bce" />
      <TestMethod codeBase="C:/Development Projects/ENN/TestSuite/bin/Debug/TestSuite.DLL" adapterTypeName="Microsoft.VisualStudio.TestTools.TestTypes.Unit.UnitTestAdapter, Microsoft.VisualStudio.QualityTools.Tips.UnitTest.Adapter, Version=10.0.0.0, Culture=neutral, PublicKeyToken=b03f5f7f11d50a3a" className="TestSuite.Runtime.NetworkSettingsTest, TestSuite, Version=1.0.0.0, Culture=neutral, PublicKeyToken=null" name="UserBinaryLocationTest" />
    </UnitTest>
    <UnitTest name="GetValueTest" storage="c:\development projects\enn\testsuite\bin\debug\testsuite.dll" id="2319df9d-0e3d-4e3b-170c-489339715346">
      <Execution id="a0514c1f-b25e-40f4-bbe9-dd04a6d5d3cd" />
      <TestMethod codeBase="C:/Development Projects/ENN/TestSuite/bin/Debug/TestSuite.DLL" adapterTypeName="Microsoft.VisualStudio.TestTools.TestTypes.Unit.UnitTestAdapter, Microsoft.VisualStudio.QualityTools.Tips.UnitTest.Adapter, Version=10.0.0.0, Culture=neutral, PublicKeyToken=b03f5f7f11d50a3a" className="TestSuite.Runtime.BasicNodeTest, TestSuite, Version=1.0.0.0, Culture=neutral, PublicKeyToken=null" name="GetValueTest" />
    </UnitTest>
    <UnitTest name="SaveLoadBinaryTest" storage="c:\development projects\enn\testsuite\bin\debug\testsuite.dll" id="7809094d-33f4-45e7-b7ae-cef1ad197ec5">
      <Execution id="473f701f-9654-4427-8dbe-e1cc7ea242c6" />
      <TestMethod codeBase="C:/Development Projects/ENN/TestSuite/bin/Debug/TestSuite.DLL" adapterTypeName="Microsoft.VisualStudio.TestTools.TestTypes.Unit.UnitTestAdapter, Microsoft.VisualStudio.QualityTools.Tips.UnitTest.Adapter, Version=10.0.0.0, Culture=neutral, PublicKeyToken=b03f5f7f11d50a3a" className="TestSuite.Runtime.Tools.TopologyTest, TestSuite, Version=1.0.0.0, Culture=neutral, PublicKeyToken=null" name="SaveLoadBinaryTest" />
    </UnitTest>
    <UnitTest name="UseUserBinariesTest" storage="c:\development projects\enn\testsuite\bin\debug\testsuite.dll" id="9502bb5b-ac42-ce13-e196-bdc7740dd911">
      <Execution id="80cd373f-5e57-480a-99d4-bdaff35d7a26" />
      <TestMethod codeBase="C:/Development Projects/ENN/TestSuite/bin/Debug/TestSuite.DLL" adapterTypeName="Microsoft.VisualStudio.TestTools.TestTypes.Unit.UnitTestAdapter, Microsoft.VisualStudio.QualityTools.Tips.UnitTest.Adapter, Version=10.0.0.0, Culture=neutral, PublicKeyToken=b03f5f7f11d50a3a" className="TestSuite.Runtime.NetworkSettingsTest, TestSuite, Version=1.0.0.0, Culture=neutral, PublicKeyToken=null" name="UseUserBinariesTest" />
    </UnitTest>
    <UnitTest name="GetValuesTest" storage="c:\development projects\enn\testsuite\bin\debug\testsuite.dll" id="46047d4e-5418-9626-87a1-cf752827a4f1">
      <Execution id="2b67d08c-92ea-4985-a849-0ae82f3268c9" />
      <TestMethod codeBase="C:/Development Projects/ENN/TestSuite/bin/Debug/TestSuite.DLL" adapterTypeName="Microsoft.VisualStudio.TestTools.TestTypes.Unit.UnitTestAdapter, Microsoft.VisualStudio.QualityTools.Tips.UnitTest.Adapter, Version=10.0.0.0, Culture=neutral, PublicKeyToken=b03f5f7f11d50a3a" className="TestSuite.Runtime.BasicLayerTest, TestSuite, Version=1.0.0.0, Culture=neutral, PublicKeyToken=null" name="GetValuesTest" />
    </UnitTest>
    <UnitTest name="TrainingPreProcessorTest" storage="c:\development projects\enn\testsuite\bin\debug\testsuite.dll" id="aa9735b5-5de5-84c4-b017-9ed9c7498bac">
      <Execution id="041678b6-97b2-4d19-a862-cceb1d661f3e" />
      <TestMethod codeBase="C:/Development Projects/ENN/TestSuite/bin/Debug/TestSuite.DLL" adapterTypeName="Microsoft.VisualStudio.TestTools.TestTypes.Unit.UnitTestAdapter, Microsoft.VisualStudio.QualityTools.Tips.UnitTest.Adapter, Version=10.0.0.0, Culture=neutral, PublicKeyToken=b03f5f7f11d50a3a" className="TestSuite.Runtime.NetworkTopologyTest, TestSuite, Version=1.0.0.0, Culture=neutral, PublicKeyToken=null" name="TrainingPreProcessorTest" />
    </UnitTest>
    <UnitTest name="DefaultNodeTest" storage="c:\development projects\enn\testsuite\bin\debug\testsuite.dll" id="40be84fa-951f-6830-42a8-12121ee37cc5">
      <Execution id="e25dafb8-8582-4147-878b-4d4d2b2993e3" />
      <TestMethod codeBase="C:/Development Projects/ENN/TestSuite/bin/Debug/TestSuite.DLL" adapterTypeName="Microsoft.VisualStudio.TestTools.TestTypes.Unit.UnitTestAdapter, Microsoft.VisualStudio.QualityTools.Tips.UnitTest.Adapter, Version=10.0.0.0, Culture=neutral, PublicKeyToken=b03f5f7f11d50a3a" className="TestSuite.Runtime.NetworkSettingsTest, TestSuite, Version=1.0.0.0, Culture=neutral, PublicKeyToken=null" name="DefaultNodeTest" />
    </UnitTest>
    <UnitTest name="EqualsTest" storage="c:\development projects\enn\testsuite\bin\debug\testsuite.dll" id="af1a6744-fc2a-446a-cc4f-d7ee47c730a8">
      <Execution id="0a7aa09a-b3c1-4434-a5f6-4b16e351f48d" />
      <TestMethod codeBase="C:/Development Projects/ENN/TestSuite/bin/Debug/TestSuite.DLL" adapterTypeName="Microsoft.VisualStudio.TestTools.TestTypes.Unit.UnitTestAdapter, Microsoft.VisualStudio.QualityTools.Tips.UnitTest.Adapter, Version=10.0.0.0, Culture=neutral, PublicKeyToken=b03f5f7f11d50a3a" className="TestSuite.Runtime.BasicLayerTest, TestSuite, Version=1.0.0.0, Culture=neutral, PublicKeyToken=null" name="EqualsTest" />
    </UnitTest>
    <UnitTest name="GetValueTest" storage="c:\development projects\enn\testsuite\bin\debug\testsuite.dll" id="7555e677-3d08-3203-4fc4-aedde845d142">
      <Execution id="2c0c897c-75cd-4f91-92d5-df5f2b933ec5" />
      <TestMethod codeBase="C:/Development Projects/ENN/TestSuite/bin/Debug/TestSuite.DLL" adapterTypeName="Microsoft.VisualStudio.TestTools.TestTypes.Unit.UnitTestAdapter, Microsoft.VisualStudio.QualityTools.Tips.UnitTest.Adapter, Version=10.0.0.0, Culture=neutral, PublicKeyToken=b03f5f7f11d50a3a" className="TestSuite.Runtime.CustomizableNodeTest, TestSuite, Version=1.0.0.0, Culture=neutral, PublicKeyToken=null" name="GetValueTest" />
    </UnitTest>
    <UnitTest name="PostProcessorTest" storage="c:\development projects\enn\testsuite\bin\debug\testsuite.dll" id="683e0237-e5b0-0223-1118-f244e8194560">
      <Execution id="8363f5aa-4582-4c19-aa60-c0aa279379f5" />
      <TestMethod codeBase="C:/Development Projects/ENN/TestSuite/bin/Debug/TestSuite.DLL" adapterTypeName="Microsoft.VisualStudio.TestTools.TestTypes.Unit.UnitTestAdapter, Microsoft.VisualStudio.QualityTools.Tips.UnitTest.Adapter, Version=10.0.0.0, Culture=neutral, PublicKeyToken=b03f5f7f11d50a3a" className="TestSuite.Runtime.NetworkTopologyTest, TestSuite, Version=1.0.0.0, Culture=neutral, PublicKeyToken=null" name="PostProcessorTest" />
    </UnitTest>
    <UnitTest name="ParseListTest" storage="c:\development projects\enn\testsuite\bin\debug\testsuite.dll" id="72ceeb0e-5479-6d87-2787-3c73c6c27f29">
      <Execution id="08dab43b-ad65-489c-969b-d4eb9f79d3f3" />
      <TestMethod codeBase="C:/Development Projects/ENN/TestSuite/bin/Debug/TestSuite.DLL" adapterTypeName="Microsoft.VisualStudio.TestTools.TestTypes.Unit.UnitTestAdapter, Microsoft.VisualStudio.QualityTools.Tips.UnitTest.Adapter, Version=10.0.0.0, Culture=neutral, PublicKeyToken=b03f5f7f11d50a3a" className="TestSuite.Runtime.StandLibFactoryTest, TestSuite, Version=1.0.0.0, Culture=neutral, PublicKeyToken=null" name="ParseListTest" />
    </UnitTest>
    <UnitTest name="GeneralizedLogisticTest1" storage="c:\development projects\enn\testsuite\bin\debug\testsuite.dll" id="ff4ad6f6-4cbb-7229-fbd4-444874289508">
      <Execution id="3c165466-fd1d-4be5-a0e3-a15f22e46353" />
      <TestMethod codeBase="C:/Development Projects/ENN/TestSuite/bin/Debug/TestSuite.DLL" adapterTypeName="Microsoft.VisualStudio.TestTools.TestTypes.Unit.UnitTestAdapter, Microsoft.VisualStudio.QualityTools.Tips.UnitTest.Adapter, Version=10.0.0.0, Culture=neutral, PublicKeyToken=b03f5f7f11d50a3a" className="TestSuite.Runtime.SigmoidFunctionsTest, TestSuite, Version=1.0.0.0, Culture=neutral, PublicKeyToken=null" name="GeneralizedLogisticTest1" />
    </UnitTest>
    <UnitTest name="EqualsTest" storage="c:\development projects\enn\testsuite\bin\debug\testsuite.dll" id="7848218c-cbe2-f7c9-e490-57f84cc76553">
      <Execution id="c7742344-80d0-4642-b404-de5d7b95b55d" />
      <TestMethod codeBase="C:/Development Projects/ENN/TestSuite/bin/Debug/TestSuite.DLL" adapterTypeName="Microsoft.VisualStudio.TestTools.TestTypes.Unit.UnitTestAdapter, Microsoft.VisualStudio.QualityTools.Tips.UnitTest.Adapter, Version=10.0.0.0, Culture=neutral, PublicKeyToken=b03f5f7f11d50a3a" className="TestSuite.Runtime.CustomizableNodeTest, TestSuite, Version=1.0.0.0, Culture=neutral, PublicKeyToken=null" name="EqualsTest" />
    </UnitTest>
    <UnitTest name="GeneralizedLogisticTest" storage="c:\development projects\enn\testsuite\bin\debug\testsuite.dll" id="0e6d1b38-b06d-0bf7-032c-34acbd831cfe">
      <Execution id="9c2a4a17-3a2c-4005-98e4-2b9a903edd3e" />
      <TestMethod codeBase="C:/Development Projects/ENN/TestSuite/bin/Debug/TestSuite.DLL" adapterTypeName="Microsoft.VisualStudio.TestTools.TestTypes.Unit.UnitTestAdapter, Microsoft.VisualStudio.QualityTools.Tips.UnitTest.Adapter, Version=10.0.0.0, Culture=neutral, PublicKeyToken=b03f5f7f11d50a3a" className="TestSuite.Runtime.SigmoidFunctionsTest, TestSuite, Version=1.0.0.0, Culture=neutral, PublicKeyToken=null" name="GeneralizedLogisticTest" />
    </UnitTest>
    <UnitTest name="ModeTest" storage="c:\development projects\enn\testsuite\bin\debug\testsuite.dll" id="a063285f-c489-ed45-797e-2019ddcb8a20">
      <Execution id="16c332b8-f95f-4d61-98bc-6ddcfed475e7" />
      <TestMethod codeBase="C:/Development Projects/ENN/TestSuite/bin/Debug/TestSuite.DLL" adapterTypeName="Microsoft.VisualStudio.TestTools.TestTypes.Unit.UnitTestAdapter, Microsoft.VisualStudio.QualityTools.Tips.UnitTest.Adapter, Version=10.0.0.0, Culture=neutral, PublicKeyToken=b03f5f7f11d50a3a" className="TestSuite.Runtime.NetworkSettingsTest, TestSuite, Version=1.0.0.0, Culture=neutral, PublicKeyToken=null" name="ModeTest" />
    </UnitTest>
    <UnitTest name="NeuralNetworkConstructorTest" storage="c:\development projects\enn\testsuite\bin\debug\testsuite.dll" id="c4772790-9b1d-76bb-87f9-c71a5631d61b">
      <Execution id="4bee1654-2aad-4180-9444-9f22ad484739" />
      <TestMethod codeBase="C:/Development Projects/ENN/TestSuite/bin/Debug/TestSuite.DLL" adapterTypeName="Microsoft.VisualStudio.TestTools.TestTypes.Unit.UnitTestAdapter, Microsoft.VisualStudio.QualityTools.Tips.UnitTest.Adapter, Version=10.0.0.0, Culture=neutral, PublicKeyToken=b03f5f7f11d50a3a" className="TestSuite.Runtime.NeuralNetworkTest, TestSuite, Version=1.0.0.0, Culture=neutral, PublicKeyToken=null" name="NeuralNetworkConstructorTest" />
    </UnitTest>
    <UnitTest name="SaveTextTest" storage="c:\development projects\enn\testsuite\bin\debug\testsuite.dll" id="5fe0a59d-da3d-e0ca-00f1-7f42f1b72b3d">
      <Execution id="b6f01cee-a0cb-4612-85b6-e0f56f81803b" />
      <TestMethod codeBase="C:/Development Projects/ENN/TestSuite/bin/Debug/TestSuite.DLL" adapterTypeName="Microsoft.VisualStudio.TestTools.TestTypes.Unit.UnitTestAdapter, Microsoft.VisualStudio.QualityTools.Tips.UnitTest.Adapter, Version=10.0.0.0, Culture=neutral, PublicKeyToken=b03f5f7f11d50a3a" className="TestSuite.Runtime.Tools.TopologyTest, TestSuite, Version=1.0.0.0, Culture=neutral, PublicKeyToken=null" name="SaveTextTest" />
    </UnitTest>
    <UnitTest name="OutputLayerTest" storage="c:\development projects\enn\testsuite\bin\debug\testsuite.dll" id="29cd3a7d-8726-bcc6-427c-eff3558f99b6">
      <Execution id="127d7b55-08dc-4136-8a83-4ab9ad0c4390" />
      <TestMethod codeBase="C:/Development Projects/ENN/TestSuite/bin/Debug/TestSuite.DLL" adapterTypeName="Microsoft.VisualStudio.TestTools.TestTypes.Unit.UnitTestAdapter, Microsoft.VisualStudio.QualityTools.Tips.UnitTest.Adapter, Version=10.0.0.0, Culture=neutral, PublicKeyToken=b03f5f7f11d50a3a" className="TestSuite.Runtime.NetworkTopologyTest, TestSuite, Version=1.0.0.0, Culture=neutral, PublicKeyToken=null" name="OutputLayerTest" />
    </UnitTest>
    <UnitTest name="EqualsTest" storage="c:\development projects\enn\testsuite\bin\debug\testsuite.dll" id="771f593f-e636-6035-a459-8163b178bcfa">
      <Execution id="18d89eca-08e6-4694-9685-cf6d2b365a17" />
      <TestMethod codeBase="C:/Development Projects/ENN/TestSuite/bin/Debug/TestSuite.DLL" adapterTypeName="Microsoft.VisualStudio.TestTools.TestTypes.Unit.UnitTestAdapter, Microsoft.VisualStudio.QualityTools.Tips.UnitTest.Adapter, Version=10.0.0.0, Culture=neutral, PublicKeyToken=b03f5f7f11d50a3a" className="TestSuite.Runtime.BasicNodeTest, TestSuite, Version=1.0.0.0, Culture=neutral, PublicKeyToken=null" name="EqualsTest" />
    </UnitTest>
    <UnitTest name="EqualsTest" storage="c:\development projects\enn\testsuite\bin\debug\testsuite.dll" id="0000dae2-53ff-de3d-331e-6de1dcaba026">
      <Execution id="8eddd94c-01bb-47ed-9243-324df862bbf9" />
      <TestMethod codeBase="C:/Development Projects/ENN/TestSuite/bin/Debug/TestSuite.DLL" adapterTypeName="Microsoft.VisualStudio.TestTools.TestTypes.Unit.UnitTestAdapter, Microsoft.VisualStudio.QualityTools.Tips.UnitTest.Adapter, Version=10.0.0.0, Culture=neutral, PublicKeyToken=b03f5f7f11d50a3a" className="TestSuite.Runtime.NetworkSettingsTest, TestSuite, Version=1.0.0.0, Culture=neutral, PublicKeyToken=null" name="EqualsTest" />
    </UnitTest>
    <UnitTest name="DefaultFactoryTest" storage="c:\development projects\enn\testsuite\bin\debug\testsuite.dll" id="d8005908-df2d-b767-edea-58162a597d4b">
      <Execution id="f4b094e0-ea23-4555-8476-6c7b0c6fa45d" />
      <TestMethod codeBase="C:/Development Projects/ENN/TestSuite/bin/Debug/TestSuite.DLL" adapterTypeName="Microsoft.VisualStudio.TestTools.TestTypes.Unit.UnitTestAdapter, Microsoft.VisualStudio.QualityTools.Tips.UnitTest.Adapter, Version=10.0.0.0, Culture=neutral, PublicKeyToken=b03f5f7f11d50a3a" className="TestSuite.Runtime.NetworkSettingsTest, TestSuite, Version=1.0.0.0, Culture=neutral, PublicKeyToken=null" name="DefaultFactoryTest" />
    </UnitTest>
    <UnitTest name="EqualsTest" storage="c:\development projects\enn\testsuite\bin\debug\testsuite.dll" id="41b0ef15-8e2f-221c-77d5-0241502379e1">
      <Execution id="64389e99-848c-4a2f-8e8a-59550c90f5ea" />
      <TestMethod codeBase="C:/Development Projects/ENN/TestSuite/bin/Debug/TestSuite.DLL" adapterTypeName="Microsoft.VisualStudio.TestTools.TestTypes.Unit.UnitTestAdapter, Microsoft.VisualStudio.QualityTools.Tips.UnitTest.Adapter, Version=10.0.0.0, Culture=neutral, PublicKeyToken=b03f5f7f11d50a3a" className="TestSuite.Runtime.NetworkTopologyTest, TestSuite, Version=1.0.0.0, Culture=neutral, PublicKeyToken=null" name="EqualsTest" />
    </UnitTest>
    <UnitTest name="HillClimbAlgoConstructorTest" storage="c:\development projects\enn\testsuite\bin\debug\testsuite.dll" id="d87e0449-50bc-995d-228d-5655f4910329">
      <Execution id="da2adc11-6860-4a58-89b9-81f9079ce27d" />
      <TestMethod codeBase="C:/Development Projects/ENN/TestSuite/bin/Debug/TestSuite.DLL" adapterTypeName="Microsoft.VisualStudio.TestTools.TestTypes.Unit.UnitTestAdapter, Microsoft.VisualStudio.QualityTools.Tips.UnitTest.Adapter, Version=10.0.0.0, Culture=neutral, PublicKeyToken=b03f5f7f11d50a3a" className="TestSuite.Runtime.HillClimbAlgoTest, TestSuite, Version=1.0.0.0, Culture=neutral, PublicKeyToken=null" name="HillClimbAlgoConstructorTest" />
    </UnitTest>
    <UnitTest name="getActivationFunctionTest" storage="c:\development projects\enn\testsuite\bin\debug\testsuite.dll" id="68950f02-799c-19bb-d52b-48644e06a664">
      <Execution id="783f9d43-2d9e-4545-bf05-96d67657706b" />
      <TestMethod codeBase="C:/Development Projects/ENN/TestSuite/bin/Debug/TestSuite.DLL" adapterTypeName="Microsoft.VisualStudio.TestTools.TestTypes.Unit.UnitTestAdapter, Microsoft.VisualStudio.QualityTools.Tips.UnitTest.Adapter, Version=10.0.0.0, Culture=neutral, PublicKeyToken=b03f5f7f11d50a3a" className="TestSuite.Runtime.StandLibFactoryTest, TestSuite, Version=1.0.0.0, Culture=neutral, PublicKeyToken=null" name="getActivationFunctionTest" />
    </UnitTest>
    <UnitTest name="PreProcessorTest" storage="c:\development projects\enn\testsuite\bin\debug\testsuite.dll" id="bd8cfc2d-5617-2a00-703d-e682f7ec86d2">
      <Execution id="2f264f52-aa2d-4c2a-8d9d-7139bdf6603c" />
      <TestMethod codeBase="C:/Development Projects/ENN/TestSuite/bin/Debug/TestSuite.DLL" adapterTypeName="Microsoft.VisualStudio.TestTools.TestTypes.Unit.UnitTestAdapter, Microsoft.VisualStudio.QualityTools.Tips.UnitTest.Adapter, Version=10.0.0.0, Culture=neutral, PublicKeyToken=b03f5f7f11d50a3a" className="TestSuite.Runtime.NetworkTopologyTest, TestSuite, Version=1.0.0.0, Culture=neutral, PublicKeyToken=null" name="PreProcessorTest" />
    </UnitTest>
    <UnitTest name="InputLayerTest" storage="c:\development projects\enn\testsuite\bin\debug\testsuite.dll" id="775e9713-555d-26ea-3c4c-9356f89ecbff">
      <Execution id="9d3b5289-634b-45a9-aa6f-b793461e7158" />
      <TestMethod codeBase="C:/Development Projects/ENN/TestSuite/bin/Debug/TestSuite.DLL" adapterTypeName="Microsoft.VisualStudio.TestTools.TestTypes.Unit.UnitTestAdapter, Microsoft.VisualStudio.QualityTools.Tips.UnitTest.Adapter, Version=10.0.0.0, Culture=neutral, PublicKeyToken=b03f5f7f11d50a3a" className="TestSuite.Runtime.NetworkTopologyTest, TestSuite, Version=1.0.0.0, Culture=neutral, PublicKeyToken=null" name="InputLayerTest" />
    </UnitTest>
    <UnitTest name="GetValuesTest" storage="c:\development projects\enn\testsuite\bin\debug\testsuite.dll" id="d7159a92-42fd-4c2b-f559-0922e5e37f70">
      <Execution id="c276d968-ff29-433b-b85d-ef4447c6f34c" />
      <TestMethod codeBase="C:/Development Projects/ENN/TestSuite/bin/Debug/TestSuite.DLL" adapterTypeName="Microsoft.VisualStudio.TestTools.TestTypes.Unit.UnitTestAdapter, Microsoft.VisualStudio.QualityTools.Tips.UnitTest.Adapter, Version=10.0.0.0, Culture=neutral, PublicKeyToken=b03f5f7f11d50a3a" className="TestSuite.Runtime.ThreadedHiddenLayerTest, TestSuite, Version=1.0.0.0, Culture=neutral, PublicKeyToken=null" name="GetValuesTest" />
    </UnitTest>
    <UnitTest name="StartNetworkTest" storage="c:\development projects\enn\testsuite\bin\debug\testsuite.dll" id="a6e0494a-afbf-0dce-9210-b1e4a0b203bc">
      <Execution id="fa3a27b1-c01d-44c7-a7ad-da368a6f41c3" />
      <TestMethod codeBase="C:/Development Projects/ENN/TestSuite/bin/Debug/TestSuite.DLL" adapterTypeName="Microsoft.VisualStudio.TestTools.TestTypes.Unit.UnitTestAdapter, Microsoft.VisualStudio.QualityTools.Tips.UnitTest.Adapter, Version=10.0.0.0, Culture=neutral, PublicKeyToken=b03f5f7f11d50a3a" className="TestSuite.Runtime.NeuralNetworkTest, TestSuite, Version=1.0.0.0, Culture=neutral, PublicKeyToken=null" name="StartNetworkTest" />
    </UnitTest>
    <UnitTest name="SaveLoadBinary" storage="c:\development projects\enn\testsuite\bin\debug\testsuite.dll" id="26cf318a-7fd7-86c5-b025-e6f47e9d78ca">
      <Execution id="ae005ce6-13a6-439c-a3ec-d6a8c129604e" />
      <TestMethod codeBase="C:/Development Projects/ENN/TestSuite/bin/Debug/TestSuite.DLL" adapterTypeName="Microsoft.VisualStudio.TestTools.TestTypes.Unit.UnitTestAdapter, Microsoft.VisualStudio.QualityTools.Tips.UnitTest.Adapter, Version=10.0.0.0, Culture=neutral, PublicKeyToken=b03f5f7f11d50a3a" className="TestSuite.Runtime.Tools.SettingsTest, TestSuite, Version=1.0.0.0, Culture=neutral, PublicKeyToken=null" name="SaveLoadBinary" />
    </UnitTest>
    <UnitTest name="productionTest" storage="c:\development projects\enn\testsuite\bin\debug\testsuite.dll" id="aaea9d70-ac57-264e-6348-a6ea175ead6a">
      <Execution id="d861b999-7942-49f4-8af4-6ed6a280dac5" />
      <TestMethod codeBase="C:/Development Projects/ENN/TestSuite/bin/Debug/TestSuite.DLL" adapterTypeName="Microsoft.VisualStudio.TestTools.TestTypes.Unit.UnitTestAdapter, Microsoft.VisualStudio.QualityTools.Tips.UnitTest.Adapter, Version=10.0.0.0, Culture=neutral, PublicKeyToken=b03f5f7f11d50a3a" className="TestSuite.Runtime.CombinationFunctionsTest, TestSuite, Version=1.0.0.0, Culture=neutral, PublicKeyToken=null" name="productionTest" />
    </UnitTest>
    <UnitTest name="MetaDataTest" storage="c:\development projects\enn\testsuite\bin\debug\testsuite.dll" id="95b1d02b-3a70-33f2-e532-2b051409b15f">
      <Execution id="836c6e3c-5f6a-463d-a2df-cc37c01d0e00" />
      <TestMethod codeBase="C:/Development Projects/ENN/TestSuite/bin/Debug/TestSuite.DLL" adapterTypeName="Microsoft.VisualStudio.TestTools.TestTypes.Unit.UnitTestAdapter, Microsoft.VisualStudio.QualityTools.Tips.UnitTest.Adapter, Version=10.0.0.0, Culture=neutral, PublicKeyToken=b03f5f7f11d50a3a" className="TestSuite.Runtime.BasicLayerTest, TestSuite, Version=1.0.0.0, Culture=neutral, PublicKeyToken=null" name="MetaDataTest" />
    </UnitTest>
    <UnitTest name="TrainingIterationsTest" storage="c:\development projects\enn\testsuite\bin\debug\testsuite.dll" id="2f1cfca7-beb4-6173-bd0c-3759f35ba3e1">
      <Execution id="688ada4c-0840-486d-ae46-e32f09d1fee4" />
      <TestMethod codeBase="C:/Development Projects/ENN/TestSuite/bin/Debug/TestSuite.DLL" adapterTypeName="Microsoft.VisualStudio.TestTools.TestTypes.Unit.UnitTestAdapter, Microsoft.VisualStudio.QualityTools.Tips.UnitTest.Adapter, Version=10.0.0.0, Culture=neutral, PublicKeyToken=b03f5f7f11d50a3a" className="TestSuite.Runtime.NetworkSettingsTest, TestSuite, Version=1.0.0.0, Culture=neutral, PublicKeyToken=null" name="TrainingIterationsTest" />
    </UnitTest>
    <UnitTest name="LogisticTest" storage="c:\development projects\enn\testsuite\bin\debug\testsuite.dll" id="7dd4e77c-7264-6ef4-1008-777f833c6760">
      <Execution id="87ee4f9b-e3ed-4f11-a2c3-d0fc4a232f46" />
      <TestMethod codeBase="C:/Development Projects/ENN/TestSuite/bin/Debug/TestSuite.DLL" adapterTypeName="Microsoft.VisualStudio.TestTools.TestTypes.Unit.UnitTestAdapter, Microsoft.VisualStudio.QualityTools.Tips.UnitTest.Adapter, Version=10.0.0.0, Culture=neutral, PublicKeyToken=b03f5f7f11d50a3a" className="TestSuite.Runtime.SigmoidFunctionsTest, TestSuite, Version=1.0.0.0, Culture=neutral, PublicKeyToken=null" name="LogisticTest" />
    </UnitTest>
    <UnitTest name="SetSettingsTest" storage="c:\development projects\enn\testsuite\bin\debug\testsuite.dll" id="4f829e57-a80c-0c52-ef6a-ac2b2970962a">
      <Execution id="f849188d-c865-43c9-9e50-ecc23307d210" />
      <TestMethod codeBase="C:/Development Projects/ENN/TestSuite/bin/Debug/TestSuite.DLL" adapterTypeName="Microsoft.VisualStudio.TestTools.TestTypes.Unit.UnitTestAdapter, Microsoft.VisualStudio.QualityTools.Tips.UnitTest.Adapter, Version=10.0.0.0, Culture=neutral, PublicKeyToken=b03f5f7f11d50a3a" className="TestSuite.Runtime.HillClimbAlgoTest, TestSuite, Version=1.0.0.0, Culture=neutral, PublicKeyToken=null" name="SetSettingsTest" />
    </UnitTest>
    <UnitTest name="SimpleAlgebraTest" storage="c:\development projects\enn\testsuite\bin\debug\testsuite.dll" id="792cef7e-de8b-0ac6-a844-fe24d4cd88a7">
      <Execution id="06fc7f8f-a6bd-4e4f-852f-1ebbd899c74a" />
      <TestMethod codeBase="C:/Development Projects/ENN/TestSuite/bin/Debug/TestSuite.DLL" adapterTypeName="Microsoft.VisualStudio.TestTools.TestTypes.Unit.UnitTestAdapter, Microsoft.VisualStudio.QualityTools.Tips.UnitTest.Adapter, Version=10.0.0.0, Culture=neutral, PublicKeyToken=b03f5f7f11d50a3a" className="TestSuite.Runtime.SigmoidFunctionsTest, TestSuite, Version=1.0.0.0, Culture=neutral, PublicKeyToken=null" name="SimpleAlgebraTest" />
    </UnitTest>
    <UnitTest name="ThreadedHiddenLayerConstructorTest" storage="c:\development projects\enn\testsuite\bin\debug\testsuite.dll" id="cc5a4d81-5b88-cb72-b348-ff170721a464">
      <Execution id="acc330a8-9692-46e4-ae9f-490e967d40de" />
      <TestMethod codeBase="C:/Development Projects/ENN/TestSuite/bin/Debug/TestSuite.DLL" adapterTypeName="Microsoft.VisualStudio.TestTools.TestTypes.Unit.UnitTestAdapter, Microsoft.VisualStudio.QualityTools.Tips.UnitTest.Adapter, Version=10.0.0.0, Culture=neutral, PublicKeyToken=b03f5f7f11d50a3a" className="TestSuite.Runtime.ThreadedHiddenLayerTest, TestSuite, Version=1.0.0.0, Culture=neutral, PublicKeyToken=null" name="ThreadedHiddenLayerConstructorTest" />
    </UnitTest>
  </TestDefinitions>
  <TestLists>
    <TestList name="Results Not in a List" id="8c84fa94-04c1-424b-9868-57a2d4851a1d" />
    <TestList name="All Loaded Results" id="19431567-8539-422a-85d7-44ee4e166bda" />
  </TestLists>
  <TestEntries>
    <TestEntry testId="0000dae2-53ff-de3d-331e-6de1dcaba026" executionId="8eddd94c-01bb-47ed-9243-324df862bbf9" testListId="8c84fa94-04c1-424b-9868-57a2d4851a1d" />
    <TestEntry testId="080bef21-2a80-05ec-e494-807b634f47a5" executionId="29a8d797-4159-4f3d-8861-1badb509a139" testListId="8c84fa94-04c1-424b-9868-57a2d4851a1d" />
    <TestEntry testId="0b41708d-fc5e-726d-b78f-696de98b94a8" executionId="a23dbb7f-f945-4dbe-93ec-83311937df46" testListId="8c84fa94-04c1-424b-9868-57a2d4851a1d" />
    <TestEntry testId="0c1a52db-085f-277b-a9a9-314b1fb28354" executionId="20571a83-1c73-4391-908a-0a2f68dfe73f" testListId="8c84fa94-04c1-424b-9868-57a2d4851a1d" />
    <TestEntry testId="0e6d1b38-b06d-0bf7-032c-34acbd831cfe" executionId="9c2a4a17-3a2c-4005-98e4-2b9a903edd3e" testListId="8c84fa94-04c1-424b-9868-57a2d4851a1d" />
    <TestEntry testId="1958bd71-ea15-edbf-d596-fbca70800bc2" executionId="d633fd7b-c65c-4429-8cc0-499ee4833f5b" testListId="8c84fa94-04c1-424b-9868-57a2d4851a1d" />
    <TestEntry testId="2319df9d-0e3d-4e3b-170c-489339715346" executionId="a0514c1f-b25e-40f4-bbe9-dd04a6d5d3cd" testListId="8c84fa94-04c1-424b-9868-57a2d4851a1d" />
    <TestEntry testId="251000d6-201c-3225-045e-6c6286bebe71" executionId="008ef29a-879b-429e-a1c9-3dc8909c0b07" testListId="8c84fa94-04c1-424b-9868-57a2d4851a1d" />
    <TestEntry testId="26cf318a-7fd7-86c5-b025-e6f47e9d78ca" executionId="ae005ce6-13a6-439c-a3ec-d6a8c129604e" testListId="8c84fa94-04c1-424b-9868-57a2d4851a1d" />
    <TestEntry testId="275636fa-5ea8-920b-4e28-794394fb2307" executionId="cf2fc055-7de2-44c9-9847-e05c3b166121" testListId="8c84fa94-04c1-424b-9868-57a2d4851a1d" />
    <TestEntry testId="29cd3a7d-8726-bcc6-427c-eff3558f99b6" executionId="127d7b55-08dc-4136-8a83-4ab9ad0c4390" testListId="8c84fa94-04c1-424b-9868-57a2d4851a1d" />
    <TestEntry testId="2f1cfca7-beb4-6173-bd0c-3759f35ba3e1" executionId="688ada4c-0840-486d-ae46-e32f09d1fee4" testListId="8c84fa94-04c1-424b-9868-57a2d4851a1d" />
    <TestEntry testId="3634ce8f-2892-842d-fe66-673421e34418" executionId="d24d6901-66f2-44da-80cb-c9c5022cd3fb" testListId="8c84fa94-04c1-424b-9868-57a2d4851a1d" />
    <TestEntry testId="3ef70ada-6b64-eb3b-1057-e180d63146a1" executionId="32a3dadc-b080-47e4-a5bc-705cbf576434" testListId="8c84fa94-04c1-424b-9868-57a2d4851a1d" />
    <TestEntry testId="40be84fa-951f-6830-42a8-12121ee37cc5" executionId="e25dafb8-8582-4147-878b-4d4d2b2993e3" testListId="8c84fa94-04c1-424b-9868-57a2d4851a1d" />
    <TestEntry testId="41b0ef15-8e2f-221c-77d5-0241502379e1" executionId="64389e99-848c-4a2f-8e8a-59550c90f5ea" testListId="8c84fa94-04c1-424b-9868-57a2d4851a1d" />
    <TestEntry testId="46047d4e-5418-9626-87a1-cf752827a4f1" executionId="2b67d08c-92ea-4985-a849-0ae82f3268c9" testListId="8c84fa94-04c1-424b-9868-57a2d4851a1d" />
    <TestEntry testId="47d5b5b6-ced4-9fb4-2600-7d662198365a" executionId="31f3ac7a-c430-485c-8c36-b4a1ac8b8bce" testListId="8c84fa94-04c1-424b-9868-57a2d4851a1d" />
    <TestEntry testId="4d8b5dd7-4688-1816-e47d-ad6fd195ec4e" executionId="afd8653f-fa71-42dc-b414-e134f5c3f58a" testListId="8c84fa94-04c1-424b-9868-57a2d4851a1d" />
    <TestEntry testId="4f829e57-a80c-0c52-ef6a-ac2b2970962a" executionId="f849188d-c865-43c9-9e50-ecc23307d210" testListId="8c84fa94-04c1-424b-9868-57a2d4851a1d" />
    <TestEntry testId="54e0d563-4b58-59ab-2558-9128b3f4fd71" executionId="cd539aa8-7517-4a86-a2a8-d198bdf646e2" testListId="8c84fa94-04c1-424b-9868-57a2d4851a1d" />
    <TestEntry testId="56505b5f-896b-db28-949a-5aa770ed8421" executionId="8fb56354-fa1b-4c66-a241-269e0fe6ea05" testListId="8c84fa94-04c1-424b-9868-57a2d4851a1d" />
    <TestEntry testId="5d503c0c-7266-8659-b0ed-861d6daeccee" executionId="40e2271b-2e1c-46c8-9309-3bb273e04099" testListId="8c84fa94-04c1-424b-9868-57a2d4851a1d" />
    <TestEntry testId="5fe0a59d-da3d-e0ca-00f1-7f42f1b72b3d" executionId="b6f01cee-a0cb-4612-85b6-e0f56f81803b" testListId="8c84fa94-04c1-424b-9868-57a2d4851a1d" />
    <TestEntry testId="683e0237-e5b0-0223-1118-f244e8194560" executionId="8363f5aa-4582-4c19-aa60-c0aa279379f5" testListId="8c84fa94-04c1-424b-9868-57a2d4851a1d" />
    <TestEntry testId="68950f02-799c-19bb-d52b-48644e06a664" executionId="783f9d43-2d9e-4545-bf05-96d67657706b" testListId="8c84fa94-04c1-424b-9868-57a2d4851a1d" />
    <TestEntry testId="72ceeb0e-5479-6d87-2787-3c73c6c27f29" executionId="08dab43b-ad65-489c-969b-d4eb9f79d3f3" testListId="8c84fa94-04c1-424b-9868-57a2d4851a1d" />
    <TestEntry testId="7479ab4c-891f-dbdf-678d-ccd82bebebe3" executionId="5a174843-54cd-4f75-857f-727163454f04" testListId="8c84fa94-04c1-424b-9868-57a2d4851a1d" />
    <TestEntry testId="7555e677-3d08-3203-4fc4-aedde845d142" executionId="2c0c897c-75cd-4f91-92d5-df5f2b933ec5" testListId="8c84fa94-04c1-424b-9868-57a2d4851a1d" />
    <TestEntry testId="76a7db94-41af-ea30-909c-7078774eed0f" executionId="afd80ccb-4610-4226-a557-4a835d167de4" testListId="8c84fa94-04c1-424b-9868-57a2d4851a1d" />
    <TestEntry testId="771f593f-e636-6035-a459-8163b178bcfa" executionId="18d89eca-08e6-4694-9685-cf6d2b365a17" testListId="8c84fa94-04c1-424b-9868-57a2d4851a1d" />
    <TestEntry testId="775e9713-555d-26ea-3c4c-9356f89ecbff" executionId="9d3b5289-634b-45a9-aa6f-b793461e7158" testListId="8c84fa94-04c1-424b-9868-57a2d4851a1d" />
    <TestEntry testId="7809094d-33f4-45e7-b7ae-cef1ad197ec5" executionId="473f701f-9654-4427-8dbe-e1cc7ea242c6" testListId="8c84fa94-04c1-424b-9868-57a2d4851a1d" />
    <TestEntry testId="7848218c-cbe2-f7c9-e490-57f84cc76553" executionId="c7742344-80d0-4642-b404-de5d7b95b55d" testListId="8c84fa94-04c1-424b-9868-57a2d4851a1d" />
    <TestEntry testId="78a71774-651c-96d6-be6a-025b4bda2a54" executionId="ad71d715-3950-49a8-9225-2004f8876320" testListId="8c84fa94-04c1-424b-9868-57a2d4851a1d" />
    <TestEntry testId="792cef7e-de8b-0ac6-a844-fe24d4cd88a7" executionId="06fc7f8f-a6bd-4e4f-852f-1ebbd899c74a" testListId="8c84fa94-04c1-424b-9868-57a2d4851a1d" />
    <TestEntry testId="7c415434-23ca-ed13-9a02-5340bf33bd80" executionId="1b9b6cb9-3d7f-49e2-9cf0-f315e657c565" testListId="8c84fa94-04c1-424b-9868-57a2d4851a1d" />
    <TestEntry testId="7dd4e77c-7264-6ef4-1008-777f833c6760" executionId="87ee4f9b-e3ed-4f11-a2c3-d0fc4a232f46" testListId="8c84fa94-04c1-424b-9868-57a2d4851a1d" />
    <TestEntry testId="84139ec4-03ef-0b1f-410c-ed34ad1e61a7" executionId="1f2e230e-b857-4204-b073-49f2c71500f3" testListId="8c84fa94-04c1-424b-9868-57a2d4851a1d" />
    <TestEntry testId="84e4f622-355d-ee3c-23e7-608d06a3c246" executionId="54bb6a83-a872-423d-9e37-47655f54c4a3" testListId="8c84fa94-04c1-424b-9868-57a2d4851a1d" />
    <TestEntry testId="85d0cd34-7421-35fb-9a2f-0d638c92b910" executionId="5a4781b8-da1f-4139-8d2f-fce9d8975a88" testListId="8c84fa94-04c1-424b-9868-57a2d4851a1d" />
    <TestEntry testId="85f88623-3199-74f9-cdd3-bcde89590e03" executionId="25e2bd76-2740-4272-9426-576cf514db6c" testListId="8c84fa94-04c1-424b-9868-57a2d4851a1d" />
    <TestEntry testId="900964b5-5126-fe10-7e47-a66de81922b0" executionId="51764da9-2ab8-4a9c-9b90-babba2e7541a" testListId="8c84fa94-04c1-424b-9868-57a2d4851a1d" />
    <TestEntry testId="91413c2e-76dd-9dca-f643-52fa9133df7b" executionId="499c3edc-22eb-4878-9dfa-ca02de8592ce" testListId="8c84fa94-04c1-424b-9868-57a2d4851a1d" />
    <TestEntry testId="923feb72-64b3-b25f-cfd9-a157f2316282" executionId="71c33d81-93db-4ba9-a3ee-9b6bb3b67d3d" testListId="8c84fa94-04c1-424b-9868-57a2d4851a1d" />
    <TestEntry testId="9502bb5b-ac42-ce13-e196-bdc7740dd911" executionId="80cd373f-5e57-480a-99d4-bdaff35d7a26" testListId="8c84fa94-04c1-424b-9868-57a2d4851a1d" />
    <TestEntry testId="95b1d02b-3a70-33f2-e532-2b051409b15f" executionId="836c6e3c-5f6a-463d-a2df-cc37c01d0e00" testListId="8c84fa94-04c1-424b-9868-57a2d4851a1d" />
    <TestEntry testId="95da3b3e-1afb-b3e8-3ced-ecac6a3a7c40" executionId="cb0aaa87-a45d-4176-9fc2-c3e709b92105" testListId="8c84fa94-04c1-424b-9868-57a2d4851a1d" />
    <TestEntry testId="a063285f-c489-ed45-797e-2019ddcb8a20" executionId="16c332b8-f95f-4d61-98bc-6ddcfed475e7" testListId="8c84fa94-04c1-424b-9868-57a2d4851a1d" />
    <TestEntry testId="a2ba19cc-746d-98aa-01d0-da7b8bdf4e34" executionId="61da3de2-97d2-43ea-9f65-cbd1827d326e" testListId="8c84fa94-04c1-424b-9868-57a2d4851a1d" />
    <TestEntry testId="a6e0494a-afbf-0dce-9210-b1e4a0b203bc" executionId="fa3a27b1-c01d-44c7-a7ad-da368a6f41c3" testListId="8c84fa94-04c1-424b-9868-57a2d4851a1d" />
    <TestEntry testId="aa9735b5-5de5-84c4-b017-9ed9c7498bac" executionId="041678b6-97b2-4d19-a862-cceb1d661f3e" testListId="8c84fa94-04c1-424b-9868-57a2d4851a1d" />
    <TestEntry testId="aaea9d70-ac57-264e-6348-a6ea175ead6a" executionId="d861b999-7942-49f4-8af4-6ed6a280dac5" testListId="8c84fa94-04c1-424b-9868-57a2d4851a1d" />
    <TestEntry testId="af1a6744-fc2a-446a-cc4f-d7ee47c730a8" executionId="0a7aa09a-b3c1-4434-a5f6-4b16e351f48d" testListId="8c84fa94-04c1-424b-9868-57a2d4851a1d" />
    <TestEntry testId="b599232e-57ed-461d-b77e-9cfcbd2a22cc" executionId="3dfbb9eb-c1df-43d1-a212-db779523ea72" testListId="8c84fa94-04c1-424b-9868-57a2d4851a1d" />
    <TestEntry testId="bd8cfc2d-5617-2a00-703d-e682f7ec86d2" executionId="2f264f52-aa2d-4c2a-8d9d-7139bdf6603c" testListId="8c84fa94-04c1-424b-9868-57a2d4851a1d" />
    <TestEntry testId="c24b1469-3b97-216d-b967-e4488a8b46ef" executionId="3b071169-f9c3-4448-bc82-9a41277e816f" testListId="8c84fa94-04c1-424b-9868-57a2d4851a1d" />
    <TestEntry testId="c4772790-9b1d-76bb-87f9-c71a5631d61b" executionId="4bee1654-2aad-4180-9444-9f22ad484739" testListId="8c84fa94-04c1-424b-9868-57a2d4851a1d" />
    <TestEntry testId="c69b6a69-0b1c-d404-8598-e80508544538" executionId="56c1abfa-b455-4624-a247-322a1b21686e" testListId="8c84fa94-04c1-424b-9868-57a2d4851a1d" />
    <TestEntry testId="c93155ce-b454-6847-1825-0b7654684196" executionId="2d2683bb-20ab-4380-aba5-9bf7a334b04c" testListId="8c84fa94-04c1-424b-9868-57a2d4851a1d" />
    <TestEntry testId="cc5a4d81-5b88-cb72-b348-ff170721a464" executionId="acc330a8-9692-46e4-ae9f-490e967d40de" testListId="8c84fa94-04c1-424b-9868-57a2d4851a1d" />
    <TestEntry testId="ce28e66d-087b-d3bb-3bbf-02f2e9697e01" executionId="ef6f511a-3e59-4859-8ddb-4d573c7b3bd6" testListId="8c84fa94-04c1-424b-9868-57a2d4851a1d" />
    <TestEntry testId="d0796adc-1f3d-e54b-00d9-3e28576ca374" executionId="ac2916dc-c656-4ac9-8f88-fcd277505455" testListId="8c84fa94-04c1-424b-9868-57a2d4851a1d" />
    <TestEntry testId="d1ed5f65-7462-12a5-4bb7-93f22baf2269" executionId="09538556-a5ad-4456-9d45-2e939c29af84" testListId="8c84fa94-04c1-424b-9868-57a2d4851a1d" />
    <TestEntry testId="d7159a92-42fd-4c2b-f559-0922e5e37f70" executionId="c276d968-ff29-433b-b85d-ef4447c6f34c" testListId="8c84fa94-04c1-424b-9868-57a2d4851a1d" />
    <TestEntry testId="d8005908-df2d-b767-edea-58162a597d4b" executionId="f4b094e0-ea23-4555-8476-6c7b0c6fa45d" testListId="8c84fa94-04c1-424b-9868-57a2d4851a1d" />
    <TestEntry testId="d87e0449-50bc-995d-228d-5655f4910329" executionId="da2adc11-6860-4a58-89b9-81f9079ce27d" testListId="8c84fa94-04c1-424b-9868-57a2d4851a1d" />
    <TestEntry testId="dd120e22-c30c-9c60-6bde-948198bc12d2" executionId="0197ef2c-bc17-4fde-8217-b7375571bc8b" testListId="8c84fa94-04c1-424b-9868-57a2d4851a1d" />
    <TestEntry testId="ef2d5f30-3116-9896-2df2-b1db68ca23fd" executionId="c8df27a5-a206-4380-b693-567751e0a919" testListId="8c84fa94-04c1-424b-9868-57a2d4851a1d" />
    <TestEntry testId="f590dcde-57c2-4844-9cad-2fe602dec5de" executionId="f8e41d69-e8c9-4b99-8499-c7ccadae61fc" testListId="8c84fa94-04c1-424b-9868-57a2d4851a1d" />
    <TestEntry testId="f81d4c44-cecd-3dbc-335f-ac5e410e2b56" executionId="70e27fcd-59a8-4939-8312-85f8e2469c96" testListId="8c84fa94-04c1-424b-9868-57a2d4851a1d" />
    <TestEntry testId="f9033c08-15a9-3fec-28cc-b9ff56a44b9f" executionId="39bdef4b-3d3d-4bba-9f7e-9417bd5623e0" testListId="8c84fa94-04c1-424b-9868-57a2d4851a1d" />
    <TestEntry testId="fd28dab3-a157-b4ce-14df-3c2efa2d911c" executionId="9ff6f44f-8e00-403a-a67c-b6bcb27125a6" testListId="8c84fa94-04c1-424b-9868-57a2d4851a1d" />
    <TestEntry testId="ff4ad6f6-4cbb-7229-fbd4-444874289508" executionId="3c165466-fd1d-4be5-a0e3-a15f22e46353" testListId="8c84fa94-04c1-424b-9868-57a2d4851a1d" />
  </TestEntries>
  <Results>
    <UnitTestResult executionId="8eddd94c-01bb-47ed-9243-324df862bbf9" testId="0000dae2-53ff-de3d-331e-6de1dcaba026" testName="EqualsTest" computerName="LIL-MONEY-PIT" duration="00:00:00.0629742" startTime="2012-02-01T23:57:52.2714766-05:00" endTime="2012-02-01T23:57:52.6458772-05:00" testType="13cdc9d9-ddb5-4fa4-a97d-d965ccfc6d4b" outcome="Failed" testListId="8c84fa94-04c1-424b-9868-57a2d4851a1d" relativeResultsDirectory="8eddd94c-01bb-47ed-9243-324df862bbf9">
      <Output>
        <ErrorInfo>
          <Message>Assert.AreEqual failed. Expected:&lt;False&gt;. Actual:&lt;True&gt;. </Message>
          <StackTrace>   at TestSuite.Runtime.NetworkSettingsTest.EqualsTest() in C:\Development Projects\ENN\TestSuite\Runtime\NetworkSettingsTest.cs:line 104
</StackTrace>
        </ErrorInfo>
      </Output>
    </UnitTestResult>
    <UnitTestResult executionId="29a8d797-4159-4f3d-8861-1badb509a139" testId="080bef21-2a80-05ec-e494-807b634f47a5" testName="MetaDataTest" computerName="LIL-MONEY-PIT" duration="00:00:00.0030207" startTime="2012-02-01T23:57:52.6458772-05:00" endTime="2012-02-01T23:57:52.6614772-05:00" testType="13cdc9d9-ddb5-4fa4-a97d-d965ccfc6d4b" outcome="Inconclusive" testListId="8c84fa94-04c1-424b-9868-57a2d4851a1d" relativeResultsDirectory="29a8d797-4159-4f3d-8861-1badb509a139">
      <Output>
        <ErrorInfo>
          <Message>Assert.Inconclusive failed. Verify the correctness of this test method.</Message>
          <StackTrace>   at TestSuite.Runtime.NetworkTopologyTest.MetaDataTest() in C:\Development Projects\ENN\TestSuite\Runtime\NetworkTopologyTest.cs:line 164
</StackTrace>
        </ErrorInfo>
      </Output>
    </UnitTestResult>
    <UnitTestResult executionId="a23dbb7f-f945-4dbe-93ec-83311937df46" testId="0b41708d-fc5e-726d-b78f-696de98b94a8" testName="TrainingAlgorithmTest" computerName="LIL-MONEY-PIT" duration="00:00:00.0011329" startTime="2012-02-01T23:57:52.6614772-05:00" endTime="2012-02-01T23:57:52.6770773-05:00" testType="13cdc9d9-ddb5-4fa4-a97d-d965ccfc6d4b" outcome="Inconclusive" testListId="8c84fa94-04c1-424b-9868-57a2d4851a1d" relativeResultsDirectory="a23dbb7f-f945-4dbe-93ec-83311937df46">
      <Output>
        <ErrorInfo>
          <Message>Assert.Inconclusive failed. Verify the correctness of this test method.</Message>
          <StackTrace>   at TestSuite.Runtime.NetworkTopologyTest.TrainingAlgorithmTest() in C:\Development Projects\ENN\TestSuite\Runtime\NetworkTopologyTest.cs:line 224
</StackTrace>
        </ErrorInfo>
      </Output>
    </UnitTestResult>
    <UnitTestResult executionId="20571a83-1c73-4391-908a-0a2f68dfe73f" testId="0c1a52db-085f-277b-a9a9-314b1fb28354" testName="BasicLayerConstructorTest" computerName="LIL-MONEY-PIT" duration="00:00:00.0012545" startTime="2012-02-01T23:57:52.6770773-05:00" endTime="2012-02-01T23:57:52.6770773-05:00" testType="13cdc9d9-ddb5-4fa4-a97d-d965ccfc6d4b" outcome="Inconclusive" testListId="8c84fa94-04c1-424b-9868-57a2d4851a1d" relativeResultsDirectory="20571a83-1c73-4391-908a-0a2f68dfe73f">
      <Output>
        <ErrorInfo>
          <Message>Assert.Inconclusive failed. TODO: Implement code to verify target</Message>
          <StackTrace>   at TestSuite.Runtime.BasicLayerTest.BasicLayerConstructorTest() in C:\Development Projects\ENN\TestSuite\Runtime\Layers\BasicLayerTest.cs:line 38
</StackTrace>
        </ErrorInfo>
      </Output>
    </UnitTestResult>
    <UnitTestResult executionId="9c2a4a17-3a2c-4005-98e4-2b9a903edd3e" testId="0e6d1b38-b06d-0bf7-032c-34acbd831cfe" testName="GeneralizedLogisticTest" computerName="LIL-MONEY-PIT" duration="00:00:00.0006205" startTime="2012-02-01T23:57:52.6770773-05:00" endTime="2012-02-01T23:57:52.6926773-05:00" testType="13cdc9d9-ddb5-4fa4-a97d-d965ccfc6d4b" outcome="Passed" testListId="8c84fa94-04c1-424b-9868-57a2d4851a1d" relativeResultsDirectory="9c2a4a17-3a2c-4005-98e4-2b9a903edd3e">
    </UnitTestResult>
    <UnitTestResult executionId="d633fd7b-c65c-4429-8cc0-499ee4833f5b" testId="1958bd71-ea15-edbf-d596-fbca70800bc2" testName="ComputeDecisionTest" computerName="LIL-MONEY-PIT" duration="00:00:00.0020106" startTime="2012-02-01T23:57:52.6926773-05:00" endTime="2012-02-01T23:57:52.6926773-05:00" testType="13cdc9d9-ddb5-4fa4-a97d-d965ccfc6d4b" outcome="Inconclusive" testListId="8c84fa94-04c1-424b-9868-57a2d4851a1d" relativeResultsDirectory="d633fd7b-c65c-4429-8cc0-499ee4833f5b">
      <Output>
        <ErrorInfo>
          <Message>Assert.Inconclusive failed. Verify the correctness of this test method.</Message>
          <StackTrace>   at TestSuite.Runtime.NeuralNetworkTest.ComputeDecisionTest() in C:\Development Projects\ENN\TestSuite\Runtime\NeuralNetworkTest.cs:line 52
</StackTrace>
        </ErrorInfo>
      </Output>
    </UnitTestResult>
    <UnitTestResult executionId="a0514c1f-b25e-40f4-bbe9-dd04a6d5d3cd" testId="2319df9d-0e3d-4e3b-170c-489339715346" testName="GetValueTest" computerName="LIL-MONEY-PIT" duration="00:00:00.0013292" startTime="2012-02-01T23:57:52.6926773-05:00" endTime="2012-02-01T23:57:52.7082773-05:00" testType="13cdc9d9-ddb5-4fa4-a97d-d965ccfc6d4b" outcome="Passed" testListId="8c84fa94-04c1-424b-9868-57a2d4851a1d" relativeResultsDirectory="a0514c1f-b25e-40f4-bbe9-dd04a6d5d3cd">
    </UnitTestResult>
    <UnitTestResult executionId="008ef29a-879b-429e-a1c9-3dc8909c0b07" testId="251000d6-201c-3225-045e-6c6286bebe71" testName="LoadText" computerName="LIL-MONEY-PIT" duration="00:00:00.0065554" startTime="2012-02-01T23:57:52.7082773-05:00" endTime="2012-02-01T23:57:52.7238774-05:00" testType="13cdc9d9-ddb5-4fa4-a97d-d965ccfc6d4b" outcome="Passed" testListId="8c84fa94-04c1-424b-9868-57a2d4851a1d" relativeResultsDirectory="008ef29a-879b-429e-a1c9-3dc8909c0b07">
    </UnitTestResult>
    <UnitTestResult executionId="ae005ce6-13a6-439c-a3ec-d6a8c129604e" testId="26cf318a-7fd7-86c5-b025-e6f47e9d78ca" testName="SaveLoadBinary" computerName="LIL-MONEY-PIT" duration="00:00:00.0089190" startTime="2012-02-01T23:57:52.7238774-05:00" endTime="2012-02-01T23:57:52.7238774-05:00" testType="13cdc9d9-ddb5-4fa4-a97d-d965ccfc6d4b" outcome="Passed" testListId="8c84fa94-04c1-424b-9868-57a2d4851a1d" relativeResultsDirectory="ae005ce6-13a6-439c-a3ec-d6a8c129604e">
    </UnitTestResult>
    <UnitTestResult executionId="cf2fc055-7de2-44c9-9847-e05c3b166121" testId="275636fa-5ea8-920b-4e28-794394fb2307" testName="UserBinaryClassNameTest" computerName="LIL-MONEY-PIT" duration="00:00:00.0013912" startTime="2012-02-01T23:57:52.7394774-05:00" endTime="2012-02-01T23:57:52.7394774-05:00" testType="13cdc9d9-ddb5-4fa4-a97d-d965ccfc6d4b" outcome="Inconclusive" testListId="8c84fa94-04c1-424b-9868-57a2d4851a1d" relativeResultsDirectory="cf2fc055-7de2-44c9-9847-e05c3b166121">
      <Output>
        <ErrorInfo>
          <Message>Assert.Inconclusive failed. Verify the correctness of this test method.</Message>
          <StackTrace>   at TestSuite.Runtime.NetworkSettingsTest.UserBinaryClassNameTest() in C:\Development Projects\ENN\TestSuite\Runtime\NetworkSettingsTest.cs:line 329
</StackTrace>
        </ErrorInfo>
      </Output>
    </UnitTestResult>
    <UnitTestResult executionId="127d7b55-08dc-4136-8a83-4ab9ad0c4390" testId="29cd3a7d-8726-bcc6-427c-eff3558f99b6" testName="OutputLayerTest" computerName="LIL-MONEY-PIT" duration="00:00:00.0014790" startTime="2012-02-01T23:57:52.7394774-05:00" endTime="2012-02-01T23:57:52.7394774-05:00" testType="13cdc9d9-ddb5-4fa4-a97d-d965ccfc6d4b" outcome="Inconclusive" testListId="8c84fa94-04c1-424b-9868-57a2d4851a1d" relativeResultsDirectory="127d7b55-08dc-4136-8a83-4ab9ad0c4390">
      <Output>
        <ErrorInfo>
          <Message>Assert.Inconclusive failed. Verify the correctness of this test method.</Message>
          <StackTrace>   at TestSuite.Runtime.NetworkTopologyTest.OutputLayerTest() in C:\Development Projects\ENN\TestSuite\Runtime\NetworkTopologyTest.cs:line 179
</StackTrace>
        </ErrorInfo>
      </Output>
    </UnitTestResult>
    <UnitTestResult executionId="688ada4c-0840-486d-ae46-e32f09d1fee4" testId="2f1cfca7-beb4-6173-bd0c-3759f35ba3e1" testName="TrainingIterationsTest" computerName="LIL-MONEY-PIT" duration="00:00:00.0019990" startTime="2012-02-01T23:57:52.7550774-05:00" endTime="2012-02-01T23:57:52.7550774-05:00" testType="13cdc9d9-ddb5-4fa4-a97d-d965ccfc6d4b" outcome="Inconclusive" testListId="8c84fa94-04c1-424b-9868-57a2d4851a1d" relativeResultsDirectory="688ada4c-0840-486d-ae46-e32f09d1fee4">
      <Output>
        <ErrorInfo>
          <Message>Assert.Inconclusive failed. Verify the correctness of this test method.</Message>
          <StackTrace>   at TestSuite.Runtime.NetworkSettingsTest.TrainingIterationsTest() in C:\Development Projects\ENN\TestSuite\Runtime\NetworkSettingsTest.cs:line 299
</StackTrace>
        </ErrorInfo>
      </Output>
    </UnitTestResult>
    <UnitTestResult executionId="d24d6901-66f2-44da-80cb-c9c5022cd3fb" testId="3634ce8f-2892-842d-fe66-673421e34418" testName="NetworkSettingsConstructorTest" computerName="LIL-MONEY-PIT" duration="00:00:00.0008230" startTime="2012-02-01T23:57:52.7550774-05:00" endTime="2012-02-01T23:57:52.7706774-05:00" testType="13cdc9d9-ddb5-4fa4-a97d-d965ccfc6d4b" outcome="Inconclusive" testListId="8c84fa94-04c1-424b-9868-57a2d4851a1d" relativeResultsDirectory="d24d6901-66f2-44da-80cb-c9c5022cd3fb">
      <Output>
        <ErrorInfo>
          <Message>Assert.Inconclusive failed. TODO: Implement code to verify target</Message>
          <StackTrace>   at TestSuite.Runtime.NetworkSettingsTest.NetworkSettingsConstructorTest() in C:\Development Projects\ENN\TestSuite\Runtime\NetworkSettingsTest.cs:line 90
</StackTrace>
        </ErrorInfo>
      </Output>
    </UnitTestResult>
    <UnitTestResult executionId="32a3dadc-b080-47e4-a5bc-705cbf576434" testId="3ef70ada-6b64-eb3b-1057-e180d63146a1" testName="TrainingAccuracyTest" computerName="LIL-MONEY-PIT" duration="00:00:00.0011741" startTime="2012-02-01T23:57:52.7706774-05:00" endTime="2012-02-01T23:57:52.7706774-05:00" testType="13cdc9d9-ddb5-4fa4-a97d-d965ccfc6d4b" outcome="Inconclusive" testListId="8c84fa94-04c1-424b-9868-57a2d4851a1d" relativeResultsDirectory="32a3dadc-b080-47e4-a5bc-705cbf576434">
      <Output>
        <ErrorInfo>
          <Message>Assert.Inconclusive failed. Verify the correctness of this test method.</Message>
          <StackTrace>   at TestSuite.Runtime.NetworkSettingsTest.TrainingAccuracyTest() in C:\Development Projects\ENN\TestSuite\Runtime\NetworkSettingsTest.cs:line 284
</StackTrace>
        </ErrorInfo>
      </Output>
    </UnitTestResult>
    <UnitTestResult executionId="e25dafb8-8582-4147-878b-4d4d2b2993e3" testId="40be84fa-951f-6830-42a8-12121ee37cc5" testName="DefaultNodeTest" computerName="LIL-MONEY-PIT" duration="00:00:00.0011914" startTime="2012-02-01T23:57:52.7706774-05:00" endTime="2012-02-01T23:57:52.7862775-05:00" testType="13cdc9d9-ddb5-4fa4-a97d-d965ccfc6d4b" outcome="Inconclusive" testListId="8c84fa94-04c1-424b-9868-57a2d4851a1d" relativeResultsDirectory="e25dafb8-8582-4147-878b-4d4d2b2993e3">
      <Output>
        <ErrorInfo>
          <Message>Assert.Inconclusive failed. Verify the correctness of this test method.</Message>
          <StackTrace>   at TestSuite.Runtime.NetworkSettingsTest.DefaultNodeTest() in C:\Development Projects\ENN\TestSuite\Runtime\NetworkSettingsTest.cs:line 179
</StackTrace>
        </ErrorInfo>
      </Output>
    </UnitTestResult>
    <UnitTestResult executionId="64389e99-848c-4a2f-8e8a-59550c90f5ea" testId="41b0ef15-8e2f-221c-77d5-0241502379e1" testName="EqualsTest" computerName="LIL-MONEY-PIT" duration="00:00:00.0019829" startTime="2012-02-01T23:57:52.7862775-05:00" endTime="2012-02-01T23:57:52.7862775-05:00" testType="13cdc9d9-ddb5-4fa4-a97d-d965ccfc6d4b" outcome="Inconclusive" testListId="8c84fa94-04c1-424b-9868-57a2d4851a1d" relativeResultsDirectory="64389e99-848c-4a2f-8e8a-59550c90f5ea">
      <Output>
        <ErrorInfo>
          <Message>Assert.Inconclusive failed. Verify the correctness of this test method.</Message>
          <StackTrace>   at TestSuite.Runtime.NetworkTopologyTest.EqualsTest() in C:\Development Projects\ENN\TestSuite\Runtime\NetworkTopologyTest.cs:line 105
</StackTrace>
        </ErrorInfo>
      </Output>
    </UnitTestResult>
    <UnitTestResult executionId="2b67d08c-92ea-4985-a849-0ae82f3268c9" testId="46047d4e-5418-9626-87a1-cf752827a4f1" testName="GetValuesTest" computerName="LIL-MONEY-PIT" duration="00:00:00.0072949" startTime="2012-02-01T23:57:52.7862775-05:00" endTime="2012-02-01T23:57:52.8018775-05:00" testType="13cdc9d9-ddb5-4fa4-a97d-d965ccfc6d4b" outcome="Failed" testListId="8c84fa94-04c1-424b-9868-57a2d4851a1d" relativeResultsDirectory="2b67d08c-92ea-4985-a849-0ae82f3268c9">
      <Output>
        <ErrorInfo>
          <Message>Test method TestSuite.Runtime.BasicLayerTest.GetValuesTest threw exception: 
System.NullReferenceException: Object reference not set to an instance of an object.</Message>
          <StackTrace>    at ENN.Framework.BasicLayer.GetValues(Single[] values) in C:\Development Projects\ENN\ENN.Framework\Layers\BasicLayer.cs:line 46
   at TestSuite.Runtime.BasicLayerTest.GetValuesTest() in C:\Development Projects\ENN\TestSuite\Runtime\Layers\BasicLayerTest.cs:line 68
</StackTrace>
        </ErrorInfo>
      </Output>
    </UnitTestResult>
    <UnitTestResult executionId="31f3ac7a-c430-485c-8c36-b4a1ac8b8bce" testId="47d5b5b6-ced4-9fb4-2600-7d662198365a" testName="UserBinaryLocationTest" computerName="LIL-MONEY-PIT" duration="00:00:00.0009011" startTime="2012-02-01T23:57:52.8018775-05:00" endTime="2012-02-01T23:57:52.8018775-05:00" testType="13cdc9d9-ddb5-4fa4-a97d-d965ccfc6d4b" outcome="Inconclusive" testListId="8c84fa94-04c1-424b-9868-57a2d4851a1d" relativeResultsDirectory="31f3ac7a-c430-485c-8c36-b4a1ac8b8bce">
      <Output>
        <ErrorInfo>
          <Message>Assert.Inconclusive failed. Verify the correctness of this test method.</Message>
          <StackTrace>   at TestSuite.Runtime.NetworkSettingsTest.UserBinaryLocationTest() in C:\Development Projects\ENN\TestSuite\Runtime\NetworkSettingsTest.cs:line 344
</StackTrace>
        </ErrorInfo>
      </Output>
    </UnitTestResult>
    <UnitTestResult executionId="afd8653f-fa71-42dc-b414-e134f5c3f58a" testId="4d8b5dd7-4688-1816-e47d-ad6fd195ec4e" testName="getCombinationFunctionTest" computerName="LIL-MONEY-PIT" duration="00:00:00.0037945" startTime="2012-02-01T23:57:52.8018775-05:00" endTime="2012-02-01T23:57:52.8174775-05:00" testType="13cdc9d9-ddb5-4fa4-a97d-d965ccfc6d4b" outcome="Failed" testListId="8c84fa94-04c1-424b-9868-57a2d4851a1d" relativeResultsDirectory="afd8653f-fa71-42dc-b414-e134f5c3f58a">
      <Output>
        <ErrorInfo>
          <Message>Assert.AreEqual failed. Expected:&lt;(null)&gt;. Actual:&lt;ENN.Framework.CombinationFunction&gt;. </Message>
          <StackTrace>   at TestSuite.Runtime.StandLibFactoryTest.getCombinationFunctionTest() in C:\Development Projects\ENN\TestSuite\Runtime\StandLibFactoryTest.cs:line 152
</StackTrace>
        </ErrorInfo>
      </Output>
    </UnitTestResult>
    <UnitTestResult executionId="f849188d-c865-43c9-9e50-ecc23307d210" testId="4f829e57-a80c-0c52-ef6a-ac2b2970962a" testName="SetSettingsTest" computerName="LIL-MONEY-PIT" duration="00:00:00.0036062" startTime="2012-02-01T23:57:52.8174775-05:00" endTime="2012-02-01T23:57:52.8330775-05:00" testType="13cdc9d9-ddb5-4fa4-a97d-d965ccfc6d4b" outcome="Failed" testListId="8c84fa94-04c1-424b-9868-57a2d4851a1d" relativeResultsDirectory="f849188d-c865-43c9-9e50-ecc23307d210">
      <Output>
        <ErrorInfo>
          <Message>Test method TestSuite.Runtime.HillClimbAlgoTest.SetSettingsTest threw exception: 
System.NullReferenceException: Object reference not set to an instance of an object.</Message>
          <StackTrace>    at ENN.Framework.HillClimbAlgo.SetSettings(NetworkSettings settings) in C:\Development Projects\ENN\ENN.Framework\HillClimbAlgo.cs:line 55
   at TestSuite.Runtime.HillClimbAlgoTest.SetSettingsTest() in C:\Development Projects\ENN\TestSuite\Runtime\HillClimbAlgoTest.cs:line 115
</StackTrace>
        </ErrorInfo>
      </Output>
    </UnitTestResult>
    <UnitTestResult executionId="cd539aa8-7517-4a86-a2a8-d198bdf646e2" testId="54e0d563-4b58-59ab-2558-9128b3f4fd71" testName="GetValuesTest" computerName="LIL-MONEY-PIT" duration="00:00:00.0010971" startTime="2012-02-01T23:57:52.8330775-05:00" endTime="2012-02-01T23:57:52.8330775-05:00" testType="13cdc9d9-ddb5-4fa4-a97d-d965ccfc6d4b" outcome="Passed" testListId="8c84fa94-04c1-424b-9868-57a2d4851a1d" relativeResultsDirectory="cd539aa8-7517-4a86-a2a8-d198bdf646e2">
    </UnitTestResult>
    <UnitTestResult executionId="8fb56354-fa1b-4c66-a241-269e0fe6ea05" testId="56505b5f-896b-db28-949a-5aa770ed8421" testName="WeightsTest" computerName="LIL-MONEY-PIT" duration="00:00:00.0008688" startTime="2012-02-01T23:57:52.8330775-05:00" endTime="2012-02-01T23:57:52.8486776-05:00" testType="13cdc9d9-ddb5-4fa4-a97d-d965ccfc6d4b" outcome="Passed" testListId="8c84fa94-04c1-424b-9868-57a2d4851a1d" relativeResultsDirectory="8fb56354-fa1b-4c66-a241-269e0fe6ea05">
    </UnitTestResult>
    <UnitTestResult executionId="40e2271b-2e1c-46c8-9309-3bb273e04099" testId="5d503c0c-7266-8659-b0ed-861d6daeccee" testName="ToStringTest" computerName="LIL-MONEY-PIT" duration="00:00:00.0046548" startTime="2012-02-01T23:57:52.8486776-05:00" endTime="2012-02-01T23:57:52.8486776-05:00" testType="13cdc9d9-ddb5-4fa4-a97d-d965ccfc6d4b" outcome="Failed" testListId="8c84fa94-04c1-424b-9868-57a2d4851a1d" relativeResultsDirectory="40e2271b-2e1c-46c8-9309-3bb273e04099">
      <Output>
        <ErrorInfo>
          <Message>Assert.AreEqual failed. Expected:&lt;&gt;. Actual:&lt;Mode: Computational
Network Type: Evolving
User Binary Location: UserBin\
User Binary Name: N\A
Use User Binary: False
Default Input Layer: BasicInputLayer
Default Node: BasicNode
Default Node Layer: BasicNodeLayer
Default OutputLayer: BasicOutputLayer
Timing Enabled: False
Training Iterations: 10000
Training Accuracy: 0.9
Training Point: 0
&gt;. </Message>
          <StackTrace>   at TestSuite.Runtime.NetworkSettingsTest.ToStringTest() in C:\Development Projects\ENN\TestSuite\Runtime\NetworkSettingsTest.cs:line 118
</StackTrace>
        </ErrorInfo>
      </Output>
    </UnitTestResult>
    <UnitTestResult executionId="b6f01cee-a0cb-4612-85b6-e0f56f81803b" testId="5fe0a59d-da3d-e0ca-00f1-7f42f1b72b3d" testName="SaveTextTest" computerName="LIL-MONEY-PIT" duration="00:00:00.0445402" startTime="2012-02-01T23:57:52.8486776-05:00" endTime="2012-02-01T23:57:52.9110777-05:00" testType="13cdc9d9-ddb5-4fa4-a97d-d965ccfc6d4b" outcome="Passed" testListId="8c84fa94-04c1-424b-9868-57a2d4851a1d" relativeResultsDirectory="b6f01cee-a0cb-4612-85b6-e0f56f81803b">
    </UnitTestResult>
    <UnitTestResult executionId="8363f5aa-4582-4c19-aa60-c0aa279379f5" testId="683e0237-e5b0-0223-1118-f244e8194560" testName="PostProcessorTest" computerName="LIL-MONEY-PIT" duration="00:00:00.0011167" startTime="2012-02-01T23:57:52.9110777-05:00" endTime="2012-02-01T23:57:52.9110777-05:00" testType="13cdc9d9-ddb5-4fa4-a97d-d965ccfc6d4b" outcome="Inconclusive" testListId="8c84fa94-04c1-424b-9868-57a2d4851a1d" relativeResultsDirectory="8363f5aa-4582-4c19-aa60-c0aa279379f5">
      <Output>
        <ErrorInfo>
          <Message>Assert.Inconclusive failed. Verify the correctness of this test method.</Message>
          <StackTrace>   at TestSuite.Runtime.NetworkTopologyTest.PostProcessorTest() in C:\Development Projects\ENN\TestSuite\Runtime\NetworkTopologyTest.cs:line 194
</StackTrace>
        </ErrorInfo>
      </Output>
    </UnitTestResult>
    <UnitTestResult executionId="783f9d43-2d9e-4545-bf05-96d67657706b" testId="68950f02-799c-19bb-d52b-48644e06a664" testName="getActivationFunctionTest" computerName="LIL-MONEY-PIT" duration="00:00:00.0020314" startTime="2012-02-01T23:57:52.9110777-05:00" endTime="2012-02-01T23:57:52.9266777-05:00" testType="13cdc9d9-ddb5-4fa4-a97d-d965ccfc6d4b" outcome="Failed" testListId="8c84fa94-04c1-424b-9868-57a2d4851a1d" relativeResultsDirectory="783f9d43-2d9e-4545-bf05-96d67657706b">
      <Output>
        <ErrorInfo>
          <Message>Assert.AreEqual failed. Expected:&lt;(null)&gt;. Actual:&lt;ENN.Framework.ActivationFunction&gt;. </Message>
          <StackTrace>   at TestSuite.Runtime.StandLibFactoryTest.getActivationFunctionTest() in C:\Development Projects\ENN\TestSuite\Runtime\StandLibFactoryTest.cs:line 138
</StackTrace>
        </ErrorInfo>
      </Output>
    </UnitTestResult>
    <UnitTestResult executionId="08dab43b-ad65-489c-969b-d4eb9f79d3f3" testId="72ceeb0e-5479-6d87-2787-3c73c6c27f29" testName="ParseListTest" computerName="LIL-MONEY-PIT" duration="00:00:00.0018489" startTime="2012-02-01T23:57:52.9266777-05:00" endTime="2012-02-01T23:57:52.9266777-05:00" testType="13cdc9d9-ddb5-4fa4-a97d-d965ccfc6d4b" outcome="Failed" testListId="8c84fa94-04c1-424b-9868-57a2d4851a1d" relativeResultsDirectory="08dab43b-ad65-489c-969b-d4eb9f79d3f3">
      <Output>
        <ErrorInfo>
          <Message>Assert.AreEqual failed. Expected:&lt;(null)&gt;. Actual:&lt;System.String[]&gt;. </Message>
          <StackTrace>   at TestSuite.Runtime.StandLibFactoryTest.ParseListTest() in C:\Development Projects\ENN\TestSuite\Runtime\StandLibFactoryTest.cs:line 124
</StackTrace>
        </ErrorInfo>
      </Output>
    </UnitTestResult>
    <UnitTestResult executionId="5a174843-54cd-4f75-857f-727163454f04" testId="7479ab4c-891f-dbdf-678d-ccd82bebebe3" testName="StandLibFactoryConstructorTest" computerName="LIL-MONEY-PIT" duration="00:00:00.0009054" startTime="2012-02-01T23:57:52.9266777-05:00" endTime="2012-02-01T23:57:52.9422777-05:00" testType="13cdc9d9-ddb5-4fa4-a97d-d965ccfc6d4b" outcome="Inconclusive" testListId="8c84fa94-04c1-424b-9868-57a2d4851a1d" relativeResultsDirectory="5a174843-54cd-4f75-857f-727163454f04">
      <Output>
        <ErrorInfo>
          <Message>Assert.Inconclusive failed. TODO: Implement code to verify target</Message>
          <StackTrace>   at TestSuite.Runtime.StandLibFactoryTest.StandLibFactoryConstructorTest() in C:\Development Projects\ENN\TestSuite\Runtime\StandLibFactoryTest.cs:line 89
</StackTrace>
        </ErrorInfo>
      </Output>
    </UnitTestResult>
    <UnitTestResult executionId="2c0c897c-75cd-4f91-92d5-df5f2b933ec5" testId="7555e677-3d08-3203-4fc4-aedde845d142" testName="GetValueTest" computerName="LIL-MONEY-PIT" duration="00:00:00.0034676" startTime="2012-02-01T23:57:52.9422777-05:00" endTime="2012-02-01T23:57:52.9422777-05:00" testType="13cdc9d9-ddb5-4fa4-a97d-d965ccfc6d4b" outcome="Failed" testListId="8c84fa94-04c1-424b-9868-57a2d4851a1d" relativeResultsDirectory="2c0c897c-75cd-4f91-92d5-df5f2b933ec5">
      <Output>
        <ErrorInfo>
          <Message>Test method TestSuite.Runtime.CustomizableNodeTest.GetValueTest threw exception: 
System.NullReferenceException: Object reference not set to an instance of an object.</Message>
          <StackTrace>    at ENN.Framework.CombinationFunctions.sumation(Single[] nodeValues, Single[] constants) in C:\Development Projects\ENN\ENN.Framework\CombinationFunctions.cs:line 43
   at ENN.Framework.CustomizableNode.GetValue(Single[] nodeValues) in C:\Development Projects\ENN\ENN.Framework\Nodes\CustomizableNode.cs:line 52
   at TestSuite.Runtime.CustomizableNodeTest.GetValueTest() in C:\Development Projects\ENN\TestSuite\Runtime\Nodes\CustomizableNodeTest.cs:line 56
</StackTrace>
        </ErrorInfo>
      </Output>
    </UnitTestResult>
    <UnitTestResult executionId="afd80ccb-4610-4226-a557-4a835d167de4" testId="76a7db94-41af-ea30-909c-7078774eed0f" testName="EqualsTest" computerName="LIL-MONEY-PIT" duration="00:00:00.0014070" startTime="2012-02-01T23:57:52.9578778-05:00" endTime="2012-02-01T23:57:52.9578778-05:00" testType="13cdc9d9-ddb5-4fa4-a97d-d965ccfc6d4b" outcome="Inconclusive" testListId="8c84fa94-04c1-424b-9868-57a2d4851a1d" relativeResultsDirectory="afd80ccb-4610-4226-a557-4a835d167de4">
      <Output>
        <ErrorInfo>
          <Message>Assert.Inconclusive failed. Verify the correctness of this test method.</Message>
          <StackTrace>   at TestSuite.Runtime.HillClimbAlgoTest.EqualsTest() in C:\Development Projects\ENN\TestSuite\Runtime\HillClimbAlgoTest.cs:line 104
</StackTrace>
        </ErrorInfo>
      </Output>
    </UnitTestResult>
    <UnitTestResult executionId="18d89eca-08e6-4694-9685-cf6d2b365a17" testId="771f593f-e636-6035-a459-8163b178bcfa" testName="EqualsTest" computerName="LIL-MONEY-PIT" duration="00:00:00.0005489" startTime="2012-02-01T23:57:52.9578778-05:00" endTime="2012-02-01T23:57:52.9578778-05:00" testType="13cdc9d9-ddb5-4fa4-a97d-d965ccfc6d4b" outcome="Passed" testListId="8c84fa94-04c1-424b-9868-57a2d4851a1d" relativeResultsDirectory="18d89eca-08e6-4694-9685-cf6d2b365a17">
    </UnitTestResult>
    <UnitTestResult executionId="9d3b5289-634b-45a9-aa6f-b793461e7158" testId="775e9713-555d-26ea-3c4c-9356f89ecbff" testName="InputLayerTest" computerName="LIL-MONEY-PIT" duration="00:00:00.0009466" startTime="2012-02-01T23:57:52.9734778-05:00" endTime="2012-02-01T23:57:52.9734778-05:00" testType="13cdc9d9-ddb5-4fa4-a97d-d965ccfc6d4b" outcome="Inconclusive" testListId="8c84fa94-04c1-424b-9868-57a2d4851a1d" relativeResultsDirectory="9d3b5289-634b-45a9-aa6f-b793461e7158">
      <Output>
        <ErrorInfo>
          <Message>Assert.Inconclusive failed. Verify the correctness of this test method.</Message>
          <StackTrace>   at TestSuite.Runtime.NetworkTopologyTest.InputLayerTest() in C:\Development Projects\ENN\TestSuite\Runtime\NetworkTopologyTest.cs:line 149
</StackTrace>
        </ErrorInfo>
      </Output>
    </UnitTestResult>
    <UnitTestResult executionId="473f701f-9654-4427-8dbe-e1cc7ea242c6" testId="7809094d-33f4-45e7-b7ae-cef1ad197ec5" testName="SaveLoadBinaryTest" computerName="LIL-MONEY-PIT" duration="00:00:00.0159468" startTime="2012-02-01T23:57:52.9734778-05:00" endTime="2012-02-01T23:57:52.9890778-05:00" testType="13cdc9d9-ddb5-4fa4-a97d-d965ccfc6d4b" outcome="Passed" testListId="8c84fa94-04c1-424b-9868-57a2d4851a1d" relativeResultsDirectory="473f701f-9654-4427-8dbe-e1cc7ea242c6">
    </UnitTestResult>
    <UnitTestResult executionId="c7742344-80d0-4642-b404-de5d7b95b55d" testId="7848218c-cbe2-f7c9-e490-57f84cc76553" testName="EqualsTest" computerName="LIL-MONEY-PIT" duration="00:00:00.0016799" startTime="2012-02-01T23:57:53.0046778-05:00" endTime="2012-02-01T23:57:53.0046778-05:00" testType="13cdc9d9-ddb5-4fa4-a97d-d965ccfc6d4b" outcome="Inconclusive" testListId="8c84fa94-04c1-424b-9868-57a2d4851a1d" relativeResultsDirectory="c7742344-80d0-4642-b404-de5d7b95b55d">
      <Output>
        <ErrorInfo>
          <Message>Assert.Inconclusive failed. Verify the correctness of this test method.</Message>
          <StackTrace>   at TestSuite.Runtime.CustomizableNodeTest.EqualsTest() in C:\Development Projects\ENN\TestSuite\Runtime\Nodes\CustomizableNodeTest.cs:line 43
</StackTrace>
        </ErrorInfo>
      </Output>
    </UnitTestResult>
    <UnitTestResult executionId="ad71d715-3950-49a8-9225-2004f8876320" testId="78a71774-651c-96d6-be6a-025b4bda2a54" testName="NetworkTopologyConstructorTest" computerName="LIL-MONEY-PIT" duration="00:00:00.0007756" startTime="2012-02-01T23:57:53.0046778-05:00" endTime="2012-02-01T23:57:53.0202779-05:00" testType="13cdc9d9-ddb5-4fa4-a97d-d965ccfc6d4b" outcome="Inconclusive" testListId="8c84fa94-04c1-424b-9868-57a2d4851a1d" relativeResultsDirectory="ad71d715-3950-49a8-9225-2004f8876320">
      <Output>
        <ErrorInfo>
          <Message>Assert.Inconclusive failed. TODO: Implement code to verify target</Message>
          <StackTrace>   at TestSuite.Runtime.NetworkTopologyTest.NetworkTopologyConstructorTest() in C:\Development Projects\ENN\TestSuite\Runtime\NetworkTopologyTest.cs:line 90
</StackTrace>
        </ErrorInfo>
      </Output>
    </UnitTestResult>
    <UnitTestResult executionId="06fc7f8f-a6bd-4e4f-852f-1ebbd899c74a" testId="792cef7e-de8b-0ac6-a844-fe24d4cd88a7" testName="SimpleAlgebraTest" computerName="LIL-MONEY-PIT" duration="00:00:00.0005108" startTime="2012-02-01T23:57:53.0202779-05:00" endTime="2012-02-01T23:57:53.0202779-05:00" testType="13cdc9d9-ddb5-4fa4-a97d-d965ccfc6d4b" outcome="Passed" testListId="8c84fa94-04c1-424b-9868-57a2d4851a1d" relativeResultsDirectory="06fc7f8f-a6bd-4e4f-852f-1ebbd899c74a">
    </UnitTestResult>
    <UnitTestResult executionId="1b9b6cb9-3d7f-49e2-9cf0-f315e657c565" testId="7c415434-23ca-ed13-9a02-5340bf33bd80" testName="CombinationFunctionsConstructorTest" computerName="LIL-MONEY-PIT" duration="00:00:00.0011552" startTime="2012-02-01T23:57:53.0202779-05:00" endTime="2012-02-01T23:57:53.0358779-05:00" testType="13cdc9d9-ddb5-4fa4-a97d-d965ccfc6d4b" outcome="Inconclusive" testListId="8c84fa94-04c1-424b-9868-57a2d4851a1d" relativeResultsDirectory="1b9b6cb9-3d7f-49e2-9cf0-f315e657c565">
      <Output>
        <ErrorInfo>
          <Message>Assert.Inconclusive failed. TODO: Implement code to verify target</Message>
          <StackTrace>   at TestSuite.Runtime.CombinationFunctionsTest.CombinationFunctionsConstructorTest() in C:\Development Projects\ENN\TestSuite\Runtime\CombinationFunctionsTest.cs:line 89
</StackTrace>
        </ErrorInfo>
      </Output>
    </UnitTestResult>
    <UnitTestResult executionId="87ee4f9b-e3ed-4f11-a2c3-d0fc4a232f46" testId="7dd4e77c-7264-6ef4-1008-777f833c6760" testName="LogisticTest" computerName="LIL-MONEY-PIT" duration="00:00:00.0003010" startTime="2012-02-01T23:57:53.0358779-05:00" endTime="2012-02-01T23:57:53.0358779-05:00" testType="13cdc9d9-ddb5-4fa4-a97d-d965ccfc6d4b" outcome="Passed" testListId="8c84fa94-04c1-424b-9868-57a2d4851a1d" relativeResultsDirectory="87ee4f9b-e3ed-4f11-a2c3-d0fc4a232f46">
    </UnitTestResult>
    <UnitTestResult executionId="1f2e230e-b857-4204-b073-49f2c71500f3" testId="84139ec4-03ef-0b1f-410c-ed34ad1e61a7" testName="MetaDataTest" computerName="LIL-MONEY-PIT" duration="00:00:00.0005143" startTime="2012-02-01T23:57:53.0358779-05:00" endTime="2012-02-01T23:57:53.0514779-05:00" testType="13cdc9d9-ddb5-4fa4-a97d-d965ccfc6d4b" outcome="Passed" testListId="8c84fa94-04c1-424b-9868-57a2d4851a1d" relativeResultsDirectory="1f2e230e-b857-4204-b073-49f2c71500f3">
    </UnitTestResult>
    <UnitTestResult executionId="54bb6a83-a872-423d-9e37-47655f54c4a3" testId="84e4f622-355d-ee3c-23e7-608d06a3c246" testName="DefaultOutputLayerTest" computerName="LIL-MONEY-PIT" duration="00:00:00.0009254" startTime="2012-02-01T23:57:53.0514779-05:00" endTime="2012-02-01T23:57:53.0514779-05:00" testType="13cdc9d9-ddb5-4fa4-a97d-d965ccfc6d4b" outcome="Inconclusive" testListId="8c84fa94-04c1-424b-9868-57a2d4851a1d" relativeResultsDirectory="54bb6a83-a872-423d-9e37-47655f54c4a3">
      <Output>
        <ErrorInfo>
          <Message>Assert.Inconclusive failed. Verify the correctness of this test method.</Message>
          <StackTrace>   at TestSuite.Runtime.NetworkSettingsTest.DefaultOutputLayerTest() in C:\Development Projects\ENN\TestSuite\Runtime\NetworkSettingsTest.cs:line 194
</StackTrace>
        </ErrorInfo>
      </Output>
    </UnitTestResult>
    <UnitTestResult executionId="5a4781b8-da1f-4139-8d2f-fce9d8975a88" testId="85d0cd34-7421-35fb-9a2f-0d638c92b910" testName="EqualsTest" computerName="LIL-MONEY-PIT" duration="00:00:00.0003891" startTime="2012-02-01T23:57:53.0514779-05:00" endTime="2012-02-01T23:57:53.0514779-05:00" testType="13cdc9d9-ddb5-4fa4-a97d-d965ccfc6d4b" outcome="Passed" testListId="8c84fa94-04c1-424b-9868-57a2d4851a1d" relativeResultsDirectory="5a4781b8-da1f-4139-8d2f-fce9d8975a88">
    </UnitTestResult>
    <UnitTestResult executionId="25e2bd76-2740-4272-9426-576cf514db6c" testId="85f88623-3199-74f9-cdd3-bcde89590e03" testName="EnableTimingTest" computerName="LIL-MONEY-PIT" duration="00:00:00.0008869" startTime="2012-02-01T23:57:53.0670780-05:00" endTime="2012-02-01T23:57:53.0670780-05:00" testType="13cdc9d9-ddb5-4fa4-a97d-d965ccfc6d4b" outcome="Inconclusive" testListId="8c84fa94-04c1-424b-9868-57a2d4851a1d" relativeResultsDirectory="25e2bd76-2740-4272-9426-576cf514db6c">
      <Output>
        <ErrorInfo>
          <Message>Assert.Inconclusive failed. Verify the correctness of this test method.</Message>
          <StackTrace>   at TestSuite.Runtime.NetworkSettingsTest.EnableTimingTest() in C:\Development Projects\ENN\TestSuite\Runtime\NetworkSettingsTest.cs:line 209
</StackTrace>
        </ErrorInfo>
      </Output>
    </UnitTestResult>
    <UnitTestResult executionId="51764da9-2ab8-4a9c-9b90-babba2e7541a" testId="900964b5-5126-fe10-7e47-a66de81922b0" testName="ToStringTest" computerName="LIL-MONEY-PIT" duration="00:00:00.0017638" startTime="2012-02-01T23:57:53.0670780-05:00" endTime="2012-02-01T23:57:53.0670780-05:00" testType="13cdc9d9-ddb5-4fa4-a97d-d965ccfc6d4b" outcome="Inconclusive" testListId="8c84fa94-04c1-424b-9868-57a2d4851a1d" relativeResultsDirectory="51764da9-2ab8-4a9c-9b90-babba2e7541a">
      <Output>
        <ErrorInfo>
          <Message>Assert.Inconclusive failed. Verify the correctness of this test method.</Message>
          <StackTrace>   at TestSuite.Runtime.NetworkTopologyTest.ToStringTest() in C:\Development Projects\ENN\TestSuite\Runtime\NetworkTopologyTest.cs:line 119
</StackTrace>
        </ErrorInfo>
      </Output>
    </UnitTestResult>
    <UnitTestResult executionId="499c3edc-22eb-4878-9dfa-ca02de8592ce" testId="91413c2e-76dd-9dca-f643-52fa9133df7b" testName="LoadTextTest" computerName="LIL-MONEY-PIT" duration="00:00:00.0007194" startTime="2012-02-01T23:57:53.0670780-05:00" endTime="2012-02-01T23:57:53.0826780-05:00" testType="13cdc9d9-ddb5-4fa4-a97d-d965ccfc6d4b" outcome="Passed" testListId="8c84fa94-04c1-424b-9868-57a2d4851a1d" relativeResultsDirectory="499c3edc-22eb-4878-9dfa-ca02de8592ce">
    </UnitTestResult>
    <UnitTestResult executionId="71c33d81-93db-4ba9-a3ee-9b6bb3b67d3d" testId="923feb72-64b3-b25f-cfd9-a157f2316282" testName="EqualsTest" computerName="LIL-MONEY-PIT" duration="00:00:00.0003864" startTime="2012-02-01T23:57:53.0826780-05:00" endTime="2012-02-01T23:57:53.0826780-05:00" testType="13cdc9d9-ddb5-4fa4-a97d-d965ccfc6d4b" outcome="Passed" testListId="8c84fa94-04c1-424b-9868-57a2d4851a1d" relativeResultsDirectory="71c33d81-93db-4ba9-a3ee-9b6bb3b67d3d">
    </UnitTestResult>
    <UnitTestResult executionId="80cd373f-5e57-480a-99d4-bdaff35d7a26" testId="9502bb5b-ac42-ce13-e196-bdc7740dd911" testName="UseUserBinariesTest" computerName="LIL-MONEY-PIT" duration="00:00:00.0009115" startTime="2012-02-01T23:57:53.0826780-05:00" endTime="2012-02-01T23:57:53.0982780-05:00" testType="13cdc9d9-ddb5-4fa4-a97d-d965ccfc6d4b" outcome="Inconclusive" testListId="8c84fa94-04c1-424b-9868-57a2d4851a1d" relativeResultsDirectory="80cd373f-5e57-480a-99d4-bdaff35d7a26">
      <Output>
        <ErrorInfo>
          <Message>Assert.Inconclusive failed. Verify the correctness of this test method.</Message>
          <StackTrace>   at TestSuite.Runtime.NetworkSettingsTest.UseUserBinariesTest() in C:\Development Projects\ENN\TestSuite\Runtime\NetworkSettingsTest.cs:line 314
</StackTrace>
        </ErrorInfo>
      </Output>
    </UnitTestResult>
    <UnitTestResult executionId="836c6e3c-5f6a-463d-a2df-cc37c01d0e00" testId="95b1d02b-3a70-33f2-e532-2b051409b15f" testName="MetaDataTest" computerName="LIL-MONEY-PIT" duration="00:00:00.0012052" startTime="2012-02-01T23:57:53.0982780-05:00" endTime="2012-02-01T23:57:53.0982780-05:00" testType="13cdc9d9-ddb5-4fa4-a97d-d965ccfc6d4b" outcome="Inconclusive" testListId="8c84fa94-04c1-424b-9868-57a2d4851a1d" relativeResultsDirectory="836c6e3c-5f6a-463d-a2df-cc37c01d0e00">
      <Output>
        <ErrorInfo>
          <Message>Assert.Inconclusive failed. Verify the correctness of this test method.</Message>
          <StackTrace>   at TestSuite.Runtime.BasicLayerTest.MetaDataTest() in C:\Development Projects\ENN\TestSuite\Runtime\Layers\BasicLayerTest.cs:line 86
</StackTrace>
        </ErrorInfo>
      </Output>
    </UnitTestResult>
    <UnitTestResult executionId="cb0aaa87-a45d-4176-9fc2-c3e709b92105" testId="95da3b3e-1afb-b3e8-3ced-ecac6a3a7c40" testName="HiddenLayersTest" computerName="LIL-MONEY-PIT" duration="00:00:00.0013300" startTime="2012-02-01T23:57:53.0982780-05:00" endTime="2012-02-01T23:57:53.1138780-05:00" testType="13cdc9d9-ddb5-4fa4-a97d-d965ccfc6d4b" outcome="Inconclusive" testListId="8c84fa94-04c1-424b-9868-57a2d4851a1d" relativeResultsDirectory="cb0aaa87-a45d-4176-9fc2-c3e709b92105">
      <Output>
        <ErrorInfo>
          <Message>Assert.Inconclusive failed. Verify the correctness of this test method.</Message>
          <StackTrace>   at TestSuite.Runtime.NetworkTopologyTest.HiddenLayersTest() in C:\Development Projects\ENN\TestSuite\Runtime\NetworkTopologyTest.cs:line 134
</StackTrace>
        </ErrorInfo>
      </Output>
    </UnitTestResult>
    <UnitTestResult executionId="16c332b8-f95f-4d61-98bc-6ddcfed475e7" testId="a063285f-c489-ed45-797e-2019ddcb8a20" testName="ModeTest" computerName="LIL-MONEY-PIT" duration="00:00:00.0025461" startTime="2012-02-01T23:57:53.1138780-05:00" endTime="2012-02-01T23:57:53.1138780-05:00" testType="13cdc9d9-ddb5-4fa4-a97d-d965ccfc6d4b" outcome="Inconclusive" testListId="8c84fa94-04c1-424b-9868-57a2d4851a1d" relativeResultsDirectory="16c332b8-f95f-4d61-98bc-6ddcfed475e7">
      <Output>
        <ErrorInfo>
          <Message>Assert.Inconclusive failed. Verify the correctness of this test method.</Message>
          <StackTrace>   at TestSuite.Runtime.NetworkSettingsTest.ModeTest() in C:\Development Projects\ENN\TestSuite\Runtime\NetworkSettingsTest.cs:line 224
</StackTrace>
        </ErrorInfo>
      </Output>
    </UnitTestResult>
    <UnitTestResult executionId="61da3de2-97d2-43ea-9f65-cbd1827d326e" testId="a2ba19cc-746d-98aa-01d0-da7b8bdf4e34" testName="TraininPoolTest" computerName="LIL-MONEY-PIT" duration="00:00:00.0009077" startTime="2012-02-01T23:57:53.1138780-05:00" endTime="2012-02-01T23:57:53.1294781-05:00" testType="13cdc9d9-ddb5-4fa4-a97d-d965ccfc6d4b" outcome="Inconclusive" testListId="8c84fa94-04c1-424b-9868-57a2d4851a1d" relativeResultsDirectory="61da3de2-97d2-43ea-9f65-cbd1827d326e">
      <Output>
        <ErrorInfo>
          <Message>Assert.Inconclusive failed. Verify the correctness of this test method.</Message>
          <StackTrace>   at TestSuite.Runtime.NetworkSettingsTest.TraininPoolTest() in C:\Development Projects\ENN\TestSuite\Runtime\NetworkSettingsTest.cs:line 269
</StackTrace>
        </ErrorInfo>
      </Output>
    </UnitTestResult>
    <UnitTestResult executionId="fa3a27b1-c01d-44c7-a7ad-da368a6f41c3" testId="a6e0494a-afbf-0dce-9210-b1e4a0b203bc" testName="StartNetworkTest" computerName="LIL-MONEY-PIT" duration="00:00:00.0032089" startTime="2012-02-01T23:57:53.1294781-05:00" endTime="2012-02-01T23:57:53.1294781-05:00" testType="13cdc9d9-ddb5-4fa4-a97d-d965ccfc6d4b" outcome="Failed" testListId="8c84fa94-04c1-424b-9868-57a2d4851a1d" relativeResultsDirectory="fa3a27b1-c01d-44c7-a7ad-da368a6f41c3">
      <Output>
        <ErrorInfo>
          <Message>Test method TestSuite.Runtime.NeuralNetworkTest.StartNetworkTest threw exception: 
System.NullReferenceException: Object reference not set to an instance of an object.</Message>
          <StackTrace>    at ENN.Framework.NeuralNetwork.StartNetwork(Object state) in C:\Development Projects\ENN\ENN.Framework\NeuralNetwork.cs:line 44
   at TestSuite.Runtime.NeuralNetworkTest.StartNetworkTest() in C:\Development Projects\ENN\TestSuite\Runtime\NeuralNetworkTest.cs:line 65
</StackTrace>
        </ErrorInfo>
      </Output>
    </UnitTestResult>
    <UnitTestResult executionId="041678b6-97b2-4d19-a862-cceb1d661f3e" testId="aa9735b5-5de5-84c4-b017-9ed9c7498bac" testName="TrainingPreProcessorTest" computerName="LIL-MONEY-PIT" duration="00:00:00.0009442" startTime="2012-02-01T23:57:53.1294781-05:00" endTime="2012-02-01T23:57:53.1450781-05:00" testType="13cdc9d9-ddb5-4fa4-a97d-d965ccfc6d4b" outcome="Inconclusive" testListId="8c84fa94-04c1-424b-9868-57a2d4851a1d" relativeResultsDirectory="041678b6-97b2-4d19-a862-cceb1d661f3e">
      <Output>
        <ErrorInfo>
          <Message>Assert.Inconclusive failed. Verify the correctness of this test method.</Message>
          <StackTrace>   at TestSuite.Runtime.NetworkTopologyTest.TrainingPreProcessorTest() in C:\Development Projects\ENN\TestSuite\Runtime\NetworkTopologyTest.cs:line 239
</StackTrace>
        </ErrorInfo>
      </Output>
    </UnitTestResult>
    <UnitTestResult executionId="d861b999-7942-49f4-8af4-6ed6a280dac5" testId="aaea9d70-ac57-264e-6348-a6ea175ead6a" testName="productionTest" computerName="LIL-MONEY-PIT" duration="00:00:00.0027790" startTime="2012-02-01T23:57:53.1450781-05:00" endTime="2012-02-01T23:57:53.1450781-05:00" testType="13cdc9d9-ddb5-4fa4-a97d-d965ccfc6d4b" outcome="Failed" testListId="8c84fa94-04c1-424b-9868-57a2d4851a1d" relativeResultsDirectory="d861b999-7942-49f4-8af4-6ed6a280dac5">
      <Output>
        <ErrorInfo>
          <Message>Test method TestSuite.Runtime.CombinationFunctionsTest.productionTest threw exception: 
System.NullReferenceException: Object reference not set to an instance of an object.</Message>
          <StackTrace>    at ENN.Framework.CombinationFunctions.production(Single[] nodeValues, Single[] constants) in C:\Development Projects\ENN\ENN.Framework\CombinationFunctions.cs:line 62
   at TestSuite.Runtime.CombinationFunctionsTest.productionTest() in C:\Development Projects\ENN\TestSuite\Runtime\CombinationFunctionsTest.cs:line 102
</StackTrace>
        </ErrorInfo>
      </Output>
    </UnitTestResult>
    <UnitTestResult executionId="0a7aa09a-b3c1-4434-a5f6-4b16e351f48d" testId="af1a6744-fc2a-446a-cc4f-d7ee47c730a8" testName="EqualsTest" computerName="LIL-MONEY-PIT" duration="00:00:00.0008780" startTime="2012-02-01T23:57:53.1450781-05:00" endTime="2012-02-01T23:57:53.1606781-05:00" testType="13cdc9d9-ddb5-4fa4-a97d-d965ccfc6d4b" outcome="Inconclusive" testListId="8c84fa94-04c1-424b-9868-57a2d4851a1d" relativeResultsDirectory="0a7aa09a-b3c1-4434-a5f6-4b16e351f48d">
      <Output>
        <ErrorInfo>
          <Message>Assert.Inconclusive failed. Verify the correctness of this test method.</Message>
          <StackTrace>   at TestSuite.Runtime.BasicLayerTest.EqualsTest() in C:\Development Projects\ENN\TestSuite\Runtime\Layers\BasicLayerTest.cs:line 54
</StackTrace>
        </ErrorInfo>
      </Output>
    </UnitTestResult>
    <UnitTestResult executionId="3dfbb9eb-c1df-43d1-a212-db779523ea72" testId="b599232e-57ed-461d-b77e-9cfcbd2a22cc" testName="TrainNetworkTest" computerName="LIL-MONEY-PIT" duration="00:00:00.0012091" startTime="2012-02-01T23:57:53.1606781-05:00" endTime="2012-02-01T23:57:53.1606781-05:00" testType="13cdc9d9-ddb5-4fa4-a97d-d965ccfc6d4b" outcome="Inconclusive" testListId="8c84fa94-04c1-424b-9868-57a2d4851a1d" relativeResultsDirectory="3dfbb9eb-c1df-43d1-a212-db779523ea72">
      <Output>
        <ErrorInfo>
          <Message>Assert.Inconclusive failed. A method that does not return a value cannot be verified.</Message>
          <StackTrace>   at TestSuite.Runtime.NeuralNetworkTest.TrainNetworkTest() in C:\Development Projects\ENN\TestSuite\Runtime\NeuralNetworkTest.cs:line 75
</StackTrace>
        </ErrorInfo>
      </Output>
    </UnitTestResult>
    <UnitTestResult executionId="2f264f52-aa2d-4c2a-8d9d-7139bdf6603c" testId="bd8cfc2d-5617-2a00-703d-e682f7ec86d2" testName="PreProcessorTest" computerName="LIL-MONEY-PIT" duration="00:00:00.0009300" startTime="2012-02-01T23:57:53.1606781-05:00" endTime="2012-02-01T23:57:53.1762781-05:00" testType="13cdc9d9-ddb5-4fa4-a97d-d965ccfc6d4b" outcome="Inconclusive" testListId="8c84fa94-04c1-424b-9868-57a2d4851a1d" relativeResultsDirectory="2f264f52-aa2d-4c2a-8d9d-7139bdf6603c">
      <Output>
        <ErrorInfo>
          <Message>Assert.Inconclusive failed. Verify the correctness of this test method.</Message>
          <StackTrace>   at TestSuite.Runtime.NetworkTopologyTest.PreProcessorTest() in C:\Development Projects\ENN\TestSuite\Runtime\NetworkTopologyTest.cs:line 209
</StackTrace>
        </ErrorInfo>
      </Output>
    </UnitTestResult>
    <UnitTestResult executionId="3b071169-f9c3-4448-bc82-9a41277e816f" testId="c24b1469-3b97-216d-b967-e4488a8b46ef" testName="TrainNetworkTest" computerName="LIL-MONEY-PIT" duration="00:00:00.0040866" startTime="2012-02-01T23:57:53.1762781-05:00" endTime="2012-02-01T23:57:53.1762781-05:00" testType="13cdc9d9-ddb5-4fa4-a97d-d965ccfc6d4b" outcome="Failed" testListId="8c84fa94-04c1-424b-9868-57a2d4851a1d" relativeResultsDirectory="3b071169-f9c3-4448-bc82-9a41277e816f">
      <Output>
        <ErrorInfo>
          <Message>Test method TestSuite.Runtime.HillClimbAlgoTest.TrainNetworkTest threw exception: 
System.NullReferenceException: Object reference not set to an instance of an object.</Message>
          <StackTrace>    at ENN.Framework.HillClimbAlgo.TrainNetwork(NetworkTopology&amp; topology, Single error) in C:\Development Projects\ENN\ENN.Framework\HillClimbAlgo.cs:line 81
   at TestSuite.Runtime.HillClimbAlgoTest.TrainNetworkTest() in C:\Development Projects\ENN\TestSuite\Runtime\HillClimbAlgoTest.cs:line 129
</StackTrace>
        </ErrorInfo>
      </Output>
    </UnitTestResult>
    <UnitTestResult executionId="4bee1654-2aad-4180-9444-9f22ad484739" testId="c4772790-9b1d-76bb-87f9-c71a5631d61b" testName="NeuralNetworkConstructorTest" computerName="LIL-MONEY-PIT" duration="00:00:00.0007984" startTime="2012-02-01T23:57:53.1762781-05:00" endTime="2012-02-01T23:57:53.1918782-05:00" testType="13cdc9d9-ddb5-4fa4-a97d-d965ccfc6d4b" outcome="Inconclusive" testListId="8c84fa94-04c1-424b-9868-57a2d4851a1d" relativeResultsDirectory="4bee1654-2aad-4180-9444-9f22ad484739">
      <Output>
        <ErrorInfo>
          <Message>Assert.Inconclusive failed. TODO: Implement code to verify target</Message>
          <StackTrace>   at TestSuite.Runtime.NeuralNetworkTest.NeuralNetworkConstructorTest() in C:\Development Projects\ENN\TestSuite\Runtime\NeuralNetworkTest.cs:line 40
</StackTrace>
        </ErrorInfo>
      </Output>
    </UnitTestResult>
    <UnitTestResult executionId="56c1abfa-b455-4624-a247-322a1b21686e" testId="c69b6a69-0b1c-d404-8598-e80508544538" testName="DefaultHiddenLayerTest" computerName="LIL-MONEY-PIT" duration="00:00:00.0008846" startTime="2012-02-01T23:57:53.1918782-05:00" endTime="2012-02-01T23:57:53.1918782-05:00" testType="13cdc9d9-ddb5-4fa4-a97d-d965ccfc6d4b" outcome="Inconclusive" testListId="8c84fa94-04c1-424b-9868-57a2d4851a1d" relativeResultsDirectory="56c1abfa-b455-4624-a247-322a1b21686e">
      <Output>
        <ErrorInfo>
          <Message>Assert.Inconclusive failed. Verify the correctness of this test method.</Message>
          <StackTrace>   at TestSuite.Runtime.NetworkSettingsTest.DefaultHiddenLayerTest() in C:\Development Projects\ENN\TestSuite\Runtime\NetworkSettingsTest.cs:line 149
</StackTrace>
        </ErrorInfo>
      </Output>
    </UnitTestResult>
    <UnitTestResult executionId="2d2683bb-20ab-4380-aba5-9bf7a334b04c" testId="c93155ce-b454-6847-1825-0b7654684196" testName="GetValueTest" computerName="LIL-MONEY-PIT" duration="00:00:00.0006956" startTime="2012-02-01T23:57:53.2074782-05:00" endTime="2012-02-01T23:57:53.2230782-05:00" testType="13cdc9d9-ddb5-4fa4-a97d-d965ccfc6d4b" outcome="Passed" testListId="8c84fa94-04c1-424b-9868-57a2d4851a1d" relativeResultsDirectory="2d2683bb-20ab-4380-aba5-9bf7a334b04c">
    </UnitTestResult>
    <UnitTestResult executionId="acc330a8-9692-46e4-ae9f-490e967d40de" testId="cc5a4d81-5b88-cb72-b348-ff170721a464" testName="ThreadedHiddenLayerConstructorTest" computerName="LIL-MONEY-PIT" duration="00:00:00.0010513" startTime="2012-02-01T23:57:53.2230782-05:00" endTime="2012-02-01T23:57:53.2230782-05:00" testType="13cdc9d9-ddb5-4fa4-a97d-d965ccfc6d4b" outcome="Inconclusive" testListId="8c84fa94-04c1-424b-9868-57a2d4851a1d" relativeResultsDirectory="acc330a8-9692-46e4-ae9f-490e967d40de">
      <Output>
        <ErrorInfo>
          <Message>Assert.Inconclusive failed. TODO: Implement code to verify target</Message>
          <StackTrace>   at TestSuite.Runtime.ThreadedHiddenLayerTest.ThreadedHiddenLayerConstructorTest() in C:\Development Projects\ENN\TestSuite\Runtime\Layers\ThreadedHiddenLayerTest.cs:line 38
</StackTrace>
        </ErrorInfo>
      </Output>
    </UnitTestResult>
    <UnitTestResult executionId="ef6f511a-3e59-4859-8ddb-4d573c7b3bd6" testId="ce28e66d-087b-d3bb-3bbf-02f2e9697e01" testName="CreateUserObjectTest" computerName="LIL-MONEY-PIT" duration="00:00:00.0013604" startTime="2012-02-01T23:57:53.2230782-05:00" endTime="2012-02-01T23:57:53.2386783-05:00" testType="13cdc9d9-ddb5-4fa4-a97d-d965ccfc6d4b" outcome="Inconclusive" testListId="8c84fa94-04c1-424b-9868-57a2d4851a1d" relativeResultsDirectory="ef6f511a-3e59-4859-8ddb-4d573c7b3bd6">
      <Output>
        <ErrorInfo>
          <Message>Assert.Inconclusive failed. Verify the correctness of this test method.</Message>
          <StackTrace>   at TestSuite.Runtime.StandLibFactoryTest.CreateUserObjectTestHelper[TObject]() in C:\Development Projects\ENN\TestSuite\Runtime\StandLibFactoryTest.cs:line 104
   at TestSuite.Runtime.StandLibFactoryTest.CreateUserObjectTest() in C:\Development Projects\ENN\TestSuite\Runtime\StandLibFactoryTest.cs:line 111
</StackTrace>
        </ErrorInfo>
      </Output>
    </UnitTestResult>
    <UnitTestResult executionId="ac2916dc-c656-4ac9-8f88-fcd277505455" testId="d0796adc-1f3d-e54b-00d9-3e28576ca374" testName="sumationTest" computerName="LIL-MONEY-PIT" duration="00:00:00.0022292" startTime="2012-02-01T23:57:53.2386783-05:00" endTime="2012-02-01T23:57:53.2386783-05:00" testType="13cdc9d9-ddb5-4fa4-a97d-d965ccfc6d4b" outcome="Failed" testListId="8c84fa94-04c1-424b-9868-57a2d4851a1d" relativeResultsDirectory="ac2916dc-c656-4ac9-8f88-fcd277505455">
      <Output>
        <ErrorInfo>
          <Message>Test method TestSuite.Runtime.CombinationFunctionsTest.sumationTest threw exception: 
System.NullReferenceException: Object reference not set to an instance of an object.</Message>
          <StackTrace>    at ENN.Framework.CombinationFunctions.sumation(Single[] nodeValues, Single[] constants) in C:\Development Projects\ENN\ENN.Framework\CombinationFunctions.cs:line 43
   at TestSuite.Runtime.CombinationFunctionsTest.sumationTest() in C:\Development Projects\ENN\TestSuite\Runtime\CombinationFunctionsTest.cs:line 117
</StackTrace>
        </ErrorInfo>
      </Output>
    </UnitTestResult>
    <UnitTestResult executionId="09538556-a5ad-4456-9d45-2e939c29af84" testId="d1ed5f65-7462-12a5-4bb7-93f22baf2269" testName="SaveText" computerName="LIL-MONEY-PIT" duration="00:00:00.0047134" startTime="2012-02-01T23:57:53.2386783-05:00" endTime="2012-02-01T23:57:53.2542783-05:00" testType="13cdc9d9-ddb5-4fa4-a97d-d965ccfc6d4b" outcome="Passed" testListId="8c84fa94-04c1-424b-9868-57a2d4851a1d" relativeResultsDirectory="09538556-a5ad-4456-9d45-2e939c29af84">
    </UnitTestResult>
    <UnitTestResult executionId="c276d968-ff29-433b-b85d-ef4447c6f34c" testId="d7159a92-42fd-4c2b-f559-0922e5e37f70" testName="GetValuesTest" computerName="LIL-MONEY-PIT" duration="00:00:00.0026581" startTime="2012-02-01T23:57:53.2542783-05:00" endTime="2012-02-01T23:57:53.2698783-05:00" testType="13cdc9d9-ddb5-4fa4-a97d-d965ccfc6d4b" outcome="Failed" testListId="8c84fa94-04c1-424b-9868-57a2d4851a1d" relativeResultsDirectory="c276d968-ff29-433b-b85d-ef4447c6f34c">
      <Output>
        <ErrorInfo>
          <Message>Test method TestSuite.Runtime.ThreadedHiddenLayerTest.GetValuesTest threw exception: 
System.NullReferenceException: Object reference not set to an instance of an object.</Message>
          <StackTrace>    at ENN.Framework.ThreadedHiddenLayer.GetValues(Single[] values) in C:\Development Projects\ENN\ENN.Framework\Layers\TreadedHiddenLayer.cs:line 45
   at TestSuite.Runtime.ThreadedHiddenLayerTest.GetValuesTest() in C:\Development Projects\ENN\TestSuite\Runtime\Layers\ThreadedHiddenLayerTest.cs:line 52
</StackTrace>
        </ErrorInfo>
      </Output>
    </UnitTestResult>
    <UnitTestResult executionId="f4b094e0-ea23-4555-8476-6c7b0c6fa45d" testId="d8005908-df2d-b767-edea-58162a597d4b" testName="DefaultFactoryTest" computerName="LIL-MONEY-PIT" duration="00:00:00.0009269" startTime="2012-02-01T23:57:53.2698783-05:00" endTime="2012-02-01T23:57:53.2854783-05:00" testType="13cdc9d9-ddb5-4fa4-a97d-d965ccfc6d4b" outcome="Inconclusive" testListId="8c84fa94-04c1-424b-9868-57a2d4851a1d" relativeResultsDirectory="f4b094e0-ea23-4555-8476-6c7b0c6fa45d">
      <Output>
        <ErrorInfo>
          <Message>Assert.Inconclusive failed. Verify the correctness of this test method.</Message>
          <StackTrace>   at TestSuite.Runtime.NetworkSettingsTest.DefaultFactoryTest() in C:\Development Projects\ENN\TestSuite\Runtime\NetworkSettingsTest.cs:line 134
</StackTrace>
        </ErrorInfo>
      </Output>
    </UnitTestResult>
    <UnitTestResult executionId="da2adc11-6860-4a58-89b9-81f9079ce27d" testId="d87e0449-50bc-995d-228d-5655f4910329" testName="HillClimbAlgoConstructorTest" computerName="LIL-MONEY-PIT" duration="00:00:00.0010851" startTime="2012-02-01T23:57:53.2854783-05:00" endTime="2012-02-01T23:57:53.2854783-05:00" testType="13cdc9d9-ddb5-4fa4-a97d-d965ccfc6d4b" outcome="Inconclusive" testListId="8c84fa94-04c1-424b-9868-57a2d4851a1d" relativeResultsDirectory="da2adc11-6860-4a58-89b9-81f9079ce27d">
      <Output>
        <ErrorInfo>
          <Message>Assert.Inconclusive failed. TODO: Implement code to verify target</Message>
          <StackTrace>   at TestSuite.Runtime.HillClimbAlgoTest.HillClimbAlgoConstructorTest() in C:\Development Projects\ENN\TestSuite\Runtime\HillClimbAlgoTest.cs:line 89
</StackTrace>
        </ErrorInfo>
      </Output>
    </UnitTestResult>
    <UnitTestResult executionId="0197ef2c-bc17-4fde-8217-b7375571bc8b" testId="dd120e22-c30c-9c60-6bde-948198bc12d2" testName="HyperbolicTangentTest" computerName="LIL-MONEY-PIT" duration="00:00:00.0003668" startTime="2012-02-01T23:57:53.2854783-05:00" endTime="2012-02-01T23:57:53.3010784-05:00" testType="13cdc9d9-ddb5-4fa4-a97d-d965ccfc6d4b" outcome="Passed" testListId="8c84fa94-04c1-424b-9868-57a2d4851a1d" relativeResultsDirectory="0197ef2c-bc17-4fde-8217-b7375571bc8b">
    </UnitTestResult>
    <UnitTestResult executionId="c8df27a5-a206-4380-b693-567751e0a919" testId="ef2d5f30-3116-9896-2df2-b1db68ca23fd" testName="OtherTest" computerName="LIL-MONEY-PIT" duration="00:00:00.0013069" startTime="2012-02-01T23:57:53.3010784-05:00" endTime="2012-02-01T23:57:53.3010784-05:00" testType="13cdc9d9-ddb5-4fa4-a97d-d965ccfc6d4b" outcome="Inconclusive" testListId="8c84fa94-04c1-424b-9868-57a2d4851a1d" relativeResultsDirectory="c8df27a5-a206-4380-b693-567751e0a919">
      <Output>
        <ErrorInfo>
          <Message>Assert.Inconclusive failed. Verify the correctness of this test method.</Message>
          <StackTrace>   at TestSuite.Runtime.NetworkSettingsTest.OtherTest() in C:\Development Projects\ENN\TestSuite\Runtime\NetworkSettingsTest.cs:line 254
</StackTrace>
        </ErrorInfo>
      </Output>
    </UnitTestResult>
    <UnitTestResult executionId="f8e41d69-e8c9-4b99-8499-c7ccadae61fc" testId="f590dcde-57c2-4844-9cad-2fe602dec5de" testName="ModifiedLogisticTest" computerName="LIL-MONEY-PIT" duration="00:00:00.0003549" startTime="2012-02-01T23:57:53.3166784-05:00" endTime="2012-02-01T23:57:53.3166784-05:00" testType="13cdc9d9-ddb5-4fa4-a97d-d965ccfc6d4b" outcome="Passed" testListId="8c84fa94-04c1-424b-9868-57a2d4851a1d" relativeResultsDirectory="f8e41d69-e8c9-4b99-8499-c7ccadae61fc">
    </UnitTestResult>
    <UnitTestResult executionId="70e27fcd-59a8-4939-8312-85f8e2469c96" testId="f81d4c44-cecd-3dbc-335f-ac5e410e2b56" testName="DefaultInputLayerTest" computerName="LIL-MONEY-PIT" duration="00:00:00.0010778" startTime="2012-02-01T23:57:53.3166784-05:00" endTime="2012-02-01T23:57:53.3166784-05:00" testType="13cdc9d9-ddb5-4fa4-a97d-d965ccfc6d4b" outcome="Inconclusive" testListId="8c84fa94-04c1-424b-9868-57a2d4851a1d" relativeResultsDirectory="70e27fcd-59a8-4939-8312-85f8e2469c96">
      <Output>
        <ErrorInfo>
          <Message>Assert.Inconclusive failed. Verify the correctness of this test method.</Message>
          <StackTrace>   at TestSuite.Runtime.NetworkSettingsTest.DefaultInputLayerTest() in C:\Development Projects\ENN\TestSuite\Runtime\NetworkSettingsTest.cs:line 164
</StackTrace>
        </ErrorInfo>
      </Output>
    </UnitTestResult>
    <UnitTestResult executionId="39bdef4b-3d3d-4bba-9f7e-9417bd5623e0" testId="f9033c08-15a9-3fec-28cc-b9ff56a44b9f" testName="UserBinaryNameTest" computerName="LIL-MONEY-PIT" duration="00:00:00.0009119" startTime="2012-02-01T23:57:53.3166784-05:00" endTime="2012-02-01T23:57:53.3322784-05:00" testType="13cdc9d9-ddb5-4fa4-a97d-d965ccfc6d4b" outcome="Inconclusive" testListId="8c84fa94-04c1-424b-9868-57a2d4851a1d" relativeResultsDirectory="39bdef4b-3d3d-4bba-9f7e-9417bd5623e0">
      <Output>
        <ErrorInfo>
          <Message>Assert.Inconclusive failed. Verify the correctness of this test method.</Message>
          <StackTrace>   at TestSuite.Runtime.NetworkSettingsTest.UserBinaryNameTest() in C:\Development Projects\ENN\TestSuite\Runtime\NetworkSettingsTest.cs:line 359
</StackTrace>
        </ErrorInfo>
      </Output>
    </UnitTestResult>
    <UnitTestResult executionId="9ff6f44f-8e00-403a-a67c-b6bcb27125a6" testId="fd28dab3-a157-b4ce-14df-3c2efa2d911c" testName="NetworkTypeTest" computerName="LIL-MONEY-PIT" duration="00:00:00.0018096" startTime="2012-02-01T23:57:53.3322784-05:00" endTime="2012-02-01T23:57:53.3322784-05:00" testType="13cdc9d9-ddb5-4fa4-a97d-d965ccfc6d4b" outcome="Inconclusive" testListId="8c84fa94-04c1-424b-9868-57a2d4851a1d" relativeResultsDirectory="9ff6f44f-8e00-403a-a67c-b6bcb27125a6">
      <Output>
        <ErrorInfo>
          <Message>Assert.Inconclusive failed. Verify the correctness of this test method.</Message>
          <StackTrace>   at TestSuite.Runtime.NetworkSettingsTest.NetworkTypeTest() in C:\Development Projects\ENN\TestSuite\Runtime\NetworkSettingsTest.cs:line 239
</StackTrace>
        </ErrorInfo>
      </Output>
    </UnitTestResult>
    <UnitTestResult executionId="3c165466-fd1d-4be5-a0e3-a15f22e46353" testId="ff4ad6f6-4cbb-7229-fbd4-444874289508" testName="GeneralizedLogisticTest1" computerName="LIL-MONEY-PIT" duration="00:00:00.0003272" startTime="2012-02-01T23:57:53.3322784-05:00" endTime="2012-02-01T23:57:53.3478784-05:00" testType="13cdc9d9-ddb5-4fa4-a97d-d965ccfc6d4b" outcome="Passed" testListId="8c84fa94-04c1-424b-9868-57a2d4851a1d" relativeResultsDirectory="3c165466-fd1d-4be5-a0e3-a15f22e46353">
    </UnitTestResult>
  </Results>
</TestRun>