<?xml version="1.0" encoding="UTF-8"?>
<TestRun id="455e6e67-b6b3-46fe-a1d9-61bf9f649a09" name="skynryd9@LIL-MONEY-PIT 2012-02-21 16:55:32" runUser="Lil-Money-Pit\skynryd9" xmlns="http://microsoft.com/schemas/VisualStudio/TeamTest/2010">
  <TestSettings name="Local" id="edb481bb-0340-4d08-a79e-041a6ff1b069">
    <Description>These are default test settings for a local test run.</Description>
    <Deployment enabled="false" runDeploymentRoot="skynryd9_LIL-MONEY-PIT 2012-02-21 16_55_32">
      <DeploymentItem filename="C:\Development Projects\ENN\ENN\bin\Debug\UserBin\TestUserBinary.dll" />
      <DeploymentItem filename="C:\Development Projects\ENN\ENN.Framework\bin\Debug\ENN.Framework.dll" />
    </Deployment>
    <Execution hostProcessPlatform="MSIL">
      <Hosts skipUnhostableTests="false" />
      <TestTypeSpecific>
        <UnitTestRunConfig testTypeId="13cdc9d9-ddb5-4fa4-a97d-d965ccfc6d4b">
          <AssemblyResolution>
            <TestDirectory useLoadContext="true" />
          </AssemblyResolution>
        </UnitTestRunConfig>
      </TestTypeSpecific>
      <AgentRule name="Execution Agents">
      </AgentRule>
    </Execution>
  </TestSettings>
  <Times creation="2012-02-21T16:55:32.7955469-05:00" queuing="2012-02-21T16:55:32.8805517-05:00" start="2012-02-21T16:55:32.9675567-05:00" finish="2012-02-21T16:55:33.9976156-05:00" />
  <ResultSummary outcome="Failed">
    <Counters total="70" executed="70" passed="17" error="0" failed="16" timeout="0" aborted="0" inconclusive="37" passedButRunAborted="0" notRunnable="0" notExecuted="0" disconnected="0" warning="0" completed="0" inProgress="0" pending="0" />
  </ResultSummary>
  <TestDefinitions>
    <UnitTest name="GetValuesTest" storage="c:\development projects\enn\testsuite\bin\debug\testsuite.dll" id="430f1830-9fb9-6f5a-5bbd-8746f440b9db">
      <Execution id="4eb63639-d6b0-45d9-90e8-7f0eb2fec79c" />
      <TestMethod codeBase="C:/Development Projects/ENN/TestSuite/bin/Debug/TestSuite.DLL" adapterTypeName="Microsoft.VisualStudio.TestTools.TestTypes.Unit.UnitTestAdapter, Microsoft.VisualStudio.QualityTools.Tips.UnitTest.Adapter, Version=10.0.0.0, Culture=neutral, PublicKeyToken=b03f5f7f11d50a3a" className="TestSuite.Framework.ThreadedHiddenLayerTest, TestSuite, Version=1.0.0.0, Culture=neutral, PublicKeyToken=null" name="GetValuesTest" />
    </UnitTest>
    <UnitTest name="TrainNetworkTest" storage="c:\development projects\enn\testsuite\bin\debug\testsuite.dll" id="d60f0c70-680a-f2a7-be96-723443b7d4dc">
      <Execution id="9fd69d8c-bc40-47b0-8fcb-de89a336845d" />
      <TestMethod codeBase="C:/Development Projects/ENN/TestSuite/bin/Debug/TestSuite.DLL" adapterTypeName="Microsoft.VisualStudio.TestTools.TestTypes.Unit.UnitTestAdapter, Microsoft.VisualStudio.QualityTools.Tips.UnitTest.Adapter, Version=10.0.0.0, Culture=neutral, PublicKeyToken=b03f5f7f11d50a3a" className="TestSuite.Framework.HillClimbAlgoTest, TestSuite, Version=1.0.0.0, Culture=neutral, PublicKeyToken=null" name="TrainNetworkTest" />
    </UnitTest>
    <UnitTest name="NetworkSettingsConstructorTest" storage="c:\development projects\enn\testsuite\bin\debug\testsuite.dll" id="573b324d-2394-0284-242e-658089f98732">
      <Execution id="a40948fb-3093-4688-afa1-83b652d12524" />
      <TestMethod codeBase="C:/Development Projects/ENN/TestSuite/bin/Debug/TestSuite.DLL" adapterTypeName="Microsoft.VisualStudio.TestTools.TestTypes.Unit.UnitTestAdapter, Microsoft.VisualStudio.QualityTools.Tips.UnitTest.Adapter, Version=10.0.0.0, Culture=neutral, PublicKeyToken=b03f5f7f11d50a3a" className="TestSuite.Framework.NetworkSettingsTest, TestSuite, Version=1.0.0.0, Culture=neutral, PublicKeyToken=null" name="NetworkSettingsConstructorTest" />
    </UnitTest>
    <UnitTest name="StandLibFactoryConstructorTest" storage="c:\development projects\enn\testsuite\bin\debug\testsuite.dll" id="3c9d6005-6c63-77c2-b4e0-1c2eb9238c86">
      <Execution id="32990e7d-fe79-4ac4-88d9-c49837f8d3ee" />
      <TestMethod codeBase="C:/Development Projects/ENN/TestSuite/bin/Debug/TestSuite.DLL" adapterTypeName="Microsoft.VisualStudio.TestTools.TestTypes.Unit.UnitTestAdapter, Microsoft.VisualStudio.QualityTools.Tips.UnitTest.Adapter, Version=10.0.0.0, Culture=neutral, PublicKeyToken=b03f5f7f11d50a3a" className="TestSuite.Framework.StandLibFactoryTest, TestSuite, Version=1.0.0.0, Culture=neutral, PublicKeyToken=null" name="StandLibFactoryConstructorTest" />
    </UnitTest>
    <UnitTest name="OtherTest" storage="c:\development projects\enn\testsuite\bin\debug\testsuite.dll" id="b5e3a755-a2ab-152d-aa80-c4911fd65e0b">
      <Execution id="7de78522-6c72-40f2-afe0-c6766a1a3b2e" />
      <TestMethod codeBase="C:/Development Projects/ENN/TestSuite/bin/Debug/TestSuite.DLL" adapterTypeName="Microsoft.VisualStudio.TestTools.TestTypes.Unit.UnitTestAdapter, Microsoft.VisualStudio.QualityTools.Tips.UnitTest.Adapter, Version=10.0.0.0, Culture=neutral, PublicKeyToken=b03f5f7f11d50a3a" className="TestSuite.Framework.NetworkSettingsTest, TestSuite, Version=1.0.0.0, Culture=neutral, PublicKeyToken=null" name="OtherTest" />
    </UnitTest>
    <UnitTest name="ThreadedHiddenLayerConstructorTest" storage="c:\development projects\enn\testsuite\bin\debug\testsuite.dll" id="b5ae595f-7dca-73d7-1bda-f09e7ea52bd4">
      <Execution id="d8f6f470-8aa1-4485-8f3d-e6f2bd5d744d" />
      <TestMethod codeBase="C:/Development Projects/ENN/TestSuite/bin/Debug/TestSuite.DLL" adapterTypeName="Microsoft.VisualStudio.TestTools.TestTypes.Unit.UnitTestAdapter, Microsoft.VisualStudio.QualityTools.Tips.UnitTest.Adapter, Version=10.0.0.0, Culture=neutral, PublicKeyToken=b03f5f7f11d50a3a" className="TestSuite.Framework.ThreadedHiddenLayerTest, TestSuite, Version=1.0.0.0, Culture=neutral, PublicKeyToken=null" name="ThreadedHiddenLayerConstructorTest" />
    </UnitTest>
    <UnitTest name="getActivationFunctionTest" storage="c:\development projects\enn\testsuite\bin\debug\testsuite.dll" id="357b4346-32ed-acf9-652d-d83b6fab665a">
      <Execution id="90817729-60a5-49a6-9e08-eebb45352094" />
      <TestMethod codeBase="C:/Development Projects/ENN/TestSuite/bin/Debug/TestSuite.DLL" adapterTypeName="Microsoft.VisualStudio.TestTools.TestTypes.Unit.UnitTestAdapter, Microsoft.VisualStudio.QualityTools.Tips.UnitTest.Adapter, Version=10.0.0.0, Culture=neutral, PublicKeyToken=b03f5f7f11d50a3a" className="TestSuite.Framework.StandLibFactoryTest, TestSuite, Version=1.0.0.0, Culture=neutral, PublicKeyToken=null" name="getActivationFunctionTest" />
    </UnitTest>
    <UnitTest name="EnableTimingTest" storage="c:\development projects\enn\testsuite\bin\debug\testsuite.dll" id="2b901e5f-9814-1f85-ba74-9596bce4ae77">
      <Execution id="271282c3-a1ed-4b18-bae4-06ea15c37f78" />
      <TestMethod codeBase="C:/Development Projects/ENN/TestSuite/bin/Debug/TestSuite.DLL" adapterTypeName="Microsoft.VisualStudio.TestTools.TestTypes.Unit.UnitTestAdapter, Microsoft.VisualStudio.QualityTools.Tips.UnitTest.Adapter, Version=10.0.0.0, Culture=neutral, PublicKeyToken=b03f5f7f11d50a3a" className="TestSuite.Framework.NetworkSettingsTest, TestSuite, Version=1.0.0.0, Culture=neutral, PublicKeyToken=null" name="EnableTimingTest" />
    </UnitTest>
    <UnitTest name="HyperbolicTangentTest" storage="c:\development projects\enn\testsuite\bin\debug\testsuite.dll" id="6d9bec79-b5da-bc4a-5a65-b5aeaeb99bc5">
      <Execution id="9e85eebe-ca19-4cfc-badb-50f9a47ce741" />
      <TestMethod codeBase="C:/Development Projects/ENN/TestSuite/bin/Debug/TestSuite.DLL" adapterTypeName="Microsoft.VisualStudio.TestTools.TestTypes.Unit.UnitTestAdapter, Microsoft.VisualStudio.QualityTools.Tips.UnitTest.Adapter, Version=10.0.0.0, Culture=neutral, PublicKeyToken=b03f5f7f11d50a3a" className="TestSuite.Framework.SigmoidFunctionsTest, TestSuite, Version=1.0.0.0, Culture=neutral, PublicKeyToken=null" name="HyperbolicTangentTest" />
    </UnitTest>
    <UnitTest name="GeneralizedLogisticTest" storage="c:\development projects\enn\testsuite\bin\debug\testsuite.dll" id="d1aa1e04-5762-55e7-0a3f-f25ed3746b8e">
      <Execution id="605ba591-630d-468d-8a36-067028cf4622" />
      <TestMethod codeBase="C:/Development Projects/ENN/TestSuite/bin/Debug/TestSuite.DLL" adapterTypeName="Microsoft.VisualStudio.TestTools.TestTypes.Unit.UnitTestAdapter, Microsoft.VisualStudio.QualityTools.Tips.UnitTest.Adapter, Version=10.0.0.0, Culture=neutral, PublicKeyToken=b03f5f7f11d50a3a" className="TestSuite.Framework.SigmoidFunctionsTest, TestSuite, Version=1.0.0.0, Culture=neutral, PublicKeyToken=null" name="GeneralizedLogisticTest" />
    </UnitTest>
    <UnitTest name="StartNetworkTest" storage="c:\development projects\enn\testsuite\bin\debug\testsuite.dll" id="4d46c574-4e3e-c892-575b-4964cedc723f">
      <Execution id="32870864-8dcb-4c84-acb2-112c67bd5305" />
      <TestMethod codeBase="C:/Development Projects/ENN/TestSuite/bin/Debug/TestSuite.DLL" adapterTypeName="Microsoft.VisualStudio.TestTools.TestTypes.Unit.UnitTestAdapter, Microsoft.VisualStudio.QualityTools.Tips.UnitTest.Adapter, Version=10.0.0.0, Culture=neutral, PublicKeyToken=b03f5f7f11d50a3a" className="TestSuite.Framework.NeuralNetworkTest, TestSuite, Version=1.0.0.0, Culture=neutral, PublicKeyToken=null" name="StartNetworkTest" />
    </UnitTest>
    <UnitTest name="GeneralizedLogisticTest1" storage="c:\development projects\enn\testsuite\bin\debug\testsuite.dll" id="2c89c367-a74f-da41-08f4-450946228133">
      <Execution id="9c39d0c2-e2e4-44eb-a3cf-0088b28db522" />
      <TestMethod codeBase="C:/Development Projects/ENN/TestSuite/bin/Debug/TestSuite.DLL" adapterTypeName="Microsoft.VisualStudio.TestTools.TestTypes.Unit.UnitTestAdapter, Microsoft.VisualStudio.QualityTools.Tips.UnitTest.Adapter, Version=10.0.0.0, Culture=neutral, PublicKeyToken=b03f5f7f11d50a3a" className="TestSuite.Framework.SigmoidFunctionsTest, TestSuite, Version=1.0.0.0, Culture=neutral, PublicKeyToken=null" name="GeneralizedLogisticTest1" />
    </UnitTest>
    <UnitTest name="DefaultOutputLayerTest" storage="c:\development projects\enn\testsuite\bin\debug\testsuite.dll" id="a8823d1a-dea7-22d8-3b80-cec046111d72">
      <Execution id="e55ea496-5e9c-427b-9fe2-e931b4271311" />
      <TestMethod codeBase="C:/Development Projects/ENN/TestSuite/bin/Debug/TestSuite.DLL" adapterTypeName="Microsoft.VisualStudio.TestTools.TestTypes.Unit.UnitTestAdapter, Microsoft.VisualStudio.QualityTools.Tips.UnitTest.Adapter, Version=10.0.0.0, Culture=neutral, PublicKeyToken=b03f5f7f11d50a3a" className="TestSuite.Framework.NetworkSettingsTest, TestSuite, Version=1.0.0.0, Culture=neutral, PublicKeyToken=null" name="DefaultOutputLayerTest" />
    </UnitTest>
    <UnitTest name="SaveLoadBinaryTest" storage="c:\development projects\enn\testsuite\bin\debug\testsuite.dll" id="38c45ed0-2293-3c74-f641-ef31e1cff933">
      <Execution id="ea6680a1-0f8b-4601-bfab-962b93756fa0" />
      <TestMethod codeBase="C:/Development Projects/ENN/TestSuite/bin/Debug/TestSuite.DLL" adapterTypeName="Microsoft.VisualStudio.TestTools.TestTypes.Unit.UnitTestAdapter, Microsoft.VisualStudio.QualityTools.Tips.UnitTest.Adapter, Version=10.0.0.0, Culture=neutral, PublicKeyToken=b03f5f7f11d50a3a" className="TestSuite.Framework.Tools.TopologyTest, TestSuite, Version=1.0.0.0, Culture=neutral, PublicKeyToken=null" name="SaveLoadBinaryTest" />
    </UnitTest>
    <UnitTest name="HillClimbAlgoConstructorTest" storage="c:\development projects\enn\testsuite\bin\debug\testsuite.dll" id="bd6134f3-8c29-55c3-d0c7-c2fb216d01d4">
      <Execution id="8eebeada-5ffc-4313-bf1b-de418d3e1c89" />
      <TestMethod codeBase="C:/Development Projects/ENN/TestSuite/bin/Debug/TestSuite.DLL" adapterTypeName="Microsoft.VisualStudio.TestTools.TestTypes.Unit.UnitTestAdapter, Microsoft.VisualStudio.QualityTools.Tips.UnitTest.Adapter, Version=10.0.0.0, Culture=neutral, PublicKeyToken=b03f5f7f11d50a3a" className="TestSuite.Framework.HillClimbAlgoTest, TestSuite, Version=1.0.0.0, Culture=neutral, PublicKeyToken=null" name="HillClimbAlgoConstructorTest" />
    </UnitTest>
    <UnitTest name="GetValueTest" storage="c:\development projects\enn\testsuite\bin\debug\testsuite.dll" id="7ddb6d66-d4cc-b85e-ceb4-dacdc7709908">
      <Execution id="8eca746a-3946-4099-be3f-002026cdeb8b" />
      <TestMethod codeBase="C:/Development Projects/ENN/TestSuite/bin/Debug/TestSuite.DLL" adapterTypeName="Microsoft.VisualStudio.TestTools.TestTypes.Unit.UnitTestAdapter, Microsoft.VisualStudio.QualityTools.Tips.UnitTest.Adapter, Version=10.0.0.0, Culture=neutral, PublicKeyToken=b03f5f7f11d50a3a" className="TestSuite.Framework.BasicOutputLayerTest, TestSuite, Version=1.0.0.0, Culture=neutral, PublicKeyToken=null" name="GetValueTest" />
    </UnitTest>
    <UnitTest name="EqualsTest" storage="c:\development projects\enn\testsuite\bin\debug\testsuite.dll" id="604a034f-362e-5faa-f734-caee2f5177cf">
      <Execution id="a45b2e75-bffa-4df6-9461-8a6b83bea895" />
      <TestMethod codeBase="C:/Development Projects/ENN/TestSuite/bin/Debug/TestSuite.DLL" adapterTypeName="Microsoft.VisualStudio.TestTools.TestTypes.Unit.UnitTestAdapter, Microsoft.VisualStudio.QualityTools.Tips.UnitTest.Adapter, Version=10.0.0.0, Culture=neutral, PublicKeyToken=b03f5f7f11d50a3a" className="TestSuite.Framework.BasicLayerTest, TestSuite, Version=1.0.0.0, Culture=neutral, PublicKeyToken=null" name="EqualsTest" />
    </UnitTest>
    <UnitTest name="GetValueTest" storage="c:\development projects\enn\testsuite\bin\debug\testsuite.dll" id="ed6cbf7c-1892-3c38-82a7-ffa09ec69e5a">
      <Execution id="89d0b69b-6da0-4559-8eec-fd2d22de9126" />
      <TestMethod codeBase="C:/Development Projects/ENN/TestSuite/bin/Debug/TestSuite.DLL" adapterTypeName="Microsoft.VisualStudio.TestTools.TestTypes.Unit.UnitTestAdapter, Microsoft.VisualStudio.QualityTools.Tips.UnitTest.Adapter, Version=10.0.0.0, Culture=neutral, PublicKeyToken=b03f5f7f11d50a3a" className="TestSuite.Framework.BasicNodeTest, TestSuite, Version=1.0.0.0, Culture=neutral, PublicKeyToken=null" name="GetValueTest" />
    </UnitTest>
    <UnitTest name="TrainingAlgorithmTest" storage="c:\development projects\enn\testsuite\bin\debug\testsuite.dll" id="1f504a14-9109-8935-fb3d-3e0cc9acaced">
      <Execution id="e3af3f2d-6fe1-418e-873a-1da5aec5a7a5" />
      <TestMethod codeBase="C:/Development Projects/ENN/TestSuite/bin/Debug/TestSuite.DLL" adapterTypeName="Microsoft.VisualStudio.TestTools.TestTypes.Unit.UnitTestAdapter, Microsoft.VisualStudio.QualityTools.Tips.UnitTest.Adapter, Version=10.0.0.0, Culture=neutral, PublicKeyToken=b03f5f7f11d50a3a" className="TestSuite.Framework.NetworkTopologyTest, TestSuite, Version=1.0.0.0, Culture=neutral, PublicKeyToken=null" name="TrainingAlgorithmTest" />
    </UnitTest>
    <UnitTest name="DefaultFactoryTest" storage="c:\development projects\enn\testsuite\bin\debug\testsuite.dll" id="b4ff2759-93e7-a8a5-d6b3-d10da4893f5a">
      <Execution id="02fbe7e8-a4c8-4852-ba86-ca5b2fa4d8d0" />
      <TestMethod codeBase="C:/Development Projects/ENN/TestSuite/bin/Debug/TestSuite.DLL" adapterTypeName="Microsoft.VisualStudio.TestTools.TestTypes.Unit.UnitTestAdapter, Microsoft.VisualStudio.QualityTools.Tips.UnitTest.Adapter, Version=10.0.0.0, Culture=neutral, PublicKeyToken=b03f5f7f11d50a3a" className="TestSuite.Framework.NetworkSettingsTest, TestSuite, Version=1.0.0.0, Culture=neutral, PublicKeyToken=null" name="DefaultFactoryTest" />
    </UnitTest>
    <UnitTest name="EqualsTest" storage="c:\development projects\enn\testsuite\bin\debug\testsuite.dll" id="8de660a6-a5b4-4a08-e168-84d6a8847c2d">
      <Execution id="27b1c843-1d06-421f-a46e-0ab5929c7e91" />
      <TestMethod codeBase="C:/Development Projects/ENN/TestSuite/bin/Debug/TestSuite.DLL" adapterTypeName="Microsoft.VisualStudio.TestTools.TestTypes.Unit.UnitTestAdapter, Microsoft.VisualStudio.QualityTools.Tips.UnitTest.Adapter, Version=10.0.0.0, Culture=neutral, PublicKeyToken=b03f5f7f11d50a3a" className="TestSuite.Framework.NetworkTopologyTest, TestSuite, Version=1.0.0.0, Culture=neutral, PublicKeyToken=null" name="EqualsTest" />
    </UnitTest>
    <UnitTest name="EqualsTest" storage="c:\development projects\enn\testsuite\bin\debug\testsuite.dll" id="6a52bd04-93c0-3f97-3dd3-da1b2d4c5d7d">
      <Execution id="44ba4256-74cf-45c2-9bdd-f76a200e62a3" />
      <TestMethod codeBase="C:/Development Projects/ENN/TestSuite/bin/Debug/TestSuite.DLL" adapterTypeName="Microsoft.VisualStudio.TestTools.TestTypes.Unit.UnitTestAdapter, Microsoft.VisualStudio.QualityTools.Tips.UnitTest.Adapter, Version=10.0.0.0, Culture=neutral, PublicKeyToken=b03f5f7f11d50a3a" className="TestSuite.Framework.BasicOutputLayerTest, TestSuite, Version=1.0.0.0, Culture=neutral, PublicKeyToken=null" name="EqualsTest" />
    </UnitTest>
    <UnitTest name="getCombinationFunctionTest" storage="c:\development projects\enn\testsuite\bin\debug\testsuite.dll" id="349f5a51-cd4a-74bd-4680-47d19c2c213f">
      <Execution id="77025315-e5a2-4b93-b587-6c872e1fcc67" />
      <TestMethod codeBase="C:/Development Projects/ENN/TestSuite/bin/Debug/TestSuite.DLL" adapterTypeName="Microsoft.VisualStudio.TestTools.TestTypes.Unit.UnitTestAdapter, Microsoft.VisualStudio.QualityTools.Tips.UnitTest.Adapter, Version=10.0.0.0, Culture=neutral, PublicKeyToken=b03f5f7f11d50a3a" className="TestSuite.Framework.StandLibFactoryTest, TestSuite, Version=1.0.0.0, Culture=neutral, PublicKeyToken=null" name="getCombinationFunctionTest" />
    </UnitTest>
    <UnitTest name="TrainingAccuracyTest" storage="c:\development projects\enn\testsuite\bin\debug\testsuite.dll" id="8c397046-78ee-c33d-3e4c-44a5719d553d">
      <Execution id="2b55dac8-2c33-4a1b-a992-d9a806da7c31" />
      <TestMethod codeBase="C:/Development Projects/ENN/TestSuite/bin/Debug/TestSuite.DLL" adapterTypeName="Microsoft.VisualStudio.TestTools.TestTypes.Unit.UnitTestAdapter, Microsoft.VisualStudio.QualityTools.Tips.UnitTest.Adapter, Version=10.0.0.0, Culture=neutral, PublicKeyToken=b03f5f7f11d50a3a" className="TestSuite.Framework.NetworkSettingsTest, TestSuite, Version=1.0.0.0, Culture=neutral, PublicKeyToken=null" name="TrainingAccuracyTest" />
    </UnitTest>
    <UnitTest name="HiddenLayersTest" storage="c:\development projects\enn\testsuite\bin\debug\testsuite.dll" id="ba1cb5ab-f487-d922-92d1-b5c0b8d6512f">
      <Execution id="2443bfa3-6cf3-4f7c-ae4f-8f4ca8091f56" />
      <TestMethod codeBase="C:/Development Projects/ENN/TestSuite/bin/Debug/TestSuite.DLL" adapterTypeName="Microsoft.VisualStudio.TestTools.TestTypes.Unit.UnitTestAdapter, Microsoft.VisualStudio.QualityTools.Tips.UnitTest.Adapter, Version=10.0.0.0, Culture=neutral, PublicKeyToken=b03f5f7f11d50a3a" className="TestSuite.Framework.NetworkTopologyTest, TestSuite, Version=1.0.0.0, Culture=neutral, PublicKeyToken=null" name="HiddenLayersTest" />
    </UnitTest>
    <UnitTest name="SaveText" storage="c:\development projects\enn\testsuite\bin\debug\testsuite.dll" id="dc7516d4-ea11-52ea-592a-675e802b27f3">
      <Execution id="a9b9514e-9b80-4522-bac2-19ae66f7f8ed" />
      <TestMethod codeBase="C:/Development Projects/ENN/TestSuite/bin/Debug/TestSuite.DLL" adapterTypeName="Microsoft.VisualStudio.TestTools.TestTypes.Unit.UnitTestAdapter, Microsoft.VisualStudio.QualityTools.Tips.UnitTest.Adapter, Version=10.0.0.0, Culture=neutral, PublicKeyToken=b03f5f7f11d50a3a" className="TestSuite.Framework.Tools.SettingsTest, TestSuite, Version=1.0.0.0, Culture=neutral, PublicKeyToken=null" name="SaveText" />
    </UnitTest>
    <UnitTest name="EqualsTest" storage="c:\development projects\enn\testsuite\bin\debug\testsuite.dll" id="b5af2dd1-ef3f-eec7-b120-54c52453cde4">
      <Execution id="c66f63d1-66ec-4087-b89c-b3d796c1390a" />
      <TestMethod codeBase="C:/Development Projects/ENN/TestSuite/bin/Debug/TestSuite.DLL" adapterTypeName="Microsoft.VisualStudio.TestTools.TestTypes.Unit.UnitTestAdapter, Microsoft.VisualStudio.QualityTools.Tips.UnitTest.Adapter, Version=10.0.0.0, Culture=neutral, PublicKeyToken=b03f5f7f11d50a3a" className="TestSuite.Framework.HillClimbAlgoTest, TestSuite, Version=1.0.0.0, Culture=neutral, PublicKeyToken=null" name="EqualsTest" />
    </UnitTest>
    <UnitTest name="PostProcessorTest" storage="c:\development projects\enn\testsuite\bin\debug\testsuite.dll" id="6c48ec72-9487-035f-80b3-d8b19112a2d9">
      <Execution id="b5fe6dc8-6e74-4788-8861-967f5a763e66" />
      <TestMethod codeBase="C:/Development Projects/ENN/TestSuite/bin/Debug/TestSuite.DLL" adapterTypeName="Microsoft.VisualStudio.TestTools.TestTypes.Unit.UnitTestAdapter, Microsoft.VisualStudio.QualityTools.Tips.UnitTest.Adapter, Version=10.0.0.0, Culture=neutral, PublicKeyToken=b03f5f7f11d50a3a" className="TestSuite.Framework.NetworkTopologyTest, TestSuite, Version=1.0.0.0, Culture=neutral, PublicKeyToken=null" name="PostProcessorTest" />
    </UnitTest>
    <UnitTest name="MetaDataTest" storage="c:\development projects\enn\testsuite\bin\debug\testsuite.dll" id="54ea49d7-872c-276b-d1ac-f03e032aae87">
      <Execution id="a6b42a3c-0903-42ab-bad9-79741b7eb0a8" />
      <TestMethod codeBase="C:/Development Projects/ENN/TestSuite/bin/Debug/TestSuite.DLL" adapterTypeName="Microsoft.VisualStudio.TestTools.TestTypes.Unit.UnitTestAdapter, Microsoft.VisualStudio.QualityTools.Tips.UnitTest.Adapter, Version=10.0.0.0, Culture=neutral, PublicKeyToken=b03f5f7f11d50a3a" className="TestSuite.Framework.NetworkTopologyTest, TestSuite, Version=1.0.0.0, Culture=neutral, PublicKeyToken=null" name="MetaDataTest" />
    </UnitTest>
    <UnitTest name="SetSettingsTest" storage="c:\development projects\enn\testsuite\bin\debug\testsuite.dll" id="680a45b5-4f49-a5c2-34cb-d26f2ad2185b">
      <Execution id="50c6c77b-ecc5-42b2-9bc2-2bfb150508d6" />
      <TestMethod codeBase="C:/Development Projects/ENN/TestSuite/bin/Debug/TestSuite.DLL" adapterTypeName="Microsoft.VisualStudio.TestTools.TestTypes.Unit.UnitTestAdapter, Microsoft.VisualStudio.QualityTools.Tips.UnitTest.Adapter, Version=10.0.0.0, Culture=neutral, PublicKeyToken=b03f5f7f11d50a3a" className="TestSuite.Framework.HillClimbAlgoTest, TestSuite, Version=1.0.0.0, Culture=neutral, PublicKeyToken=null" name="SetSettingsTest" />
    </UnitTest>
    <UnitTest name="NetworkTypeTest" storage="c:\development projects\enn\testsuite\bin\debug\testsuite.dll" id="a1ceb0d7-e762-54e4-c7d1-02628c8188ab">
      <Execution id="6fa9623f-3ec0-4b51-9614-8dbb6322fbf9" />
      <TestMethod codeBase="C:/Development Projects/ENN/TestSuite/bin/Debug/TestSuite.DLL" adapterTypeName="Microsoft.VisualStudio.TestTools.TestTypes.Unit.UnitTestAdapter, Microsoft.VisualStudio.QualityTools.Tips.UnitTest.Adapter, Version=10.0.0.0, Culture=neutral, PublicKeyToken=b03f5f7f11d50a3a" className="TestSuite.Framework.NetworkSettingsTest, TestSuite, Version=1.0.0.0, Culture=neutral, PublicKeyToken=null" name="NetworkTypeTest" />
    </UnitTest>
    <UnitTest name="OutputLayerTest" storage="c:\development projects\enn\testsuite\bin\debug\testsuite.dll" id="99f0b5b4-0a2a-3205-9152-e1a3e644b886">
      <Execution id="ec861739-b937-4cf2-b350-3e542d2ee096" />
      <TestMethod codeBase="C:/Development Projects/ENN/TestSuite/bin/Debug/TestSuite.DLL" adapterTypeName="Microsoft.VisualStudio.TestTools.TestTypes.Unit.UnitTestAdapter, Microsoft.VisualStudio.QualityTools.Tips.UnitTest.Adapter, Version=10.0.0.0, Culture=neutral, PublicKeyToken=b03f5f7f11d50a3a" className="TestSuite.Framework.NetworkTopologyTest, TestSuite, Version=1.0.0.0, Culture=neutral, PublicKeyToken=null" name="OutputLayerTest" />
    </UnitTest>
    <UnitTest name="PreProcessorTest" storage="c:\development projects\enn\testsuite\bin\debug\testsuite.dll" id="1b724367-d2c1-3107-fa6a-cfdd80613097">
      <Execution id="51ca7def-f09b-4009-98da-018556d531c8" />
      <TestMethod codeBase="C:/Development Projects/ENN/TestSuite/bin/Debug/TestSuite.DLL" adapterTypeName="Microsoft.VisualStudio.TestTools.TestTypes.Unit.UnitTestAdapter, Microsoft.VisualStudio.QualityTools.Tips.UnitTest.Adapter, Version=10.0.0.0, Culture=neutral, PublicKeyToken=b03f5f7f11d50a3a" className="TestSuite.Framework.NetworkTopologyTest, TestSuite, Version=1.0.0.0, Culture=neutral, PublicKeyToken=null" name="PreProcessorTest" />
    </UnitTest>
    <UnitTest name="TrainingPreProcessorTest" storage="c:\development projects\enn\testsuite\bin\debug\testsuite.dll" id="f1ce82b4-23b4-e9e2-a855-4dfbf8340573">
      <Execution id="78f84ab6-a19b-4828-ae83-6fe4e8404d73" />
      <TestMethod codeBase="C:/Development Projects/ENN/TestSuite/bin/Debug/TestSuite.DLL" adapterTypeName="Microsoft.VisualStudio.TestTools.TestTypes.Unit.UnitTestAdapter, Microsoft.VisualStudio.QualityTools.Tips.UnitTest.Adapter, Version=10.0.0.0, Culture=neutral, PublicKeyToken=b03f5f7f11d50a3a" className="TestSuite.Framework.NetworkTopologyTest, TestSuite, Version=1.0.0.0, Culture=neutral, PublicKeyToken=null" name="TrainingPreProcessorTest" />
    </UnitTest>
    <UnitTest name="ModeTest" storage="c:\development projects\enn\testsuite\bin\debug\testsuite.dll" id="8fa4a54a-bae6-94d8-d573-1647c12d4824">
      <Execution id="b81f8f9d-4ab2-4f76-a650-6a3e827ebe0f" />
      <TestMethod codeBase="C:/Development Projects/ENN/TestSuite/bin/Debug/TestSuite.DLL" adapterTypeName="Microsoft.VisualStudio.TestTools.TestTypes.Unit.UnitTestAdapter, Microsoft.VisualStudio.QualityTools.Tips.UnitTest.Adapter, Version=10.0.0.0, Culture=neutral, PublicKeyToken=b03f5f7f11d50a3a" className="TestSuite.Framework.NetworkSettingsTest, TestSuite, Version=1.0.0.0, Culture=neutral, PublicKeyToken=null" name="ModeTest" />
    </UnitTest>
    <UnitTest name="DefaultNodeTest" storage="c:\development projects\enn\testsuite\bin\debug\testsuite.dll" id="3c3ed5b7-5e6a-8138-0b65-4fd13679f387">
      <Execution id="38ede365-0d07-4295-a1fa-2aae01c62a28" />
      <TestMethod codeBase="C:/Development Projects/ENN/TestSuite/bin/Debug/TestSuite.DLL" adapterTypeName="Microsoft.VisualStudio.TestTools.TestTypes.Unit.UnitTestAdapter, Microsoft.VisualStudio.QualityTools.Tips.UnitTest.Adapter, Version=10.0.0.0, Culture=neutral, PublicKeyToken=b03f5f7f11d50a3a" className="TestSuite.Framework.NetworkSettingsTest, TestSuite, Version=1.0.0.0, Culture=neutral, PublicKeyToken=null" name="DefaultNodeTest" />
    </UnitTest>
    <UnitTest name="sumationTest" storage="c:\development projects\enn\testsuite\bin\debug\testsuite.dll" id="d7de268d-ad00-3d1a-9ef6-c7d7c6d2c881">
      <Execution id="3f4f89b3-6f4e-4387-b0a3-362be13465d6" />
      <TestMethod codeBase="C:/Development Projects/ENN/TestSuite/bin/Debug/TestSuite.DLL" adapterTypeName="Microsoft.VisualStudio.TestTools.TestTypes.Unit.UnitTestAdapter, Microsoft.VisualStudio.QualityTools.Tips.UnitTest.Adapter, Version=10.0.0.0, Culture=neutral, PublicKeyToken=b03f5f7f11d50a3a" className="TestSuite.Framework.CombinationFunctionsTest, TestSuite, Version=1.0.0.0, Culture=neutral, PublicKeyToken=null" name="sumationTest" />
    </UnitTest>
    <UnitTest name="ParseListTest" storage="c:\development projects\enn\testsuite\bin\debug\testsuite.dll" id="e28af217-9e05-374a-b589-3e0e31013f06">
      <Execution id="8ec7b707-c359-4000-8a25-4b4def0eed45" />
      <TestMethod codeBase="C:/Development Projects/ENN/TestSuite/bin/Debug/TestSuite.DLL" adapterTypeName="Microsoft.VisualStudio.TestTools.TestTypes.Unit.UnitTestAdapter, Microsoft.VisualStudio.QualityTools.Tips.UnitTest.Adapter, Version=10.0.0.0, Culture=neutral, PublicKeyToken=b03f5f7f11d50a3a" className="TestSuite.Framework.StandLibFactoryTest, TestSuite, Version=1.0.0.0, Culture=neutral, PublicKeyToken=null" name="ParseListTest" />
    </UnitTest>
    <UnitTest name="GetValueTest" storage="c:\development projects\enn\testsuite\bin\debug\testsuite.dll" id="855130ce-84bf-1161-1eee-aae8000252b2">
      <Execution id="3dce4d0c-0d15-42ad-93ea-f8c8c6ef2ef7" />
      <TestMethod codeBase="C:/Development Projects/ENN/TestSuite/bin/Debug/TestSuite.DLL" adapterTypeName="Microsoft.VisualStudio.TestTools.TestTypes.Unit.UnitTestAdapter, Microsoft.VisualStudio.QualityTools.Tips.UnitTest.Adapter, Version=10.0.0.0, Culture=neutral, PublicKeyToken=b03f5f7f11d50a3a" className="TestSuite.Framework.CustomizableNodeTest, TestSuite, Version=1.0.0.0, Culture=neutral, PublicKeyToken=null" name="GetValueTest" />
    </UnitTest>
    <UnitTest name="NetworkTopologyConstructorTest" storage="c:\development projects\enn\testsuite\bin\debug\testsuite.dll" id="90d4d793-c175-7e4f-a953-2c15482e9127">
      <Execution id="ee26f0dd-ea42-4b09-91ed-9902c01e0d5a" />
      <TestMethod codeBase="C:/Development Projects/ENN/TestSuite/bin/Debug/TestSuite.DLL" adapterTypeName="Microsoft.VisualStudio.TestTools.TestTypes.Unit.UnitTestAdapter, Microsoft.VisualStudio.QualityTools.Tips.UnitTest.Adapter, Version=10.0.0.0, Culture=neutral, PublicKeyToken=b03f5f7f11d50a3a" className="TestSuite.Framework.NetworkTopologyTest, TestSuite, Version=1.0.0.0, Culture=neutral, PublicKeyToken=null" name="NetworkTopologyConstructorTest" />
    </UnitTest>
    <UnitTest name="LoadText" storage="c:\development projects\enn\testsuite\bin\debug\testsuite.dll" id="895e1ad2-9637-1929-bdca-2e13d6ecdf33">
      <Execution id="086da0aa-bcdf-4667-b349-fb8398799535" />
      <TestMethod codeBase="C:/Development Projects/ENN/TestSuite/bin/Debug/TestSuite.DLL" adapterTypeName="Microsoft.VisualStudio.TestTools.TestTypes.Unit.UnitTestAdapter, Microsoft.VisualStudio.QualityTools.Tips.UnitTest.Adapter, Version=10.0.0.0, Culture=neutral, PublicKeyToken=b03f5f7f11d50a3a" className="TestSuite.Framework.Tools.SettingsTest, TestSuite, Version=1.0.0.0, Culture=neutral, PublicKeyToken=null" name="LoadText" />
    </UnitTest>
    <UnitTest name="BasicLayerConstructorTest" storage="c:\development projects\enn\testsuite\bin\debug\testsuite.dll" id="07b21b41-3269-6cca-bc3e-6dc3a61f0299">
      <Execution id="c9f92b79-e19b-4335-a6da-b540158476e2" />
      <TestMethod codeBase="C:/Development Projects/ENN/TestSuite/bin/Debug/TestSuite.DLL" adapterTypeName="Microsoft.VisualStudio.TestTools.TestTypes.Unit.UnitTestAdapter, Microsoft.VisualStudio.QualityTools.Tips.UnitTest.Adapter, Version=10.0.0.0, Culture=neutral, PublicKeyToken=b03f5f7f11d50a3a" className="TestSuite.Framework.BasicLayerTest, TestSuite, Version=1.0.0.0, Culture=neutral, PublicKeyToken=null" name="BasicLayerConstructorTest" />
    </UnitTest>
    <UnitTest name="EqualsTest" storage="c:\development projects\enn\testsuite\bin\debug\testsuite.dll" id="020f297e-a2c1-3a64-4acc-60c7b6d21770">
      <Execution id="a0d34773-abcf-4da0-92fd-13f49552e23c" />
      <TestMethod codeBase="C:/Development Projects/ENN/TestSuite/bin/Debug/TestSuite.DLL" adapterTypeName="Microsoft.VisualStudio.TestTools.TestTypes.Unit.UnitTestAdapter, Microsoft.VisualStudio.QualityTools.Tips.UnitTest.Adapter, Version=10.0.0.0, Culture=neutral, PublicKeyToken=b03f5f7f11d50a3a" className="TestSuite.Framework.CustomizableNodeTest, TestSuite, Version=1.0.0.0, Culture=neutral, PublicKeyToken=null" name="EqualsTest" />
    </UnitTest>
    <UnitTest name="ModifiedLogisticTest" storage="c:\development projects\enn\testsuite\bin\debug\testsuite.dll" id="53c97187-29f3-3a29-3a8c-67e2258754c3">
      <Execution id="a3240518-771d-425c-bf4a-49f15630c21a" />
      <TestMethod codeBase="C:/Development Projects/ENN/TestSuite/bin/Debug/TestSuite.DLL" adapterTypeName="Microsoft.VisualStudio.TestTools.TestTypes.Unit.UnitTestAdapter, Microsoft.VisualStudio.QualityTools.Tips.UnitTest.Adapter, Version=10.0.0.0, Culture=neutral, PublicKeyToken=b03f5f7f11d50a3a" className="TestSuite.Framework.SigmoidFunctionsTest, TestSuite, Version=1.0.0.0, Culture=neutral, PublicKeyToken=null" name="ModifiedLogisticTest" />
    </UnitTest>
    <UnitTest name="CombinationFunctionsConstructorTest" storage="c:\development projects\enn\testsuite\bin\debug\testsuite.dll" id="814adc11-a284-0739-1c15-5af3c44473d8">
      <Execution id="a437ce79-1a86-4c3d-9392-61ea6c58f768" />
      <TestMethod codeBase="C:/Development Projects/ENN/TestSuite/bin/Debug/TestSuite.DLL" adapterTypeName="Microsoft.VisualStudio.TestTools.TestTypes.Unit.UnitTestAdapter, Microsoft.VisualStudio.QualityTools.Tips.UnitTest.Adapter, Version=10.0.0.0, Culture=neutral, PublicKeyToken=b03f5f7f11d50a3a" className="TestSuite.Framework.CombinationFunctionsTest, TestSuite, Version=1.0.0.0, Culture=neutral, PublicKeyToken=null" name="CombinationFunctionsConstructorTest" />
    </UnitTest>
    <UnitTest name="productionTest" storage="c:\development projects\enn\testsuite\bin\debug\testsuite.dll" id="41c561ac-f514-03ed-4f2e-66225ee0a9b3">
      <Execution id="efccc86d-f838-4915-ad4c-72ec78cfa675" />
      <TestMethod codeBase="C:/Development Projects/ENN/TestSuite/bin/Debug/TestSuite.DLL" adapterTypeName="Microsoft.VisualStudio.TestTools.TestTypes.Unit.UnitTestAdapter, Microsoft.VisualStudio.QualityTools.Tips.UnitTest.Adapter, Version=10.0.0.0, Culture=neutral, PublicKeyToken=b03f5f7f11d50a3a" className="TestSuite.Framework.CombinationFunctionsTest, TestSuite, Version=1.0.0.0, Culture=neutral, PublicKeyToken=null" name="productionTest" />
    </UnitTest>
    <UnitTest name="SaveTextTest" storage="c:\development projects\enn\testsuite\bin\debug\testsuite.dll" id="49de5b48-9eaf-d0db-f8b0-e44b0098530f">
      <Execution id="ab19e8cf-e01c-48cb-a4d9-558d6fcd6c5b" />
      <TestMethod codeBase="C:/Development Projects/ENN/TestSuite/bin/Debug/TestSuite.DLL" adapterTypeName="Microsoft.VisualStudio.TestTools.TestTypes.Unit.UnitTestAdapter, Microsoft.VisualStudio.QualityTools.Tips.UnitTest.Adapter, Version=10.0.0.0, Culture=neutral, PublicKeyToken=b03f5f7f11d50a3a" className="TestSuite.Framework.Tools.TopologyTest, TestSuite, Version=1.0.0.0, Culture=neutral, PublicKeyToken=null" name="SaveTextTest" />
    </UnitTest>
    <UnitTest name="LogisticTest" storage="c:\development projects\enn\testsuite\bin\debug\testsuite.dll" id="ca9b7ca8-ec0a-3d74-80eb-bb3fce3380f1">
      <Execution id="d37f4df0-9d7a-438b-8663-0473454bae36" />
      <TestMethod codeBase="C:/Development Projects/ENN/TestSuite/bin/Debug/TestSuite.DLL" adapterTypeName="Microsoft.VisualStudio.TestTools.TestTypes.Unit.UnitTestAdapter, Microsoft.VisualStudio.QualityTools.Tips.UnitTest.Adapter, Version=10.0.0.0, Culture=neutral, PublicKeyToken=b03f5f7f11d50a3a" className="TestSuite.Framework.SigmoidFunctionsTest, TestSuite, Version=1.0.0.0, Culture=neutral, PublicKeyToken=null" name="LogisticTest" />
    </UnitTest>
    <UnitTest name="LoadTextTest" storage="c:\development projects\enn\testsuite\bin\debug\testsuite.dll" id="7d8ab741-01d2-0d2d-1e29-c0fcb83101fd">
      <Execution id="ebe61fcd-c171-49c2-b017-6308d637918f" />
      <TestMethod codeBase="C:/Development Projects/ENN/TestSuite/bin/Debug/TestSuite.DLL" adapterTypeName="Microsoft.VisualStudio.TestTools.TestTypes.Unit.UnitTestAdapter, Microsoft.VisualStudio.QualityTools.Tips.UnitTest.Adapter, Version=10.0.0.0, Culture=neutral, PublicKeyToken=b03f5f7f11d50a3a" className="TestSuite.Framework.Tools.TopologyTest, TestSuite, Version=1.0.0.0, Culture=neutral, PublicKeyToken=null" name="LoadTextTest" />
    </UnitTest>
    <UnitTest name="MetaDataTest" storage="c:\development projects\enn\testsuite\bin\debug\testsuite.dll" id="47b48568-fe23-aa9f-4797-84c392c55991">
      <Execution id="bb2b0393-54a4-49f8-b52c-f0e39206bea0" />
      <TestMethod codeBase="C:/Development Projects/ENN/TestSuite/bin/Debug/TestSuite.DLL" adapterTypeName="Microsoft.VisualStudio.TestTools.TestTypes.Unit.UnitTestAdapter, Microsoft.VisualStudio.QualityTools.Tips.UnitTest.Adapter, Version=10.0.0.0, Culture=neutral, PublicKeyToken=b03f5f7f11d50a3a" className="TestSuite.Framework.BasicLayerTest, TestSuite, Version=1.0.0.0, Culture=neutral, PublicKeyToken=null" name="MetaDataTest" />
    </UnitTest>
    <UnitTest name="GetValuesTest" storage="c:\development projects\enn\testsuite\bin\debug\testsuite.dll" id="f053d416-9380-8069-ef40-6a7789ba8040">
      <Execution id="d491e408-5ef6-46d1-9cfb-5e7e7473d1e7" />
      <TestMethod codeBase="C:/Development Projects/ENN/TestSuite/bin/Debug/TestSuite.DLL" adapterTypeName="Microsoft.VisualStudio.TestTools.TestTypes.Unit.UnitTestAdapter, Microsoft.VisualStudio.QualityTools.Tips.UnitTest.Adapter, Version=10.0.0.0, Culture=neutral, PublicKeyToken=b03f5f7f11d50a3a" className="TestSuite.Framework.BasicLayerTest, TestSuite, Version=1.0.0.0, Culture=neutral, PublicKeyToken=null" name="GetValuesTest" />
    </UnitTest>
    <UnitTest name="ToStringTest" storage="c:\development projects\enn\testsuite\bin\debug\testsuite.dll" id="e000e601-a400-b77b-7cbe-e16a1fb8bf43">
      <Execution id="36d4b2b0-df02-42e9-a374-f536c2e8b73e" />
      <TestMethod codeBase="C:/Development Projects/ENN/TestSuite/bin/Debug/TestSuite.DLL" adapterTypeName="Microsoft.VisualStudio.TestTools.TestTypes.Unit.UnitTestAdapter, Microsoft.VisualStudio.QualityTools.Tips.UnitTest.Adapter, Version=10.0.0.0, Culture=neutral, PublicKeyToken=b03f5f7f11d50a3a" className="TestSuite.Framework.NetworkSettingsTest, TestSuite, Version=1.0.0.0, Culture=neutral, PublicKeyToken=null" name="ToStringTest" />
    </UnitTest>
    <UnitTest name="ComputeDecisionTest" storage="c:\development projects\enn\testsuite\bin\debug\testsuite.dll" id="b6e27dc1-3f73-d482-30bb-5034e06d0f49">
      <Execution id="a485d69b-06aa-40e0-8983-9a69d771fad2" />
      <TestMethod codeBase="C:/Development Projects/ENN/TestSuite/bin/Debug/TestSuite.DLL" adapterTypeName="Microsoft.VisualStudio.TestTools.TestTypes.Unit.UnitTestAdapter, Microsoft.VisualStudio.QualityTools.Tips.UnitTest.Adapter, Version=10.0.0.0, Culture=neutral, PublicKeyToken=b03f5f7f11d50a3a" className="TestSuite.Framework.NeuralNetworkTest, TestSuite, Version=1.0.0.0, Culture=neutral, PublicKeyToken=null" name="ComputeDecisionTest" />
    </UnitTest>
    <UnitTest name="ToStringTest" storage="c:\development projects\enn\testsuite\bin\debug\testsuite.dll" id="ea95e44c-ad70-2fd7-0521-02dea5e03db6">
      <Execution id="9dfaa20f-6a3c-4f61-a10a-159a42c1aa38" />
      <TestMethod codeBase="C:/Development Projects/ENN/TestSuite/bin/Debug/TestSuite.DLL" adapterTypeName="Microsoft.VisualStudio.TestTools.TestTypes.Unit.UnitTestAdapter, Microsoft.VisualStudio.QualityTools.Tips.UnitTest.Adapter, Version=10.0.0.0, Culture=neutral, PublicKeyToken=b03f5f7f11d50a3a" className="TestSuite.Framework.NetworkTopologyTest, TestSuite, Version=1.0.0.0, Culture=neutral, PublicKeyToken=null" name="ToStringTest" />
    </UnitTest>
    <UnitTest name="TrainingIterationsTest" storage="c:\development projects\enn\testsuite\bin\debug\testsuite.dll" id="c598b3e8-9ef4-dda5-2cbb-7eb6dc003da3">
      <Execution id="9a48d29d-e97a-4b9d-87da-eabb893850d0" />
      <TestMethod codeBase="C:/Development Projects/ENN/TestSuite/bin/Debug/TestSuite.DLL" adapterTypeName="Microsoft.VisualStudio.TestTools.TestTypes.Unit.UnitTestAdapter, Microsoft.VisualStudio.QualityTools.Tips.UnitTest.Adapter, Version=10.0.0.0, Culture=neutral, PublicKeyToken=b03f5f7f11d50a3a" className="TestSuite.Framework.NetworkSettingsTest, TestSuite, Version=1.0.0.0, Culture=neutral, PublicKeyToken=null" name="TrainingIterationsTest" />
    </UnitTest>
    <UnitTest name="SaveLoadBinary" storage="c:\development projects\enn\testsuite\bin\debug\testsuite.dll" id="b956f179-a280-645c-1bae-ce922e14d496">
      <Execution id="f67b6e67-24e7-4876-80a5-7cd8b94f4172" />
      <TestMethod codeBase="C:/Development Projects/ENN/TestSuite/bin/Debug/TestSuite.DLL" adapterTypeName="Microsoft.VisualStudio.TestTools.TestTypes.Unit.UnitTestAdapter, Microsoft.VisualStudio.QualityTools.Tips.UnitTest.Adapter, Version=10.0.0.0, Culture=neutral, PublicKeyToken=b03f5f7f11d50a3a" className="TestSuite.Framework.Tools.SettingsTest, TestSuite, Version=1.0.0.0, Culture=neutral, PublicKeyToken=null" name="SaveLoadBinary" />
    </UnitTest>
    <UnitTest name="DefaultHiddenLayerTest" storage="c:\development projects\enn\testsuite\bin\debug\testsuite.dll" id="37a9f4d0-d84b-2633-12b6-49d19baece9d">
      <Execution id="1c954578-176c-4c1d-bcf1-2965b7cd7481" />
      <TestMethod codeBase="C:/Development Projects/ENN/TestSuite/bin/Debug/TestSuite.DLL" adapterTypeName="Microsoft.VisualStudio.TestTools.TestTypes.Unit.UnitTestAdapter, Microsoft.VisualStudio.QualityTools.Tips.UnitTest.Adapter, Version=10.0.0.0, Culture=neutral, PublicKeyToken=b03f5f7f11d50a3a" className="TestSuite.Framework.NetworkSettingsTest, TestSuite, Version=1.0.0.0, Culture=neutral, PublicKeyToken=null" name="DefaultHiddenLayerTest" />
    </UnitTest>
    <UnitTest name="InputLayerTest" storage="c:\development projects\enn\testsuite\bin\debug\testsuite.dll" id="aff7f15c-9745-8d57-d62e-e6de87a6f68c">
      <Execution id="f48f56fb-5881-4ed2-8333-7252828ff9b9" />
      <TestMethod codeBase="C:/Development Projects/ENN/TestSuite/bin/Debug/TestSuite.DLL" adapterTypeName="Microsoft.VisualStudio.TestTools.TestTypes.Unit.UnitTestAdapter, Microsoft.VisualStudio.QualityTools.Tips.UnitTest.Adapter, Version=10.0.0.0, Culture=neutral, PublicKeyToken=b03f5f7f11d50a3a" className="TestSuite.Framework.NetworkTopologyTest, TestSuite, Version=1.0.0.0, Culture=neutral, PublicKeyToken=null" name="InputLayerTest" />
    </UnitTest>
    <UnitTest name="EqualsTest" storage="c:\development projects\enn\testsuite\bin\debug\testsuite.dll" id="18a77028-9543-64bf-e55c-fd2f334a9adb">
      <Execution id="feb62556-0e97-41c8-8e3a-3e411fea0229" />
      <TestMethod codeBase="C:/Development Projects/ENN/TestSuite/bin/Debug/TestSuite.DLL" adapterTypeName="Microsoft.VisualStudio.TestTools.TestTypes.Unit.UnitTestAdapter, Microsoft.VisualStudio.QualityTools.Tips.UnitTest.Adapter, Version=10.0.0.0, Culture=neutral, PublicKeyToken=b03f5f7f11d50a3a" className="TestSuite.Framework.BasicNodeTest, TestSuite, Version=1.0.0.0, Culture=neutral, PublicKeyToken=null" name="EqualsTest" />
    </UnitTest>
    <UnitTest name="NeuralNetworkConstructorTest" storage="c:\development projects\enn\testsuite\bin\debug\testsuite.dll" id="cf73ff44-a6c5-1e64-628c-f9b7f15247dd">
      <Execution id="5b1b3673-b729-42ee-b08b-b1db3966b910" />
      <TestMethod codeBase="C:/Development Projects/ENN/TestSuite/bin/Debug/TestSuite.DLL" adapterTypeName="Microsoft.VisualStudio.TestTools.TestTypes.Unit.UnitTestAdapter, Microsoft.VisualStudio.QualityTools.Tips.UnitTest.Adapter, Version=10.0.0.0, Culture=neutral, PublicKeyToken=b03f5f7f11d50a3a" className="TestSuite.Framework.NeuralNetworkTest, TestSuite, Version=1.0.0.0, Culture=neutral, PublicKeyToken=null" name="NeuralNetworkConstructorTest" />
    </UnitTest>
    <UnitTest name="EqualsTest" storage="c:\development projects\enn\testsuite\bin\debug\testsuite.dll" id="304bcf55-bb27-4a03-1c77-ecdeae3bc051">
      <Execution id="ba257fbe-4942-4154-87ef-b9a03b4db784" />
      <TestMethod codeBase="C:/Development Projects/ENN/TestSuite/bin/Debug/TestSuite.DLL" adapterTypeName="Microsoft.VisualStudio.TestTools.TestTypes.Unit.UnitTestAdapter, Microsoft.VisualStudio.QualityTools.Tips.UnitTest.Adapter, Version=10.0.0.0, Culture=neutral, PublicKeyToken=b03f5f7f11d50a3a" className="TestSuite.Framework.BasicInputLayerTest, TestSuite, Version=1.0.0.0, Culture=neutral, PublicKeyToken=null" name="EqualsTest" />
    </UnitTest>
    <UnitTest name="TrainNetworkTest" storage="c:\development projects\enn\testsuite\bin\debug\testsuite.dll" id="583e1b08-512f-1567-2515-8af7db8880c1">
      <Execution id="292e45af-1727-42e5-a59f-455e01431e5d" />
      <TestMethod codeBase="C:/Development Projects/ENN/TestSuite/bin/Debug/TestSuite.DLL" adapterTypeName="Microsoft.VisualStudio.TestTools.TestTypes.Unit.UnitTestAdapter, Microsoft.VisualStudio.QualityTools.Tips.UnitTest.Adapter, Version=10.0.0.0, Culture=neutral, PublicKeyToken=b03f5f7f11d50a3a" className="TestSuite.Framework.NeuralNetworkTest, TestSuite, Version=1.0.0.0, Culture=neutral, PublicKeyToken=null" name="TrainNetworkTest" />
    </UnitTest>
    <UnitTest name="GetValuesTest" storage="c:\development projects\enn\testsuite\bin\debug\testsuite.dll" id="919fcb5c-9129-e4af-6da8-58234650b9d0">
      <Execution id="975ab95e-f383-416a-bbc5-4b9e89adb7c0" />
      <TestMethod codeBase="C:/Development Projects/ENN/TestSuite/bin/Debug/TestSuite.DLL" adapterTypeName="Microsoft.VisualStudio.TestTools.TestTypes.Unit.UnitTestAdapter, Microsoft.VisualStudio.QualityTools.Tips.UnitTest.Adapter, Version=10.0.0.0, Culture=neutral, PublicKeyToken=b03f5f7f11d50a3a" className="TestSuite.Framework.BasicInputLayerTest, TestSuite, Version=1.0.0.0, Culture=neutral, PublicKeyToken=null" name="GetValuesTest" />
    </UnitTest>
    <UnitTest name="TraininPoolTest" storage="c:\development projects\enn\testsuite\bin\debug\testsuite.dll" id="27e69bba-5d02-273a-8090-be69ec325e3e">
      <Execution id="a89a51af-18ea-4aef-8eba-e2080598eaed" />
      <TestMethod codeBase="C:/Development Projects/ENN/TestSuite/bin/Debug/TestSuite.DLL" adapterTypeName="Microsoft.VisualStudio.TestTools.TestTypes.Unit.UnitTestAdapter, Microsoft.VisualStudio.QualityTools.Tips.UnitTest.Adapter, Version=10.0.0.0, Culture=neutral, PublicKeyToken=b03f5f7f11d50a3a" className="TestSuite.Framework.NetworkSettingsTest, TestSuite, Version=1.0.0.0, Culture=neutral, PublicKeyToken=null" name="TraininPoolTest" />
    </UnitTest>
    <UnitTest name="CreateUserObjectTest" storage="c:\development projects\enn\testsuite\bin\debug\testsuite.dll" id="86183e70-5869-ac26-e602-fe6fdc8564f6">
      <DeploymentItems>
        <DeploymentItem filename="ENN.Framework.dll" />
      </DeploymentItems>
      <Execution id="086b2756-6f6e-4b97-8eec-62f5a8e36d22" />
      <TestMethod codeBase="C:/Development Projects/ENN/TestSuite/bin/Debug/TestSuite.DLL" adapterTypeName="Microsoft.VisualStudio.TestTools.TestTypes.Unit.UnitTestAdapter, Microsoft.VisualStudio.QualityTools.Tips.UnitTest.Adapter, Version=10.0.0.0, Culture=neutral, PublicKeyToken=b03f5f7f11d50a3a" className="TestSuite.Framework.StandLibFactoryTest, TestSuite, Version=1.0.0.0, Culture=neutral, PublicKeyToken=null" name="CreateUserObjectTest" />
    </UnitTest>
    <UnitTest name="WeightsTest" storage="c:\development projects\enn\testsuite\bin\debug\testsuite.dll" id="75f6c7d5-9e5a-8f55-82e3-7c8fe7e13944">
      <Execution id="12d8731a-3fcd-41d3-b83e-dcbc28fd08ac" />
      <TestMethod codeBase="C:/Development Projects/ENN/TestSuite/bin/Debug/TestSuite.DLL" adapterTypeName="Microsoft.VisualStudio.TestTools.TestTypes.Unit.UnitTestAdapter, Microsoft.VisualStudio.QualityTools.Tips.UnitTest.Adapter, Version=10.0.0.0, Culture=neutral, PublicKeyToken=b03f5f7f11d50a3a" className="TestSuite.Framework.BasicNodeTest, TestSuite, Version=1.0.0.0, Culture=neutral, PublicKeyToken=null" name="WeightsTest" />
    </UnitTest>
    <UnitTest name="EqualsTest" storage="c:\development projects\enn\testsuite\bin\debug\testsuite.dll" id="5577bcbe-3b62-1f0a-eed4-fd75c6d9137e">
      <Execution id="170e78c6-38f9-4ab3-a290-edf8e943325b" />
      <TestMethod codeBase="C:/Development Projects/ENN/TestSuite/bin/Debug/TestSuite.DLL" adapterTypeName="Microsoft.VisualStudio.TestTools.TestTypes.Unit.UnitTestAdapter, Microsoft.VisualStudio.QualityTools.Tips.UnitTest.Adapter, Version=10.0.0.0, Culture=neutral, PublicKeyToken=b03f5f7f11d50a3a" className="TestSuite.Framework.NetworkSettingsTest, TestSuite, Version=1.0.0.0, Culture=neutral, PublicKeyToken=null" name="EqualsTest" />
    </UnitTest>
    <UnitTest name="DefaultInputLayerTest" storage="c:\development projects\enn\testsuite\bin\debug\testsuite.dll" id="18bf7b2a-4736-099f-9f87-d6165f9a1d8f">
      <Execution id="26aac475-aa19-4e6a-a1ed-c3565ca7ac99" />
      <TestMethod codeBase="C:/Development Projects/ENN/TestSuite/bin/Debug/TestSuite.DLL" adapterTypeName="Microsoft.VisualStudio.TestTools.TestTypes.Unit.UnitTestAdapter, Microsoft.VisualStudio.QualityTools.Tips.UnitTest.Adapter, Version=10.0.0.0, Culture=neutral, PublicKeyToken=b03f5f7f11d50a3a" className="TestSuite.Framework.NetworkSettingsTest, TestSuite, Version=1.0.0.0, Culture=neutral, PublicKeyToken=null" name="DefaultInputLayerTest" />
    </UnitTest>
    <UnitTest name="SimpleAlgebraTest" storage="c:\development projects\enn\testsuite\bin\debug\testsuite.dll" id="56dba6eb-083e-0230-0e94-72afb7f4ca1f">
      <Execution id="49c5c3dd-c4ed-4469-bb5a-adead75e52a9" />
      <TestMethod codeBase="C:/Development Projects/ENN/TestSuite/bin/Debug/TestSuite.DLL" adapterTypeName="Microsoft.VisualStudio.TestTools.TestTypes.Unit.UnitTestAdapter, Microsoft.VisualStudio.QualityTools.Tips.UnitTest.Adapter, Version=10.0.0.0, Culture=neutral, PublicKeyToken=b03f5f7f11d50a3a" className="TestSuite.Framework.SigmoidFunctionsTest, TestSuite, Version=1.0.0.0, Culture=neutral, PublicKeyToken=null" name="SimpleAlgebraTest" />
    </UnitTest>
    <UnitTest name="MetaDataTest" storage="c:\development projects\enn\testsuite\bin\debug\testsuite.dll" id="f8957ebd-9c0b-9da1-0906-83765d4b5fea">
      <Execution id="c04f0a46-1067-4cf1-94c9-db32f3aa0390" />
      <TestMethod codeBase="C:/Development Projects/ENN/TestSuite/bin/Debug/TestSuite.DLL" adapterTypeName="Microsoft.VisualStudio.TestTools.TestTypes.Unit.UnitTestAdapter, Microsoft.VisualStudio.QualityTools.Tips.UnitTest.Adapter, Version=10.0.0.0, Culture=neutral, PublicKeyToken=b03f5f7f11d50a3a" className="TestSuite.Framework.BasicNodeTest, TestSuite, Version=1.0.0.0, Culture=neutral, PublicKeyToken=null" name="MetaDataTest" />
    </UnitTest>
  </TestDefinitions>
  <TestLists>
    <TestList name="Results Not in a List" id="8c84fa94-04c1-424b-9868-57a2d4851a1d" />
    <TestList name="All Loaded Results" id="19431567-8539-422a-85d7-44ee4e166bda" />
  </TestLists>
  <TestEntries>
    <TestEntry testId="020f297e-a2c1-3a64-4acc-60c7b6d21770" executionId="a0d34773-abcf-4da0-92fd-13f49552e23c" testListId="8c84fa94-04c1-424b-9868-57a2d4851a1d" />
    <TestEntry testId="07b21b41-3269-6cca-bc3e-6dc3a61f0299" executionId="c9f92b79-e19b-4335-a6da-b540158476e2" testListId="8c84fa94-04c1-424b-9868-57a2d4851a1d" />
    <TestEntry testId="18a77028-9543-64bf-e55c-fd2f334a9adb" executionId="feb62556-0e97-41c8-8e3a-3e411fea0229" testListId="8c84fa94-04c1-424b-9868-57a2d4851a1d" />
    <TestEntry testId="18bf7b2a-4736-099f-9f87-d6165f9a1d8f" executionId="26aac475-aa19-4e6a-a1ed-c3565ca7ac99" testListId="8c84fa94-04c1-424b-9868-57a2d4851a1d" />
    <TestEntry testId="1b724367-d2c1-3107-fa6a-cfdd80613097" executionId="51ca7def-f09b-4009-98da-018556d531c8" testListId="8c84fa94-04c1-424b-9868-57a2d4851a1d" />
    <TestEntry testId="1f504a14-9109-8935-fb3d-3e0cc9acaced" executionId="e3af3f2d-6fe1-418e-873a-1da5aec5a7a5" testListId="8c84fa94-04c1-424b-9868-57a2d4851a1d" />
    <TestEntry testId="27e69bba-5d02-273a-8090-be69ec325e3e" executionId="a89a51af-18ea-4aef-8eba-e2080598eaed" testListId="8c84fa94-04c1-424b-9868-57a2d4851a1d" />
    <TestEntry testId="2b901e5f-9814-1f85-ba74-9596bce4ae77" executionId="271282c3-a1ed-4b18-bae4-06ea15c37f78" testListId="8c84fa94-04c1-424b-9868-57a2d4851a1d" />
    <TestEntry testId="2c89c367-a74f-da41-08f4-450946228133" executionId="9c39d0c2-e2e4-44eb-a3cf-0088b28db522" testListId="8c84fa94-04c1-424b-9868-57a2d4851a1d" />
    <TestEntry testId="304bcf55-bb27-4a03-1c77-ecdeae3bc051" executionId="ba257fbe-4942-4154-87ef-b9a03b4db784" testListId="8c84fa94-04c1-424b-9868-57a2d4851a1d" />
    <TestEntry testId="349f5a51-cd4a-74bd-4680-47d19c2c213f" executionId="77025315-e5a2-4b93-b587-6c872e1fcc67" testListId="8c84fa94-04c1-424b-9868-57a2d4851a1d" />
    <TestEntry testId="357b4346-32ed-acf9-652d-d83b6fab665a" executionId="90817729-60a5-49a6-9e08-eebb45352094" testListId="8c84fa94-04c1-424b-9868-57a2d4851a1d" />
    <TestEntry testId="37a9f4d0-d84b-2633-12b6-49d19baece9d" executionId="1c954578-176c-4c1d-bcf1-2965b7cd7481" testListId="8c84fa94-04c1-424b-9868-57a2d4851a1d" />
    <TestEntry testId="38c45ed0-2293-3c74-f641-ef31e1cff933" executionId="ea6680a1-0f8b-4601-bfab-962b93756fa0" testListId="8c84fa94-04c1-424b-9868-57a2d4851a1d" />
    <TestEntry testId="3c3ed5b7-5e6a-8138-0b65-4fd13679f387" executionId="38ede365-0d07-4295-a1fa-2aae01c62a28" testListId="8c84fa94-04c1-424b-9868-57a2d4851a1d" />
    <TestEntry testId="3c9d6005-6c63-77c2-b4e0-1c2eb9238c86" executionId="32990e7d-fe79-4ac4-88d9-c49837f8d3ee" testListId="8c84fa94-04c1-424b-9868-57a2d4851a1d" />
    <TestEntry testId="41c561ac-f514-03ed-4f2e-66225ee0a9b3" executionId="efccc86d-f838-4915-ad4c-72ec78cfa675" testListId="8c84fa94-04c1-424b-9868-57a2d4851a1d" />
    <TestEntry testId="430f1830-9fb9-6f5a-5bbd-8746f440b9db" executionId="4eb63639-d6b0-45d9-90e8-7f0eb2fec79c" testListId="8c84fa94-04c1-424b-9868-57a2d4851a1d" />
    <TestEntry testId="47b48568-fe23-aa9f-4797-84c392c55991" executionId="bb2b0393-54a4-49f8-b52c-f0e39206bea0" testListId="8c84fa94-04c1-424b-9868-57a2d4851a1d" />
    <TestEntry testId="49de5b48-9eaf-d0db-f8b0-e44b0098530f" executionId="ab19e8cf-e01c-48cb-a4d9-558d6fcd6c5b" testListId="8c84fa94-04c1-424b-9868-57a2d4851a1d" />
    <TestEntry testId="4d46c574-4e3e-c892-575b-4964cedc723f" executionId="32870864-8dcb-4c84-acb2-112c67bd5305" testListId="8c84fa94-04c1-424b-9868-57a2d4851a1d" />
    <TestEntry testId="53c97187-29f3-3a29-3a8c-67e2258754c3" executionId="a3240518-771d-425c-bf4a-49f15630c21a" testListId="8c84fa94-04c1-424b-9868-57a2d4851a1d" />
    <TestEntry testId="54ea49d7-872c-276b-d1ac-f03e032aae87" executionId="a6b42a3c-0903-42ab-bad9-79741b7eb0a8" testListId="8c84fa94-04c1-424b-9868-57a2d4851a1d" />
    <TestEntry testId="5577bcbe-3b62-1f0a-eed4-fd75c6d9137e" executionId="170e78c6-38f9-4ab3-a290-edf8e943325b" testListId="8c84fa94-04c1-424b-9868-57a2d4851a1d" />
    <TestEntry testId="56dba6eb-083e-0230-0e94-72afb7f4ca1f" executionId="49c5c3dd-c4ed-4469-bb5a-adead75e52a9" testListId="8c84fa94-04c1-424b-9868-57a2d4851a1d" />
    <TestEntry testId="573b324d-2394-0284-242e-658089f98732" executionId="a40948fb-3093-4688-afa1-83b652d12524" testListId="8c84fa94-04c1-424b-9868-57a2d4851a1d" />
    <TestEntry testId="583e1b08-512f-1567-2515-8af7db8880c1" executionId="292e45af-1727-42e5-a59f-455e01431e5d" testListId="8c84fa94-04c1-424b-9868-57a2d4851a1d" />
    <TestEntry testId="604a034f-362e-5faa-f734-caee2f5177cf" executionId="a45b2e75-bffa-4df6-9461-8a6b83bea895" testListId="8c84fa94-04c1-424b-9868-57a2d4851a1d" />
    <TestEntry testId="680a45b5-4f49-a5c2-34cb-d26f2ad2185b" executionId="50c6c77b-ecc5-42b2-9bc2-2bfb150508d6" testListId="8c84fa94-04c1-424b-9868-57a2d4851a1d" />
    <TestEntry testId="6a52bd04-93c0-3f97-3dd3-da1b2d4c5d7d" executionId="44ba4256-74cf-45c2-9bdd-f76a200e62a3" testListId="8c84fa94-04c1-424b-9868-57a2d4851a1d" />
    <TestEntry testId="6c48ec72-9487-035f-80b3-d8b19112a2d9" executionId="b5fe6dc8-6e74-4788-8861-967f5a763e66" testListId="8c84fa94-04c1-424b-9868-57a2d4851a1d" />
    <TestEntry testId="6d9bec79-b5da-bc4a-5a65-b5aeaeb99bc5" executionId="9e85eebe-ca19-4cfc-badb-50f9a47ce741" testListId="8c84fa94-04c1-424b-9868-57a2d4851a1d" />
    <TestEntry testId="75f6c7d5-9e5a-8f55-82e3-7c8fe7e13944" executionId="12d8731a-3fcd-41d3-b83e-dcbc28fd08ac" testListId="8c84fa94-04c1-424b-9868-57a2d4851a1d" />
    <TestEntry testId="7d8ab741-01d2-0d2d-1e29-c0fcb83101fd" executionId="ebe61fcd-c171-49c2-b017-6308d637918f" testListId="8c84fa94-04c1-424b-9868-57a2d4851a1d" />
    <TestEntry testId="7ddb6d66-d4cc-b85e-ceb4-dacdc7709908" executionId="8eca746a-3946-4099-be3f-002026cdeb8b" testListId="8c84fa94-04c1-424b-9868-57a2d4851a1d" />
    <TestEntry testId="814adc11-a284-0739-1c15-5af3c44473d8" executionId="a437ce79-1a86-4c3d-9392-61ea6c58f768" testListId="8c84fa94-04c1-424b-9868-57a2d4851a1d" />
    <TestEntry testId="855130ce-84bf-1161-1eee-aae8000252b2" executionId="3dce4d0c-0d15-42ad-93ea-f8c8c6ef2ef7" testListId="8c84fa94-04c1-424b-9868-57a2d4851a1d" />
    <TestEntry testId="86183e70-5869-ac26-e602-fe6fdc8564f6" executionId="086b2756-6f6e-4b97-8eec-62f5a8e36d22" testListId="8c84fa94-04c1-424b-9868-57a2d4851a1d" />
    <TestEntry testId="895e1ad2-9637-1929-bdca-2e13d6ecdf33" executionId="086da0aa-bcdf-4667-b349-fb8398799535" testListId="8c84fa94-04c1-424b-9868-57a2d4851a1d" />
    <TestEntry testId="8c397046-78ee-c33d-3e4c-44a5719d553d" executionId="2b55dac8-2c33-4a1b-a992-d9a806da7c31" testListId="8c84fa94-04c1-424b-9868-57a2d4851a1d" />
    <TestEntry testId="8de660a6-a5b4-4a08-e168-84d6a8847c2d" executionId="27b1c843-1d06-421f-a46e-0ab5929c7e91" testListId="8c84fa94-04c1-424b-9868-57a2d4851a1d" />
    <TestEntry testId="8fa4a54a-bae6-94d8-d573-1647c12d4824" executionId="b81f8f9d-4ab2-4f76-a650-6a3e827ebe0f" testListId="8c84fa94-04c1-424b-9868-57a2d4851a1d" />
    <TestEntry testId="90d4d793-c175-7e4f-a953-2c15482e9127" executionId="ee26f0dd-ea42-4b09-91ed-9902c01e0d5a" testListId="8c84fa94-04c1-424b-9868-57a2d4851a1d" />
    <TestEntry testId="919fcb5c-9129-e4af-6da8-58234650b9d0" executionId="975ab95e-f383-416a-bbc5-4b9e89adb7c0" testListId="8c84fa94-04c1-424b-9868-57a2d4851a1d" />
    <TestEntry testId="99f0b5b4-0a2a-3205-9152-e1a3e644b886" executionId="ec861739-b937-4cf2-b350-3e542d2ee096" testListId="8c84fa94-04c1-424b-9868-57a2d4851a1d" />
    <TestEntry testId="a1ceb0d7-e762-54e4-c7d1-02628c8188ab" executionId="6fa9623f-3ec0-4b51-9614-8dbb6322fbf9" testListId="8c84fa94-04c1-424b-9868-57a2d4851a1d" />
    <TestEntry testId="a8823d1a-dea7-22d8-3b80-cec046111d72" executionId="e55ea496-5e9c-427b-9fe2-e931b4271311" testListId="8c84fa94-04c1-424b-9868-57a2d4851a1d" />
    <TestEntry testId="aff7f15c-9745-8d57-d62e-e6de87a6f68c" executionId="f48f56fb-5881-4ed2-8333-7252828ff9b9" testListId="8c84fa94-04c1-424b-9868-57a2d4851a1d" />
    <TestEntry testId="b4ff2759-93e7-a8a5-d6b3-d10da4893f5a" executionId="02fbe7e8-a4c8-4852-ba86-ca5b2fa4d8d0" testListId="8c84fa94-04c1-424b-9868-57a2d4851a1d" />
    <TestEntry testId="b5ae595f-7dca-73d7-1bda-f09e7ea52bd4" executionId="d8f6f470-8aa1-4485-8f3d-e6f2bd5d744d" testListId="8c84fa94-04c1-424b-9868-57a2d4851a1d" />
    <TestEntry testId="b5af2dd1-ef3f-eec7-b120-54c52453cde4" executionId="c66f63d1-66ec-4087-b89c-b3d796c1390a" testListId="8c84fa94-04c1-424b-9868-57a2d4851a1d" />
    <TestEntry testId="b5e3a755-a2ab-152d-aa80-c4911fd65e0b" executionId="7de78522-6c72-40f2-afe0-c6766a1a3b2e" testListId="8c84fa94-04c1-424b-9868-57a2d4851a1d" />
    <TestEntry testId="b6e27dc1-3f73-d482-30bb-5034e06d0f49" executionId="a485d69b-06aa-40e0-8983-9a69d771fad2" testListId="8c84fa94-04c1-424b-9868-57a2d4851a1d" />
    <TestEntry testId="b956f179-a280-645c-1bae-ce922e14d496" executionId="f67b6e67-24e7-4876-80a5-7cd8b94f4172" testListId="8c84fa94-04c1-424b-9868-57a2d4851a1d" />
    <TestEntry testId="ba1cb5ab-f487-d922-92d1-b5c0b8d6512f" executionId="2443bfa3-6cf3-4f7c-ae4f-8f4ca8091f56" testListId="8c84fa94-04c1-424b-9868-57a2d4851a1d" />
    <TestEntry testId="bd6134f3-8c29-55c3-d0c7-c2fb216d01d4" executionId="8eebeada-5ffc-4313-bf1b-de418d3e1c89" testListId="8c84fa94-04c1-424b-9868-57a2d4851a1d" />
    <TestEntry testId="c598b3e8-9ef4-dda5-2cbb-7eb6dc003da3" executionId="9a48d29d-e97a-4b9d-87da-eabb893850d0" testListId="8c84fa94-04c1-424b-9868-57a2d4851a1d" />
    <TestEntry testId="ca9b7ca8-ec0a-3d74-80eb-bb3fce3380f1" executionId="d37f4df0-9d7a-438b-8663-0473454bae36" testListId="8c84fa94-04c1-424b-9868-57a2d4851a1d" />
    <TestEntry testId="cf73ff44-a6c5-1e64-628c-f9b7f15247dd" executionId="5b1b3673-b729-42ee-b08b-b1db3966b910" testListId="8c84fa94-04c1-424b-9868-57a2d4851a1d" />
    <TestEntry testId="d1aa1e04-5762-55e7-0a3f-f25ed3746b8e" executionId="605ba591-630d-468d-8a36-067028cf4622" testListId="8c84fa94-04c1-424b-9868-57a2d4851a1d" />
    <TestEntry testId="d60f0c70-680a-f2a7-be96-723443b7d4dc" executionId="9fd69d8c-bc40-47b0-8fcb-de89a336845d" testListId="8c84fa94-04c1-424b-9868-57a2d4851a1d" />
    <TestEntry testId="d7de268d-ad00-3d1a-9ef6-c7d7c6d2c881" executionId="3f4f89b3-6f4e-4387-b0a3-362be13465d6" testListId="8c84fa94-04c1-424b-9868-57a2d4851a1d" />
    <TestEntry testId="dc7516d4-ea11-52ea-592a-675e802b27f3" executionId="a9b9514e-9b80-4522-bac2-19ae66f7f8ed" testListId="8c84fa94-04c1-424b-9868-57a2d4851a1d" />
    <TestEntry testId="e000e601-a400-b77b-7cbe-e16a1fb8bf43" executionId="36d4b2b0-df02-42e9-a374-f536c2e8b73e" testListId="8c84fa94-04c1-424b-9868-57a2d4851a1d" />
    <TestEntry testId="e28af217-9e05-374a-b589-3e0e31013f06" executionId="8ec7b707-c359-4000-8a25-4b4def0eed45" testListId="8c84fa94-04c1-424b-9868-57a2d4851a1d" />
    <TestEntry testId="ea95e44c-ad70-2fd7-0521-02dea5e03db6" executionId="9dfaa20f-6a3c-4f61-a10a-159a42c1aa38" testListId="8c84fa94-04c1-424b-9868-57a2d4851a1d" />
    <TestEntry testId="ed6cbf7c-1892-3c38-82a7-ffa09ec69e5a" executionId="89d0b69b-6da0-4559-8eec-fd2d22de9126" testListId="8c84fa94-04c1-424b-9868-57a2d4851a1d" />
    <TestEntry testId="f053d416-9380-8069-ef40-6a7789ba8040" executionId="d491e408-5ef6-46d1-9cfb-5e7e7473d1e7" testListId="8c84fa94-04c1-424b-9868-57a2d4851a1d" />
    <TestEntry testId="f1ce82b4-23b4-e9e2-a855-4dfbf8340573" executionId="78f84ab6-a19b-4828-ae83-6fe4e8404d73" testListId="8c84fa94-04c1-424b-9868-57a2d4851a1d" />
    <TestEntry testId="f8957ebd-9c0b-9da1-0906-83765d4b5fea" executionId="c04f0a46-1067-4cf1-94c9-db32f3aa0390" testListId="8c84fa94-04c1-424b-9868-57a2d4851a1d" />
  </TestEntries>
  <Results>
    <UnitTestResult executionId="a0d34773-abcf-4da0-92fd-13f49552e23c" testId="020f297e-a2c1-3a64-4acc-60c7b6d21770" testName="EqualsTest" computerName="LIL-MONEY-PIT" duration="00:00:00.0495215" startTime="2012-02-21T16:55:32.9615564-05:00" endTime="2012-02-21T16:55:33.2745743-05:00" testType="13cdc9d9-ddb5-4fa4-a97d-d965ccfc6d4b" outcome="Inconclusive" testListId="8c84fa94-04c1-424b-9868-57a2d4851a1d" relativeResultsDirectory="a0d34773-abcf-4da0-92fd-13f49552e23c">
      <Output>
        <ErrorInfo>
          <Message>Assert.Inconclusive failed. Verify the correctness of this test method.</Message>
          <StackTrace>   at TestSuite.Framework.CustomizableNodeTest.EqualsTest() in C:\Development Projects\ENN\TestSuite\Framework\Nodes\CustomizableNodeTest.cs:line 43
</StackTrace>
        </ErrorInfo>
      </Output>
    </UnitTestResult>
    <UnitTestResult executionId="c9f92b79-e19b-4335-a6da-b540158476e2" testId="07b21b41-3269-6cca-bc3e-6dc3a61f0299" testName="BasicLayerConstructorTest" computerName="LIL-MONEY-PIT" duration="00:00:00.0017942" startTime="2012-02-21T16:55:33.2765744-05:00" endTime="2012-02-21T16:55:33.2825747-05:00" testType="13cdc9d9-ddb5-4fa4-a97d-d965ccfc6d4b" outcome="Inconclusive" testListId="8c84fa94-04c1-424b-9868-57a2d4851a1d" relativeResultsDirectory="c9f92b79-e19b-4335-a6da-b540158476e2">
      <Output>
        <ErrorInfo>
          <Message>Assert.Inconclusive failed. TODO: Implement code to verify target</Message>
          <StackTrace>   at TestSuite.Framework.BasicLayerTest.BasicLayerConstructorTest() in C:\Development Projects\ENN\TestSuite\Framework\Layers\BasicLayerTest.cs:line 38
</StackTrace>
        </ErrorInfo>
      </Output>
    </UnitTestResult>
    <UnitTestResult executionId="feb62556-0e97-41c8-8e3a-3e411fea0229" testId="18a77028-9543-64bf-e55c-fd2f334a9adb" testName="EqualsTest" computerName="LIL-MONEY-PIT" duration="00:00:00.0024633" startTime="2012-02-21T16:55:33.2845748-05:00" endTime="2012-02-21T16:55:33.2905752-05:00" testType="13cdc9d9-ddb5-4fa4-a97d-d965ccfc6d4b" outcome="Passed" testListId="8c84fa94-04c1-424b-9868-57a2d4851a1d" relativeResultsDirectory="feb62556-0e97-41c8-8e3a-3e411fea0229">
    </UnitTestResult>
    <UnitTestResult executionId="26aac475-aa19-4e6a-a1ed-c3565ca7ac99" testId="18bf7b2a-4736-099f-9f87-d6165f9a1d8f" testName="DefaultInputLayerTest" computerName="LIL-MONEY-PIT" duration="00:00:00.0032936" startTime="2012-02-21T16:55:33.2925753-05:00" endTime="2012-02-21T16:55:33.2985756-05:00" testType="13cdc9d9-ddb5-4fa4-a97d-d965ccfc6d4b" outcome="Inconclusive" testListId="8c84fa94-04c1-424b-9868-57a2d4851a1d" relativeResultsDirectory="26aac475-aa19-4e6a-a1ed-c3565ca7ac99">
      <Output>
        <ErrorInfo>
          <Message>Assert.Inconclusive failed. Verify the correctness of this test method.</Message>
          <StackTrace>   at TestSuite.Framework.NetworkSettingsTest.DefaultInputLayerTest() in C:\Development Projects\ENN\TestSuite\Framework\NetworkSettingsTest.cs:line 164
</StackTrace>
        </ErrorInfo>
      </Output>
    </UnitTestResult>
    <UnitTestResult executionId="51ca7def-f09b-4009-98da-018556d531c8" testId="1b724367-d2c1-3107-fa6a-cfdd80613097" testName="PreProcessorTest" computerName="LIL-MONEY-PIT" duration="00:00:00.0022442" startTime="2012-02-21T16:55:33.3015758-05:00" endTime="2012-02-21T16:55:33.3065761-05:00" testType="13cdc9d9-ddb5-4fa4-a97d-d965ccfc6d4b" outcome="Inconclusive" testListId="8c84fa94-04c1-424b-9868-57a2d4851a1d" relativeResultsDirectory="51ca7def-f09b-4009-98da-018556d531c8">
      <Output>
        <ErrorInfo>
          <Message>Assert.Inconclusive failed. Verify the correctness of this test method.</Message>
          <StackTrace>   at TestSuite.Framework.NetworkTopologyTest.PreProcessorTest() in C:\Development Projects\ENN\TestSuite\Framework\NetworkTopologyTest.cs:line 209
</StackTrace>
        </ErrorInfo>
      </Output>
    </UnitTestResult>
    <UnitTestResult executionId="e3af3f2d-6fe1-418e-873a-1da5aec5a7a5" testId="1f504a14-9109-8935-fb3d-3e0cc9acaced" testName="TrainingAlgorithmTest" computerName="LIL-MONEY-PIT" duration="00:00:00.0015001" startTime="2012-02-21T16:55:33.3085762-05:00" endTime="2012-02-21T16:55:33.3135765-05:00" testType="13cdc9d9-ddb5-4fa4-a97d-d965ccfc6d4b" outcome="Inconclusive" testListId="8c84fa94-04c1-424b-9868-57a2d4851a1d" relativeResultsDirectory="e3af3f2d-6fe1-418e-873a-1da5aec5a7a5">
      <Output>
        <ErrorInfo>
          <Message>Assert.Inconclusive failed. Verify the correctness of this test method.</Message>
          <StackTrace>   at TestSuite.Framework.NetworkTopologyTest.TrainingAlgorithmTest() in C:\Development Projects\ENN\TestSuite\Framework\NetworkTopologyTest.cs:line 224
</StackTrace>
        </ErrorInfo>
      </Output>
    </UnitTestResult>
    <UnitTestResult executionId="a89a51af-18ea-4aef-8eba-e2080598eaed" testId="27e69bba-5d02-273a-8090-be69ec325e3e" testName="TraininPoolTest" computerName="LIL-MONEY-PIT" duration="00:00:00.0012384" startTime="2012-02-21T16:55:33.3155766-05:00" endTime="2012-02-21T16:55:33.3195768-05:00" testType="13cdc9d9-ddb5-4fa4-a97d-d965ccfc6d4b" outcome="Inconclusive" testListId="8c84fa94-04c1-424b-9868-57a2d4851a1d" relativeResultsDirectory="a89a51af-18ea-4aef-8eba-e2080598eaed">
      <Output>
        <ErrorInfo>
          <Message>Assert.Inconclusive failed. Verify the correctness of this test method.</Message>
          <StackTrace>   at TestSuite.Framework.NetworkSettingsTest.TraininPoolTest() in C:\Development Projects\ENN\TestSuite\Framework\NetworkSettingsTest.cs:line 269
</StackTrace>
        </ErrorInfo>
      </Output>
    </UnitTestResult>
    <UnitTestResult executionId="271282c3-a1ed-4b18-bae4-06ea15c37f78" testId="2b901e5f-9814-1f85-ba74-9596bce4ae77" testName="EnableTimingTest" computerName="LIL-MONEY-PIT" duration="00:00:00.0011063" startTime="2012-02-21T16:55:33.3215770-05:00" endTime="2012-02-21T16:55:33.3255772-05:00" testType="13cdc9d9-ddb5-4fa4-a97d-d965ccfc6d4b" outcome="Inconclusive" testListId="8c84fa94-04c1-424b-9868-57a2d4851a1d" relativeResultsDirectory="271282c3-a1ed-4b18-bae4-06ea15c37f78">
      <Output>
        <ErrorInfo>
          <Message>Assert.Inconclusive failed. Verify the correctness of this test method.</Message>
          <StackTrace>   at TestSuite.Framework.NetworkSettingsTest.EnableTimingTest() in C:\Development Projects\ENN\TestSuite\Framework\NetworkSettingsTest.cs:line 209
</StackTrace>
        </ErrorInfo>
      </Output>
    </UnitTestResult>
    <UnitTestResult executionId="9c39d0c2-e2e4-44eb-a3cf-0088b28db522" testId="2c89c367-a74f-da41-08f4-450946228133" testName="GeneralizedLogisticTest1" computerName="LIL-MONEY-PIT" duration="00:00:00.0010863" startTime="2012-02-21T16:55:33.3275773-05:00" endTime="2012-02-21T16:55:33.3325776-05:00" testType="13cdc9d9-ddb5-4fa4-a97d-d965ccfc6d4b" outcome="Passed" testListId="8c84fa94-04c1-424b-9868-57a2d4851a1d" relativeResultsDirectory="9c39d0c2-e2e4-44eb-a3cf-0088b28db522">
    </UnitTestResult>
    <UnitTestResult executionId="ba257fbe-4942-4154-87ef-b9a03b4db784" testId="304bcf55-bb27-4a03-1c77-ecdeae3bc051" testName="EqualsTest" computerName="LIL-MONEY-PIT" duration="00:00:00.0015413" startTime="2012-02-21T16:55:33.3345777-05:00" endTime="2012-02-21T16:55:33.3385779-05:00" testType="13cdc9d9-ddb5-4fa4-a97d-d965ccfc6d4b" outcome="Passed" testListId="8c84fa94-04c1-424b-9868-57a2d4851a1d" relativeResultsDirectory="ba257fbe-4942-4154-87ef-b9a03b4db784">
    </UnitTestResult>
    <UnitTestResult executionId="77025315-e5a2-4b93-b587-6c872e1fcc67" testId="349f5a51-cd4a-74bd-4680-47d19c2c213f" testName="getCombinationFunctionTest" computerName="LIL-MONEY-PIT" duration="00:00:00.0114736" startTime="2012-02-21T16:55:33.3405780-05:00" endTime="2012-02-21T16:55:33.3545788-05:00" testType="13cdc9d9-ddb5-4fa4-a97d-d965ccfc6d4b" outcome="Failed" testListId="8c84fa94-04c1-424b-9868-57a2d4851a1d" relativeResultsDirectory="77025315-e5a2-4b93-b587-6c872e1fcc67">
      <Output>
        <ErrorInfo>
          <Message>Assert.AreEqual failed. Expected:&lt;(null)&gt;. Actual:&lt;ENN.Framework.CombinationFunction&gt;. </Message>
          <StackTrace>   at TestSuite.Framework.StandLibFactoryTest.getCombinationFunctionTest() in C:\Development Projects\ENN\TestSuite\Framework\StandLibFactoryTest.cs:line 152
</StackTrace>
        </ErrorInfo>
      </Output>
    </UnitTestResult>
    <UnitTestResult executionId="90817729-60a5-49a6-9e08-eebb45352094" testId="357b4346-32ed-acf9-652d-d83b6fab665a" testName="getActivationFunctionTest" computerName="LIL-MONEY-PIT" duration="00:00:00.0022096" startTime="2012-02-21T16:55:33.3565790-05:00" endTime="2012-02-21T16:55:33.3615792-05:00" testType="13cdc9d9-ddb5-4fa4-a97d-d965ccfc6d4b" outcome="Failed" testListId="8c84fa94-04c1-424b-9868-57a2d4851a1d" relativeResultsDirectory="90817729-60a5-49a6-9e08-eebb45352094">
      <Output>
        <ErrorInfo>
          <Message>Assert.AreEqual failed. Expected:&lt;(null)&gt;. Actual:&lt;ENN.Framework.ActivationFunction&gt;. </Message>
          <StackTrace>   at TestSuite.Framework.StandLibFactoryTest.getActivationFunctionTest() in C:\Development Projects\ENN\TestSuite\Framework\StandLibFactoryTest.cs:line 138
</StackTrace>
        </ErrorInfo>
      </Output>
    </UnitTestResult>
    <UnitTestResult executionId="1c954578-176c-4c1d-bcf1-2965b7cd7481" testId="37a9f4d0-d84b-2633-12b6-49d19baece9d" testName="DefaultHiddenLayerTest" computerName="LIL-MONEY-PIT" duration="00:00:00.0011906" startTime="2012-02-21T16:55:33.3635794-05:00" endTime="2012-02-21T16:55:33.3675796-05:00" testType="13cdc9d9-ddb5-4fa4-a97d-d965ccfc6d4b" outcome="Inconclusive" testListId="8c84fa94-04c1-424b-9868-57a2d4851a1d" relativeResultsDirectory="1c954578-176c-4c1d-bcf1-2965b7cd7481">
      <Output>
        <ErrorInfo>
          <Message>Assert.Inconclusive failed. Verify the correctness of this test method.</Message>
          <StackTrace>   at TestSuite.Framework.NetworkSettingsTest.DefaultHiddenLayerTest() in C:\Development Projects\ENN\TestSuite\Framework\NetworkSettingsTest.cs:line 149
</StackTrace>
        </ErrorInfo>
      </Output>
    </UnitTestResult>
    <UnitTestResult executionId="ea6680a1-0f8b-4601-bfab-962b93756fa0" testId="38c45ed0-2293-3c74-f641-ef31e1cff933" testName="SaveLoadBinaryTest" computerName="LIL-MONEY-PIT" duration="00:00:00.0178015" startTime="2012-02-21T16:55:33.3705798-05:00" endTime="2012-02-21T16:55:33.3905809-05:00" testType="13cdc9d9-ddb5-4fa4-a97d-d965ccfc6d4b" outcome="Passed" testListId="8c84fa94-04c1-424b-9868-57a2d4851a1d" relativeResultsDirectory="ea6680a1-0f8b-4601-bfab-962b93756fa0">
    </UnitTestResult>
    <UnitTestResult executionId="38ede365-0d07-4295-a1fa-2aae01c62a28" testId="3c3ed5b7-5e6a-8138-0b65-4fd13679f387" testName="DefaultNodeTest" computerName="LIL-MONEY-PIT" duration="00:00:00.0011094" startTime="2012-02-21T16:55:33.3925810-05:00" endTime="2012-02-21T16:55:33.3965812-05:00" testType="13cdc9d9-ddb5-4fa4-a97d-d965ccfc6d4b" outcome="Inconclusive" testListId="8c84fa94-04c1-424b-9868-57a2d4851a1d" relativeResultsDirectory="38ede365-0d07-4295-a1fa-2aae01c62a28">
      <Output>
        <ErrorInfo>
          <Message>Assert.Inconclusive failed. Verify the correctness of this test method.</Message>
          <StackTrace>   at TestSuite.Framework.NetworkSettingsTest.DefaultNodeTest() in C:\Development Projects\ENN\TestSuite\Framework\NetworkSettingsTest.cs:line 179
</StackTrace>
        </ErrorInfo>
      </Output>
    </UnitTestResult>
    <UnitTestResult executionId="32990e7d-fe79-4ac4-88d9-c49837f8d3ee" testId="3c9d6005-6c63-77c2-b4e0-1c2eb9238c86" testName="StandLibFactoryConstructorTest" computerName="LIL-MONEY-PIT" duration="00:00:00.0009019" startTime="2012-02-21T16:55:33.3985814-05:00" endTime="2012-02-21T16:55:33.4025816-05:00" testType="13cdc9d9-ddb5-4fa4-a97d-d965ccfc6d4b" outcome="Inconclusive" testListId="8c84fa94-04c1-424b-9868-57a2d4851a1d" relativeResultsDirectory="32990e7d-fe79-4ac4-88d9-c49837f8d3ee">
      <Output>
        <ErrorInfo>
          <Message>Assert.Inconclusive failed. TODO: Implement code to verify target</Message>
          <StackTrace>   at TestSuite.Framework.StandLibFactoryTest.StandLibFactoryConstructorTest() in C:\Development Projects\ENN\TestSuite\Framework\StandLibFactoryTest.cs:line 89
</StackTrace>
        </ErrorInfo>
      </Output>
    </UnitTestResult>
    <UnitTestResult executionId="efccc86d-f838-4915-ad4c-72ec78cfa675" testId="41c561ac-f514-03ed-4f2e-66225ee0a9b3" testName="productionTest" computerName="LIL-MONEY-PIT" duration="00:00:00.0083947" startTime="2012-02-21T16:55:33.4055818-05:00" endTime="2012-02-21T16:55:33.4165824-05:00" testType="13cdc9d9-ddb5-4fa4-a97d-d965ccfc6d4b" outcome="Failed" testListId="8c84fa94-04c1-424b-9868-57a2d4851a1d" relativeResultsDirectory="efccc86d-f838-4915-ad4c-72ec78cfa675">
      <Output>
        <ErrorInfo>
          <Message>Test method TestSuite.Framework.CombinationFunctionsTest.productionTest threw exception: 
System.NullReferenceException: Object reference not set to an instance of an object.</Message>
          <StackTrace>    at ENN.Framework.CombinationFunctions.production(Single[] nodeValues, Single[] constants) in C:\Development Projects\ENN\ENN.Framework\CombinationFunctions.cs:line 62
   at TestSuite.Framework.CombinationFunctionsTest.productionTest() in C:\Development Projects\ENN\TestSuite\Framework\CombinationFunctionsTest.cs:line 102
</StackTrace>
        </ErrorInfo>
      </Output>
    </UnitTestResult>
    <UnitTestResult executionId="4eb63639-d6b0-45d9-90e8-7f0eb2fec79c" testId="430f1830-9fb9-6f5a-5bbd-8746f440b9db" testName="GetValuesTest" computerName="LIL-MONEY-PIT" duration="00:00:00.0028717" startTime="2012-02-21T16:55:33.4185825-05:00" endTime="2012-02-21T16:55:33.4245828-05:00" testType="13cdc9d9-ddb5-4fa4-a97d-d965ccfc6d4b" outcome="Failed" testListId="8c84fa94-04c1-424b-9868-57a2d4851a1d" relativeResultsDirectory="4eb63639-d6b0-45d9-90e8-7f0eb2fec79c">
      <Output>
        <ErrorInfo>
          <Message>Test method TestSuite.Framework.ThreadedHiddenLayerTest.GetValuesTest threw exception: 
System.NullReferenceException: Object reference not set to an instance of an object.</Message>
          <StackTrace>    at ENN.Framework.ThreadedHiddenLayer.GetValues(Single[] values) in C:\Development Projects\ENN\ENN.Framework\Layers\TreadedHiddenLayer.cs:line 40
   at TestSuite.Framework.ThreadedHiddenLayerTest.GetValuesTest() in C:\Development Projects\ENN\TestSuite\Framework\Layers\ThreadedHiddenLayerTest.cs:line 52
</StackTrace>
        </ErrorInfo>
      </Output>
    </UnitTestResult>
    <UnitTestResult executionId="bb2b0393-54a4-49f8-b52c-f0e39206bea0" testId="47b48568-fe23-aa9f-4797-84c392c55991" testName="MetaDataTest" computerName="LIL-MONEY-PIT" duration="00:00:00.0012684" startTime="2012-02-21T16:55:33.4255829-05:00" endTime="2012-02-21T16:55:33.4295831-05:00" testType="13cdc9d9-ddb5-4fa4-a97d-d965ccfc6d4b" outcome="Inconclusive" testListId="8c84fa94-04c1-424b-9868-57a2d4851a1d" relativeResultsDirectory="bb2b0393-54a4-49f8-b52c-f0e39206bea0">
      <Output>
        <ErrorInfo>
          <Message>Assert.Inconclusive failed. Verify the correctness of this test method.</Message>
          <StackTrace>   at TestSuite.Framework.BasicLayerTest.MetaDataTest() in C:\Development Projects\ENN\TestSuite\Framework\Layers\BasicLayerTest.cs:line 86
</StackTrace>
        </ErrorInfo>
      </Output>
    </UnitTestResult>
    <UnitTestResult executionId="ab19e8cf-e01c-48cb-a4d9-558d6fcd6c5b" testId="49de5b48-9eaf-d0db-f8b0-e44b0098530f" testName="SaveTextTest" computerName="LIL-MONEY-PIT" duration="00:00:00.0824742" startTime="2012-02-21T16:55:33.4305832-05:00" endTime="2012-02-21T16:55:33.5155880-05:00" testType="13cdc9d9-ddb5-4fa4-a97d-d965ccfc6d4b" outcome="Passed" testListId="8c84fa94-04c1-424b-9868-57a2d4851a1d" relativeResultsDirectory="ab19e8cf-e01c-48cb-a4d9-558d6fcd6c5b">
    </UnitTestResult>
    <UnitTestResult executionId="32870864-8dcb-4c84-acb2-112c67bd5305" testId="4d46c574-4e3e-c892-575b-4964cedc723f" testName="StartNetworkTest" computerName="LIL-MONEY-PIT" duration="00:00:00.0025784" startTime="2012-02-21T16:55:33.5185882-05:00" endTime="2012-02-21T16:55:33.5245886-05:00" testType="13cdc9d9-ddb5-4fa4-a97d-d965ccfc6d4b" outcome="Failed" testListId="8c84fa94-04c1-424b-9868-57a2d4851a1d" relativeResultsDirectory="32870864-8dcb-4c84-acb2-112c67bd5305">
      <Output>
        <ErrorInfo>
          <Message>Test method TestSuite.Framework.NeuralNetworkTest.StartNetworkTest threw exception: 
System.NullReferenceException: Object reference not set to an instance of an object.</Message>
          <StackTrace>    at ENN.Framework.NeuralNetwork.StartNetwork(Object state) in C:\Development Projects\ENN\ENN.Framework\NeuralNetwork.cs:line 45
   at TestSuite.Framework.NeuralNetworkTest.StartNetworkTest() in C:\Development Projects\ENN\TestSuite\Framework\NeuralNetworkTest.cs:line 65
</StackTrace>
        </ErrorInfo>
      </Output>
    </UnitTestResult>
    <UnitTestResult executionId="a3240518-771d-425c-bf4a-49f15630c21a" testId="53c97187-29f3-3a29-3a8c-67e2258754c3" testName="ModifiedLogisticTest" computerName="LIL-MONEY-PIT" duration="00:00:00.0005458" startTime="2012-02-21T16:55:33.5315890-05:00" endTime="2012-02-21T16:55:33.5355892-05:00" testType="13cdc9d9-ddb5-4fa4-a97d-d965ccfc6d4b" outcome="Passed" testListId="8c84fa94-04c1-424b-9868-57a2d4851a1d" relativeResultsDirectory="a3240518-771d-425c-bf4a-49f15630c21a">
    </UnitTestResult>
    <UnitTestResult executionId="a6b42a3c-0903-42ab-bad9-79741b7eb0a8" testId="54ea49d7-872c-276b-d1ac-f03e032aae87" testName="MetaDataTest" computerName="LIL-MONEY-PIT" duration="00:00:00.0009978" startTime="2012-02-21T16:55:33.5395894-05:00" endTime="2012-02-21T16:55:33.5445897-05:00" testType="13cdc9d9-ddb5-4fa4-a97d-d965ccfc6d4b" outcome="Inconclusive" testListId="8c84fa94-04c1-424b-9868-57a2d4851a1d" relativeResultsDirectory="a6b42a3c-0903-42ab-bad9-79741b7eb0a8">
      <Output>
        <ErrorInfo>
          <Message>Assert.Inconclusive failed. Verify the correctness of this test method.</Message>
          <StackTrace>   at TestSuite.Framework.NetworkTopologyTest.MetaDataTest() in C:\Development Projects\ENN\TestSuite\Framework\NetworkTopologyTest.cs:line 164
</StackTrace>
        </ErrorInfo>
      </Output>
    </UnitTestResult>
    <UnitTestResult executionId="170e78c6-38f9-4ab3-a290-edf8e943325b" testId="5577bcbe-3b62-1f0a-eed4-fd75c6d9137e" testName="EqualsTest" computerName="LIL-MONEY-PIT" duration="00:00:00.0031389" startTime="2012-02-21T16:55:33.5495900-05:00" endTime="2012-02-21T16:55:33.5575904-05:00" testType="13cdc9d9-ddb5-4fa4-a97d-d965ccfc6d4b" outcome="Failed" testListId="8c84fa94-04c1-424b-9868-57a2d4851a1d" relativeResultsDirectory="170e78c6-38f9-4ab3-a290-edf8e943325b">
      <Output>
        <ErrorInfo>
          <Message>Assert.AreEqual failed. Expected:&lt;False&gt;. Actual:&lt;True&gt;. </Message>
          <StackTrace>   at TestSuite.Framework.NetworkSettingsTest.EqualsTest() in C:\Development Projects\ENN\TestSuite\Framework\NetworkSettingsTest.cs:line 104
</StackTrace>
        </ErrorInfo>
      </Output>
    </UnitTestResult>
    <UnitTestResult executionId="49c5c3dd-c4ed-4469-bb5a-adead75e52a9" testId="56dba6eb-083e-0230-0e94-72afb7f4ca1f" testName="SimpleAlgebraTest" computerName="LIL-MONEY-PIT" duration="00:00:00.0005431" startTime="2012-02-21T16:55:33.5615907-05:00" endTime="2012-02-21T16:55:33.5675910-05:00" testType="13cdc9d9-ddb5-4fa4-a97d-d965ccfc6d4b" outcome="Passed" testListId="8c84fa94-04c1-424b-9868-57a2d4851a1d" relativeResultsDirectory="49c5c3dd-c4ed-4469-bb5a-adead75e52a9">
    </UnitTestResult>
    <UnitTestResult executionId="a40948fb-3093-4688-afa1-83b652d12524" testId="573b324d-2394-0284-242e-658089f98732" testName="NetworkSettingsConstructorTest" computerName="LIL-MONEY-PIT" duration="00:00:00.0008515" startTime="2012-02-21T16:55:33.5705912-05:00" endTime="2012-02-21T16:55:33.5735914-05:00" testType="13cdc9d9-ddb5-4fa4-a97d-d965ccfc6d4b" outcome="Inconclusive" testListId="8c84fa94-04c1-424b-9868-57a2d4851a1d" relativeResultsDirectory="a40948fb-3093-4688-afa1-83b652d12524">
      <Output>
        <ErrorInfo>
          <Message>Assert.Inconclusive failed. TODO: Implement code to verify target</Message>
          <StackTrace>   at TestSuite.Framework.NetworkSettingsTest.NetworkSettingsConstructorTest() in C:\Development Projects\ENN\TestSuite\Framework\NetworkSettingsTest.cs:line 90
</StackTrace>
        </ErrorInfo>
      </Output>
    </UnitTestResult>
    <UnitTestResult executionId="292e45af-1727-42e5-a59f-455e01431e5d" testId="583e1b08-512f-1567-2515-8af7db8880c1" testName="TrainNetworkTest" computerName="LIL-MONEY-PIT" duration="00:00:00.0008642" startTime="2012-02-21T16:55:33.5755915-05:00" endTime="2012-02-21T16:55:33.5835919-05:00" testType="13cdc9d9-ddb5-4fa4-a97d-d965ccfc6d4b" outcome="Inconclusive" testListId="8c84fa94-04c1-424b-9868-57a2d4851a1d" relativeResultsDirectory="292e45af-1727-42e5-a59f-455e01431e5d">
      <Output>
        <ErrorInfo>
          <Message>Assert.Inconclusive failed. A method that does not return a value cannot be verified.</Message>
          <StackTrace>   at TestSuite.Framework.NeuralNetworkTest.TrainNetworkTest() in C:\Development Projects\ENN\TestSuite\Framework\NeuralNetworkTest.cs:line 75
</StackTrace>
        </ErrorInfo>
      </Output>
    </UnitTestResult>
    <UnitTestResult executionId="a45b2e75-bffa-4df6-9461-8a6b83bea895" testId="604a034f-362e-5faa-f734-caee2f5177cf" testName="EqualsTest" computerName="LIL-MONEY-PIT" duration="00:00:00.0010005" startTime="2012-02-21T16:55:33.5855921-05:00" endTime="2012-02-21T16:55:33.5905923-05:00" testType="13cdc9d9-ddb5-4fa4-a97d-d965ccfc6d4b" outcome="Inconclusive" testListId="8c84fa94-04c1-424b-9868-57a2d4851a1d" relativeResultsDirectory="a45b2e75-bffa-4df6-9461-8a6b83bea895">
      <Output>
        <ErrorInfo>
          <Message>Assert.Inconclusive failed. Verify the correctness of this test method.</Message>
          <StackTrace>   at TestSuite.Framework.BasicLayerTest.EqualsTest() in C:\Development Projects\ENN\TestSuite\Framework\Layers\BasicLayerTest.cs:line 54
</StackTrace>
        </ErrorInfo>
      </Output>
    </UnitTestResult>
    <UnitTestResult executionId="50c6c77b-ecc5-42b2-9bc2-2bfb150508d6" testId="680a45b5-4f49-a5c2-34cb-d26f2ad2185b" testName="SetSettingsTest" computerName="LIL-MONEY-PIT" duration="00:00:00.0032786" startTime="2012-02-21T16:55:33.5925925-05:00" endTime="2012-02-21T16:55:33.5995929-05:00" testType="13cdc9d9-ddb5-4fa4-a97d-d965ccfc6d4b" outcome="Failed" testListId="8c84fa94-04c1-424b-9868-57a2d4851a1d" relativeResultsDirectory="50c6c77b-ecc5-42b2-9bc2-2bfb150508d6">
      <Output>
        <ErrorInfo>
          <Message>Test method TestSuite.Framework.HillClimbAlgoTest.SetSettingsTest threw exception: 
System.NullReferenceException: Object reference not set to an instance of an object.</Message>
          <StackTrace>    at ENN.Framework.HillClimbAlgo.SetSettings(NetworkSettings settings) in C:\Development Projects\ENN\ENN.Framework\HillClimbAlgo.cs:line 64
   at TestSuite.Framework.HillClimbAlgoTest.SetSettingsTest() in C:\Development Projects\ENN\TestSuite\Framework\HillClimbAlgoTest.cs:line 115
</StackTrace>
        </ErrorInfo>
      </Output>
    </UnitTestResult>
    <UnitTestResult executionId="44ba4256-74cf-45c2-9bdd-f76a200e62a3" testId="6a52bd04-93c0-3f97-3dd3-da1b2d4c5d7d" testName="EqualsTest" computerName="LIL-MONEY-PIT" duration="00:00:00.0005962" startTime="2012-02-21T16:55:33.6025930-05:00" endTime="2012-02-21T16:55:33.6065933-05:00" testType="13cdc9d9-ddb5-4fa4-a97d-d965ccfc6d4b" outcome="Passed" testListId="8c84fa94-04c1-424b-9868-57a2d4851a1d" relativeResultsDirectory="44ba4256-74cf-45c2-9bdd-f76a200e62a3">
    </UnitTestResult>
    <UnitTestResult executionId="b5fe6dc8-6e74-4788-8861-967f5a763e66" testId="6c48ec72-9487-035f-80b3-d8b19112a2d9" testName="PostProcessorTest" computerName="LIL-MONEY-PIT" duration="00:00:00.0010563" startTime="2012-02-21T16:55:33.6085934-05:00" endTime="2012-02-21T16:55:33.6125936-05:00" testType="13cdc9d9-ddb5-4fa4-a97d-d965ccfc6d4b" outcome="Inconclusive" testListId="8c84fa94-04c1-424b-9868-57a2d4851a1d" relativeResultsDirectory="b5fe6dc8-6e74-4788-8861-967f5a763e66">
      <Output>
        <ErrorInfo>
          <Message>Assert.Inconclusive failed. Verify the correctness of this test method.</Message>
          <StackTrace>   at TestSuite.Framework.NetworkTopologyTest.PostProcessorTest() in C:\Development Projects\ENN\TestSuite\Framework\NetworkTopologyTest.cs:line 194
</StackTrace>
        </ErrorInfo>
      </Output>
    </UnitTestResult>
    <UnitTestResult executionId="9e85eebe-ca19-4cfc-badb-50f9a47ce741" testId="6d9bec79-b5da-bc4a-5a65-b5aeaeb99bc5" testName="HyperbolicTangentTest" computerName="LIL-MONEY-PIT" duration="00:00:00.0005678" startTime="2012-02-21T16:55:33.6155938-05:00" endTime="2012-02-21T16:55:33.6195940-05:00" testType="13cdc9d9-ddb5-4fa4-a97d-d965ccfc6d4b" outcome="Passed" testListId="8c84fa94-04c1-424b-9868-57a2d4851a1d" relativeResultsDirectory="9e85eebe-ca19-4cfc-badb-50f9a47ce741">
    </UnitTestResult>
    <UnitTestResult executionId="12d8731a-3fcd-41d3-b83e-dcbc28fd08ac" testId="75f6c7d5-9e5a-8f55-82e3-7c8fe7e13944" testName="WeightsTest" computerName="LIL-MONEY-PIT" duration="00:00:00.0005208" startTime="2012-02-21T16:55:33.6225942-05:00" endTime="2012-02-21T16:55:33.6245943-05:00" testType="13cdc9d9-ddb5-4fa4-a97d-d965ccfc6d4b" outcome="Passed" testListId="8c84fa94-04c1-424b-9868-57a2d4851a1d" relativeResultsDirectory="12d8731a-3fcd-41d3-b83e-dcbc28fd08ac">
    </UnitTestResult>
    <UnitTestResult executionId="ebe61fcd-c171-49c2-b017-6308d637918f" testId="7d8ab741-01d2-0d2d-1e29-c0fcb83101fd" testName="LoadTextTest" computerName="LIL-MONEY-PIT" duration="00:00:00.0009620" startTime="2012-02-21T16:55:33.6615964-05:00" endTime="2012-02-21T16:55:33.6645966-05:00" testType="13cdc9d9-ddb5-4fa4-a97d-d965ccfc6d4b" outcome="Passed" testListId="8c84fa94-04c1-424b-9868-57a2d4851a1d" relativeResultsDirectory="ebe61fcd-c171-49c2-b017-6308d637918f">
    </UnitTestResult>
    <UnitTestResult executionId="8eca746a-3946-4099-be3f-002026cdeb8b" testId="7ddb6d66-d4cc-b85e-ceb4-dacdc7709908" testName="GetValueTest" computerName="LIL-MONEY-PIT" duration="00:00:00.0006752" startTime="2012-02-21T16:55:33.6665967-05:00" endTime="2012-02-21T16:55:33.6705969-05:00" testType="13cdc9d9-ddb5-4fa4-a97d-d965ccfc6d4b" outcome="Passed" testListId="8c84fa94-04c1-424b-9868-57a2d4851a1d" relativeResultsDirectory="8eca746a-3946-4099-be3f-002026cdeb8b">
    </UnitTestResult>
    <UnitTestResult executionId="a437ce79-1a86-4c3d-9392-61ea6c58f768" testId="814adc11-a284-0739-1c15-5af3c44473d8" testName="CombinationFunctionsConstructorTest" computerName="LIL-MONEY-PIT" duration="00:00:00.0011040" startTime="2012-02-21T16:55:33.6725970-05:00" endTime="2012-02-21T16:55:33.6765973-05:00" testType="13cdc9d9-ddb5-4fa4-a97d-d965ccfc6d4b" outcome="Inconclusive" testListId="8c84fa94-04c1-424b-9868-57a2d4851a1d" relativeResultsDirectory="a437ce79-1a86-4c3d-9392-61ea6c58f768">
      <Output>
        <ErrorInfo>
          <Message>Assert.Inconclusive failed. TODO: Implement code to verify target</Message>
          <StackTrace>   at TestSuite.Framework.CombinationFunctionsTest.CombinationFunctionsConstructorTest() in C:\Development Projects\ENN\TestSuite\Framework\CombinationFunctionsTest.cs:line 89
</StackTrace>
        </ErrorInfo>
      </Output>
    </UnitTestResult>
    <UnitTestResult executionId="3dce4d0c-0d15-42ad-93ea-f8c8c6ef2ef7" testId="855130ce-84bf-1161-1eee-aae8000252b2" testName="GetValueTest" computerName="LIL-MONEY-PIT" duration="00:00:00.0030034" startTime="2012-02-21T16:55:33.6785974-05:00" endTime="2012-02-21T16:55:33.6855978-05:00" testType="13cdc9d9-ddb5-4fa4-a97d-d965ccfc6d4b" outcome="Failed" testListId="8c84fa94-04c1-424b-9868-57a2d4851a1d" relativeResultsDirectory="3dce4d0c-0d15-42ad-93ea-f8c8c6ef2ef7">
      <Output>
        <ErrorInfo>
          <Message>Test method TestSuite.Framework.CustomizableNodeTest.GetValueTest threw exception: 
System.NullReferenceException: Object reference not set to an instance of an object.</Message>
          <StackTrace>    at ENN.Framework.CombinationFunctions.sumation(Single[] nodeValues, Single[] constants) in C:\Development Projects\ENN\ENN.Framework\CombinationFunctions.cs:line 43
   at ENN.Framework.CustomizableNode.GetValue(Single[] nodeValues) in C:\Development Projects\ENN\ENN.Framework\Nodes\CustomizableNode.cs:line 52
   at TestSuite.Framework.CustomizableNodeTest.GetValueTest() in C:\Development Projects\ENN\TestSuite\Framework\Nodes\CustomizableNodeTest.cs:line 56
</StackTrace>
        </ErrorInfo>
      </Output>
    </UnitTestResult>
    <UnitTestResult executionId="086b2756-6f6e-4b97-8eec-62f5a8e36d22" testId="86183e70-5869-ac26-e602-fe6fdc8564f6" testName="CreateUserObjectTest" computerName="LIL-MONEY-PIT" duration="00:00:00.0014008" startTime="2012-02-21T16:55:33.6875979-05:00" endTime="2012-02-21T16:55:33.6935982-05:00" testType="13cdc9d9-ddb5-4fa4-a97d-d965ccfc6d4b" outcome="Inconclusive" testListId="8c84fa94-04c1-424b-9868-57a2d4851a1d" relativeResultsDirectory="086b2756-6f6e-4b97-8eec-62f5a8e36d22">
      <Output>
        <ErrorInfo>
          <Message>Assert.Inconclusive failed. Verify the correctness of this test method.</Message>
          <StackTrace>   at TestSuite.Framework.StandLibFactoryTest.CreateUserObjectTestHelper[TObject]() in C:\Development Projects\ENN\TestSuite\Framework\StandLibFactoryTest.cs:line 104
   at TestSuite.Framework.StandLibFactoryTest.CreateUserObjectTest() in C:\Development Projects\ENN\TestSuite\Framework\StandLibFactoryTest.cs:line 111
</StackTrace>
        </ErrorInfo>
      </Output>
    </UnitTestResult>
    <UnitTestResult executionId="086da0aa-bcdf-4667-b349-fb8398799535" testId="895e1ad2-9637-1929-bdca-2e13d6ecdf33" testName="LoadText" computerName="LIL-MONEY-PIT" duration="00:00:00.0032879" startTime="2012-02-21T16:55:33.6965984-05:00" endTime="2012-02-21T16:55:33.7035988-05:00" testType="13cdc9d9-ddb5-4fa4-a97d-d965ccfc6d4b" outcome="Failed" testListId="8c84fa94-04c1-424b-9868-57a2d4851a1d" relativeResultsDirectory="086da0aa-bcdf-4667-b349-fb8398799535">
      <Output>
        <ErrorInfo>
          <Message>Test method TestSuite.Framework.Tools.SettingsTest.LoadText threw exception: 
System.ArgumentException: An item with the same key has already been added.</Message>
          <StackTrace>    at System.Collections.Generic.Dictionary`2.Insert(TKey key, TValue value, Boolean add)
   at TestSuite.Framework.Tools.SettingsTest.SetBaseSetting() in C:\Development Projects\ENN\TestSuite\Framework\Tools\SettingsTest.cs:line 89
   at TestSuite.Framework.Tools.SettingsTest.LoadText() in C:\Development Projects\ENN\TestSuite\Framework\Tools\SettingsTest.cs:line 46
</StackTrace>
        </ErrorInfo>
      </Output>
    </UnitTestResult>
    <UnitTestResult executionId="2b55dac8-2c33-4a1b-a992-d9a806da7c31" testId="8c397046-78ee-c33d-3e4c-44a5719d553d" testName="TrainingAccuracyTest" computerName="LIL-MONEY-PIT" duration="00:00:00.0011872" startTime="2012-02-21T16:55:33.7065990-05:00" endTime="2012-02-21T16:55:33.7105992-05:00" testType="13cdc9d9-ddb5-4fa4-a97d-d965ccfc6d4b" outcome="Inconclusive" testListId="8c84fa94-04c1-424b-9868-57a2d4851a1d" relativeResultsDirectory="2b55dac8-2c33-4a1b-a992-d9a806da7c31">
      <Output>
        <ErrorInfo>
          <Message>Assert.Inconclusive failed. Verify the correctness of this test method.</Message>
          <StackTrace>   at TestSuite.Framework.NetworkSettingsTest.TrainingAccuracyTest() in C:\Development Projects\ENN\TestSuite\Framework\NetworkSettingsTest.cs:line 284
</StackTrace>
        </ErrorInfo>
      </Output>
    </UnitTestResult>
    <UnitTestResult executionId="27b1c843-1d06-421f-a46e-0ab5929c7e91" testId="8de660a6-a5b4-4a08-e168-84d6a8847c2d" testName="EqualsTest" computerName="LIL-MONEY-PIT" duration="00:00:00.0010397" startTime="2012-02-21T16:55:33.7125993-05:00" endTime="2012-02-21T16:55:33.7165995-05:00" testType="13cdc9d9-ddb5-4fa4-a97d-d965ccfc6d4b" outcome="Inconclusive" testListId="8c84fa94-04c1-424b-9868-57a2d4851a1d" relativeResultsDirectory="27b1c843-1d06-421f-a46e-0ab5929c7e91">
      <Output>
        <ErrorInfo>
          <Message>Assert.Inconclusive failed. Verify the correctness of this test method.</Message>
          <StackTrace>   at TestSuite.Framework.NetworkTopologyTest.EqualsTest() in C:\Development Projects\ENN\TestSuite\Framework\NetworkTopologyTest.cs:line 105
</StackTrace>
        </ErrorInfo>
      </Output>
    </UnitTestResult>
    <UnitTestResult executionId="b81f8f9d-4ab2-4f76-a650-6a3e827ebe0f" testId="8fa4a54a-bae6-94d8-d573-1647c12d4824" testName="ModeTest" computerName="LIL-MONEY-PIT" duration="00:00:00.0038153" startTime="2012-02-21T16:55:33.7195997-05:00" endTime="2012-02-21T16:55:33.7256001-05:00" testType="13cdc9d9-ddb5-4fa4-a97d-d965ccfc6d4b" outcome="Inconclusive" testListId="8c84fa94-04c1-424b-9868-57a2d4851a1d" relativeResultsDirectory="b81f8f9d-4ab2-4f76-a650-6a3e827ebe0f">
      <Output>
        <ErrorInfo>
          <Message>Assert.Inconclusive failed. Verify the correctness of this test method.</Message>
          <StackTrace>   at TestSuite.Framework.NetworkSettingsTest.ModeTest() in C:\Development Projects\ENN\TestSuite\Framework\NetworkSettingsTest.cs:line 224
</StackTrace>
        </ErrorInfo>
      </Output>
    </UnitTestResult>
    <UnitTestResult executionId="ee26f0dd-ea42-4b09-91ed-9902c01e0d5a" testId="90d4d793-c175-7e4f-a953-2c15482e9127" testName="NetworkTopologyConstructorTest" computerName="LIL-MONEY-PIT" duration="00:00:00.0010220" startTime="2012-02-21T16:55:33.7286002-05:00" endTime="2012-02-21T16:55:33.7326005-05:00" testType="13cdc9d9-ddb5-4fa4-a97d-d965ccfc6d4b" outcome="Inconclusive" testListId="8c84fa94-04c1-424b-9868-57a2d4851a1d" relativeResultsDirectory="ee26f0dd-ea42-4b09-91ed-9902c01e0d5a">
      <Output>
        <ErrorInfo>
          <Message>Assert.Inconclusive failed. TODO: Implement code to verify target</Message>
          <StackTrace>   at TestSuite.Framework.NetworkTopologyTest.NetworkTopologyConstructorTest() in C:\Development Projects\ENN\TestSuite\Framework\NetworkTopologyTest.cs:line 90
</StackTrace>
        </ErrorInfo>
      </Output>
    </UnitTestResult>
    <UnitTestResult executionId="975ab95e-f383-416a-bbc5-4b9e89adb7c0" testId="919fcb5c-9129-e4af-6da8-58234650b9d0" testName="GetValuesTest" computerName="LIL-MONEY-PIT" duration="00:00:00.0017492" startTime="2012-02-21T16:55:33.7356006-05:00" endTime="2012-02-21T16:55:33.7396009-05:00" testType="13cdc9d9-ddb5-4fa4-a97d-d965ccfc6d4b" outcome="Passed" testListId="8c84fa94-04c1-424b-9868-57a2d4851a1d" relativeResultsDirectory="975ab95e-f383-416a-bbc5-4b9e89adb7c0">
    </UnitTestResult>
    <UnitTestResult executionId="ec861739-b937-4cf2-b350-3e542d2ee096" testId="99f0b5b4-0a2a-3205-9152-e1a3e644b886" testName="OutputLayerTest" computerName="LIL-MONEY-PIT" duration="00:00:00.0011467" startTime="2012-02-21T16:55:33.7426010-05:00" endTime="2012-02-21T16:55:33.7466013-05:00" testType="13cdc9d9-ddb5-4fa4-a97d-d965ccfc6d4b" outcome="Inconclusive" testListId="8c84fa94-04c1-424b-9868-57a2d4851a1d" relativeResultsDirectory="ec861739-b937-4cf2-b350-3e542d2ee096">
      <Output>
        <ErrorInfo>
          <Message>Assert.Inconclusive failed. Verify the correctness of this test method.</Message>
          <StackTrace>   at TestSuite.Framework.NetworkTopologyTest.OutputLayerTest() in C:\Development Projects\ENN\TestSuite\Framework\NetworkTopologyTest.cs:line 179
</StackTrace>
        </ErrorInfo>
      </Output>
    </UnitTestResult>
    <UnitTestResult executionId="6fa9623f-3ec0-4b51-9614-8dbb6322fbf9" testId="a1ceb0d7-e762-54e4-c7d1-02628c8188ab" testName="NetworkTypeTest" computerName="LIL-MONEY-PIT" duration="00:00:00.0033625" startTime="2012-02-21T16:55:33.7496014-05:00" endTime="2012-02-21T16:55:33.7556018-05:00" testType="13cdc9d9-ddb5-4fa4-a97d-d965ccfc6d4b" outcome="Inconclusive" testListId="8c84fa94-04c1-424b-9868-57a2d4851a1d" relativeResultsDirectory="6fa9623f-3ec0-4b51-9614-8dbb6322fbf9">
      <Output>
        <ErrorInfo>
          <Message>Assert.Inconclusive failed. Verify the correctness of this test method.</Message>
          <StackTrace>   at TestSuite.Framework.NetworkSettingsTest.NetworkTypeTest() in C:\Development Projects\ENN\TestSuite\Framework\NetworkSettingsTest.cs:line 239
</StackTrace>
        </ErrorInfo>
      </Output>
    </UnitTestResult>
    <UnitTestResult executionId="e55ea496-5e9c-427b-9fe2-e931b4271311" testId="a8823d1a-dea7-22d8-3b80-cec046111d72" testName="DefaultOutputLayerTest" computerName="LIL-MONEY-PIT" duration="00:00:00.0013673" startTime="2012-02-21T16:55:33.7586019-05:00" endTime="2012-02-21T16:55:33.7626022-05:00" testType="13cdc9d9-ddb5-4fa4-a97d-d965ccfc6d4b" outcome="Inconclusive" testListId="8c84fa94-04c1-424b-9868-57a2d4851a1d" relativeResultsDirectory="e55ea496-5e9c-427b-9fe2-e931b4271311">
      <Output>
        <ErrorInfo>
          <Message>Assert.Inconclusive failed. Verify the correctness of this test method.</Message>
          <StackTrace>   at TestSuite.Framework.NetworkSettingsTest.DefaultOutputLayerTest() in C:\Development Projects\ENN\TestSuite\Framework\NetworkSettingsTest.cs:line 194
</StackTrace>
        </ErrorInfo>
      </Output>
    </UnitTestResult>
    <UnitTestResult executionId="f48f56fb-5881-4ed2-8333-7252828ff9b9" testId="aff7f15c-9745-8d57-d62e-e6de87a6f68c" testName="InputLayerTest" computerName="LIL-MONEY-PIT" duration="00:00:00.0010667" startTime="2012-02-21T16:55:33.7656023-05:00" endTime="2012-02-21T16:55:33.7696026-05:00" testType="13cdc9d9-ddb5-4fa4-a97d-d965ccfc6d4b" outcome="Inconclusive" testListId="8c84fa94-04c1-424b-9868-57a2d4851a1d" relativeResultsDirectory="f48f56fb-5881-4ed2-8333-7252828ff9b9">
      <Output>
        <ErrorInfo>
          <Message>Assert.Inconclusive failed. Verify the correctness of this test method.</Message>
          <StackTrace>   at TestSuite.Framework.NetworkTopologyTest.InputLayerTest() in C:\Development Projects\ENN\TestSuite\Framework\NetworkTopologyTest.cs:line 149
</StackTrace>
        </ErrorInfo>
      </Output>
    </UnitTestResult>
    <UnitTestResult executionId="02fbe7e8-a4c8-4852-ba86-ca5b2fa4d8d0" testId="b4ff2759-93e7-a8a5-d6b3-d10da4893f5a" testName="DefaultFactoryTest" computerName="LIL-MONEY-PIT" duration="00:00:00.0012553" startTime="2012-02-21T16:55:33.7716027-05:00" endTime="2012-02-21T16:55:33.7766030-05:00" testType="13cdc9d9-ddb5-4fa4-a97d-d965ccfc6d4b" outcome="Inconclusive" testListId="8c84fa94-04c1-424b-9868-57a2d4851a1d" relativeResultsDirectory="02fbe7e8-a4c8-4852-ba86-ca5b2fa4d8d0">
      <Output>
        <ErrorInfo>
          <Message>Assert.Inconclusive failed. Verify the correctness of this test method.</Message>
          <StackTrace>   at TestSuite.Framework.NetworkSettingsTest.DefaultFactoryTest() in C:\Development Projects\ENN\TestSuite\Framework\NetworkSettingsTest.cs:line 134
</StackTrace>
        </ErrorInfo>
      </Output>
    </UnitTestResult>
    <UnitTestResult executionId="d8f6f470-8aa1-4485-8f3d-e6f2bd5d744d" testId="b5ae595f-7dca-73d7-1bda-f09e7ea52bd4" testName="ThreadedHiddenLayerConstructorTest" computerName="LIL-MONEY-PIT" duration="00:00:00.0009369" startTime="2012-02-21T16:55:33.7796031-05:00" endTime="2012-02-21T16:55:33.7826033-05:00" testType="13cdc9d9-ddb5-4fa4-a97d-d965ccfc6d4b" outcome="Inconclusive" testListId="8c84fa94-04c1-424b-9868-57a2d4851a1d" relativeResultsDirectory="d8f6f470-8aa1-4485-8f3d-e6f2bd5d744d">
      <Output>
        <ErrorInfo>
          <Message>Assert.Inconclusive failed. TODO: Implement code to verify target</Message>
          <StackTrace>   at TestSuite.Framework.ThreadedHiddenLayerTest.ThreadedHiddenLayerConstructorTest() in C:\Development Projects\ENN\TestSuite\Framework\Layers\ThreadedHiddenLayerTest.cs:line 38
</StackTrace>
        </ErrorInfo>
      </Output>
    </UnitTestResult>
    <UnitTestResult executionId="c66f63d1-66ec-4087-b89c-b3d796c1390a" testId="b5af2dd1-ef3f-eec7-b120-54c52453cde4" testName="EqualsTest" computerName="LIL-MONEY-PIT" duration="00:00:00.0010243" startTime="2012-02-21T16:55:33.7856035-05:00" endTime="2012-02-21T16:55:33.7886037-05:00" testType="13cdc9d9-ddb5-4fa4-a97d-d965ccfc6d4b" outcome="Inconclusive" testListId="8c84fa94-04c1-424b-9868-57a2d4851a1d" relativeResultsDirectory="c66f63d1-66ec-4087-b89c-b3d796c1390a">
      <Output>
        <ErrorInfo>
          <Message>Assert.Inconclusive failed. Verify the correctness of this test method.</Message>
          <StackTrace>   at TestSuite.Framework.HillClimbAlgoTest.EqualsTest() in C:\Development Projects\ENN\TestSuite\Framework\HillClimbAlgoTest.cs:line 104
</StackTrace>
        </ErrorInfo>
      </Output>
    </UnitTestResult>
    <UnitTestResult executionId="7de78522-6c72-40f2-afe0-c6766a1a3b2e" testId="b5e3a755-a2ab-152d-aa80-c4911fd65e0b" testName="OtherTest" computerName="LIL-MONEY-PIT" duration="00:00:00.0010120" startTime="2012-02-21T16:55:33.7906038-05:00" endTime="2012-02-21T16:55:33.7946040-05:00" testType="13cdc9d9-ddb5-4fa4-a97d-d965ccfc6d4b" outcome="Inconclusive" testListId="8c84fa94-04c1-424b-9868-57a2d4851a1d" relativeResultsDirectory="7de78522-6c72-40f2-afe0-c6766a1a3b2e">
      <Output>
        <ErrorInfo>
          <Message>Assert.Inconclusive failed. Verify the correctness of this test method.</Message>
          <StackTrace>   at TestSuite.Framework.NetworkSettingsTest.OtherTest() in C:\Development Projects\ENN\TestSuite\Framework\NetworkSettingsTest.cs:line 254
</StackTrace>
        </ErrorInfo>
      </Output>
    </UnitTestResult>
    <UnitTestResult executionId="a485d69b-06aa-40e0-8983-9a69d771fad2" testId="b6e27dc1-3f73-d482-30bb-5034e06d0f49" testName="ComputeDecisionTest" computerName="LIL-MONEY-PIT" duration="00:00:00.0010520" startTime="2012-02-21T16:55:33.7966041-05:00" endTime="2012-02-21T16:55:33.8006043-05:00" testType="13cdc9d9-ddb5-4fa4-a97d-d965ccfc6d4b" outcome="Inconclusive" testListId="8c84fa94-04c1-424b-9868-57a2d4851a1d" relativeResultsDirectory="a485d69b-06aa-40e0-8983-9a69d771fad2">
      <Output>
        <ErrorInfo>
          <Message>Assert.Inconclusive failed. Verify the correctness of this test method.</Message>
          <StackTrace>   at TestSuite.Framework.NeuralNetworkTest.ComputeDecisionTest() in C:\Development Projects\ENN\TestSuite\Framework\NeuralNetworkTest.cs:line 52
</StackTrace>
        </ErrorInfo>
      </Output>
    </UnitTestResult>
    <UnitTestResult executionId="f67b6e67-24e7-4876-80a5-7cd8b94f4172" testId="b956f179-a280-645c-1bae-ce922e14d496" testName="SaveLoadBinary" computerName="LIL-MONEY-PIT" duration="00:00:00.0018666" startTime="2012-02-21T16:55:33.8036045-05:00" endTime="2012-02-21T16:55:33.8076047-05:00" testType="13cdc9d9-ddb5-4fa4-a97d-d965ccfc6d4b" outcome="Failed" testListId="8c84fa94-04c1-424b-9868-57a2d4851a1d" relativeResultsDirectory="f67b6e67-24e7-4876-80a5-7cd8b94f4172">
      <Output>
        <ErrorInfo>
          <Message>Test method TestSuite.Framework.Tools.SettingsTest.SaveLoadBinary threw exception: 
System.ArgumentException: An item with the same key has already been added.</Message>
          <StackTrace>    at System.Collections.Generic.Dictionary`2.Insert(TKey key, TValue value, Boolean add)
   at TestSuite.Framework.Tools.SettingsTest.SetBaseSetting() in C:\Development Projects\ENN\TestSuite\Framework\Tools\SettingsTest.cs:line 89
   at TestSuite.Framework.Tools.SettingsTest.SaveLoadBinary() in C:\Development Projects\ENN\TestSuite\Framework\Tools\SettingsTest.cs:line 65
</StackTrace>
        </ErrorInfo>
      </Output>
    </UnitTestResult>
    <UnitTestResult executionId="2443bfa3-6cf3-4f7c-ae4f-8f4ca8091f56" testId="ba1cb5ab-f487-d922-92d1-b5c0b8d6512f" testName="HiddenLayersTest" computerName="LIL-MONEY-PIT" duration="00:00:00.0010909" startTime="2012-02-21T16:55:33.8096049-05:00" endTime="2012-02-21T16:55:33.8136051-05:00" testType="13cdc9d9-ddb5-4fa4-a97d-d965ccfc6d4b" outcome="Inconclusive" testListId="8c84fa94-04c1-424b-9868-57a2d4851a1d" relativeResultsDirectory="2443bfa3-6cf3-4f7c-ae4f-8f4ca8091f56">
      <Output>
        <ErrorInfo>
          <Message>Assert.Inconclusive failed. Verify the correctness of this test method.</Message>
          <StackTrace>   at TestSuite.Framework.NetworkTopologyTest.HiddenLayersTest() in C:\Development Projects\ENN\TestSuite\Framework\NetworkTopologyTest.cs:line 134
</StackTrace>
        </ErrorInfo>
      </Output>
    </UnitTestResult>
    <UnitTestResult executionId="8eebeada-5ffc-4313-bf1b-de418d3e1c89" testId="bd6134f3-8c29-55c3-d0c7-c2fb216d01d4" testName="HillClimbAlgoConstructorTest" computerName="LIL-MONEY-PIT" duration="00:00:00.0011625" startTime="2012-02-21T16:55:33.8176053-05:00" endTime="2012-02-21T16:55:33.8236057-05:00" testType="13cdc9d9-ddb5-4fa4-a97d-d965ccfc6d4b" outcome="Inconclusive" testListId="8c84fa94-04c1-424b-9868-57a2d4851a1d" relativeResultsDirectory="8eebeada-5ffc-4313-bf1b-de418d3e1c89">
      <Output>
        <ErrorInfo>
          <Message>Assert.Inconclusive failed. TODO: Implement code to verify target</Message>
          <StackTrace>   at TestSuite.Framework.HillClimbAlgoTest.HillClimbAlgoConstructorTest() in C:\Development Projects\ENN\TestSuite\Framework\HillClimbAlgoTest.cs:line 89
</StackTrace>
        </ErrorInfo>
      </Output>
    </UnitTestResult>
    <UnitTestResult executionId="9a48d29d-e97a-4b9d-87da-eabb893850d0" testId="c598b3e8-9ef4-dda5-2cbb-7eb6dc003da3" testName="TrainingIterationsTest" computerName="LIL-MONEY-PIT" duration="00:00:00.0010998" startTime="2012-02-21T16:55:33.8266058-05:00" endTime="2012-02-21T16:55:33.8306061-05:00" testType="13cdc9d9-ddb5-4fa4-a97d-d965ccfc6d4b" outcome="Inconclusive" testListId="8c84fa94-04c1-424b-9868-57a2d4851a1d" relativeResultsDirectory="9a48d29d-e97a-4b9d-87da-eabb893850d0">
      <Output>
        <ErrorInfo>
          <Message>Assert.Inconclusive failed. Verify the correctness of this test method.</Message>
          <StackTrace>   at TestSuite.Framework.NetworkSettingsTest.TrainingIterationsTest() in C:\Development Projects\ENN\TestSuite\Framework\NetworkSettingsTest.cs:line 299
</StackTrace>
        </ErrorInfo>
      </Output>
    </UnitTestResult>
    <UnitTestResult executionId="d37f4df0-9d7a-438b-8663-0473454bae36" testId="ca9b7ca8-ec0a-3d74-80eb-bb3fce3380f1" testName="LogisticTest" computerName="LIL-MONEY-PIT" duration="00:00:00.0005335" startTime="2012-02-21T16:55:33.8326062-05:00" endTime="2012-02-21T16:55:33.8366064-05:00" testType="13cdc9d9-ddb5-4fa4-a97d-d965ccfc6d4b" outcome="Passed" testListId="8c84fa94-04c1-424b-9868-57a2d4851a1d" relativeResultsDirectory="d37f4df0-9d7a-438b-8663-0473454bae36">
    </UnitTestResult>
    <UnitTestResult executionId="5b1b3673-b729-42ee-b08b-b1db3966b910" testId="cf73ff44-a6c5-1e64-628c-f9b7f15247dd" testName="NeuralNetworkConstructorTest" computerName="LIL-MONEY-PIT" duration="00:00:00.0009335" startTime="2012-02-21T16:55:33.8376065-05:00" endTime="2012-02-21T16:55:33.8416067-05:00" testType="13cdc9d9-ddb5-4fa4-a97d-d965ccfc6d4b" outcome="Inconclusive" testListId="8c84fa94-04c1-424b-9868-57a2d4851a1d" relativeResultsDirectory="5b1b3673-b729-42ee-b08b-b1db3966b910">
      <Output>
        <ErrorInfo>
          <Message>Assert.Inconclusive failed. TODO: Implement code to verify target</Message>
          <StackTrace>   at TestSuite.Framework.NeuralNetworkTest.NeuralNetworkConstructorTest() in C:\Development Projects\ENN\TestSuite\Framework\NeuralNetworkTest.cs:line 40
</StackTrace>
        </ErrorInfo>
      </Output>
    </UnitTestResult>
    <UnitTestResult executionId="605ba591-630d-468d-8a36-067028cf4622" testId="d1aa1e04-5762-55e7-0a3f-f25ed3746b8e" testName="GeneralizedLogisticTest" computerName="LIL-MONEY-PIT" duration="00:00:00.0005397" startTime="2012-02-21T16:55:33.8446069-05:00" endTime="2012-02-21T16:55:33.8496072-05:00" testType="13cdc9d9-ddb5-4fa4-a97d-d965ccfc6d4b" outcome="Passed" testListId="8c84fa94-04c1-424b-9868-57a2d4851a1d" relativeResultsDirectory="605ba591-630d-468d-8a36-067028cf4622">
    </UnitTestResult>
    <UnitTestResult executionId="9fd69d8c-bc40-47b0-8fcb-de89a336845d" testId="d60f0c70-680a-f2a7-be96-723443b7d4dc" testName="TrainNetworkTest" computerName="LIL-MONEY-PIT" duration="00:00:00.0043130" startTime="2012-02-21T16:55:33.8526073-05:00" endTime="2012-02-21T16:55:33.8606078-05:00" testType="13cdc9d9-ddb5-4fa4-a97d-d965ccfc6d4b" outcome="Failed" testListId="8c84fa94-04c1-424b-9868-57a2d4851a1d" relativeResultsDirectory="9fd69d8c-bc40-47b0-8fcb-de89a336845d">
      <Output>
        <ErrorInfo>
          <Message>Test method TestSuite.Framework.HillClimbAlgoTest.TrainNetworkTest threw exception: 
System.NullReferenceException: Object reference not set to an instance of an object.</Message>
          <StackTrace>    at ENN.Framework.HillClimbAlgo.TrainNetwork(NetworkTopology&amp; topology, Single error) in C:\Development Projects\ENN\ENN.Framework\HillClimbAlgo.cs:line 95
   at TestSuite.Framework.HillClimbAlgoTest.TrainNetworkTest() in C:\Development Projects\ENN\TestSuite\Framework\HillClimbAlgoTest.cs:line 129
</StackTrace>
        </ErrorInfo>
      </Output>
    </UnitTestResult>
    <UnitTestResult executionId="3f4f89b3-6f4e-4387-b0a3-362be13465d6" testId="d7de268d-ad00-3d1a-9ef6-c7d7c6d2c881" testName="sumationTest" computerName="LIL-MONEY-PIT" duration="00:00:00.0018620" startTime="2012-02-21T16:55:33.8716084-05:00" endTime="2012-02-21T16:55:33.8766087-05:00" testType="13cdc9d9-ddb5-4fa4-a97d-d965ccfc6d4b" outcome="Failed" testListId="8c84fa94-04c1-424b-9868-57a2d4851a1d" relativeResultsDirectory="3f4f89b3-6f4e-4387-b0a3-362be13465d6">
      <Output>
        <ErrorInfo>
          <Message>Test method TestSuite.Framework.CombinationFunctionsTest.sumationTest threw exception: 
System.NullReferenceException: Object reference not set to an instance of an object.</Message>
          <StackTrace>    at ENN.Framework.CombinationFunctions.sumation(Single[] nodeValues, Single[] constants) in C:\Development Projects\ENN\ENN.Framework\CombinationFunctions.cs:line 43
   at TestSuite.Framework.CombinationFunctionsTest.sumationTest() in C:\Development Projects\ENN\TestSuite\Framework\CombinationFunctionsTest.cs:line 117
</StackTrace>
        </ErrorInfo>
      </Output>
    </UnitTestResult>
    <UnitTestResult executionId="a9b9514e-9b80-4522-bac2-19ae66f7f8ed" testId="dc7516d4-ea11-52ea-592a-675e802b27f3" testName="SaveText" computerName="LIL-MONEY-PIT" duration="00:00:00.0019875" startTime="2012-02-21T16:55:33.8796089-05:00" endTime="2012-02-21T16:55:33.8856092-05:00" testType="13cdc9d9-ddb5-4fa4-a97d-d965ccfc6d4b" outcome="Failed" testListId="8c84fa94-04c1-424b-9868-57a2d4851a1d" relativeResultsDirectory="a9b9514e-9b80-4522-bac2-19ae66f7f8ed">
      <Output>
        <ErrorInfo>
          <Message>Test method TestSuite.Framework.Tools.SettingsTest.SaveText threw exception: 
System.ArgumentException: An item with the same key has already been added.</Message>
          <StackTrace>    at System.Collections.Generic.Dictionary`2.Insert(TKey key, TValue value, Boolean add)
   at TestSuite.Framework.Tools.SettingsTest.SetBaseSetting() in C:\Development Projects\ENN\TestSuite\Framework\Tools\SettingsTest.cs:line 89
   at TestSuite.Framework.Tools.SettingsTest.SaveText() in C:\Development Projects\ENN\TestSuite\Framework\Tools\SettingsTest.cs:line 54
</StackTrace>
        </ErrorInfo>
      </Output>
    </UnitTestResult>
    <UnitTestResult executionId="36d4b2b0-df02-42e9-a374-f536c2e8b73e" testId="e000e601-a400-b77b-7cbe-e16a1fb8bf43" testName="ToStringTest" computerName="LIL-MONEY-PIT" duration="00:00:00.0047784" startTime="2012-02-21T16:55:33.8886094-05:00" endTime="2012-02-21T16:55:33.8976099-05:00" testType="13cdc9d9-ddb5-4fa4-a97d-d965ccfc6d4b" outcome="Failed" testListId="8c84fa94-04c1-424b-9868-57a2d4851a1d" relativeResultsDirectory="36d4b2b0-df02-42e9-a374-f536c2e8b73e">
      <Output>
        <ErrorInfo>
          <Message>Assert.AreEqual failed. Expected:&lt;&gt;. Actual:&lt;Mode: Computational
Network Type: Evolving
Default Input Layer: BasicInputLayer
Default Node: BasicNode
Default Node Layer: BasicNodeLayer
Default OutputLayer: BasicOutputLayer
Timing Enabled: False
Training Iterations: 10000
Training Accuracy: 0.9
Training Point: 0
&gt;. </Message>
          <StackTrace>   at TestSuite.Framework.NetworkSettingsTest.ToStringTest() in C:\Development Projects\ENN\TestSuite\Framework\NetworkSettingsTest.cs:line 118
</StackTrace>
        </ErrorInfo>
      </Output>
    </UnitTestResult>
    <UnitTestResult executionId="8ec7b707-c359-4000-8a25-4b4def0eed45" testId="e28af217-9e05-374a-b589-3e0e31013f06" testName="ParseListTest" computerName="LIL-MONEY-PIT" duration="00:00:00.0017457" startTime="2012-02-21T16:55:33.8996100-05:00" endTime="2012-02-21T16:55:33.9046103-05:00" testType="13cdc9d9-ddb5-4fa4-a97d-d965ccfc6d4b" outcome="Failed" testListId="8c84fa94-04c1-424b-9868-57a2d4851a1d" relativeResultsDirectory="8ec7b707-c359-4000-8a25-4b4def0eed45">
      <Output>
        <ErrorInfo>
          <Message>Assert.AreEqual failed. Expected:&lt;(null)&gt;. Actual:&lt;System.String[]&gt;. </Message>
          <StackTrace>   at TestSuite.Framework.StandLibFactoryTest.ParseListTest() in C:\Development Projects\ENN\TestSuite\Framework\StandLibFactoryTest.cs:line 124
</StackTrace>
        </ErrorInfo>
      </Output>
    </UnitTestResult>
    <UnitTestResult executionId="9dfaa20f-6a3c-4f61-a10a-159a42c1aa38" testId="ea95e44c-ad70-2fd7-0521-02dea5e03db6" testName="ToStringTest" computerName="LIL-MONEY-PIT" duration="00:00:00.0019367" startTime="2012-02-21T16:55:33.9076105-05:00" endTime="2012-02-21T16:55:33.9146109-05:00" testType="13cdc9d9-ddb5-4fa4-a97d-d965ccfc6d4b" outcome="Inconclusive" testListId="8c84fa94-04c1-424b-9868-57a2d4851a1d" relativeResultsDirectory="9dfaa20f-6a3c-4f61-a10a-159a42c1aa38">
      <Output>
        <ErrorInfo>
          <Message>Assert.Inconclusive failed. Verify the correctness of this test method.</Message>
          <StackTrace>   at TestSuite.Framework.NetworkTopologyTest.ToStringTest() in C:\Development Projects\ENN\TestSuite\Framework\NetworkTopologyTest.cs:line 119
</StackTrace>
        </ErrorInfo>
      </Output>
    </UnitTestResult>
    <UnitTestResult executionId="89d0b69b-6da0-4559-8eec-fd2d22de9126" testId="ed6cbf7c-1892-3c38-82a7-ffa09ec69e5a" testName="GetValueTest" computerName="LIL-MONEY-PIT" duration="00:00:00.0013685" startTime="2012-02-21T16:55:33.9166110-05:00" endTime="2012-02-21T16:55:33.9216113-05:00" testType="13cdc9d9-ddb5-4fa4-a97d-d965ccfc6d4b" outcome="Passed" testListId="8c84fa94-04c1-424b-9868-57a2d4851a1d" relativeResultsDirectory="89d0b69b-6da0-4559-8eec-fd2d22de9126">
    </UnitTestResult>
    <UnitTestResult executionId="d491e408-5ef6-46d1-9cfb-5e7e7473d1e7" testId="f053d416-9380-8069-ef40-6a7789ba8040" testName="GetValuesTest" computerName="LIL-MONEY-PIT" duration="00:00:00.0024933" startTime="2012-02-21T16:55:33.9246114-05:00" endTime="2012-02-21T16:55:33.9306118-05:00" testType="13cdc9d9-ddb5-4fa4-a97d-d965ccfc6d4b" outcome="Failed" testListId="8c84fa94-04c1-424b-9868-57a2d4851a1d" relativeResultsDirectory="d491e408-5ef6-46d1-9cfb-5e7e7473d1e7">
      <Output>
        <ErrorInfo>
          <Message>Test method TestSuite.Framework.BasicLayerTest.GetValuesTest threw exception: 
System.NullReferenceException: Object reference not set to an instance of an object.</Message>
          <StackTrace>    at ENN.Framework.BasicLayer.GetValues(Single[] values) in C:\Development Projects\ENN\ENN.Framework\Layers\BasicLayer.cs:line 46
   at TestSuite.Framework.BasicLayerTest.GetValuesTest() in C:\Development Projects\ENN\TestSuite\Framework\Layers\BasicLayerTest.cs:line 68
</StackTrace>
        </ErrorInfo>
      </Output>
    </UnitTestResult>
    <UnitTestResult executionId="78f84ab6-a19b-4828-ae83-6fe4e8404d73" testId="f1ce82b4-23b4-e9e2-a855-4dfbf8340573" testName="TrainingPreProcessorTest" computerName="LIL-MONEY-PIT" duration="00:00:00.0011487" startTime="2012-02-21T16:55:33.9526130-05:00" endTime="2012-02-21T16:55:33.9566133-05:00" testType="13cdc9d9-ddb5-4fa4-a97d-d965ccfc6d4b" outcome="Inconclusive" testListId="8c84fa94-04c1-424b-9868-57a2d4851a1d" relativeResultsDirectory="78f84ab6-a19b-4828-ae83-6fe4e8404d73">
      <Output>
        <ErrorInfo>
          <Message>Assert.Inconclusive failed. Verify the correctness of this test method.</Message>
          <StackTrace>   at TestSuite.Framework.NetworkTopologyTest.TrainingPreProcessorTest() in C:\Development Projects\ENN\TestSuite\Framework\NetworkTopologyTest.cs:line 239
</StackTrace>
        </ErrorInfo>
      </Output>
    </UnitTestResult>
    <UnitTestResult executionId="c04f0a46-1067-4cf1-94c9-db32f3aa0390" testId="f8957ebd-9c0b-9da1-0906-83765d4b5fea" testName="MetaDataTest" computerName="LIL-MONEY-PIT" duration="00:00:00.0010132" startTime="2012-02-21T16:55:33.9586134-05:00" endTime="2012-02-21T16:55:33.9636137-05:00" testType="13cdc9d9-ddb5-4fa4-a97d-d965ccfc6d4b" outcome="Passed" testListId="8c84fa94-04c1-424b-9868-57a2d4851a1d" relativeResultsDirectory="c04f0a46-1067-4cf1-94c9-db32f3aa0390">
    </UnitTestResult>
  </Results>
</TestRun>