<?xml version="1.0" encoding="UTF-8"?>
<TestRun id="9f5a7325-66ed-4406-a6f5-4cc0bc805de8" name="skynryd9@LIL-MONEY-PIT 2012-02-21 17:02:40" runUser="Lil-Money-Pit\skynryd9" xmlns="http://microsoft.com/schemas/VisualStudio/TeamTest/2010">
  <TestSettings name="Local" id="edb481bb-0340-4d08-a79e-041a6ff1b069">
    <Description>These are default test settings for a local test run.</Description>
    <Deployment enabled="false" runDeploymentRoot="skynryd9_LIL-MONEY-PIT 2012-02-21 17_02_40">
      <DeploymentItem filename="C:\Development Projects\ENN\ENN\bin\Debug\UserBin\TestUserBinary.dll" />
      <DeploymentItem filename="C:\Development Projects\ENN\ENN.Framework\bin\Debug\ENN.Framework.dll" />
    </Deployment>
    <Execution hostProcessPlatform="MSIL">
      <Hosts skipUnhostableTests="false" />
      <TestTypeSpecific>
        <UnitTestRunConfig testTypeId="13cdc9d9-ddb5-4fa4-a97d-d965ccfc6d4b">
          <AssemblyResolution>
            <TestDirectory useLoadContext="true" />
          </AssemblyResolution>
        </UnitTestRunConfig>
      </TestTypeSpecific>
      <AgentRule name="Execution Agents">
      </AgentRule>
    </Execution>
  </TestSettings>
  <Times creation="2012-02-21T17:02:40.7380238-05:00" queuing="2012-02-21T17:02:40.9720372-05:00" start="2012-02-21T17:02:41.0190398-05:00" finish="2012-02-21T17:02:42.0300977-05:00" />
  <ResultSummary outcome="Failed">
    <Counters total="69" executed="69" passed="19" error="0" failed="14" timeout="0" aborted="0" inconclusive="36" passedButRunAborted="0" notRunnable="0" notExecuted="0" disconnected="0" warning="0" completed="0" inProgress="0" pending="0" />
  </ResultSummary>
  <TestDefinitions>
    <UnitTest name="GetValuesTest" storage="c:\development projects\enn\testsuite\bin\debug\testsuite.dll" id="430f1830-9fb9-6f5a-5bbd-8746f440b9db">
      <Execution id="b3ede62d-4292-4561-9725-b572a9904582" />
      <TestMethod codeBase="C:/Development Projects/ENN/TestSuite/bin/Debug/TestSuite.DLL" adapterTypeName="Microsoft.VisualStudio.TestTools.TestTypes.Unit.UnitTestAdapter, Microsoft.VisualStudio.QualityTools.Tips.UnitTest.Adapter, Version=10.0.0.0, Culture=neutral, PublicKeyToken=b03f5f7f11d50a3a" className="TestSuite.Framework.ThreadedHiddenLayerTest, TestSuite, Version=1.0.0.0, Culture=neutral, PublicKeyToken=null" name="GetValuesTest" />
    </UnitTest>
    <UnitTest name="TrainNetworkTest" storage="c:\development projects\enn\testsuite\bin\debug\testsuite.dll" id="d60f0c70-680a-f2a7-be96-723443b7d4dc">
      <Execution id="c2ba2bff-1eff-4d3c-a1f3-e958cc15b161" />
      <TestMethod codeBase="C:/Development Projects/ENN/TestSuite/bin/Debug/TestSuite.DLL" adapterTypeName="Microsoft.VisualStudio.TestTools.TestTypes.Unit.UnitTestAdapter, Microsoft.VisualStudio.QualityTools.Tips.UnitTest.Adapter, Version=10.0.0.0, Culture=neutral, PublicKeyToken=b03f5f7f11d50a3a" className="TestSuite.Framework.HillClimbAlgoTest, TestSuite, Version=1.0.0.0, Culture=neutral, PublicKeyToken=null" name="TrainNetworkTest" />
    </UnitTest>
    <UnitTest name="NetworkSettingsConstructorTest" storage="c:\development projects\enn\testsuite\bin\debug\testsuite.dll" id="573b324d-2394-0284-242e-658089f98732">
      <Execution id="d4dad78a-7c91-4679-ab9f-6d3c69367fd7" />
      <TestMethod codeBase="C:/Development Projects/ENN/TestSuite/bin/Debug/TestSuite.DLL" adapterTypeName="Microsoft.VisualStudio.TestTools.TestTypes.Unit.UnitTestAdapter, Microsoft.VisualStudio.QualityTools.Tips.UnitTest.Adapter, Version=10.0.0.0, Culture=neutral, PublicKeyToken=b03f5f7f11d50a3a" className="TestSuite.Framework.NetworkSettingsTest, TestSuite, Version=1.0.0.0, Culture=neutral, PublicKeyToken=null" name="NetworkSettingsConstructorTest" />
    </UnitTest>
    <UnitTest name="StandLibFactoryConstructorTest" storage="c:\development projects\enn\testsuite\bin\debug\testsuite.dll" id="3c9d6005-6c63-77c2-b4e0-1c2eb9238c86">
      <Execution id="ded64054-877e-4edf-b70f-c944359879ce" />
      <TestMethod codeBase="C:/Development Projects/ENN/TestSuite/bin/Debug/TestSuite.DLL" adapterTypeName="Microsoft.VisualStudio.TestTools.TestTypes.Unit.UnitTestAdapter, Microsoft.VisualStudio.QualityTools.Tips.UnitTest.Adapter, Version=10.0.0.0, Culture=neutral, PublicKeyToken=b03f5f7f11d50a3a" className="TestSuite.Framework.StandLibFactoryTest, TestSuite, Version=1.0.0.0, Culture=neutral, PublicKeyToken=null" name="StandLibFactoryConstructorTest" />
    </UnitTest>
    <UnitTest name="OtherTest" storage="c:\development projects\enn\testsuite\bin\debug\testsuite.dll" id="b5e3a755-a2ab-152d-aa80-c4911fd65e0b">
      <Execution id="244628cf-7e64-413f-b401-a262c36b2a62" />
      <TestMethod codeBase="C:/Development Projects/ENN/TestSuite/bin/Debug/TestSuite.DLL" adapterTypeName="Microsoft.VisualStudio.TestTools.TestTypes.Unit.UnitTestAdapter, Microsoft.VisualStudio.QualityTools.Tips.UnitTest.Adapter, Version=10.0.0.0, Culture=neutral, PublicKeyToken=b03f5f7f11d50a3a" className="TestSuite.Framework.NetworkSettingsTest, TestSuite, Version=1.0.0.0, Culture=neutral, PublicKeyToken=null" name="OtherTest" />
    </UnitTest>
    <UnitTest name="ThreadedHiddenLayerConstructorTest" storage="c:\development projects\enn\testsuite\bin\debug\testsuite.dll" id="b5ae595f-7dca-73d7-1bda-f09e7ea52bd4">
      <Execution id="56991d1e-f315-48b4-b57b-f3f7c0829ab6" />
      <TestMethod codeBase="C:/Development Projects/ENN/TestSuite/bin/Debug/TestSuite.DLL" adapterTypeName="Microsoft.VisualStudio.TestTools.TestTypes.Unit.UnitTestAdapter, Microsoft.VisualStudio.QualityTools.Tips.UnitTest.Adapter, Version=10.0.0.0, Culture=neutral, PublicKeyToken=b03f5f7f11d50a3a" className="TestSuite.Framework.ThreadedHiddenLayerTest, TestSuite, Version=1.0.0.0, Culture=neutral, PublicKeyToken=null" name="ThreadedHiddenLayerConstructorTest" />
    </UnitTest>
    <UnitTest name="getActivationFunctionTest" storage="c:\development projects\enn\testsuite\bin\debug\testsuite.dll" id="357b4346-32ed-acf9-652d-d83b6fab665a">
      <Execution id="6b7fc6ee-b66d-4a7a-aae0-e8e769d97d66" />
      <TestMethod codeBase="C:/Development Projects/ENN/TestSuite/bin/Debug/TestSuite.DLL" adapterTypeName="Microsoft.VisualStudio.TestTools.TestTypes.Unit.UnitTestAdapter, Microsoft.VisualStudio.QualityTools.Tips.UnitTest.Adapter, Version=10.0.0.0, Culture=neutral, PublicKeyToken=b03f5f7f11d50a3a" className="TestSuite.Framework.StandLibFactoryTest, TestSuite, Version=1.0.0.0, Culture=neutral, PublicKeyToken=null" name="getActivationFunctionTest" />
    </UnitTest>
    <UnitTest name="EnableTimingTest" storage="c:\development projects\enn\testsuite\bin\debug\testsuite.dll" id="2b901e5f-9814-1f85-ba74-9596bce4ae77">
      <Execution id="7bec4f3e-5746-4f3b-8e18-682b0759c461" />
      <TestMethod codeBase="C:/Development Projects/ENN/TestSuite/bin/Debug/TestSuite.DLL" adapterTypeName="Microsoft.VisualStudio.TestTools.TestTypes.Unit.UnitTestAdapter, Microsoft.VisualStudio.QualityTools.Tips.UnitTest.Adapter, Version=10.0.0.0, Culture=neutral, PublicKeyToken=b03f5f7f11d50a3a" className="TestSuite.Framework.NetworkSettingsTest, TestSuite, Version=1.0.0.0, Culture=neutral, PublicKeyToken=null" name="EnableTimingTest" />
    </UnitTest>
    <UnitTest name="HyperbolicTangentTest" storage="c:\development projects\enn\testsuite\bin\debug\testsuite.dll" id="6d9bec79-b5da-bc4a-5a65-b5aeaeb99bc5">
      <Execution id="e8b16558-620a-4a85-817f-bf99fe86430e" />
      <TestMethod codeBase="C:/Development Projects/ENN/TestSuite/bin/Debug/TestSuite.DLL" adapterTypeName="Microsoft.VisualStudio.TestTools.TestTypes.Unit.UnitTestAdapter, Microsoft.VisualStudio.QualityTools.Tips.UnitTest.Adapter, Version=10.0.0.0, Culture=neutral, PublicKeyToken=b03f5f7f11d50a3a" className="TestSuite.Framework.SigmoidFunctionsTest, TestSuite, Version=1.0.0.0, Culture=neutral, PublicKeyToken=null" name="HyperbolicTangentTest" />
    </UnitTest>
    <UnitTest name="GeneralizedLogisticTest" storage="c:\development projects\enn\testsuite\bin\debug\testsuite.dll" id="d1aa1e04-5762-55e7-0a3f-f25ed3746b8e">
      <Execution id="1443a06d-8699-4f85-b3b3-309254298245" />
      <TestMethod codeBase="C:/Development Projects/ENN/TestSuite/bin/Debug/TestSuite.DLL" adapterTypeName="Microsoft.VisualStudio.TestTools.TestTypes.Unit.UnitTestAdapter, Microsoft.VisualStudio.QualityTools.Tips.UnitTest.Adapter, Version=10.0.0.0, Culture=neutral, PublicKeyToken=b03f5f7f11d50a3a" className="TestSuite.Framework.SigmoidFunctionsTest, TestSuite, Version=1.0.0.0, Culture=neutral, PublicKeyToken=null" name="GeneralizedLogisticTest" />
    </UnitTest>
    <UnitTest name="StartNetworkTest" storage="c:\development projects\enn\testsuite\bin\debug\testsuite.dll" id="4d46c574-4e3e-c892-575b-4964cedc723f">
      <Execution id="a827647f-8d26-4077-9d21-e39647562982" />
      <TestMethod codeBase="C:/Development Projects/ENN/TestSuite/bin/Debug/TestSuite.DLL" adapterTypeName="Microsoft.VisualStudio.TestTools.TestTypes.Unit.UnitTestAdapter, Microsoft.VisualStudio.QualityTools.Tips.UnitTest.Adapter, Version=10.0.0.0, Culture=neutral, PublicKeyToken=b03f5f7f11d50a3a" className="TestSuite.Framework.NeuralNetworkTest, TestSuite, Version=1.0.0.0, Culture=neutral, PublicKeyToken=null" name="StartNetworkTest" />
    </UnitTest>
    <UnitTest name="GeneralizedLogisticTest1" storage="c:\development projects\enn\testsuite\bin\debug\testsuite.dll" id="2c89c367-a74f-da41-08f4-450946228133">
      <Execution id="697012a1-5b47-49e0-8fa5-b07cbcbb5d82" />
      <TestMethod codeBase="C:/Development Projects/ENN/TestSuite/bin/Debug/TestSuite.DLL" adapterTypeName="Microsoft.VisualStudio.TestTools.TestTypes.Unit.UnitTestAdapter, Microsoft.VisualStudio.QualityTools.Tips.UnitTest.Adapter, Version=10.0.0.0, Culture=neutral, PublicKeyToken=b03f5f7f11d50a3a" className="TestSuite.Framework.SigmoidFunctionsTest, TestSuite, Version=1.0.0.0, Culture=neutral, PublicKeyToken=null" name="GeneralizedLogisticTest1" />
    </UnitTest>
    <UnitTest name="DefaultOutputLayerTest" storage="c:\development projects\enn\testsuite\bin\debug\testsuite.dll" id="a8823d1a-dea7-22d8-3b80-cec046111d72">
      <Execution id="96ac6d66-368f-4407-b67c-178bef96b3b2" />
      <TestMethod codeBase="C:/Development Projects/ENN/TestSuite/bin/Debug/TestSuite.DLL" adapterTypeName="Microsoft.VisualStudio.TestTools.TestTypes.Unit.UnitTestAdapter, Microsoft.VisualStudio.QualityTools.Tips.UnitTest.Adapter, Version=10.0.0.0, Culture=neutral, PublicKeyToken=b03f5f7f11d50a3a" className="TestSuite.Framework.NetworkSettingsTest, TestSuite, Version=1.0.0.0, Culture=neutral, PublicKeyToken=null" name="DefaultOutputLayerTest" />
    </UnitTest>
    <UnitTest name="SaveLoadBinaryTest" storage="c:\development projects\enn\testsuite\bin\debug\testsuite.dll" id="38c45ed0-2293-3c74-f641-ef31e1cff933">
      <Execution id="395e2a9e-e481-47d7-a9c9-298323e6cea5" />
      <TestMethod codeBase="C:/Development Projects/ENN/TestSuite/bin/Debug/TestSuite.DLL" adapterTypeName="Microsoft.VisualStudio.TestTools.TestTypes.Unit.UnitTestAdapter, Microsoft.VisualStudio.QualityTools.Tips.UnitTest.Adapter, Version=10.0.0.0, Culture=neutral, PublicKeyToken=b03f5f7f11d50a3a" className="TestSuite.Framework.Tools.TopologyTest, TestSuite, Version=1.0.0.0, Culture=neutral, PublicKeyToken=null" name="SaveLoadBinaryTest" />
    </UnitTest>
    <UnitTest name="HillClimbAlgoConstructorTest" storage="c:\development projects\enn\testsuite\bin\debug\testsuite.dll" id="bd6134f3-8c29-55c3-d0c7-c2fb216d01d4">
      <Execution id="14e64691-33d5-4ed1-8436-2f6223826087" />
      <TestMethod codeBase="C:/Development Projects/ENN/TestSuite/bin/Debug/TestSuite.DLL" adapterTypeName="Microsoft.VisualStudio.TestTools.TestTypes.Unit.UnitTestAdapter, Microsoft.VisualStudio.QualityTools.Tips.UnitTest.Adapter, Version=10.0.0.0, Culture=neutral, PublicKeyToken=b03f5f7f11d50a3a" className="TestSuite.Framework.HillClimbAlgoTest, TestSuite, Version=1.0.0.0, Culture=neutral, PublicKeyToken=null" name="HillClimbAlgoConstructorTest" />
    </UnitTest>
    <UnitTest name="GetValueTest" storage="c:\development projects\enn\testsuite\bin\debug\testsuite.dll" id="7ddb6d66-d4cc-b85e-ceb4-dacdc7709908">
      <Execution id="2cfcf325-9715-4549-95eb-6567bf2f760e" />
      <TestMethod codeBase="C:/Development Projects/ENN/TestSuite/bin/Debug/TestSuite.DLL" adapterTypeName="Microsoft.VisualStudio.TestTools.TestTypes.Unit.UnitTestAdapter, Microsoft.VisualStudio.QualityTools.Tips.UnitTest.Adapter, Version=10.0.0.0, Culture=neutral, PublicKeyToken=b03f5f7f11d50a3a" className="TestSuite.Framework.BasicOutputLayerTest, TestSuite, Version=1.0.0.0, Culture=neutral, PublicKeyToken=null" name="GetValueTest" />
    </UnitTest>
    <UnitTest name="EqualsTest" storage="c:\development projects\enn\testsuite\bin\debug\testsuite.dll" id="604a034f-362e-5faa-f734-caee2f5177cf">
      <Execution id="25229bca-43a3-419b-906b-02c6a0e656f8" />
      <TestMethod codeBase="C:/Development Projects/ENN/TestSuite/bin/Debug/TestSuite.DLL" adapterTypeName="Microsoft.VisualStudio.TestTools.TestTypes.Unit.UnitTestAdapter, Microsoft.VisualStudio.QualityTools.Tips.UnitTest.Adapter, Version=10.0.0.0, Culture=neutral, PublicKeyToken=b03f5f7f11d50a3a" className="TestSuite.Framework.BasicLayerTest, TestSuite, Version=1.0.0.0, Culture=neutral, PublicKeyToken=null" name="EqualsTest" />
    </UnitTest>
    <UnitTest name="GetValueTest" storage="c:\development projects\enn\testsuite\bin\debug\testsuite.dll" id="ed6cbf7c-1892-3c38-82a7-ffa09ec69e5a">
      <Execution id="c949e951-4d78-4c5e-9b5d-e7da2baed7ad" />
      <TestMethod codeBase="C:/Development Projects/ENN/TestSuite/bin/Debug/TestSuite.DLL" adapterTypeName="Microsoft.VisualStudio.TestTools.TestTypes.Unit.UnitTestAdapter, Microsoft.VisualStudio.QualityTools.Tips.UnitTest.Adapter, Version=10.0.0.0, Culture=neutral, PublicKeyToken=b03f5f7f11d50a3a" className="TestSuite.Framework.BasicNodeTest, TestSuite, Version=1.0.0.0, Culture=neutral, PublicKeyToken=null" name="GetValueTest" />
    </UnitTest>
    <UnitTest name="TrainingAlgorithmTest" storage="c:\development projects\enn\testsuite\bin\debug\testsuite.dll" id="1f504a14-9109-8935-fb3d-3e0cc9acaced">
      <Execution id="8f16a05d-b102-4fd8-a679-d7ef0b86636d" />
      <TestMethod codeBase="C:/Development Projects/ENN/TestSuite/bin/Debug/TestSuite.DLL" adapterTypeName="Microsoft.VisualStudio.TestTools.TestTypes.Unit.UnitTestAdapter, Microsoft.VisualStudio.QualityTools.Tips.UnitTest.Adapter, Version=10.0.0.0, Culture=neutral, PublicKeyToken=b03f5f7f11d50a3a" className="TestSuite.Framework.NetworkTopologyTest, TestSuite, Version=1.0.0.0, Culture=neutral, PublicKeyToken=null" name="TrainingAlgorithmTest" />
    </UnitTest>
    <UnitTest name="DefaultFactoryTest" storage="c:\development projects\enn\testsuite\bin\debug\testsuite.dll" id="b4ff2759-93e7-a8a5-d6b3-d10da4893f5a">
      <Execution id="0be1803e-7d20-46ca-be27-342cb4bc6696" />
      <TestMethod codeBase="C:/Development Projects/ENN/TestSuite/bin/Debug/TestSuite.DLL" adapterTypeName="Microsoft.VisualStudio.TestTools.TestTypes.Unit.UnitTestAdapter, Microsoft.VisualStudio.QualityTools.Tips.UnitTest.Adapter, Version=10.0.0.0, Culture=neutral, PublicKeyToken=b03f5f7f11d50a3a" className="TestSuite.Framework.NetworkSettingsTest, TestSuite, Version=1.0.0.0, Culture=neutral, PublicKeyToken=null" name="DefaultFactoryTest" />
    </UnitTest>
    <UnitTest name="EqualsTest" storage="c:\development projects\enn\testsuite\bin\debug\testsuite.dll" id="8de660a6-a5b4-4a08-e168-84d6a8847c2d">
      <Execution id="badd93d7-883c-4679-a9db-1608af2cf507" />
      <TestMethod codeBase="C:/Development Projects/ENN/TestSuite/bin/Debug/TestSuite.DLL" adapterTypeName="Microsoft.VisualStudio.TestTools.TestTypes.Unit.UnitTestAdapter, Microsoft.VisualStudio.QualityTools.Tips.UnitTest.Adapter, Version=10.0.0.0, Culture=neutral, PublicKeyToken=b03f5f7f11d50a3a" className="TestSuite.Framework.NetworkTopologyTest, TestSuite, Version=1.0.0.0, Culture=neutral, PublicKeyToken=null" name="EqualsTest" />
    </UnitTest>
    <UnitTest name="EqualsTest" storage="c:\development projects\enn\testsuite\bin\debug\testsuite.dll" id="6a52bd04-93c0-3f97-3dd3-da1b2d4c5d7d">
      <Execution id="6a89aaad-65a1-45b3-9faa-a03f28d3cfec" />
      <TestMethod codeBase="C:/Development Projects/ENN/TestSuite/bin/Debug/TestSuite.DLL" adapterTypeName="Microsoft.VisualStudio.TestTools.TestTypes.Unit.UnitTestAdapter, Microsoft.VisualStudio.QualityTools.Tips.UnitTest.Adapter, Version=10.0.0.0, Culture=neutral, PublicKeyToken=b03f5f7f11d50a3a" className="TestSuite.Framework.BasicOutputLayerTest, TestSuite, Version=1.0.0.0, Culture=neutral, PublicKeyToken=null" name="EqualsTest" />
    </UnitTest>
    <UnitTest name="getCombinationFunctionTest" storage="c:\development projects\enn\testsuite\bin\debug\testsuite.dll" id="349f5a51-cd4a-74bd-4680-47d19c2c213f">
      <Execution id="bcf921fb-9610-4fa1-9da9-151df261c969" />
      <TestMethod codeBase="C:/Development Projects/ENN/TestSuite/bin/Debug/TestSuite.DLL" adapterTypeName="Microsoft.VisualStudio.TestTools.TestTypes.Unit.UnitTestAdapter, Microsoft.VisualStudio.QualityTools.Tips.UnitTest.Adapter, Version=10.0.0.0, Culture=neutral, PublicKeyToken=b03f5f7f11d50a3a" className="TestSuite.Framework.StandLibFactoryTest, TestSuite, Version=1.0.0.0, Culture=neutral, PublicKeyToken=null" name="getCombinationFunctionTest" />
    </UnitTest>
    <UnitTest name="TrainingAccuracyTest" storage="c:\development projects\enn\testsuite\bin\debug\testsuite.dll" id="8c397046-78ee-c33d-3e4c-44a5719d553d">
      <Execution id="bde59fb1-ad2b-443c-882c-d5f8ae11288e" />
      <TestMethod codeBase="C:/Development Projects/ENN/TestSuite/bin/Debug/TestSuite.DLL" adapterTypeName="Microsoft.VisualStudio.TestTools.TestTypes.Unit.UnitTestAdapter, Microsoft.VisualStudio.QualityTools.Tips.UnitTest.Adapter, Version=10.0.0.0, Culture=neutral, PublicKeyToken=b03f5f7f11d50a3a" className="TestSuite.Framework.NetworkSettingsTest, TestSuite, Version=1.0.0.0, Culture=neutral, PublicKeyToken=null" name="TrainingAccuracyTest" />
    </UnitTest>
    <UnitTest name="HiddenLayersTest" storage="c:\development projects\enn\testsuite\bin\debug\testsuite.dll" id="ba1cb5ab-f487-d922-92d1-b5c0b8d6512f">
      <Execution id="1094d717-c1fa-4fef-92fb-098dc754f65a" />
      <TestMethod codeBase="C:/Development Projects/ENN/TestSuite/bin/Debug/TestSuite.DLL" adapterTypeName="Microsoft.VisualStudio.TestTools.TestTypes.Unit.UnitTestAdapter, Microsoft.VisualStudio.QualityTools.Tips.UnitTest.Adapter, Version=10.0.0.0, Culture=neutral, PublicKeyToken=b03f5f7f11d50a3a" className="TestSuite.Framework.NetworkTopologyTest, TestSuite, Version=1.0.0.0, Culture=neutral, PublicKeyToken=null" name="HiddenLayersTest" />
    </UnitTest>
    <UnitTest name="SaveText" storage="c:\development projects\enn\testsuite\bin\debug\testsuite.dll" id="dc7516d4-ea11-52ea-592a-675e802b27f3">
      <Execution id="16755350-da8c-4a41-868c-278900fd7186" />
      <TestMethod codeBase="C:/Development Projects/ENN/TestSuite/bin/Debug/TestSuite.DLL" adapterTypeName="Microsoft.VisualStudio.TestTools.TestTypes.Unit.UnitTestAdapter, Microsoft.VisualStudio.QualityTools.Tips.UnitTest.Adapter, Version=10.0.0.0, Culture=neutral, PublicKeyToken=b03f5f7f11d50a3a" className="TestSuite.Framework.Tools.SettingsTest, TestSuite, Version=1.0.0.0, Culture=neutral, PublicKeyToken=null" name="SaveText" />
    </UnitTest>
    <UnitTest name="EqualsTest" storage="c:\development projects\enn\testsuite\bin\debug\testsuite.dll" id="b5af2dd1-ef3f-eec7-b120-54c52453cde4">
      <Execution id="d37324b5-ea79-41a3-b42f-e4b1c70958c9" />
      <TestMethod codeBase="C:/Development Projects/ENN/TestSuite/bin/Debug/TestSuite.DLL" adapterTypeName="Microsoft.VisualStudio.TestTools.TestTypes.Unit.UnitTestAdapter, Microsoft.VisualStudio.QualityTools.Tips.UnitTest.Adapter, Version=10.0.0.0, Culture=neutral, PublicKeyToken=b03f5f7f11d50a3a" className="TestSuite.Framework.HillClimbAlgoTest, TestSuite, Version=1.0.0.0, Culture=neutral, PublicKeyToken=null" name="EqualsTest" />
    </UnitTest>
    <UnitTest name="PostProcessorTest" storage="c:\development projects\enn\testsuite\bin\debug\testsuite.dll" id="6c48ec72-9487-035f-80b3-d8b19112a2d9">
      <Execution id="ce204ed9-3a5c-4c22-8b7c-e79490e073e3" />
      <TestMethod codeBase="C:/Development Projects/ENN/TestSuite/bin/Debug/TestSuite.DLL" adapterTypeName="Microsoft.VisualStudio.TestTools.TestTypes.Unit.UnitTestAdapter, Microsoft.VisualStudio.QualityTools.Tips.UnitTest.Adapter, Version=10.0.0.0, Culture=neutral, PublicKeyToken=b03f5f7f11d50a3a" className="TestSuite.Framework.NetworkTopologyTest, TestSuite, Version=1.0.0.0, Culture=neutral, PublicKeyToken=null" name="PostProcessorTest" />
    </UnitTest>
    <UnitTest name="MetaDataTest" storage="c:\development projects\enn\testsuite\bin\debug\testsuite.dll" id="54ea49d7-872c-276b-d1ac-f03e032aae87">
      <Execution id="045b474c-4f66-44c9-a997-4c6e8c8c94e7" />
      <TestMethod codeBase="C:/Development Projects/ENN/TestSuite/bin/Debug/TestSuite.DLL" adapterTypeName="Microsoft.VisualStudio.TestTools.TestTypes.Unit.UnitTestAdapter, Microsoft.VisualStudio.QualityTools.Tips.UnitTest.Adapter, Version=10.0.0.0, Culture=neutral, PublicKeyToken=b03f5f7f11d50a3a" className="TestSuite.Framework.NetworkTopologyTest, TestSuite, Version=1.0.0.0, Culture=neutral, PublicKeyToken=null" name="MetaDataTest" />
    </UnitTest>
    <UnitTest name="SetSettingsTest" storage="c:\development projects\enn\testsuite\bin\debug\testsuite.dll" id="680a45b5-4f49-a5c2-34cb-d26f2ad2185b">
      <Execution id="38073f75-9b2e-49fb-9d31-70ed5b0e1218" />
      <TestMethod codeBase="C:/Development Projects/ENN/TestSuite/bin/Debug/TestSuite.DLL" adapterTypeName="Microsoft.VisualStudio.TestTools.TestTypes.Unit.UnitTestAdapter, Microsoft.VisualStudio.QualityTools.Tips.UnitTest.Adapter, Version=10.0.0.0, Culture=neutral, PublicKeyToken=b03f5f7f11d50a3a" className="TestSuite.Framework.HillClimbAlgoTest, TestSuite, Version=1.0.0.0, Culture=neutral, PublicKeyToken=null" name="SetSettingsTest" />
    </UnitTest>
    <UnitTest name="NetworkTypeTest" storage="c:\development projects\enn\testsuite\bin\debug\testsuite.dll" id="a1ceb0d7-e762-54e4-c7d1-02628c8188ab">
      <Execution id="ddeb2e99-d232-4152-a966-4b7061a18c02" />
      <TestMethod codeBase="C:/Development Projects/ENN/TestSuite/bin/Debug/TestSuite.DLL" adapterTypeName="Microsoft.VisualStudio.TestTools.TestTypes.Unit.UnitTestAdapter, Microsoft.VisualStudio.QualityTools.Tips.UnitTest.Adapter, Version=10.0.0.0, Culture=neutral, PublicKeyToken=b03f5f7f11d50a3a" className="TestSuite.Framework.NetworkSettingsTest, TestSuite, Version=1.0.0.0, Culture=neutral, PublicKeyToken=null" name="NetworkTypeTest" />
    </UnitTest>
    <UnitTest name="OutputLayerTest" storage="c:\development projects\enn\testsuite\bin\debug\testsuite.dll" id="99f0b5b4-0a2a-3205-9152-e1a3e644b886">
      <Execution id="30f000d0-b22d-4df6-9d82-829cf7b8d543" />
      <TestMethod codeBase="C:/Development Projects/ENN/TestSuite/bin/Debug/TestSuite.DLL" adapterTypeName="Microsoft.VisualStudio.TestTools.TestTypes.Unit.UnitTestAdapter, Microsoft.VisualStudio.QualityTools.Tips.UnitTest.Adapter, Version=10.0.0.0, Culture=neutral, PublicKeyToken=b03f5f7f11d50a3a" className="TestSuite.Framework.NetworkTopologyTest, TestSuite, Version=1.0.0.0, Culture=neutral, PublicKeyToken=null" name="OutputLayerTest" />
    </UnitTest>
    <UnitTest name="PreProcessorTest" storage="c:\development projects\enn\testsuite\bin\debug\testsuite.dll" id="1b724367-d2c1-3107-fa6a-cfdd80613097">
      <Execution id="5643a3ce-9a0e-405e-b36d-81f0eb897a47" />
      <TestMethod codeBase="C:/Development Projects/ENN/TestSuite/bin/Debug/TestSuite.DLL" adapterTypeName="Microsoft.VisualStudio.TestTools.TestTypes.Unit.UnitTestAdapter, Microsoft.VisualStudio.QualityTools.Tips.UnitTest.Adapter, Version=10.0.0.0, Culture=neutral, PublicKeyToken=b03f5f7f11d50a3a" className="TestSuite.Framework.NetworkTopologyTest, TestSuite, Version=1.0.0.0, Culture=neutral, PublicKeyToken=null" name="PreProcessorTest" />
    </UnitTest>
    <UnitTest name="TrainingPreProcessorTest" storage="c:\development projects\enn\testsuite\bin\debug\testsuite.dll" id="f1ce82b4-23b4-e9e2-a855-4dfbf8340573">
      <Execution id="0f78a5b1-950b-48b8-8068-f44a21bf95fe" />
      <TestMethod codeBase="C:/Development Projects/ENN/TestSuite/bin/Debug/TestSuite.DLL" adapterTypeName="Microsoft.VisualStudio.TestTools.TestTypes.Unit.UnitTestAdapter, Microsoft.VisualStudio.QualityTools.Tips.UnitTest.Adapter, Version=10.0.0.0, Culture=neutral, PublicKeyToken=b03f5f7f11d50a3a" className="TestSuite.Framework.NetworkTopologyTest, TestSuite, Version=1.0.0.0, Culture=neutral, PublicKeyToken=null" name="TrainingPreProcessorTest" />
    </UnitTest>
    <UnitTest name="ModeTest" storage="c:\development projects\enn\testsuite\bin\debug\testsuite.dll" id="8fa4a54a-bae6-94d8-d573-1647c12d4824">
      <Execution id="fc6fc518-88a3-4ea1-99f9-475ab83757d8" />
      <TestMethod codeBase="C:/Development Projects/ENN/TestSuite/bin/Debug/TestSuite.DLL" adapterTypeName="Microsoft.VisualStudio.TestTools.TestTypes.Unit.UnitTestAdapter, Microsoft.VisualStudio.QualityTools.Tips.UnitTest.Adapter, Version=10.0.0.0, Culture=neutral, PublicKeyToken=b03f5f7f11d50a3a" className="TestSuite.Framework.NetworkSettingsTest, TestSuite, Version=1.0.0.0, Culture=neutral, PublicKeyToken=null" name="ModeTest" />
    </UnitTest>
    <UnitTest name="DefaultNodeTest" storage="c:\development projects\enn\testsuite\bin\debug\testsuite.dll" id="3c3ed5b7-5e6a-8138-0b65-4fd13679f387">
      <Execution id="665a8b23-885f-450f-abd4-732f0ae886b2" />
      <TestMethod codeBase="C:/Development Projects/ENN/TestSuite/bin/Debug/TestSuite.DLL" adapterTypeName="Microsoft.VisualStudio.TestTools.TestTypes.Unit.UnitTestAdapter, Microsoft.VisualStudio.QualityTools.Tips.UnitTest.Adapter, Version=10.0.0.0, Culture=neutral, PublicKeyToken=b03f5f7f11d50a3a" className="TestSuite.Framework.NetworkSettingsTest, TestSuite, Version=1.0.0.0, Culture=neutral, PublicKeyToken=null" name="DefaultNodeTest" />
    </UnitTest>
    <UnitTest name="sumationTest" storage="c:\development projects\enn\testsuite\bin\debug\testsuite.dll" id="d7de268d-ad00-3d1a-9ef6-c7d7c6d2c881">
      <Execution id="adb3b7b7-6354-4d9d-a8c0-187cceeba683" />
      <TestMethod codeBase="C:/Development Projects/ENN/TestSuite/bin/Debug/TestSuite.DLL" adapterTypeName="Microsoft.VisualStudio.TestTools.TestTypes.Unit.UnitTestAdapter, Microsoft.VisualStudio.QualityTools.Tips.UnitTest.Adapter, Version=10.0.0.0, Culture=neutral, PublicKeyToken=b03f5f7f11d50a3a" className="TestSuite.Framework.CombinationFunctionsTest, TestSuite, Version=1.0.0.0, Culture=neutral, PublicKeyToken=null" name="sumationTest" />
    </UnitTest>
    <UnitTest name="ParseListTest" storage="c:\development projects\enn\testsuite\bin\debug\testsuite.dll" id="e28af217-9e05-374a-b589-3e0e31013f06">
      <Execution id="065c7dce-70fb-4f22-a06a-a93ac56a2e7a" />
      <TestMethod codeBase="C:/Development Projects/ENN/TestSuite/bin/Debug/TestSuite.DLL" adapterTypeName="Microsoft.VisualStudio.TestTools.TestTypes.Unit.UnitTestAdapter, Microsoft.VisualStudio.QualityTools.Tips.UnitTest.Adapter, Version=10.0.0.0, Culture=neutral, PublicKeyToken=b03f5f7f11d50a3a" className="TestSuite.Framework.StandLibFactoryTest, TestSuite, Version=1.0.0.0, Culture=neutral, PublicKeyToken=null" name="ParseListTest" />
    </UnitTest>
    <UnitTest name="GetValueTest" storage="c:\development projects\enn\testsuite\bin\debug\testsuite.dll" id="855130ce-84bf-1161-1eee-aae8000252b2">
      <Execution id="baaf40e7-1a66-4492-9a49-f4320a68632e" />
      <TestMethod codeBase="C:/Development Projects/ENN/TestSuite/bin/Debug/TestSuite.DLL" adapterTypeName="Microsoft.VisualStudio.TestTools.TestTypes.Unit.UnitTestAdapter, Microsoft.VisualStudio.QualityTools.Tips.UnitTest.Adapter, Version=10.0.0.0, Culture=neutral, PublicKeyToken=b03f5f7f11d50a3a" className="TestSuite.Framework.CustomizableNodeTest, TestSuite, Version=1.0.0.0, Culture=neutral, PublicKeyToken=null" name="GetValueTest" />
    </UnitTest>
    <UnitTest name="NetworkTopologyConstructorTest" storage="c:\development projects\enn\testsuite\bin\debug\testsuite.dll" id="90d4d793-c175-7e4f-a953-2c15482e9127">
      <Execution id="7df8fe99-ac04-4e5e-863d-7135a23d5fb7" />
      <TestMethod codeBase="C:/Development Projects/ENN/TestSuite/bin/Debug/TestSuite.DLL" adapterTypeName="Microsoft.VisualStudio.TestTools.TestTypes.Unit.UnitTestAdapter, Microsoft.VisualStudio.QualityTools.Tips.UnitTest.Adapter, Version=10.0.0.0, Culture=neutral, PublicKeyToken=b03f5f7f11d50a3a" className="TestSuite.Framework.NetworkTopologyTest, TestSuite, Version=1.0.0.0, Culture=neutral, PublicKeyToken=null" name="NetworkTopologyConstructorTest" />
    </UnitTest>
    <UnitTest name="LoadText" storage="c:\development projects\enn\testsuite\bin\debug\testsuite.dll" id="895e1ad2-9637-1929-bdca-2e13d6ecdf33">
      <Execution id="838febbe-fd88-4526-90d7-9be4c9e23568" />
      <TestMethod codeBase="C:/Development Projects/ENN/TestSuite/bin/Debug/TestSuite.DLL" adapterTypeName="Microsoft.VisualStudio.TestTools.TestTypes.Unit.UnitTestAdapter, Microsoft.VisualStudio.QualityTools.Tips.UnitTest.Adapter, Version=10.0.0.0, Culture=neutral, PublicKeyToken=b03f5f7f11d50a3a" className="TestSuite.Framework.Tools.SettingsTest, TestSuite, Version=1.0.0.0, Culture=neutral, PublicKeyToken=null" name="LoadText" />
    </UnitTest>
    <UnitTest name="BasicLayerConstructorTest" storage="c:\development projects\enn\testsuite\bin\debug\testsuite.dll" id="07b21b41-3269-6cca-bc3e-6dc3a61f0299">
      <Execution id="56814059-46f9-4024-805e-cd78f3df4bcd" />
      <TestMethod codeBase="C:/Development Projects/ENN/TestSuite/bin/Debug/TestSuite.DLL" adapterTypeName="Microsoft.VisualStudio.TestTools.TestTypes.Unit.UnitTestAdapter, Microsoft.VisualStudio.QualityTools.Tips.UnitTest.Adapter, Version=10.0.0.0, Culture=neutral, PublicKeyToken=b03f5f7f11d50a3a" className="TestSuite.Framework.BasicLayerTest, TestSuite, Version=1.0.0.0, Culture=neutral, PublicKeyToken=null" name="BasicLayerConstructorTest" />
    </UnitTest>
    <UnitTest name="EqualsTest" storage="c:\development projects\enn\testsuite\bin\debug\testsuite.dll" id="020f297e-a2c1-3a64-4acc-60c7b6d21770">
      <Execution id="d907bf2d-58db-4ec5-8b1b-9cc0978cdabe" />
      <TestMethod codeBase="C:/Development Projects/ENN/TestSuite/bin/Debug/TestSuite.DLL" adapterTypeName="Microsoft.VisualStudio.TestTools.TestTypes.Unit.UnitTestAdapter, Microsoft.VisualStudio.QualityTools.Tips.UnitTest.Adapter, Version=10.0.0.0, Culture=neutral, PublicKeyToken=b03f5f7f11d50a3a" className="TestSuite.Framework.CustomizableNodeTest, TestSuite, Version=1.0.0.0, Culture=neutral, PublicKeyToken=null" name="EqualsTest" />
    </UnitTest>
    <UnitTest name="ModifiedLogisticTest" storage="c:\development projects\enn\testsuite\bin\debug\testsuite.dll" id="53c97187-29f3-3a29-3a8c-67e2258754c3">
      <Execution id="a5d3ce30-fbe0-4aaa-ae39-d7e59a65493d" />
      <TestMethod codeBase="C:/Development Projects/ENN/TestSuite/bin/Debug/TestSuite.DLL" adapterTypeName="Microsoft.VisualStudio.TestTools.TestTypes.Unit.UnitTestAdapter, Microsoft.VisualStudio.QualityTools.Tips.UnitTest.Adapter, Version=10.0.0.0, Culture=neutral, PublicKeyToken=b03f5f7f11d50a3a" className="TestSuite.Framework.SigmoidFunctionsTest, TestSuite, Version=1.0.0.0, Culture=neutral, PublicKeyToken=null" name="ModifiedLogisticTest" />
    </UnitTest>
    <UnitTest name="productionTest" storage="c:\development projects\enn\testsuite\bin\debug\testsuite.dll" id="41c561ac-f514-03ed-4f2e-66225ee0a9b3">
      <Execution id="827d0816-255d-41b4-8497-cee0cf92fbd8" />
      <TestMethod codeBase="C:/Development Projects/ENN/TestSuite/bin/Debug/TestSuite.DLL" adapterTypeName="Microsoft.VisualStudio.TestTools.TestTypes.Unit.UnitTestAdapter, Microsoft.VisualStudio.QualityTools.Tips.UnitTest.Adapter, Version=10.0.0.0, Culture=neutral, PublicKeyToken=b03f5f7f11d50a3a" className="TestSuite.Framework.CombinationFunctionsTest, TestSuite, Version=1.0.0.0, Culture=neutral, PublicKeyToken=null" name="productionTest" />
    </UnitTest>
    <UnitTest name="SaveTextTest" storage="c:\development projects\enn\testsuite\bin\debug\testsuite.dll" id="49de5b48-9eaf-d0db-f8b0-e44b0098530f">
      <Execution id="c65c7372-2590-4bae-b5b1-a23fe2a30686" />
      <TestMethod codeBase="C:/Development Projects/ENN/TestSuite/bin/Debug/TestSuite.DLL" adapterTypeName="Microsoft.VisualStudio.TestTools.TestTypes.Unit.UnitTestAdapter, Microsoft.VisualStudio.QualityTools.Tips.UnitTest.Adapter, Version=10.0.0.0, Culture=neutral, PublicKeyToken=b03f5f7f11d50a3a" className="TestSuite.Framework.Tools.TopologyTest, TestSuite, Version=1.0.0.0, Culture=neutral, PublicKeyToken=null" name="SaveTextTest" />
    </UnitTest>
    <UnitTest name="LogisticTest" storage="c:\development projects\enn\testsuite\bin\debug\testsuite.dll" id="ca9b7ca8-ec0a-3d74-80eb-bb3fce3380f1">
      <Execution id="ea1ebe60-e4b4-4e71-b3c2-86005744adb0" />
      <TestMethod codeBase="C:/Development Projects/ENN/TestSuite/bin/Debug/TestSuite.DLL" adapterTypeName="Microsoft.VisualStudio.TestTools.TestTypes.Unit.UnitTestAdapter, Microsoft.VisualStudio.QualityTools.Tips.UnitTest.Adapter, Version=10.0.0.0, Culture=neutral, PublicKeyToken=b03f5f7f11d50a3a" className="TestSuite.Framework.SigmoidFunctionsTest, TestSuite, Version=1.0.0.0, Culture=neutral, PublicKeyToken=null" name="LogisticTest" />
    </UnitTest>
    <UnitTest name="LoadTextTest" storage="c:\development projects\enn\testsuite\bin\debug\testsuite.dll" id="7d8ab741-01d2-0d2d-1e29-c0fcb83101fd">
      <Execution id="c3344acd-4538-43d5-b75f-f9c0a7d0e1fa" />
      <TestMethod codeBase="C:/Development Projects/ENN/TestSuite/bin/Debug/TestSuite.DLL" adapterTypeName="Microsoft.VisualStudio.TestTools.TestTypes.Unit.UnitTestAdapter, Microsoft.VisualStudio.QualityTools.Tips.UnitTest.Adapter, Version=10.0.0.0, Culture=neutral, PublicKeyToken=b03f5f7f11d50a3a" className="TestSuite.Framework.Tools.TopologyTest, TestSuite, Version=1.0.0.0, Culture=neutral, PublicKeyToken=null" name="LoadTextTest" />
    </UnitTest>
    <UnitTest name="MetaDataTest" storage="c:\development projects\enn\testsuite\bin\debug\testsuite.dll" id="47b48568-fe23-aa9f-4797-84c392c55991">
      <Execution id="0a4d69b8-56c2-4ba2-a4d9-562059608058" />
      <TestMethod codeBase="C:/Development Projects/ENN/TestSuite/bin/Debug/TestSuite.DLL" adapterTypeName="Microsoft.VisualStudio.TestTools.TestTypes.Unit.UnitTestAdapter, Microsoft.VisualStudio.QualityTools.Tips.UnitTest.Adapter, Version=10.0.0.0, Culture=neutral, PublicKeyToken=b03f5f7f11d50a3a" className="TestSuite.Framework.BasicLayerTest, TestSuite, Version=1.0.0.0, Culture=neutral, PublicKeyToken=null" name="MetaDataTest" />
    </UnitTest>
    <UnitTest name="GetValuesTest" storage="c:\development projects\enn\testsuite\bin\debug\testsuite.dll" id="f053d416-9380-8069-ef40-6a7789ba8040">
      <Execution id="1ecb8083-18ff-49e9-a2b1-28e561660c57" />
      <TestMethod codeBase="C:/Development Projects/ENN/TestSuite/bin/Debug/TestSuite.DLL" adapterTypeName="Microsoft.VisualStudio.TestTools.TestTypes.Unit.UnitTestAdapter, Microsoft.VisualStudio.QualityTools.Tips.UnitTest.Adapter, Version=10.0.0.0, Culture=neutral, PublicKeyToken=b03f5f7f11d50a3a" className="TestSuite.Framework.BasicLayerTest, TestSuite, Version=1.0.0.0, Culture=neutral, PublicKeyToken=null" name="GetValuesTest" />
    </UnitTest>
    <UnitTest name="ToStringTest" storage="c:\development projects\enn\testsuite\bin\debug\testsuite.dll" id="e000e601-a400-b77b-7cbe-e16a1fb8bf43">
      <Execution id="070b9cb6-008f-420d-baf1-b726f7308762" />
      <TestMethod codeBase="C:/Development Projects/ENN/TestSuite/bin/Debug/TestSuite.DLL" adapterTypeName="Microsoft.VisualStudio.TestTools.TestTypes.Unit.UnitTestAdapter, Microsoft.VisualStudio.QualityTools.Tips.UnitTest.Adapter, Version=10.0.0.0, Culture=neutral, PublicKeyToken=b03f5f7f11d50a3a" className="TestSuite.Framework.NetworkSettingsTest, TestSuite, Version=1.0.0.0, Culture=neutral, PublicKeyToken=null" name="ToStringTest" />
    </UnitTest>
    <UnitTest name="ComputeDecisionTest" storage="c:\development projects\enn\testsuite\bin\debug\testsuite.dll" id="b6e27dc1-3f73-d482-30bb-5034e06d0f49">
      <Execution id="4d485809-d661-454b-97c5-5c54c5fb436d" />
      <TestMethod codeBase="C:/Development Projects/ENN/TestSuite/bin/Debug/TestSuite.DLL" adapterTypeName="Microsoft.VisualStudio.TestTools.TestTypes.Unit.UnitTestAdapter, Microsoft.VisualStudio.QualityTools.Tips.UnitTest.Adapter, Version=10.0.0.0, Culture=neutral, PublicKeyToken=b03f5f7f11d50a3a" className="TestSuite.Framework.NeuralNetworkTest, TestSuite, Version=1.0.0.0, Culture=neutral, PublicKeyToken=null" name="ComputeDecisionTest" />
    </UnitTest>
    <UnitTest name="ToStringTest" storage="c:\development projects\enn\testsuite\bin\debug\testsuite.dll" id="ea95e44c-ad70-2fd7-0521-02dea5e03db6">
      <Execution id="3ae134c2-7bde-4fa7-8c8e-e36a7c83b5b2" />
      <TestMethod codeBase="C:/Development Projects/ENN/TestSuite/bin/Debug/TestSuite.DLL" adapterTypeName="Microsoft.VisualStudio.TestTools.TestTypes.Unit.UnitTestAdapter, Microsoft.VisualStudio.QualityTools.Tips.UnitTest.Adapter, Version=10.0.0.0, Culture=neutral, PublicKeyToken=b03f5f7f11d50a3a" className="TestSuite.Framework.NetworkTopologyTest, TestSuite, Version=1.0.0.0, Culture=neutral, PublicKeyToken=null" name="ToStringTest" />
    </UnitTest>
    <UnitTest name="TrainingIterationsTest" storage="c:\development projects\enn\testsuite\bin\debug\testsuite.dll" id="c598b3e8-9ef4-dda5-2cbb-7eb6dc003da3">
      <Execution id="ac32ea64-bc18-4d65-9edd-3b5d7d7f1bb7" />
      <TestMethod codeBase="C:/Development Projects/ENN/TestSuite/bin/Debug/TestSuite.DLL" adapterTypeName="Microsoft.VisualStudio.TestTools.TestTypes.Unit.UnitTestAdapter, Microsoft.VisualStudio.QualityTools.Tips.UnitTest.Adapter, Version=10.0.0.0, Culture=neutral, PublicKeyToken=b03f5f7f11d50a3a" className="TestSuite.Framework.NetworkSettingsTest, TestSuite, Version=1.0.0.0, Culture=neutral, PublicKeyToken=null" name="TrainingIterationsTest" />
    </UnitTest>
    <UnitTest name="SaveLoadBinary" storage="c:\development projects\enn\testsuite\bin\debug\testsuite.dll" id="b956f179-a280-645c-1bae-ce922e14d496">
      <Execution id="ccaf3f96-e3e6-4799-a9ed-f1d463aa6853" />
      <TestMethod codeBase="C:/Development Projects/ENN/TestSuite/bin/Debug/TestSuite.DLL" adapterTypeName="Microsoft.VisualStudio.TestTools.TestTypes.Unit.UnitTestAdapter, Microsoft.VisualStudio.QualityTools.Tips.UnitTest.Adapter, Version=10.0.0.0, Culture=neutral, PublicKeyToken=b03f5f7f11d50a3a" className="TestSuite.Framework.Tools.SettingsTest, TestSuite, Version=1.0.0.0, Culture=neutral, PublicKeyToken=null" name="SaveLoadBinary" />
    </UnitTest>
    <UnitTest name="DefaultHiddenLayerTest" storage="c:\development projects\enn\testsuite\bin\debug\testsuite.dll" id="37a9f4d0-d84b-2633-12b6-49d19baece9d">
      <Execution id="468c1f06-8c97-4c10-b503-a013dabd63b5" />
      <TestMethod codeBase="C:/Development Projects/ENN/TestSuite/bin/Debug/TestSuite.DLL" adapterTypeName="Microsoft.VisualStudio.TestTools.TestTypes.Unit.UnitTestAdapter, Microsoft.VisualStudio.QualityTools.Tips.UnitTest.Adapter, Version=10.0.0.0, Culture=neutral, PublicKeyToken=b03f5f7f11d50a3a" className="TestSuite.Framework.NetworkSettingsTest, TestSuite, Version=1.0.0.0, Culture=neutral, PublicKeyToken=null" name="DefaultHiddenLayerTest" />
    </UnitTest>
    <UnitTest name="InputLayerTest" storage="c:\development projects\enn\testsuite\bin\debug\testsuite.dll" id="aff7f15c-9745-8d57-d62e-e6de87a6f68c">
      <Execution id="1ec672b0-e87c-4d8e-a09b-b4b4d8646d28" />
      <TestMethod codeBase="C:/Development Projects/ENN/TestSuite/bin/Debug/TestSuite.DLL" adapterTypeName="Microsoft.VisualStudio.TestTools.TestTypes.Unit.UnitTestAdapter, Microsoft.VisualStudio.QualityTools.Tips.UnitTest.Adapter, Version=10.0.0.0, Culture=neutral, PublicKeyToken=b03f5f7f11d50a3a" className="TestSuite.Framework.NetworkTopologyTest, TestSuite, Version=1.0.0.0, Culture=neutral, PublicKeyToken=null" name="InputLayerTest" />
    </UnitTest>
    <UnitTest name="EqualsTest" storage="c:\development projects\enn\testsuite\bin\debug\testsuite.dll" id="18a77028-9543-64bf-e55c-fd2f334a9adb">
      <Execution id="8d60e8eb-f444-4e65-b2f0-43fa57c0abfa" />
      <TestMethod codeBase="C:/Development Projects/ENN/TestSuite/bin/Debug/TestSuite.DLL" adapterTypeName="Microsoft.VisualStudio.TestTools.TestTypes.Unit.UnitTestAdapter, Microsoft.VisualStudio.QualityTools.Tips.UnitTest.Adapter, Version=10.0.0.0, Culture=neutral, PublicKeyToken=b03f5f7f11d50a3a" className="TestSuite.Framework.BasicNodeTest, TestSuite, Version=1.0.0.0, Culture=neutral, PublicKeyToken=null" name="EqualsTest" />
    </UnitTest>
    <UnitTest name="NeuralNetworkConstructorTest" storage="c:\development projects\enn\testsuite\bin\debug\testsuite.dll" id="cf73ff44-a6c5-1e64-628c-f9b7f15247dd">
      <Execution id="07d3033a-32e4-4d5e-8fd5-c9e91a01dc91" />
      <TestMethod codeBase="C:/Development Projects/ENN/TestSuite/bin/Debug/TestSuite.DLL" adapterTypeName="Microsoft.VisualStudio.TestTools.TestTypes.Unit.UnitTestAdapter, Microsoft.VisualStudio.QualityTools.Tips.UnitTest.Adapter, Version=10.0.0.0, Culture=neutral, PublicKeyToken=b03f5f7f11d50a3a" className="TestSuite.Framework.NeuralNetworkTest, TestSuite, Version=1.0.0.0, Culture=neutral, PublicKeyToken=null" name="NeuralNetworkConstructorTest" />
    </UnitTest>
    <UnitTest name="EqualsTest" storage="c:\development projects\enn\testsuite\bin\debug\testsuite.dll" id="304bcf55-bb27-4a03-1c77-ecdeae3bc051">
      <Execution id="7421c070-44a5-4dfd-ac99-5a5a8eeeb5ef" />
      <TestMethod codeBase="C:/Development Projects/ENN/TestSuite/bin/Debug/TestSuite.DLL" adapterTypeName="Microsoft.VisualStudio.TestTools.TestTypes.Unit.UnitTestAdapter, Microsoft.VisualStudio.QualityTools.Tips.UnitTest.Adapter, Version=10.0.0.0, Culture=neutral, PublicKeyToken=b03f5f7f11d50a3a" className="TestSuite.Framework.BasicInputLayerTest, TestSuite, Version=1.0.0.0, Culture=neutral, PublicKeyToken=null" name="EqualsTest" />
    </UnitTest>
    <UnitTest name="TrainNetworkTest" storage="c:\development projects\enn\testsuite\bin\debug\testsuite.dll" id="583e1b08-512f-1567-2515-8af7db8880c1">
      <Execution id="1b20626f-a159-4299-bd2d-b0d90b622402" />
      <TestMethod codeBase="C:/Development Projects/ENN/TestSuite/bin/Debug/TestSuite.DLL" adapterTypeName="Microsoft.VisualStudio.TestTools.TestTypes.Unit.UnitTestAdapter, Microsoft.VisualStudio.QualityTools.Tips.UnitTest.Adapter, Version=10.0.0.0, Culture=neutral, PublicKeyToken=b03f5f7f11d50a3a" className="TestSuite.Framework.NeuralNetworkTest, TestSuite, Version=1.0.0.0, Culture=neutral, PublicKeyToken=null" name="TrainNetworkTest" />
    </UnitTest>
    <UnitTest name="GetValuesTest" storage="c:\development projects\enn\testsuite\bin\debug\testsuite.dll" id="919fcb5c-9129-e4af-6da8-58234650b9d0">
      <Execution id="32487343-913f-4719-9bd6-aa36868bc89b" />
      <TestMethod codeBase="C:/Development Projects/ENN/TestSuite/bin/Debug/TestSuite.DLL" adapterTypeName="Microsoft.VisualStudio.TestTools.TestTypes.Unit.UnitTestAdapter, Microsoft.VisualStudio.QualityTools.Tips.UnitTest.Adapter, Version=10.0.0.0, Culture=neutral, PublicKeyToken=b03f5f7f11d50a3a" className="TestSuite.Framework.BasicInputLayerTest, TestSuite, Version=1.0.0.0, Culture=neutral, PublicKeyToken=null" name="GetValuesTest" />
    </UnitTest>
    <UnitTest name="TraininPoolTest" storage="c:\development projects\enn\testsuite\bin\debug\testsuite.dll" id="27e69bba-5d02-273a-8090-be69ec325e3e">
      <Execution id="622eb89f-ed4e-4dc7-9282-67642697ac1a" />
      <TestMethod codeBase="C:/Development Projects/ENN/TestSuite/bin/Debug/TestSuite.DLL" adapterTypeName="Microsoft.VisualStudio.TestTools.TestTypes.Unit.UnitTestAdapter, Microsoft.VisualStudio.QualityTools.Tips.UnitTest.Adapter, Version=10.0.0.0, Culture=neutral, PublicKeyToken=b03f5f7f11d50a3a" className="TestSuite.Framework.NetworkSettingsTest, TestSuite, Version=1.0.0.0, Culture=neutral, PublicKeyToken=null" name="TraininPoolTest" />
    </UnitTest>
    <UnitTest name="CreateUserObjectTest" storage="c:\development projects\enn\testsuite\bin\debug\testsuite.dll" id="86183e70-5869-ac26-e602-fe6fdc8564f6">
      <DeploymentItems>
        <DeploymentItem filename="ENN.Framework.dll" />
      </DeploymentItems>
      <Execution id="81d98d7c-380d-434d-8b5b-fb72052783bb" />
      <TestMethod codeBase="C:/Development Projects/ENN/TestSuite/bin/Debug/TestSuite.DLL" adapterTypeName="Microsoft.VisualStudio.TestTools.TestTypes.Unit.UnitTestAdapter, Microsoft.VisualStudio.QualityTools.Tips.UnitTest.Adapter, Version=10.0.0.0, Culture=neutral, PublicKeyToken=b03f5f7f11d50a3a" className="TestSuite.Framework.StandLibFactoryTest, TestSuite, Version=1.0.0.0, Culture=neutral, PublicKeyToken=null" name="CreateUserObjectTest" />
    </UnitTest>
    <UnitTest name="WeightsTest" storage="c:\development projects\enn\testsuite\bin\debug\testsuite.dll" id="75f6c7d5-9e5a-8f55-82e3-7c8fe7e13944">
      <Execution id="eeffb788-141e-4799-be95-877c51b0957c" />
      <TestMethod codeBase="C:/Development Projects/ENN/TestSuite/bin/Debug/TestSuite.DLL" adapterTypeName="Microsoft.VisualStudio.TestTools.TestTypes.Unit.UnitTestAdapter, Microsoft.VisualStudio.QualityTools.Tips.UnitTest.Adapter, Version=10.0.0.0, Culture=neutral, PublicKeyToken=b03f5f7f11d50a3a" className="TestSuite.Framework.BasicNodeTest, TestSuite, Version=1.0.0.0, Culture=neutral, PublicKeyToken=null" name="WeightsTest" />
    </UnitTest>
    <UnitTest name="EqualsTest" storage="c:\development projects\enn\testsuite\bin\debug\testsuite.dll" id="5577bcbe-3b62-1f0a-eed4-fd75c6d9137e">
      <Execution id="9a1f9ec2-5f4e-4fb1-8d6a-288ceb5b53e3" />
      <TestMethod codeBase="C:/Development Projects/ENN/TestSuite/bin/Debug/TestSuite.DLL" adapterTypeName="Microsoft.VisualStudio.TestTools.TestTypes.Unit.UnitTestAdapter, Microsoft.VisualStudio.QualityTools.Tips.UnitTest.Adapter, Version=10.0.0.0, Culture=neutral, PublicKeyToken=b03f5f7f11d50a3a" className="TestSuite.Framework.NetworkSettingsTest, TestSuite, Version=1.0.0.0, Culture=neutral, PublicKeyToken=null" name="EqualsTest" />
    </UnitTest>
    <UnitTest name="DefaultInputLayerTest" storage="c:\development projects\enn\testsuite\bin\debug\testsuite.dll" id="18bf7b2a-4736-099f-9f87-d6165f9a1d8f">
      <Execution id="13d0972e-9684-4308-8f75-8306406f23e4" />
      <TestMethod codeBase="C:/Development Projects/ENN/TestSuite/bin/Debug/TestSuite.DLL" adapterTypeName="Microsoft.VisualStudio.TestTools.TestTypes.Unit.UnitTestAdapter, Microsoft.VisualStudio.QualityTools.Tips.UnitTest.Adapter, Version=10.0.0.0, Culture=neutral, PublicKeyToken=b03f5f7f11d50a3a" className="TestSuite.Framework.NetworkSettingsTest, TestSuite, Version=1.0.0.0, Culture=neutral, PublicKeyToken=null" name="DefaultInputLayerTest" />
    </UnitTest>
    <UnitTest name="SimpleAlgebraTest" storage="c:\development projects\enn\testsuite\bin\debug\testsuite.dll" id="56dba6eb-083e-0230-0e94-72afb7f4ca1f">
      <Execution id="b415c9d3-dc39-499c-a35d-fd48d9aa1f1e" />
      <TestMethod codeBase="C:/Development Projects/ENN/TestSuite/bin/Debug/TestSuite.DLL" adapterTypeName="Microsoft.VisualStudio.TestTools.TestTypes.Unit.UnitTestAdapter, Microsoft.VisualStudio.QualityTools.Tips.UnitTest.Adapter, Version=10.0.0.0, Culture=neutral, PublicKeyToken=b03f5f7f11d50a3a" className="TestSuite.Framework.SigmoidFunctionsTest, TestSuite, Version=1.0.0.0, Culture=neutral, PublicKeyToken=null" name="SimpleAlgebraTest" />
    </UnitTest>
    <UnitTest name="MetaDataTest" storage="c:\development projects\enn\testsuite\bin\debug\testsuite.dll" id="f8957ebd-9c0b-9da1-0906-83765d4b5fea">
      <Execution id="30f6dbbf-eb88-441e-bacf-4e096ff6da73" />
      <TestMethod codeBase="C:/Development Projects/ENN/TestSuite/bin/Debug/TestSuite.DLL" adapterTypeName="Microsoft.VisualStudio.TestTools.TestTypes.Unit.UnitTestAdapter, Microsoft.VisualStudio.QualityTools.Tips.UnitTest.Adapter, Version=10.0.0.0, Culture=neutral, PublicKeyToken=b03f5f7f11d50a3a" className="TestSuite.Framework.BasicNodeTest, TestSuite, Version=1.0.0.0, Culture=neutral, PublicKeyToken=null" name="MetaDataTest" />
    </UnitTest>
  </TestDefinitions>
  <TestLists>
    <TestList name="Results Not in a List" id="8c84fa94-04c1-424b-9868-57a2d4851a1d" />
    <TestList name="All Loaded Results" id="19431567-8539-422a-85d7-44ee4e166bda" />
  </TestLists>
  <TestEntries>
    <TestEntry testId="020f297e-a2c1-3a64-4acc-60c7b6d21770" executionId="d907bf2d-58db-4ec5-8b1b-9cc0978cdabe" testListId="8c84fa94-04c1-424b-9868-57a2d4851a1d" />
    <TestEntry testId="07b21b41-3269-6cca-bc3e-6dc3a61f0299" executionId="56814059-46f9-4024-805e-cd78f3df4bcd" testListId="8c84fa94-04c1-424b-9868-57a2d4851a1d" />
    <TestEntry testId="18a77028-9543-64bf-e55c-fd2f334a9adb" executionId="8d60e8eb-f444-4e65-b2f0-43fa57c0abfa" testListId="8c84fa94-04c1-424b-9868-57a2d4851a1d" />
    <TestEntry testId="18bf7b2a-4736-099f-9f87-d6165f9a1d8f" executionId="13d0972e-9684-4308-8f75-8306406f23e4" testListId="8c84fa94-04c1-424b-9868-57a2d4851a1d" />
    <TestEntry testId="1b724367-d2c1-3107-fa6a-cfdd80613097" executionId="5643a3ce-9a0e-405e-b36d-81f0eb897a47" testListId="8c84fa94-04c1-424b-9868-57a2d4851a1d" />
    <TestEntry testId="1f504a14-9109-8935-fb3d-3e0cc9acaced" executionId="8f16a05d-b102-4fd8-a679-d7ef0b86636d" testListId="8c84fa94-04c1-424b-9868-57a2d4851a1d" />
    <TestEntry testId="27e69bba-5d02-273a-8090-be69ec325e3e" executionId="622eb89f-ed4e-4dc7-9282-67642697ac1a" testListId="8c84fa94-04c1-424b-9868-57a2d4851a1d" />
    <TestEntry testId="2b901e5f-9814-1f85-ba74-9596bce4ae77" executionId="7bec4f3e-5746-4f3b-8e18-682b0759c461" testListId="8c84fa94-04c1-424b-9868-57a2d4851a1d" />
    <TestEntry testId="2c89c367-a74f-da41-08f4-450946228133" executionId="697012a1-5b47-49e0-8fa5-b07cbcbb5d82" testListId="8c84fa94-04c1-424b-9868-57a2d4851a1d" />
    <TestEntry testId="304bcf55-bb27-4a03-1c77-ecdeae3bc051" executionId="7421c070-44a5-4dfd-ac99-5a5a8eeeb5ef" testListId="8c84fa94-04c1-424b-9868-57a2d4851a1d" />
    <TestEntry testId="349f5a51-cd4a-74bd-4680-47d19c2c213f" executionId="bcf921fb-9610-4fa1-9da9-151df261c969" testListId="8c84fa94-04c1-424b-9868-57a2d4851a1d" />
    <TestEntry testId="357b4346-32ed-acf9-652d-d83b6fab665a" executionId="6b7fc6ee-b66d-4a7a-aae0-e8e769d97d66" testListId="8c84fa94-04c1-424b-9868-57a2d4851a1d" />
    <TestEntry testId="37a9f4d0-d84b-2633-12b6-49d19baece9d" executionId="468c1f06-8c97-4c10-b503-a013dabd63b5" testListId="8c84fa94-04c1-424b-9868-57a2d4851a1d" />
    <TestEntry testId="38c45ed0-2293-3c74-f641-ef31e1cff933" executionId="395e2a9e-e481-47d7-a9c9-298323e6cea5" testListId="8c84fa94-04c1-424b-9868-57a2d4851a1d" />
    <TestEntry testId="3c3ed5b7-5e6a-8138-0b65-4fd13679f387" executionId="665a8b23-885f-450f-abd4-732f0ae886b2" testListId="8c84fa94-04c1-424b-9868-57a2d4851a1d" />
    <TestEntry testId="3c9d6005-6c63-77c2-b4e0-1c2eb9238c86" executionId="ded64054-877e-4edf-b70f-c944359879ce" testListId="8c84fa94-04c1-424b-9868-57a2d4851a1d" />
    <TestEntry testId="41c561ac-f514-03ed-4f2e-66225ee0a9b3" executionId="827d0816-255d-41b4-8497-cee0cf92fbd8" testListId="8c84fa94-04c1-424b-9868-57a2d4851a1d" />
    <TestEntry testId="430f1830-9fb9-6f5a-5bbd-8746f440b9db" executionId="b3ede62d-4292-4561-9725-b572a9904582" testListId="8c84fa94-04c1-424b-9868-57a2d4851a1d" />
    <TestEntry testId="47b48568-fe23-aa9f-4797-84c392c55991" executionId="0a4d69b8-56c2-4ba2-a4d9-562059608058" testListId="8c84fa94-04c1-424b-9868-57a2d4851a1d" />
    <TestEntry testId="49de5b48-9eaf-d0db-f8b0-e44b0098530f" executionId="c65c7372-2590-4bae-b5b1-a23fe2a30686" testListId="8c84fa94-04c1-424b-9868-57a2d4851a1d" />
    <TestEntry testId="4d46c574-4e3e-c892-575b-4964cedc723f" executionId="a827647f-8d26-4077-9d21-e39647562982" testListId="8c84fa94-04c1-424b-9868-57a2d4851a1d" />
    <TestEntry testId="53c97187-29f3-3a29-3a8c-67e2258754c3" executionId="a5d3ce30-fbe0-4aaa-ae39-d7e59a65493d" testListId="8c84fa94-04c1-424b-9868-57a2d4851a1d" />
    <TestEntry testId="54ea49d7-872c-276b-d1ac-f03e032aae87" executionId="045b474c-4f66-44c9-a997-4c6e8c8c94e7" testListId="8c84fa94-04c1-424b-9868-57a2d4851a1d" />
    <TestEntry testId="5577bcbe-3b62-1f0a-eed4-fd75c6d9137e" executionId="9a1f9ec2-5f4e-4fb1-8d6a-288ceb5b53e3" testListId="8c84fa94-04c1-424b-9868-57a2d4851a1d" />
    <TestEntry testId="56dba6eb-083e-0230-0e94-72afb7f4ca1f" executionId="b415c9d3-dc39-499c-a35d-fd48d9aa1f1e" testListId="8c84fa94-04c1-424b-9868-57a2d4851a1d" />
    <TestEntry testId="573b324d-2394-0284-242e-658089f98732" executionId="d4dad78a-7c91-4679-ab9f-6d3c69367fd7" testListId="8c84fa94-04c1-424b-9868-57a2d4851a1d" />
    <TestEntry testId="583e1b08-512f-1567-2515-8af7db8880c1" executionId="1b20626f-a159-4299-bd2d-b0d90b622402" testListId="8c84fa94-04c1-424b-9868-57a2d4851a1d" />
    <TestEntry testId="604a034f-362e-5faa-f734-caee2f5177cf" executionId="25229bca-43a3-419b-906b-02c6a0e656f8" testListId="8c84fa94-04c1-424b-9868-57a2d4851a1d" />
    <TestEntry testId="680a45b5-4f49-a5c2-34cb-d26f2ad2185b" executionId="38073f75-9b2e-49fb-9d31-70ed5b0e1218" testListId="8c84fa94-04c1-424b-9868-57a2d4851a1d" />
    <TestEntry testId="6a52bd04-93c0-3f97-3dd3-da1b2d4c5d7d" executionId="6a89aaad-65a1-45b3-9faa-a03f28d3cfec" testListId="8c84fa94-04c1-424b-9868-57a2d4851a1d" />
    <TestEntry testId="6c48ec72-9487-035f-80b3-d8b19112a2d9" executionId="ce204ed9-3a5c-4c22-8b7c-e79490e073e3" testListId="8c84fa94-04c1-424b-9868-57a2d4851a1d" />
    <TestEntry testId="6d9bec79-b5da-bc4a-5a65-b5aeaeb99bc5" executionId="e8b16558-620a-4a85-817f-bf99fe86430e" testListId="8c84fa94-04c1-424b-9868-57a2d4851a1d" />
    <TestEntry testId="75f6c7d5-9e5a-8f55-82e3-7c8fe7e13944" executionId="eeffb788-141e-4799-be95-877c51b0957c" testListId="8c84fa94-04c1-424b-9868-57a2d4851a1d" />
    <TestEntry testId="7d8ab741-01d2-0d2d-1e29-c0fcb83101fd" executionId="c3344acd-4538-43d5-b75f-f9c0a7d0e1fa" testListId="8c84fa94-04c1-424b-9868-57a2d4851a1d" />
    <TestEntry testId="7ddb6d66-d4cc-b85e-ceb4-dacdc7709908" executionId="2cfcf325-9715-4549-95eb-6567bf2f760e" testListId="8c84fa94-04c1-424b-9868-57a2d4851a1d" />
    <TestEntry testId="855130ce-84bf-1161-1eee-aae8000252b2" executionId="baaf40e7-1a66-4492-9a49-f4320a68632e" testListId="8c84fa94-04c1-424b-9868-57a2d4851a1d" />
    <TestEntry testId="86183e70-5869-ac26-e602-fe6fdc8564f6" executionId="81d98d7c-380d-434d-8b5b-fb72052783bb" testListId="8c84fa94-04c1-424b-9868-57a2d4851a1d" />
    <TestEntry testId="895e1ad2-9637-1929-bdca-2e13d6ecdf33" executionId="838febbe-fd88-4526-90d7-9be4c9e23568" testListId="8c84fa94-04c1-424b-9868-57a2d4851a1d" />
    <TestEntry testId="8c397046-78ee-c33d-3e4c-44a5719d553d" executionId="bde59fb1-ad2b-443c-882c-d5f8ae11288e" testListId="8c84fa94-04c1-424b-9868-57a2d4851a1d" />
    <TestEntry testId="8de660a6-a5b4-4a08-e168-84d6a8847c2d" executionId="badd93d7-883c-4679-a9db-1608af2cf507" testListId="8c84fa94-04c1-424b-9868-57a2d4851a1d" />
    <TestEntry testId="8fa4a54a-bae6-94d8-d573-1647c12d4824" executionId="fc6fc518-88a3-4ea1-99f9-475ab83757d8" testListId="8c84fa94-04c1-424b-9868-57a2d4851a1d" />
    <TestEntry testId="90d4d793-c175-7e4f-a953-2c15482e9127" executionId="7df8fe99-ac04-4e5e-863d-7135a23d5fb7" testListId="8c84fa94-04c1-424b-9868-57a2d4851a1d" />
    <TestEntry testId="919fcb5c-9129-e4af-6da8-58234650b9d0" executionId="32487343-913f-4719-9bd6-aa36868bc89b" testListId="8c84fa94-04c1-424b-9868-57a2d4851a1d" />
    <TestEntry testId="99f0b5b4-0a2a-3205-9152-e1a3e644b886" executionId="30f000d0-b22d-4df6-9d82-829cf7b8d543" testListId="8c84fa94-04c1-424b-9868-57a2d4851a1d" />
    <TestEntry testId="a1ceb0d7-e762-54e4-c7d1-02628c8188ab" executionId="ddeb2e99-d232-4152-a966-4b7061a18c02" testListId="8c84fa94-04c1-424b-9868-57a2d4851a1d" />
    <TestEntry testId="a8823d1a-dea7-22d8-3b80-cec046111d72" executionId="96ac6d66-368f-4407-b67c-178bef96b3b2" testListId="8c84fa94-04c1-424b-9868-57a2d4851a1d" />
    <TestEntry testId="aff7f15c-9745-8d57-d62e-e6de87a6f68c" executionId="1ec672b0-e87c-4d8e-a09b-b4b4d8646d28" testListId="8c84fa94-04c1-424b-9868-57a2d4851a1d" />
    <TestEntry testId="b4ff2759-93e7-a8a5-d6b3-d10da4893f5a" executionId="0be1803e-7d20-46ca-be27-342cb4bc6696" testListId="8c84fa94-04c1-424b-9868-57a2d4851a1d" />
    <TestEntry testId="b5ae595f-7dca-73d7-1bda-f09e7ea52bd4" executionId="56991d1e-f315-48b4-b57b-f3f7c0829ab6" testListId="8c84fa94-04c1-424b-9868-57a2d4851a1d" />
    <TestEntry testId="b5af2dd1-ef3f-eec7-b120-54c52453cde4" executionId="d37324b5-ea79-41a3-b42f-e4b1c70958c9" testListId="8c84fa94-04c1-424b-9868-57a2d4851a1d" />
    <TestEntry testId="b5e3a755-a2ab-152d-aa80-c4911fd65e0b" executionId="244628cf-7e64-413f-b401-a262c36b2a62" testListId="8c84fa94-04c1-424b-9868-57a2d4851a1d" />
    <TestEntry testId="b6e27dc1-3f73-d482-30bb-5034e06d0f49" executionId="4d485809-d661-454b-97c5-5c54c5fb436d" testListId="8c84fa94-04c1-424b-9868-57a2d4851a1d" />
    <TestEntry testId="b956f179-a280-645c-1bae-ce922e14d496" executionId="ccaf3f96-e3e6-4799-a9ed-f1d463aa6853" testListId="8c84fa94-04c1-424b-9868-57a2d4851a1d" />
    <TestEntry testId="ba1cb5ab-f487-d922-92d1-b5c0b8d6512f" executionId="1094d717-c1fa-4fef-92fb-098dc754f65a" testListId="8c84fa94-04c1-424b-9868-57a2d4851a1d" />
    <TestEntry testId="bd6134f3-8c29-55c3-d0c7-c2fb216d01d4" executionId="14e64691-33d5-4ed1-8436-2f6223826087" testListId="8c84fa94-04c1-424b-9868-57a2d4851a1d" />
    <TestEntry testId="c598b3e8-9ef4-dda5-2cbb-7eb6dc003da3" executionId="ac32ea64-bc18-4d65-9edd-3b5d7d7f1bb7" testListId="8c84fa94-04c1-424b-9868-57a2d4851a1d" />
    <TestEntry testId="ca9b7ca8-ec0a-3d74-80eb-bb3fce3380f1" executionId="ea1ebe60-e4b4-4e71-b3c2-86005744adb0" testListId="8c84fa94-04c1-424b-9868-57a2d4851a1d" />
    <TestEntry testId="cf73ff44-a6c5-1e64-628c-f9b7f15247dd" executionId="07d3033a-32e4-4d5e-8fd5-c9e91a01dc91" testListId="8c84fa94-04c1-424b-9868-57a2d4851a1d" />
    <TestEntry testId="d1aa1e04-5762-55e7-0a3f-f25ed3746b8e" executionId="1443a06d-8699-4f85-b3b3-309254298245" testListId="8c84fa94-04c1-424b-9868-57a2d4851a1d" />
    <TestEntry testId="d60f0c70-680a-f2a7-be96-723443b7d4dc" executionId="c2ba2bff-1eff-4d3c-a1f3-e958cc15b161" testListId="8c84fa94-04c1-424b-9868-57a2d4851a1d" />
    <TestEntry testId="d7de268d-ad00-3d1a-9ef6-c7d7c6d2c881" executionId="adb3b7b7-6354-4d9d-a8c0-187cceeba683" testListId="8c84fa94-04c1-424b-9868-57a2d4851a1d" />
    <TestEntry testId="dc7516d4-ea11-52ea-592a-675e802b27f3" executionId="16755350-da8c-4a41-868c-278900fd7186" testListId="8c84fa94-04c1-424b-9868-57a2d4851a1d" />
    <TestEntry testId="e000e601-a400-b77b-7cbe-e16a1fb8bf43" executionId="070b9cb6-008f-420d-baf1-b726f7308762" testListId="8c84fa94-04c1-424b-9868-57a2d4851a1d" />
    <TestEntry testId="e28af217-9e05-374a-b589-3e0e31013f06" executionId="065c7dce-70fb-4f22-a06a-a93ac56a2e7a" testListId="8c84fa94-04c1-424b-9868-57a2d4851a1d" />
    <TestEntry testId="ea95e44c-ad70-2fd7-0521-02dea5e03db6" executionId="3ae134c2-7bde-4fa7-8c8e-e36a7c83b5b2" testListId="8c84fa94-04c1-424b-9868-57a2d4851a1d" />
    <TestEntry testId="ed6cbf7c-1892-3c38-82a7-ffa09ec69e5a" executionId="c949e951-4d78-4c5e-9b5d-e7da2baed7ad" testListId="8c84fa94-04c1-424b-9868-57a2d4851a1d" />
    <TestEntry testId="f053d416-9380-8069-ef40-6a7789ba8040" executionId="1ecb8083-18ff-49e9-a2b1-28e561660c57" testListId="8c84fa94-04c1-424b-9868-57a2d4851a1d" />
    <TestEntry testId="f1ce82b4-23b4-e9e2-a855-4dfbf8340573" executionId="0f78a5b1-950b-48b8-8068-f44a21bf95fe" testListId="8c84fa94-04c1-424b-9868-57a2d4851a1d" />
    <TestEntry testId="f8957ebd-9c0b-9da1-0906-83765d4b5fea" executionId="30f6dbbf-eb88-441e-bacf-4e096ff6da73" testListId="8c84fa94-04c1-424b-9868-57a2d4851a1d" />
  </TestEntries>
  <Results>
    <UnitTestResult executionId="d907bf2d-58db-4ec5-8b1b-9cc0978cdabe" testId="020f297e-a2c1-3a64-4acc-60c7b6d21770" testName="EqualsTest" computerName="LIL-MONEY-PIT" duration="00:00:00.0517793" startTime="2012-02-21T17:02:41.0270403-05:00" endTime="2012-02-21T17:02:41.3770603-05:00" testType="13cdc9d9-ddb5-4fa4-a97d-d965ccfc6d4b" outcome="Inconclusive" testListId="8c84fa94-04c1-424b-9868-57a2d4851a1d" relativeResultsDirectory="d907bf2d-58db-4ec5-8b1b-9cc0978cdabe">
      <Output>
        <ErrorInfo>
          <Message>Assert.Inconclusive failed. Verify the correctness of this test method.</Message>
          <StackTrace>   at TestSuite.Framework.CustomizableNodeTest.EqualsTest() in C:\Development Projects\ENN\TestSuite\Framework\Nodes\CustomizableNodeTest.cs:line 43
</StackTrace>
        </ErrorInfo>
      </Output>
    </UnitTestResult>
    <UnitTestResult executionId="56814059-46f9-4024-805e-cd78f3df4bcd" testId="07b21b41-3269-6cca-bc3e-6dc3a61f0299" testName="BasicLayerConstructorTest" computerName="LIL-MONEY-PIT" duration="00:00:00.0017773" startTime="2012-02-21T17:02:41.3790604-05:00" endTime="2012-02-21T17:02:41.3850608-05:00" testType="13cdc9d9-ddb5-4fa4-a97d-d965ccfc6d4b" outcome="Inconclusive" testListId="8c84fa94-04c1-424b-9868-57a2d4851a1d" relativeResultsDirectory="56814059-46f9-4024-805e-cd78f3df4bcd">
      <Output>
        <ErrorInfo>
          <Message>Assert.Inconclusive failed. TODO: Implement code to verify target</Message>
          <StackTrace>   at TestSuite.Framework.BasicLayerTest.BasicLayerConstructorTest() in C:\Development Projects\ENN\TestSuite\Framework\Layers\BasicLayerTest.cs:line 38
</StackTrace>
        </ErrorInfo>
      </Output>
    </UnitTestResult>
    <UnitTestResult executionId="8d60e8eb-f444-4e65-b2f0-43fa57c0abfa" testId="18a77028-9543-64bf-e55c-fd2f334a9adb" testName="EqualsTest" computerName="LIL-MONEY-PIT" duration="00:00:00.0034034" startTime="2012-02-21T17:02:41.3880610-05:00" endTime="2012-02-21T17:02:41.3970615-05:00" testType="13cdc9d9-ddb5-4fa4-a97d-d965ccfc6d4b" outcome="Passed" testListId="8c84fa94-04c1-424b-9868-57a2d4851a1d" relativeResultsDirectory="8d60e8eb-f444-4e65-b2f0-43fa57c0abfa">
    </UnitTestResult>
    <UnitTestResult executionId="13d0972e-9684-4308-8f75-8306406f23e4" testId="18bf7b2a-4736-099f-9f87-d6165f9a1d8f" testName="DefaultInputLayerTest" computerName="LIL-MONEY-PIT" duration="00:00:00.0038333" startTime="2012-02-21T17:02:41.4000616-05:00" endTime="2012-02-21T17:02:41.4090622-05:00" testType="13cdc9d9-ddb5-4fa4-a97d-d965ccfc6d4b" outcome="Inconclusive" testListId="8c84fa94-04c1-424b-9868-57a2d4851a1d" relativeResultsDirectory="13d0972e-9684-4308-8f75-8306406f23e4">
      <Output>
        <ErrorInfo>
          <Message>Assert.Inconclusive failed. Verify the correctness of this test method.</Message>
          <StackTrace>   at TestSuite.Framework.NetworkSettingsTest.DefaultInputLayerTest() in C:\Development Projects\ENN\TestSuite\Framework\NetworkSettingsTest.cs:line 164
</StackTrace>
        </ErrorInfo>
      </Output>
    </UnitTestResult>
    <UnitTestResult executionId="5643a3ce-9a0e-405e-b36d-81f0eb897a47" testId="1b724367-d2c1-3107-fa6a-cfdd80613097" testName="PreProcessorTest" computerName="LIL-MONEY-PIT" duration="00:00:00.0029760" startTime="2012-02-21T17:02:41.4110623-05:00" endTime="2012-02-21T17:02:41.4190627-05:00" testType="13cdc9d9-ddb5-4fa4-a97d-d965ccfc6d4b" outcome="Inconclusive" testListId="8c84fa94-04c1-424b-9868-57a2d4851a1d" relativeResultsDirectory="5643a3ce-9a0e-405e-b36d-81f0eb897a47">
      <Output>
        <ErrorInfo>
          <Message>Assert.Inconclusive failed. Verify the correctness of this test method.</Message>
          <StackTrace>   at TestSuite.Framework.NetworkTopologyTest.PreProcessorTest() in C:\Development Projects\ENN\TestSuite\Framework\NetworkTopologyTest.cs:line 209
</StackTrace>
        </ErrorInfo>
      </Output>
    </UnitTestResult>
    <UnitTestResult executionId="8f16a05d-b102-4fd8-a679-d7ef0b86636d" testId="1f504a14-9109-8935-fb3d-3e0cc9acaced" testName="TrainingAlgorithmTest" computerName="LIL-MONEY-PIT" duration="00:00:00.0015787" startTime="2012-02-21T17:02:41.4210628-05:00" endTime="2012-02-21T17:02:41.4260631-05:00" testType="13cdc9d9-ddb5-4fa4-a97d-d965ccfc6d4b" outcome="Inconclusive" testListId="8c84fa94-04c1-424b-9868-57a2d4851a1d" relativeResultsDirectory="8f16a05d-b102-4fd8-a679-d7ef0b86636d">
      <Output>
        <ErrorInfo>
          <Message>Assert.Inconclusive failed. Verify the correctness of this test method.</Message>
          <StackTrace>   at TestSuite.Framework.NetworkTopologyTest.TrainingAlgorithmTest() in C:\Development Projects\ENN\TestSuite\Framework\NetworkTopologyTest.cs:line 224
</StackTrace>
        </ErrorInfo>
      </Output>
    </UnitTestResult>
    <UnitTestResult executionId="622eb89f-ed4e-4dc7-9282-67642697ac1a" testId="27e69bba-5d02-273a-8090-be69ec325e3e" testName="TraininPoolTest" computerName="LIL-MONEY-PIT" duration="00:00:00.0044628" startTime="2012-02-21T17:02:41.4300634-05:00" endTime="2012-02-21T17:02:41.4400639-05:00" testType="13cdc9d9-ddb5-4fa4-a97d-d965ccfc6d4b" outcome="Inconclusive" testListId="8c84fa94-04c1-424b-9868-57a2d4851a1d" relativeResultsDirectory="622eb89f-ed4e-4dc7-9282-67642697ac1a">
      <Output>
        <ErrorInfo>
          <Message>Assert.Inconclusive failed. Verify the correctness of this test method.</Message>
          <StackTrace>   at TestSuite.Framework.NetworkSettingsTest.TraininPoolTest() in C:\Development Projects\ENN\TestSuite\Framework\NetworkSettingsTest.cs:line 269
</StackTrace>
        </ErrorInfo>
      </Output>
    </UnitTestResult>
    <UnitTestResult executionId="7bec4f3e-5746-4f3b-8e18-682b0759c461" testId="2b901e5f-9814-1f85-ba74-9596bce4ae77" testName="EnableTimingTest" computerName="LIL-MONEY-PIT" duration="00:00:00.0015902" startTime="2012-02-21T17:02:41.4440642-05:00" endTime="2012-02-21T17:02:41.4530647-05:00" testType="13cdc9d9-ddb5-4fa4-a97d-d965ccfc6d4b" outcome="Inconclusive" testListId="8c84fa94-04c1-424b-9868-57a2d4851a1d" relativeResultsDirectory="7bec4f3e-5746-4f3b-8e18-682b0759c461">
      <Output>
        <ErrorInfo>
          <Message>Assert.Inconclusive failed. Verify the correctness of this test method.</Message>
          <StackTrace>   at TestSuite.Framework.NetworkSettingsTest.EnableTimingTest() in C:\Development Projects\ENN\TestSuite\Framework\NetworkSettingsTest.cs:line 209
</StackTrace>
        </ErrorInfo>
      </Output>
    </UnitTestResult>
    <UnitTestResult executionId="697012a1-5b47-49e0-8fa5-b07cbcbb5d82" testId="2c89c367-a74f-da41-08f4-450946228133" testName="GeneralizedLogisticTest1" computerName="LIL-MONEY-PIT" duration="00:00:00.0015840" startTime="2012-02-21T17:02:41.4570649-05:00" endTime="2012-02-21T17:02:41.4630652-05:00" testType="13cdc9d9-ddb5-4fa4-a97d-d965ccfc6d4b" outcome="Passed" testListId="8c84fa94-04c1-424b-9868-57a2d4851a1d" relativeResultsDirectory="697012a1-5b47-49e0-8fa5-b07cbcbb5d82">
    </UnitTestResult>
    <UnitTestResult executionId="7421c070-44a5-4dfd-ac99-5a5a8eeeb5ef" testId="304bcf55-bb27-4a03-1c77-ecdeae3bc051" testName="EqualsTest" computerName="LIL-MONEY-PIT" duration="00:00:00.0020964" startTime="2012-02-21T17:02:41.4660654-05:00" endTime="2012-02-21T17:02:41.4730658-05:00" testType="13cdc9d9-ddb5-4fa4-a97d-d965ccfc6d4b" outcome="Passed" testListId="8c84fa94-04c1-424b-9868-57a2d4851a1d" relativeResultsDirectory="7421c070-44a5-4dfd-ac99-5a5a8eeeb5ef">
    </UnitTestResult>
    <UnitTestResult executionId="bcf921fb-9610-4fa1-9da9-151df261c969" testId="349f5a51-cd4a-74bd-4680-47d19c2c213f" testName="getCombinationFunctionTest" computerName="LIL-MONEY-PIT" duration="00:00:00.0212938" startTime="2012-02-21T17:02:41.4770660-05:00" endTime="2012-02-21T17:02:41.5030675-05:00" testType="13cdc9d9-ddb5-4fa4-a97d-d965ccfc6d4b" outcome="Failed" testListId="8c84fa94-04c1-424b-9868-57a2d4851a1d" relativeResultsDirectory="bcf921fb-9610-4fa1-9da9-151df261c969">
      <Output>
        <ErrorInfo>
          <Message>Assert.AreEqual failed. Expected:&lt;(null)&gt;. Actual:&lt;ENN.Framework.CombinationFunction&gt;. </Message>
          <StackTrace>   at TestSuite.Framework.StandLibFactoryTest.getCombinationFunctionTest() in C:\Development Projects\ENN\TestSuite\Framework\StandLibFactoryTest.cs:line 152
</StackTrace>
        </ErrorInfo>
      </Output>
    </UnitTestResult>
    <UnitTestResult executionId="6b7fc6ee-b66d-4a7a-aae0-e8e769d97d66" testId="357b4346-32ed-acf9-652d-d83b6fab665a" testName="getActivationFunctionTest" computerName="LIL-MONEY-PIT" duration="00:00:00.0033760" startTime="2012-02-21T17:02:41.5080678-05:00" endTime="2012-02-21T17:02:41.5160683-05:00" testType="13cdc9d9-ddb5-4fa4-a97d-d965ccfc6d4b" outcome="Failed" testListId="8c84fa94-04c1-424b-9868-57a2d4851a1d" relativeResultsDirectory="6b7fc6ee-b66d-4a7a-aae0-e8e769d97d66">
      <Output>
        <ErrorInfo>
          <Message>Assert.AreEqual failed. Expected:&lt;(null)&gt;. Actual:&lt;ENN.Framework.ActivationFunction&gt;. </Message>
          <StackTrace>   at TestSuite.Framework.StandLibFactoryTest.getActivationFunctionTest() in C:\Development Projects\ENN\TestSuite\Framework\StandLibFactoryTest.cs:line 138
</StackTrace>
        </ErrorInfo>
      </Output>
    </UnitTestResult>
    <UnitTestResult executionId="468c1f06-8c97-4c10-b503-a013dabd63b5" testId="37a9f4d0-d84b-2633-12b6-49d19baece9d" testName="DefaultHiddenLayerTest" computerName="LIL-MONEY-PIT" duration="00:00:00.0016275" startTime="2012-02-21T17:02:41.5200685-05:00" endTime="2012-02-21T17:02:41.5280690-05:00" testType="13cdc9d9-ddb5-4fa4-a97d-d965ccfc6d4b" outcome="Inconclusive" testListId="8c84fa94-04c1-424b-9868-57a2d4851a1d" relativeResultsDirectory="468c1f06-8c97-4c10-b503-a013dabd63b5">
      <Output>
        <ErrorInfo>
          <Message>Assert.Inconclusive failed. Verify the correctness of this test method.</Message>
          <StackTrace>   at TestSuite.Framework.NetworkSettingsTest.DefaultHiddenLayerTest() in C:\Development Projects\ENN\TestSuite\Framework\NetworkSettingsTest.cs:line 149
</StackTrace>
        </ErrorInfo>
      </Output>
    </UnitTestResult>
    <UnitTestResult executionId="395e2a9e-e481-47d7-a9c9-298323e6cea5" testId="38c45ed0-2293-3c74-f641-ef31e1cff933" testName="SaveLoadBinaryTest" computerName="LIL-MONEY-PIT" duration="00:00:00.0224591" startTime="2012-02-21T17:02:41.5320692-05:00" endTime="2012-02-21T17:02:41.5590707-05:00" testType="13cdc9d9-ddb5-4fa4-a97d-d965ccfc6d4b" outcome="Passed" testListId="8c84fa94-04c1-424b-9868-57a2d4851a1d" relativeResultsDirectory="395e2a9e-e481-47d7-a9c9-298323e6cea5">
    </UnitTestResult>
    <UnitTestResult executionId="665a8b23-885f-450f-abd4-732f0ae886b2" testId="3c3ed5b7-5e6a-8138-0b65-4fd13679f387" testName="DefaultNodeTest" computerName="LIL-MONEY-PIT" duration="00:00:00.0012434" startTime="2012-02-21T17:02:41.5620709-05:00" endTime="2012-02-21T17:02:41.5660711-05:00" testType="13cdc9d9-ddb5-4fa4-a97d-d965ccfc6d4b" outcome="Inconclusive" testListId="8c84fa94-04c1-424b-9868-57a2d4851a1d" relativeResultsDirectory="665a8b23-885f-450f-abd4-732f0ae886b2">
      <Output>
        <ErrorInfo>
          <Message>Assert.Inconclusive failed. Verify the correctness of this test method.</Message>
          <StackTrace>   at TestSuite.Framework.NetworkSettingsTest.DefaultNodeTest() in C:\Development Projects\ENN\TestSuite\Framework\NetworkSettingsTest.cs:line 179
</StackTrace>
        </ErrorInfo>
      </Output>
    </UnitTestResult>
    <UnitTestResult executionId="ded64054-877e-4edf-b70f-c944359879ce" testId="3c9d6005-6c63-77c2-b4e0-1c2eb9238c86" testName="StandLibFactoryConstructorTest" computerName="LIL-MONEY-PIT" duration="00:00:00.0011583" startTime="2012-02-21T17:02:41.5690713-05:00" endTime="2012-02-21T17:02:41.5760717-05:00" testType="13cdc9d9-ddb5-4fa4-a97d-d965ccfc6d4b" outcome="Inconclusive" testListId="8c84fa94-04c1-424b-9868-57a2d4851a1d" relativeResultsDirectory="ded64054-877e-4edf-b70f-c944359879ce">
      <Output>
        <ErrorInfo>
          <Message>Assert.Inconclusive failed. TODO: Implement code to verify target</Message>
          <StackTrace>   at TestSuite.Framework.StandLibFactoryTest.StandLibFactoryConstructorTest() in C:\Development Projects\ENN\TestSuite\Framework\StandLibFactoryTest.cs:line 89
</StackTrace>
        </ErrorInfo>
      </Output>
    </UnitTestResult>
    <UnitTestResult executionId="827d0816-255d-41b4-8497-cee0cf92fbd8" testId="41c561ac-f514-03ed-4f2e-66225ee0a9b3" testName="productionTest" computerName="LIL-MONEY-PIT" duration="00:00:00.0037779" startTime="2012-02-21T17:02:41.5780718-05:00" endTime="2012-02-21T17:02:41.5860723-05:00" testType="13cdc9d9-ddb5-4fa4-a97d-d965ccfc6d4b" outcome="Passed" testListId="8c84fa94-04c1-424b-9868-57a2d4851a1d" relativeResultsDirectory="827d0816-255d-41b4-8497-cee0cf92fbd8">
    </UnitTestResult>
    <UnitTestResult executionId="b3ede62d-4292-4561-9725-b572a9904582" testId="430f1830-9fb9-6f5a-5bbd-8746f440b9db" testName="GetValuesTest" computerName="LIL-MONEY-PIT" duration="00:00:00.0123590" startTime="2012-02-21T17:02:41.5880724-05:00" endTime="2012-02-21T17:02:41.6040733-05:00" testType="13cdc9d9-ddb5-4fa4-a97d-d965ccfc6d4b" outcome="Failed" testListId="8c84fa94-04c1-424b-9868-57a2d4851a1d" relativeResultsDirectory="b3ede62d-4292-4561-9725-b572a9904582">
      <Output>
        <ErrorInfo>
          <Message>Test method TestSuite.Framework.ThreadedHiddenLayerTest.GetValuesTest threw exception: 
System.NullReferenceException: Object reference not set to an instance of an object.</Message>
          <StackTrace>    at ENN.Framework.ThreadedHiddenLayer.GetValues(Single[] values) in C:\Development Projects\ENN\ENN.Framework\Layers\TreadedHiddenLayer.cs:line 40
   at TestSuite.Framework.ThreadedHiddenLayerTest.GetValuesTest() in C:\Development Projects\ENN\TestSuite\Framework\Layers\ThreadedHiddenLayerTest.cs:line 52
</StackTrace>
        </ErrorInfo>
      </Output>
    </UnitTestResult>
    <UnitTestResult executionId="0a4d69b8-56c2-4ba2-a4d9-562059608058" testId="47b48568-fe23-aa9f-4797-84c392c55991" testName="MetaDataTest" computerName="LIL-MONEY-PIT" duration="00:00:00.0018354" startTime="2012-02-21T17:02:41.6070735-05:00" endTime="2012-02-21T17:02:41.6130738-05:00" testType="13cdc9d9-ddb5-4fa4-a97d-d965ccfc6d4b" outcome="Inconclusive" testListId="8c84fa94-04c1-424b-9868-57a2d4851a1d" relativeResultsDirectory="0a4d69b8-56c2-4ba2-a4d9-562059608058">
      <Output>
        <ErrorInfo>
          <Message>Assert.Inconclusive failed. Verify the correctness of this test method.</Message>
          <StackTrace>   at TestSuite.Framework.BasicLayerTest.MetaDataTest() in C:\Development Projects\ENN\TestSuite\Framework\Layers\BasicLayerTest.cs:line 86
</StackTrace>
        </ErrorInfo>
      </Output>
    </UnitTestResult>
    <UnitTestResult executionId="c65c7372-2590-4bae-b5b1-a23fe2a30686" testId="49de5b48-9eaf-d0db-f8b0-e44b0098530f" testName="SaveTextTest" computerName="LIL-MONEY-PIT" duration="00:00:00.0277114" startTime="2012-02-21T17:02:41.6150739-05:00" endTime="2012-02-21T17:02:41.6480758-05:00" testType="13cdc9d9-ddb5-4fa4-a97d-d965ccfc6d4b" outcome="Passed" testListId="8c84fa94-04c1-424b-9868-57a2d4851a1d" relativeResultsDirectory="c65c7372-2590-4bae-b5b1-a23fe2a30686">
    </UnitTestResult>
    <UnitTestResult executionId="a827647f-8d26-4077-9d21-e39647562982" testId="4d46c574-4e3e-c892-575b-4964cedc723f" testName="StartNetworkTest" computerName="LIL-MONEY-PIT" duration="00:00:00.0028733" startTime="2012-02-21T17:02:41.6500759-05:00" endTime="2012-02-21T17:02:41.6580764-05:00" testType="13cdc9d9-ddb5-4fa4-a97d-d965ccfc6d4b" outcome="Failed" testListId="8c84fa94-04c1-424b-9868-57a2d4851a1d" relativeResultsDirectory="a827647f-8d26-4077-9d21-e39647562982">
      <Output>
        <ErrorInfo>
          <Message>Test method TestSuite.Framework.NeuralNetworkTest.StartNetworkTest threw exception: 
System.NullReferenceException: Object reference not set to an instance of an object.</Message>
          <StackTrace>    at ENN.Framework.NeuralNetwork.StartNetwork(Object state) in C:\Development Projects\ENN\ENN.Framework\NeuralNetwork.cs:line 45
   at TestSuite.Framework.NeuralNetworkTest.StartNetworkTest() in C:\Development Projects\ENN\TestSuite\Framework\NeuralNetworkTest.cs:line 65
</StackTrace>
        </ErrorInfo>
      </Output>
    </UnitTestResult>
    <UnitTestResult executionId="a5d3ce30-fbe0-4aaa-ae39-d7e59a65493d" testId="53c97187-29f3-3a29-3a8c-67e2258754c3" testName="ModifiedLogisticTest" computerName="LIL-MONEY-PIT" duration="00:00:00.0005724" startTime="2012-02-21T17:02:41.6600765-05:00" endTime="2012-02-21T17:02:41.6650768-05:00" testType="13cdc9d9-ddb5-4fa4-a97d-d965ccfc6d4b" outcome="Passed" testListId="8c84fa94-04c1-424b-9868-57a2d4851a1d" relativeResultsDirectory="a5d3ce30-fbe0-4aaa-ae39-d7e59a65493d">
    </UnitTestResult>
    <UnitTestResult executionId="045b474c-4f66-44c9-a997-4c6e8c8c94e7" testId="54ea49d7-872c-276b-d1ac-f03e032aae87" testName="MetaDataTest" computerName="LIL-MONEY-PIT" duration="00:00:00.0011209" startTime="2012-02-21T17:02:41.6690770-05:00" endTime="2012-02-21T17:02:41.6730773-05:00" testType="13cdc9d9-ddb5-4fa4-a97d-d965ccfc6d4b" outcome="Inconclusive" testListId="8c84fa94-04c1-424b-9868-57a2d4851a1d" relativeResultsDirectory="045b474c-4f66-44c9-a997-4c6e8c8c94e7">
      <Output>
        <ErrorInfo>
          <Message>Assert.Inconclusive failed. Verify the correctness of this test method.</Message>
          <StackTrace>   at TestSuite.Framework.NetworkTopologyTest.MetaDataTest() in C:\Development Projects\ENN\TestSuite\Framework\NetworkTopologyTest.cs:line 164
</StackTrace>
        </ErrorInfo>
      </Output>
    </UnitTestResult>
    <UnitTestResult executionId="9a1f9ec2-5f4e-4fb1-8d6a-288ceb5b53e3" testId="5577bcbe-3b62-1f0a-eed4-fd75c6d9137e" testName="EqualsTest" computerName="LIL-MONEY-PIT" duration="00:00:00.0046495" startTime="2012-02-21T17:02:41.6760774-05:00" endTime="2012-02-21T17:02:41.6840779-05:00" testType="13cdc9d9-ddb5-4fa4-a97d-d965ccfc6d4b" outcome="Failed" testListId="8c84fa94-04c1-424b-9868-57a2d4851a1d" relativeResultsDirectory="9a1f9ec2-5f4e-4fb1-8d6a-288ceb5b53e3">
      <Output>
        <ErrorInfo>
          <Message>Assert.AreEqual failed. Expected:&lt;False&gt;. Actual:&lt;True&gt;. </Message>
          <StackTrace>   at TestSuite.Framework.NetworkSettingsTest.EqualsTest() in C:\Development Projects\ENN\TestSuite\Framework\NetworkSettingsTest.cs:line 104
</StackTrace>
        </ErrorInfo>
      </Output>
    </UnitTestResult>
    <UnitTestResult executionId="b415c9d3-dc39-499c-a35d-fd48d9aa1f1e" testId="56dba6eb-083e-0230-0e94-72afb7f4ca1f" testName="SimpleAlgebraTest" computerName="LIL-MONEY-PIT" duration="00:00:00.0006201" startTime="2012-02-21T17:02:41.6870781-05:00" endTime="2012-02-21T17:02:41.6920783-05:00" testType="13cdc9d9-ddb5-4fa4-a97d-d965ccfc6d4b" outcome="Passed" testListId="8c84fa94-04c1-424b-9868-57a2d4851a1d" relativeResultsDirectory="b415c9d3-dc39-499c-a35d-fd48d9aa1f1e">
    </UnitTestResult>
    <UnitTestResult executionId="d4dad78a-7c91-4679-ab9f-6d3c69367fd7" testId="573b324d-2394-0284-242e-658089f98732" testName="NetworkSettingsConstructorTest" computerName="LIL-MONEY-PIT" duration="00:00:00.0008803" startTime="2012-02-21T17:02:41.6940785-05:00" endTime="2012-02-21T17:02:41.6990787-05:00" testType="13cdc9d9-ddb5-4fa4-a97d-d965ccfc6d4b" outcome="Inconclusive" testListId="8c84fa94-04c1-424b-9868-57a2d4851a1d" relativeResultsDirectory="d4dad78a-7c91-4679-ab9f-6d3c69367fd7">
      <Output>
        <ErrorInfo>
          <Message>Assert.Inconclusive failed. TODO: Implement code to verify target</Message>
          <StackTrace>   at TestSuite.Framework.NetworkSettingsTest.NetworkSettingsConstructorTest() in C:\Development Projects\ENN\TestSuite\Framework\NetworkSettingsTest.cs:line 90
</StackTrace>
        </ErrorInfo>
      </Output>
    </UnitTestResult>
    <UnitTestResult executionId="1b20626f-a159-4299-bd2d-b0d90b622402" testId="583e1b08-512f-1567-2515-8af7db8880c1" testName="TrainNetworkTest" computerName="LIL-MONEY-PIT" duration="00:00:00.0010851" startTime="2012-02-21T17:02:41.7010789-05:00" endTime="2012-02-21T17:02:41.7060791-05:00" testType="13cdc9d9-ddb5-4fa4-a97d-d965ccfc6d4b" outcome="Inconclusive" testListId="8c84fa94-04c1-424b-9868-57a2d4851a1d" relativeResultsDirectory="1b20626f-a159-4299-bd2d-b0d90b622402">
      <Output>
        <ErrorInfo>
          <Message>Assert.Inconclusive failed. A method that does not return a value cannot be verified.</Message>
          <StackTrace>   at TestSuite.Framework.NeuralNetworkTest.TrainNetworkTest() in C:\Development Projects\ENN\TestSuite\Framework\NeuralNetworkTest.cs:line 75
</StackTrace>
        </ErrorInfo>
      </Output>
    </UnitTestResult>
    <UnitTestResult executionId="25229bca-43a3-419b-906b-02c6a0e656f8" testId="604a034f-362e-5faa-f734-caee2f5177cf" testName="EqualsTest" computerName="LIL-MONEY-PIT" duration="00:00:00.0010370" startTime="2012-02-21T17:02:41.7090793-05:00" endTime="2012-02-21T17:02:41.7140796-05:00" testType="13cdc9d9-ddb5-4fa4-a97d-d965ccfc6d4b" outcome="Inconclusive" testListId="8c84fa94-04c1-424b-9868-57a2d4851a1d" relativeResultsDirectory="25229bca-43a3-419b-906b-02c6a0e656f8">
      <Output>
        <ErrorInfo>
          <Message>Assert.Inconclusive failed. Verify the correctness of this test method.</Message>
          <StackTrace>   at TestSuite.Framework.BasicLayerTest.EqualsTest() in C:\Development Projects\ENN\TestSuite\Framework\Layers\BasicLayerTest.cs:line 54
</StackTrace>
        </ErrorInfo>
      </Output>
    </UnitTestResult>
    <UnitTestResult executionId="38073f75-9b2e-49fb-9d31-70ed5b0e1218" testId="680a45b5-4f49-a5c2-34cb-d26f2ad2185b" testName="SetSettingsTest" computerName="LIL-MONEY-PIT" duration="00:00:00.0035916" startTime="2012-02-21T17:02:41.7160797-05:00" endTime="2012-02-21T17:02:41.7230801-05:00" testType="13cdc9d9-ddb5-4fa4-a97d-d965ccfc6d4b" outcome="Failed" testListId="8c84fa94-04c1-424b-9868-57a2d4851a1d" relativeResultsDirectory="38073f75-9b2e-49fb-9d31-70ed5b0e1218">
      <Output>
        <ErrorInfo>
          <Message>Test method TestSuite.Framework.HillClimbAlgoTest.SetSettingsTest threw exception: 
System.NullReferenceException: Object reference not set to an instance of an object.</Message>
          <StackTrace>    at ENN.Framework.HillClimbAlgo.SetSettings(NetworkSettings settings) in C:\Development Projects\ENN\ENN.Framework\HillClimbAlgo.cs:line 64
   at TestSuite.Framework.HillClimbAlgoTest.SetSettingsTest() in C:\Development Projects\ENN\TestSuite\Framework\HillClimbAlgoTest.cs:line 115
</StackTrace>
        </ErrorInfo>
      </Output>
    </UnitTestResult>
    <UnitTestResult executionId="6a89aaad-65a1-45b3-9faa-a03f28d3cfec" testId="6a52bd04-93c0-3f97-3dd3-da1b2d4c5d7d" testName="EqualsTest" computerName="LIL-MONEY-PIT" duration="00:00:00.0008103" startTime="2012-02-21T17:02:41.7260803-05:00" endTime="2012-02-21T17:02:41.7300805-05:00" testType="13cdc9d9-ddb5-4fa4-a97d-d965ccfc6d4b" outcome="Passed" testListId="8c84fa94-04c1-424b-9868-57a2d4851a1d" relativeResultsDirectory="6a89aaad-65a1-45b3-9faa-a03f28d3cfec">
    </UnitTestResult>
    <UnitTestResult executionId="ce204ed9-3a5c-4c22-8b7c-e79490e073e3" testId="6c48ec72-9487-035f-80b3-d8b19112a2d9" testName="PostProcessorTest" computerName="LIL-MONEY-PIT" duration="00:00:00.0014424" startTime="2012-02-21T17:02:41.7340807-05:00" endTime="2012-02-21T17:02:41.7400811-05:00" testType="13cdc9d9-ddb5-4fa4-a97d-d965ccfc6d4b" outcome="Inconclusive" testListId="8c84fa94-04c1-424b-9868-57a2d4851a1d" relativeResultsDirectory="ce204ed9-3a5c-4c22-8b7c-e79490e073e3">
      <Output>
        <ErrorInfo>
          <Message>Assert.Inconclusive failed. Verify the correctness of this test method.</Message>
          <StackTrace>   at TestSuite.Framework.NetworkTopologyTest.PostProcessorTest() in C:\Development Projects\ENN\TestSuite\Framework\NetworkTopologyTest.cs:line 194
</StackTrace>
        </ErrorInfo>
      </Output>
    </UnitTestResult>
    <UnitTestResult executionId="e8b16558-620a-4a85-817f-bf99fe86430e" testId="6d9bec79-b5da-bc4a-5a65-b5aeaeb99bc5" testName="HyperbolicTangentTest" computerName="LIL-MONEY-PIT" duration="00:00:00.0006748" startTime="2012-02-21T17:02:41.7430813-05:00" endTime="2012-02-21T17:02:41.7480815-05:00" testType="13cdc9d9-ddb5-4fa4-a97d-d965ccfc6d4b" outcome="Passed" testListId="8c84fa94-04c1-424b-9868-57a2d4851a1d" relativeResultsDirectory="e8b16558-620a-4a85-817f-bf99fe86430e">
    </UnitTestResult>
    <UnitTestResult executionId="eeffb788-141e-4799-be95-877c51b0957c" testId="75f6c7d5-9e5a-8f55-82e3-7c8fe7e13944" testName="WeightsTest" computerName="LIL-MONEY-PIT" duration="00:00:00.0005616" startTime="2012-02-21T17:02:41.7510817-05:00" endTime="2012-02-21T17:02:41.7540819-05:00" testType="13cdc9d9-ddb5-4fa4-a97d-d965ccfc6d4b" outcome="Passed" testListId="8c84fa94-04c1-424b-9868-57a2d4851a1d" relativeResultsDirectory="eeffb788-141e-4799-be95-877c51b0957c">
    </UnitTestResult>
    <UnitTestResult executionId="c3344acd-4538-43d5-b75f-f9c0a7d0e1fa" testId="7d8ab741-01d2-0d2d-1e29-c0fcb83101fd" testName="LoadTextTest" computerName="LIL-MONEY-PIT" duration="00:00:00.0009970" startTime="2012-02-21T17:02:41.7560820-05:00" endTime="2012-02-21T17:02:41.7600822-05:00" testType="13cdc9d9-ddb5-4fa4-a97d-d965ccfc6d4b" outcome="Passed" testListId="8c84fa94-04c1-424b-9868-57a2d4851a1d" relativeResultsDirectory="c3344acd-4538-43d5-b75f-f9c0a7d0e1fa">
    </UnitTestResult>
    <UnitTestResult executionId="2cfcf325-9715-4549-95eb-6567bf2f760e" testId="7ddb6d66-d4cc-b85e-ceb4-dacdc7709908" testName="GetValueTest" computerName="LIL-MONEY-PIT" duration="00:00:00.0007806" startTime="2012-02-21T17:02:41.7620823-05:00" endTime="2012-02-21T17:02:41.7650825-05:00" testType="13cdc9d9-ddb5-4fa4-a97d-d965ccfc6d4b" outcome="Passed" testListId="8c84fa94-04c1-424b-9868-57a2d4851a1d" relativeResultsDirectory="2cfcf325-9715-4549-95eb-6567bf2f760e">
    </UnitTestResult>
    <UnitTestResult executionId="baaf40e7-1a66-4492-9a49-f4320a68632e" testId="855130ce-84bf-1161-1eee-aae8000252b2" testName="GetValueTest" computerName="LIL-MONEY-PIT" duration="00:00:00.0025064" startTime="2012-02-21T17:02:41.7670826-05:00" endTime="2012-02-21T17:02:41.7720829-05:00" testType="13cdc9d9-ddb5-4fa4-a97d-d965ccfc6d4b" outcome="Failed" testListId="8c84fa94-04c1-424b-9868-57a2d4851a1d" relativeResultsDirectory="baaf40e7-1a66-4492-9a49-f4320a68632e">
      <Output>
        <ErrorInfo>
          <Message>Test method TestSuite.Framework.CustomizableNodeTest.GetValueTest threw exception: 
System.NullReferenceException: Object reference not set to an instance of an object.</Message>
          <StackTrace>    at ENN.Framework.CombinationFunctions.sumation(Single[] nodeValues, Single[] constants) in C:\Development Projects\ENN\ENN.Framework\CombinationFunctions.cs:line 43
   at ENN.Framework.CustomizableNode.GetValue(Single[] nodeValues) in C:\Development Projects\ENN\ENN.Framework\Nodes\CustomizableNode.cs:line 52
   at TestSuite.Framework.CustomizableNodeTest.GetValueTest() in C:\Development Projects\ENN\TestSuite\Framework\Nodes\CustomizableNodeTest.cs:line 56
</StackTrace>
        </ErrorInfo>
      </Output>
    </UnitTestResult>
    <UnitTestResult executionId="81d98d7c-380d-434d-8b5b-fb72052783bb" testId="86183e70-5869-ac26-e602-fe6fdc8564f6" testName="CreateUserObjectTest" computerName="LIL-MONEY-PIT" duration="00:00:00.0014501" startTime="2012-02-21T17:02:41.7740830-05:00" endTime="2012-02-21T17:02:41.7790833-05:00" testType="13cdc9d9-ddb5-4fa4-a97d-d965ccfc6d4b" outcome="Inconclusive" testListId="8c84fa94-04c1-424b-9868-57a2d4851a1d" relativeResultsDirectory="81d98d7c-380d-434d-8b5b-fb72052783bb">
      <Output>
        <ErrorInfo>
          <Message>Assert.Inconclusive failed. Verify the correctness of this test method.</Message>
          <StackTrace>   at TestSuite.Framework.StandLibFactoryTest.CreateUserObjectTestHelper[TObject]() in C:\Development Projects\ENN\TestSuite\Framework\StandLibFactoryTest.cs:line 104
   at TestSuite.Framework.StandLibFactoryTest.CreateUserObjectTest() in C:\Development Projects\ENN\TestSuite\Framework\StandLibFactoryTest.cs:line 111
</StackTrace>
        </ErrorInfo>
      </Output>
    </UnitTestResult>
    <UnitTestResult executionId="838febbe-fd88-4526-90d7-9be4c9e23568" testId="895e1ad2-9637-1929-bdca-2e13d6ecdf33" testName="LoadText" computerName="LIL-MONEY-PIT" duration="00:00:00.0036062" startTime="2012-02-21T17:02:41.7810834-05:00" endTime="2012-02-21T17:02:41.7880838-05:00" testType="13cdc9d9-ddb5-4fa4-a97d-d965ccfc6d4b" outcome="Failed" testListId="8c84fa94-04c1-424b-9868-57a2d4851a1d" relativeResultsDirectory="838febbe-fd88-4526-90d7-9be4c9e23568">
      <Output>
        <ErrorInfo>
          <Message>Test method TestSuite.Framework.Tools.SettingsTest.LoadText threw exception: 
System.ArgumentException: An item with the same key has already been added.</Message>
          <StackTrace>    at System.Collections.Generic.Dictionary`2.Insert(TKey key, TValue value, Boolean add)
   at TestSuite.Framework.Tools.SettingsTest.SetBaseSetting() in C:\Development Projects\ENN\TestSuite\Framework\Tools\SettingsTest.cs:line 89
   at TestSuite.Framework.Tools.SettingsTest.LoadText() in C:\Development Projects\ENN\TestSuite\Framework\Tools\SettingsTest.cs:line 46
</StackTrace>
        </ErrorInfo>
      </Output>
    </UnitTestResult>
    <UnitTestResult executionId="bde59fb1-ad2b-443c-882c-d5f8ae11288e" testId="8c397046-78ee-c33d-3e4c-44a5719d553d" testName="TrainingAccuracyTest" computerName="LIL-MONEY-PIT" duration="00:00:00.0011417" startTime="2012-02-21T17:02:41.7900839-05:00" endTime="2012-02-21T17:02:41.7950842-05:00" testType="13cdc9d9-ddb5-4fa4-a97d-d965ccfc6d4b" outcome="Inconclusive" testListId="8c84fa94-04c1-424b-9868-57a2d4851a1d" relativeResultsDirectory="bde59fb1-ad2b-443c-882c-d5f8ae11288e">
      <Output>
        <ErrorInfo>
          <Message>Assert.Inconclusive failed. Verify the correctness of this test method.</Message>
          <StackTrace>   at TestSuite.Framework.NetworkSettingsTest.TrainingAccuracyTest() in C:\Development Projects\ENN\TestSuite\Framework\NetworkSettingsTest.cs:line 284
</StackTrace>
        </ErrorInfo>
      </Output>
    </UnitTestResult>
    <UnitTestResult executionId="badd93d7-883c-4679-a9db-1608af2cf507" testId="8de660a6-a5b4-4a08-e168-84d6a8847c2d" testName="EqualsTest" computerName="LIL-MONEY-PIT" duration="00:00:00.0012880" startTime="2012-02-21T17:02:41.7970843-05:00" endTime="2012-02-21T17:02:41.8020846-05:00" testType="13cdc9d9-ddb5-4fa4-a97d-d965ccfc6d4b" outcome="Inconclusive" testListId="8c84fa94-04c1-424b-9868-57a2d4851a1d" relativeResultsDirectory="badd93d7-883c-4679-a9db-1608af2cf507">
      <Output>
        <ErrorInfo>
          <Message>Assert.Inconclusive failed. Verify the correctness of this test method.</Message>
          <StackTrace>   at TestSuite.Framework.NetworkTopologyTest.EqualsTest() in C:\Development Projects\ENN\TestSuite\Framework\NetworkTopologyTest.cs:line 105
</StackTrace>
        </ErrorInfo>
      </Output>
    </UnitTestResult>
    <UnitTestResult executionId="fc6fc518-88a3-4ea1-99f9-475ab83757d8" testId="8fa4a54a-bae6-94d8-d573-1647c12d4824" testName="ModeTest" computerName="LIL-MONEY-PIT" duration="00:00:00.0126931" startTime="2012-02-21T17:02:41.8040847-05:00" endTime="2012-02-21T17:02:41.8200857-05:00" testType="13cdc9d9-ddb5-4fa4-a97d-d965ccfc6d4b" outcome="Inconclusive" testListId="8c84fa94-04c1-424b-9868-57a2d4851a1d" relativeResultsDirectory="fc6fc518-88a3-4ea1-99f9-475ab83757d8">
      <Output>
        <ErrorInfo>
          <Message>Assert.Inconclusive failed. Verify the correctness of this test method.</Message>
          <StackTrace>   at TestSuite.Framework.NetworkSettingsTest.ModeTest() in C:\Development Projects\ENN\TestSuite\Framework\NetworkSettingsTest.cs:line 224
</StackTrace>
        </ErrorInfo>
      </Output>
    </UnitTestResult>
    <UnitTestResult executionId="7df8fe99-ac04-4e5e-863d-7135a23d5fb7" testId="90d4d793-c175-7e4f-a953-2c15482e9127" testName="NetworkTopologyConstructorTest" computerName="LIL-MONEY-PIT" duration="00:00:00.0008954" startTime="2012-02-21T17:02:41.8220858-05:00" endTime="2012-02-21T17:02:41.8260860-05:00" testType="13cdc9d9-ddb5-4fa4-a97d-d965ccfc6d4b" outcome="Inconclusive" testListId="8c84fa94-04c1-424b-9868-57a2d4851a1d" relativeResultsDirectory="7df8fe99-ac04-4e5e-863d-7135a23d5fb7">
      <Output>
        <ErrorInfo>
          <Message>Assert.Inconclusive failed. TODO: Implement code to verify target</Message>
          <StackTrace>   at TestSuite.Framework.NetworkTopologyTest.NetworkTopologyConstructorTest() in C:\Development Projects\ENN\TestSuite\Framework\NetworkTopologyTest.cs:line 90
</StackTrace>
        </ErrorInfo>
      </Output>
    </UnitTestResult>
    <UnitTestResult executionId="32487343-913f-4719-9bd6-aa36868bc89b" testId="919fcb5c-9129-e4af-6da8-58234650b9d0" testName="GetValuesTest" computerName="LIL-MONEY-PIT" duration="00:00:00.0014443" startTime="2012-02-21T17:02:41.8280861-05:00" endTime="2012-02-21T17:02:41.8320863-05:00" testType="13cdc9d9-ddb5-4fa4-a97d-d965ccfc6d4b" outcome="Passed" testListId="8c84fa94-04c1-424b-9868-57a2d4851a1d" relativeResultsDirectory="32487343-913f-4719-9bd6-aa36868bc89b">
    </UnitTestResult>
    <UnitTestResult executionId="30f000d0-b22d-4df6-9d82-829cf7b8d543" testId="99f0b5b4-0a2a-3205-9152-e1a3e644b886" testName="OutputLayerTest" computerName="LIL-MONEY-PIT" duration="00:00:00.0010582" startTime="2012-02-21T17:02:41.8350865-05:00" endTime="2012-02-21T17:02:41.8390867-05:00" testType="13cdc9d9-ddb5-4fa4-a97d-d965ccfc6d4b" outcome="Inconclusive" testListId="8c84fa94-04c1-424b-9868-57a2d4851a1d" relativeResultsDirectory="30f000d0-b22d-4df6-9d82-829cf7b8d543">
      <Output>
        <ErrorInfo>
          <Message>Assert.Inconclusive failed. Verify the correctness of this test method.</Message>
          <StackTrace>   at TestSuite.Framework.NetworkTopologyTest.OutputLayerTest() in C:\Development Projects\ENN\TestSuite\Framework\NetworkTopologyTest.cs:line 179
</StackTrace>
        </ErrorInfo>
      </Output>
    </UnitTestResult>
    <UnitTestResult executionId="ddeb2e99-d232-4152-a966-4b7061a18c02" testId="a1ceb0d7-e762-54e4-c7d1-02628c8188ab" testName="NetworkTypeTest" computerName="LIL-MONEY-PIT" duration="00:00:00.0031015" startTime="2012-02-21T17:02:41.8410869-05:00" endTime="2012-02-21T17:02:41.8470872-05:00" testType="13cdc9d9-ddb5-4fa4-a97d-d965ccfc6d4b" outcome="Inconclusive" testListId="8c84fa94-04c1-424b-9868-57a2d4851a1d" relativeResultsDirectory="ddeb2e99-d232-4152-a966-4b7061a18c02">
      <Output>
        <ErrorInfo>
          <Message>Assert.Inconclusive failed. Verify the correctness of this test method.</Message>
          <StackTrace>   at TestSuite.Framework.NetworkSettingsTest.NetworkTypeTest() in C:\Development Projects\ENN\TestSuite\Framework\NetworkSettingsTest.cs:line 239
</StackTrace>
        </ErrorInfo>
      </Output>
    </UnitTestResult>
    <UnitTestResult executionId="96ac6d66-368f-4407-b67c-178bef96b3b2" testId="a8823d1a-dea7-22d8-3b80-cec046111d72" testName="DefaultOutputLayerTest" computerName="LIL-MONEY-PIT" duration="00:00:00.0011852" startTime="2012-02-21T17:02:41.8490873-05:00" endTime="2012-02-21T17:02:41.8530876-05:00" testType="13cdc9d9-ddb5-4fa4-a97d-d965ccfc6d4b" outcome="Inconclusive" testListId="8c84fa94-04c1-424b-9868-57a2d4851a1d" relativeResultsDirectory="96ac6d66-368f-4407-b67c-178bef96b3b2">
      <Output>
        <ErrorInfo>
          <Message>Assert.Inconclusive failed. Verify the correctness of this test method.</Message>
          <StackTrace>   at TestSuite.Framework.NetworkSettingsTest.DefaultOutputLayerTest() in C:\Development Projects\ENN\TestSuite\Framework\NetworkSettingsTest.cs:line 194
</StackTrace>
        </ErrorInfo>
      </Output>
    </UnitTestResult>
    <UnitTestResult executionId="1ec672b0-e87c-4d8e-a09b-b4b4d8646d28" testId="aff7f15c-9745-8d57-d62e-e6de87a6f68c" testName="InputLayerTest" computerName="LIL-MONEY-PIT" duration="00:00:00.0010678" startTime="2012-02-21T17:02:41.8550877-05:00" endTime="2012-02-21T17:02:41.8590879-05:00" testType="13cdc9d9-ddb5-4fa4-a97d-d965ccfc6d4b" outcome="Inconclusive" testListId="8c84fa94-04c1-424b-9868-57a2d4851a1d" relativeResultsDirectory="1ec672b0-e87c-4d8e-a09b-b4b4d8646d28">
      <Output>
        <ErrorInfo>
          <Message>Assert.Inconclusive failed. Verify the correctness of this test method.</Message>
          <StackTrace>   at TestSuite.Framework.NetworkTopologyTest.InputLayerTest() in C:\Development Projects\ENN\TestSuite\Framework\NetworkTopologyTest.cs:line 149
</StackTrace>
        </ErrorInfo>
      </Output>
    </UnitTestResult>
    <UnitTestResult executionId="0be1803e-7d20-46ca-be27-342cb4bc6696" testId="b4ff2759-93e7-a8a5-d6b3-d10da4893f5a" testName="DefaultFactoryTest" computerName="LIL-MONEY-PIT" duration="00:00:00.0010143" startTime="2012-02-21T17:02:41.8610880-05:00" endTime="2012-02-21T17:02:41.8650882-05:00" testType="13cdc9d9-ddb5-4fa4-a97d-d965ccfc6d4b" outcome="Inconclusive" testListId="8c84fa94-04c1-424b-9868-57a2d4851a1d" relativeResultsDirectory="0be1803e-7d20-46ca-be27-342cb4bc6696">
      <Output>
        <ErrorInfo>
          <Message>Assert.Inconclusive failed. Verify the correctness of this test method.</Message>
          <StackTrace>   at TestSuite.Framework.NetworkSettingsTest.DefaultFactoryTest() in C:\Development Projects\ENN\TestSuite\Framework\NetworkSettingsTest.cs:line 134
</StackTrace>
        </ErrorInfo>
      </Output>
    </UnitTestResult>
    <UnitTestResult executionId="56991d1e-f315-48b4-b57b-f3f7c0829ab6" testId="b5ae595f-7dca-73d7-1bda-f09e7ea52bd4" testName="ThreadedHiddenLayerConstructorTest" computerName="LIL-MONEY-PIT" duration="00:00:00.0010705" startTime="2012-02-21T17:02:41.8670884-05:00" endTime="2012-02-21T17:02:41.8720886-05:00" testType="13cdc9d9-ddb5-4fa4-a97d-d965ccfc6d4b" outcome="Inconclusive" testListId="8c84fa94-04c1-424b-9868-57a2d4851a1d" relativeResultsDirectory="56991d1e-f315-48b4-b57b-f3f7c0829ab6">
      <Output>
        <ErrorInfo>
          <Message>Assert.Inconclusive failed. TODO: Implement code to verify target</Message>
          <StackTrace>   at TestSuite.Framework.ThreadedHiddenLayerTest.ThreadedHiddenLayerConstructorTest() in C:\Development Projects\ENN\TestSuite\Framework\Layers\ThreadedHiddenLayerTest.cs:line 38
</StackTrace>
        </ErrorInfo>
      </Output>
    </UnitTestResult>
    <UnitTestResult executionId="d37324b5-ea79-41a3-b42f-e4b1c70958c9" testId="b5af2dd1-ef3f-eec7-b120-54c52453cde4" testName="EqualsTest" computerName="LIL-MONEY-PIT" duration="00:00:00.0012903" startTime="2012-02-21T17:02:41.8750888-05:00" endTime="2012-02-21T17:02:41.8790890-05:00" testType="13cdc9d9-ddb5-4fa4-a97d-d965ccfc6d4b" outcome="Inconclusive" testListId="8c84fa94-04c1-424b-9868-57a2d4851a1d" relativeResultsDirectory="d37324b5-ea79-41a3-b42f-e4b1c70958c9">
      <Output>
        <ErrorInfo>
          <Message>Assert.Inconclusive failed. Verify the correctness of this test method.</Message>
          <StackTrace>   at TestSuite.Framework.HillClimbAlgoTest.EqualsTest() in C:\Development Projects\ENN\TestSuite\Framework\HillClimbAlgoTest.cs:line 104
</StackTrace>
        </ErrorInfo>
      </Output>
    </UnitTestResult>
    <UnitTestResult executionId="244628cf-7e64-413f-b401-a262c36b2a62" testId="b5e3a755-a2ab-152d-aa80-c4911fd65e0b" testName="OtherTest" computerName="LIL-MONEY-PIT" duration="00:00:00.0010347" startTime="2012-02-21T17:02:41.8820892-05:00" endTime="2012-02-21T17:02:41.8850894-05:00" testType="13cdc9d9-ddb5-4fa4-a97d-d965ccfc6d4b" outcome="Inconclusive" testListId="8c84fa94-04c1-424b-9868-57a2d4851a1d" relativeResultsDirectory="244628cf-7e64-413f-b401-a262c36b2a62">
      <Output>
        <ErrorInfo>
          <Message>Assert.Inconclusive failed. Verify the correctness of this test method.</Message>
          <StackTrace>   at TestSuite.Framework.NetworkSettingsTest.OtherTest() in C:\Development Projects\ENN\TestSuite\Framework\NetworkSettingsTest.cs:line 254
</StackTrace>
        </ErrorInfo>
      </Output>
    </UnitTestResult>
    <UnitTestResult executionId="4d485809-d661-454b-97c5-5c54c5fb436d" testId="b6e27dc1-3f73-d482-30bb-5034e06d0f49" testName="ComputeDecisionTest" computerName="LIL-MONEY-PIT" duration="00:00:00.0011525" startTime="2012-02-21T17:02:41.8870895-05:00" endTime="2012-02-21T17:02:41.8920898-05:00" testType="13cdc9d9-ddb5-4fa4-a97d-d965ccfc6d4b" outcome="Inconclusive" testListId="8c84fa94-04c1-424b-9868-57a2d4851a1d" relativeResultsDirectory="4d485809-d661-454b-97c5-5c54c5fb436d">
      <Output>
        <ErrorInfo>
          <Message>Assert.Inconclusive failed. Verify the correctness of this test method.</Message>
          <StackTrace>   at TestSuite.Framework.NeuralNetworkTest.ComputeDecisionTest() in C:\Development Projects\ENN\TestSuite\Framework\NeuralNetworkTest.cs:line 52
</StackTrace>
        </ErrorInfo>
      </Output>
    </UnitTestResult>
    <UnitTestResult executionId="ccaf3f96-e3e6-4799-a9ed-f1d463aa6853" testId="b956f179-a280-645c-1bae-ce922e14d496" testName="SaveLoadBinary" computerName="LIL-MONEY-PIT" duration="00:00:00.0018835" startTime="2012-02-21T17:02:41.8950900-05:00" endTime="2012-02-21T17:02:41.8990902-05:00" testType="13cdc9d9-ddb5-4fa4-a97d-d965ccfc6d4b" outcome="Failed" testListId="8c84fa94-04c1-424b-9868-57a2d4851a1d" relativeResultsDirectory="ccaf3f96-e3e6-4799-a9ed-f1d463aa6853">
      <Output>
        <ErrorInfo>
          <Message>Test method TestSuite.Framework.Tools.SettingsTest.SaveLoadBinary threw exception: 
System.ArgumentException: An item with the same key has already been added.</Message>
          <StackTrace>    at System.Collections.Generic.Dictionary`2.Insert(TKey key, TValue value, Boolean add)
   at TestSuite.Framework.Tools.SettingsTest.SetBaseSetting() in C:\Development Projects\ENN\TestSuite\Framework\Tools\SettingsTest.cs:line 89
   at TestSuite.Framework.Tools.SettingsTest.SaveLoadBinary() in C:\Development Projects\ENN\TestSuite\Framework\Tools\SettingsTest.cs:line 65
</StackTrace>
        </ErrorInfo>
      </Output>
    </UnitTestResult>
    <UnitTestResult executionId="1094d717-c1fa-4fef-92fb-098dc754f65a" testId="ba1cb5ab-f487-d922-92d1-b5c0b8d6512f" testName="HiddenLayersTest" computerName="LIL-MONEY-PIT" duration="00:00:00.0010520" startTime="2012-02-21T17:02:41.9010903-05:00" endTime="2012-02-21T17:02:41.9050905-05:00" testType="13cdc9d9-ddb5-4fa4-a97d-d965ccfc6d4b" outcome="Inconclusive" testListId="8c84fa94-04c1-424b-9868-57a2d4851a1d" relativeResultsDirectory="1094d717-c1fa-4fef-92fb-098dc754f65a">
      <Output>
        <ErrorInfo>
          <Message>Assert.Inconclusive failed. Verify the correctness of this test method.</Message>
          <StackTrace>   at TestSuite.Framework.NetworkTopologyTest.HiddenLayersTest() in C:\Development Projects\ENN\TestSuite\Framework\NetworkTopologyTest.cs:line 134
</StackTrace>
        </ErrorInfo>
      </Output>
    </UnitTestResult>
    <UnitTestResult executionId="14e64691-33d5-4ed1-8436-2f6223826087" testId="bd6134f3-8c29-55c3-d0c7-c2fb216d01d4" testName="HillClimbAlgoConstructorTest" computerName="LIL-MONEY-PIT" duration="00:00:00.0008715" startTime="2012-02-21T17:02:41.9080907-05:00" endTime="2012-02-21T17:02:41.9110909-05:00" testType="13cdc9d9-ddb5-4fa4-a97d-d965ccfc6d4b" outcome="Inconclusive" testListId="8c84fa94-04c1-424b-9868-57a2d4851a1d" relativeResultsDirectory="14e64691-33d5-4ed1-8436-2f6223826087">
      <Output>
        <ErrorInfo>
          <Message>Assert.Inconclusive failed. TODO: Implement code to verify target</Message>
          <StackTrace>   at TestSuite.Framework.HillClimbAlgoTest.HillClimbAlgoConstructorTest() in C:\Development Projects\ENN\TestSuite\Framework\HillClimbAlgoTest.cs:line 89
</StackTrace>
        </ErrorInfo>
      </Output>
    </UnitTestResult>
    <UnitTestResult executionId="ac32ea64-bc18-4d65-9edd-3b5d7d7f1bb7" testId="c598b3e8-9ef4-dda5-2cbb-7eb6dc003da3" testName="TrainingIterationsTest" computerName="LIL-MONEY-PIT" duration="00:00:00.0011490" startTime="2012-02-21T17:02:41.9140910-05:00" endTime="2012-02-21T17:02:41.9180913-05:00" testType="13cdc9d9-ddb5-4fa4-a97d-d965ccfc6d4b" outcome="Inconclusive" testListId="8c84fa94-04c1-424b-9868-57a2d4851a1d" relativeResultsDirectory="ac32ea64-bc18-4d65-9edd-3b5d7d7f1bb7">
      <Output>
        <ErrorInfo>
          <Message>Assert.Inconclusive failed. Verify the correctness of this test method.</Message>
          <StackTrace>   at TestSuite.Framework.NetworkSettingsTest.TrainingIterationsTest() in C:\Development Projects\ENN\TestSuite\Framework\NetworkSettingsTest.cs:line 299
</StackTrace>
        </ErrorInfo>
      </Output>
    </UnitTestResult>
    <UnitTestResult executionId="ea1ebe60-e4b4-4e71-b3c2-86005744adb0" testId="ca9b7ca8-ec0a-3d74-80eb-bb3fce3380f1" testName="LogisticTest" computerName="LIL-MONEY-PIT" duration="00:00:00.0005581" startTime="2012-02-21T17:02:41.9200914-05:00" endTime="2012-02-21T17:02:41.9230916-05:00" testType="13cdc9d9-ddb5-4fa4-a97d-d965ccfc6d4b" outcome="Passed" testListId="8c84fa94-04c1-424b-9868-57a2d4851a1d" relativeResultsDirectory="ea1ebe60-e4b4-4e71-b3c2-86005744adb0">
    </UnitTestResult>
    <UnitTestResult executionId="07d3033a-32e4-4d5e-8fd5-c9e91a01dc91" testId="cf73ff44-a6c5-1e64-628c-f9b7f15247dd" testName="NeuralNetworkConstructorTest" computerName="LIL-MONEY-PIT" duration="00:00:00.0008884" startTime="2012-02-21T17:02:41.9260917-05:00" endTime="2012-02-21T17:02:41.9290919-05:00" testType="13cdc9d9-ddb5-4fa4-a97d-d965ccfc6d4b" outcome="Inconclusive" testListId="8c84fa94-04c1-424b-9868-57a2d4851a1d" relativeResultsDirectory="07d3033a-32e4-4d5e-8fd5-c9e91a01dc91">
      <Output>
        <ErrorInfo>
          <Message>Assert.Inconclusive failed. TODO: Implement code to verify target</Message>
          <StackTrace>   at TestSuite.Framework.NeuralNetworkTest.NeuralNetworkConstructorTest() in C:\Development Projects\ENN\TestSuite\Framework\NeuralNetworkTest.cs:line 40
</StackTrace>
        </ErrorInfo>
      </Output>
    </UnitTestResult>
    <UnitTestResult executionId="1443a06d-8699-4f85-b3b3-309254298245" testId="d1aa1e04-5762-55e7-0a3f-f25ed3746b8e" testName="GeneralizedLogisticTest" computerName="LIL-MONEY-PIT" duration="00:00:00.0004045" startTime="2012-02-21T17:02:41.9310920-05:00" endTime="2012-02-21T17:02:41.9340922-05:00" testType="13cdc9d9-ddb5-4fa4-a97d-d965ccfc6d4b" outcome="Passed" testListId="8c84fa94-04c1-424b-9868-57a2d4851a1d" relativeResultsDirectory="1443a06d-8699-4f85-b3b3-309254298245">
    </UnitTestResult>
    <UnitTestResult executionId="c2ba2bff-1eff-4d3c-a1f3-e958cc15b161" testId="d60f0c70-680a-f2a7-be96-723443b7d4dc" testName="TrainNetworkTest" computerName="LIL-MONEY-PIT" duration="00:00:00.0031643" startTime="2012-02-21T17:02:41.9360923-05:00" endTime="2012-02-21T17:02:41.9420926-05:00" testType="13cdc9d9-ddb5-4fa4-a97d-d965ccfc6d4b" outcome="Failed" testListId="8c84fa94-04c1-424b-9868-57a2d4851a1d" relativeResultsDirectory="c2ba2bff-1eff-4d3c-a1f3-e958cc15b161">
      <Output>
        <ErrorInfo>
          <Message>Test method TestSuite.Framework.HillClimbAlgoTest.TrainNetworkTest threw exception: 
System.NullReferenceException: Object reference not set to an instance of an object.</Message>
          <StackTrace>    at ENN.Framework.HillClimbAlgo.TrainNetwork(NetworkTopology&amp; topology, Single error) in C:\Development Projects\ENN\ENN.Framework\HillClimbAlgo.cs:line 95
   at TestSuite.Framework.HillClimbAlgoTest.TrainNetworkTest() in C:\Development Projects\ENN\TestSuite\Framework\HillClimbAlgoTest.cs:line 129
</StackTrace>
        </ErrorInfo>
      </Output>
    </UnitTestResult>
    <UnitTestResult executionId="adb3b7b7-6354-4d9d-a8c0-187cceeba683" testId="d7de268d-ad00-3d1a-9ef6-c7d7c6d2c881" testName="sumationTest" computerName="LIL-MONEY-PIT" duration="00:00:00.0005154" startTime="2012-02-21T17:02:41.9440928-05:00" endTime="2012-02-21T17:02:41.9470929-05:00" testType="13cdc9d9-ddb5-4fa4-a97d-d965ccfc6d4b" outcome="Passed" testListId="8c84fa94-04c1-424b-9868-57a2d4851a1d" relativeResultsDirectory="adb3b7b7-6354-4d9d-a8c0-187cceeba683">
    </UnitTestResult>
    <UnitTestResult executionId="16755350-da8c-4a41-868c-278900fd7186" testId="dc7516d4-ea11-52ea-592a-675e802b27f3" testName="SaveText" computerName="LIL-MONEY-PIT" duration="00:00:00.0017673" startTime="2012-02-21T17:02:41.9490930-05:00" endTime="2012-02-21T17:02:41.9540933-05:00" testType="13cdc9d9-ddb5-4fa4-a97d-d965ccfc6d4b" outcome="Failed" testListId="8c84fa94-04c1-424b-9868-57a2d4851a1d" relativeResultsDirectory="16755350-da8c-4a41-868c-278900fd7186">
      <Output>
        <ErrorInfo>
          <Message>Test method TestSuite.Framework.Tools.SettingsTest.SaveText threw exception: 
System.ArgumentException: An item with the same key has already been added.</Message>
          <StackTrace>    at System.Collections.Generic.Dictionary`2.Insert(TKey key, TValue value, Boolean add)
   at TestSuite.Framework.Tools.SettingsTest.SetBaseSetting() in C:\Development Projects\ENN\TestSuite\Framework\Tools\SettingsTest.cs:line 89
   at TestSuite.Framework.Tools.SettingsTest.SaveText() in C:\Development Projects\ENN\TestSuite\Framework\Tools\SettingsTest.cs:line 54
</StackTrace>
        </ErrorInfo>
      </Output>
    </UnitTestResult>
    <UnitTestResult executionId="070b9cb6-008f-420d-baf1-b726f7308762" testId="e000e601-a400-b77b-7cbe-e16a1fb8bf43" testName="ToStringTest" computerName="LIL-MONEY-PIT" duration="00:00:00.0033267" startTime="2012-02-21T17:02:41.9560934-05:00" endTime="2012-02-21T17:02:41.9620938-05:00" testType="13cdc9d9-ddb5-4fa4-a97d-d965ccfc6d4b" outcome="Failed" testListId="8c84fa94-04c1-424b-9868-57a2d4851a1d" relativeResultsDirectory="070b9cb6-008f-420d-baf1-b726f7308762">
      <Output>
        <ErrorInfo>
          <Message>Assert.AreEqual failed. Expected:&lt;&gt;. Actual:&lt;Mode: Computational
Network Type: Evolving
Default Input Layer: BasicInputLayer
Default Node: BasicNode
Default Node Layer: BasicNodeLayer
Default OutputLayer: BasicOutputLayer
Timing Enabled: False
Training Iterations: 10000
Training Accuracy: 0.9
Training Point: 0
&gt;. </Message>
          <StackTrace>   at TestSuite.Framework.NetworkSettingsTest.ToStringTest() in C:\Development Projects\ENN\TestSuite\Framework\NetworkSettingsTest.cs:line 118
</StackTrace>
        </ErrorInfo>
      </Output>
    </UnitTestResult>
    <UnitTestResult executionId="065c7dce-70fb-4f22-a06a-a93ac56a2e7a" testId="e28af217-9e05-374a-b589-3e0e31013f06" testName="ParseListTest" computerName="LIL-MONEY-PIT" duration="00:00:00.0017330" startTime="2012-02-21T17:02:41.9640939-05:00" endTime="2012-02-21T17:02:41.9680941-05:00" testType="13cdc9d9-ddb5-4fa4-a97d-d965ccfc6d4b" outcome="Failed" testListId="8c84fa94-04c1-424b-9868-57a2d4851a1d" relativeResultsDirectory="065c7dce-70fb-4f22-a06a-a93ac56a2e7a">
      <Output>
        <ErrorInfo>
          <Message>Assert.AreEqual failed. Expected:&lt;(null)&gt;. Actual:&lt;System.String[]&gt;. </Message>
          <StackTrace>   at TestSuite.Framework.StandLibFactoryTest.ParseListTest() in C:\Development Projects\ENN\TestSuite\Framework\StandLibFactoryTest.cs:line 124
</StackTrace>
        </ErrorInfo>
      </Output>
    </UnitTestResult>
    <UnitTestResult executionId="3ae134c2-7bde-4fa7-8c8e-e36a7c83b5b2" testId="ea95e44c-ad70-2fd7-0521-02dea5e03db6" testName="ToStringTest" computerName="LIL-MONEY-PIT" duration="00:00:00.0016245" startTime="2012-02-21T17:02:41.9700942-05:00" endTime="2012-02-21T17:02:41.9740945-05:00" testType="13cdc9d9-ddb5-4fa4-a97d-d965ccfc6d4b" outcome="Inconclusive" testListId="8c84fa94-04c1-424b-9868-57a2d4851a1d" relativeResultsDirectory="3ae134c2-7bde-4fa7-8c8e-e36a7c83b5b2">
      <Output>
        <ErrorInfo>
          <Message>Assert.Inconclusive failed. Verify the correctness of this test method.</Message>
          <StackTrace>   at TestSuite.Framework.NetworkTopologyTest.ToStringTest() in C:\Development Projects\ENN\TestSuite\Framework\NetworkTopologyTest.cs:line 119
</StackTrace>
        </ErrorInfo>
      </Output>
    </UnitTestResult>
    <UnitTestResult executionId="c949e951-4d78-4c5e-9b5d-e7da2baed7ad" testId="ed6cbf7c-1892-3c38-82a7-ffa09ec69e5a" testName="GetValueTest" computerName="LIL-MONEY-PIT" duration="00:00:00.0009720" startTime="2012-02-21T17:02:41.9760946-05:00" endTime="2012-02-21T17:02:41.9790948-05:00" testType="13cdc9d9-ddb5-4fa4-a97d-d965ccfc6d4b" outcome="Passed" testListId="8c84fa94-04c1-424b-9868-57a2d4851a1d" relativeResultsDirectory="c949e951-4d78-4c5e-9b5d-e7da2baed7ad">
    </UnitTestResult>
    <UnitTestResult executionId="1ecb8083-18ff-49e9-a2b1-28e561660c57" testId="f053d416-9380-8069-ef40-6a7789ba8040" testName="GetValuesTest" computerName="LIL-MONEY-PIT" duration="00:00:00.0021238" startTime="2012-02-21T17:02:41.9800948-05:00" endTime="2012-02-21T17:02:41.9840950-05:00" testType="13cdc9d9-ddb5-4fa4-a97d-d965ccfc6d4b" outcome="Failed" testListId="8c84fa94-04c1-424b-9868-57a2d4851a1d" relativeResultsDirectory="1ecb8083-18ff-49e9-a2b1-28e561660c57">
      <Output>
        <ErrorInfo>
          <Message>Test method TestSuite.Framework.BasicLayerTest.GetValuesTest threw exception: 
System.NullReferenceException: Object reference not set to an instance of an object.</Message>
          <StackTrace>    at ENN.Framework.BasicLayer.GetValues(Single[] values) in C:\Development Projects\ENN\ENN.Framework\Layers\BasicLayer.cs:line 46
   at TestSuite.Framework.BasicLayerTest.GetValuesTest() in C:\Development Projects\ENN\TestSuite\Framework\Layers\BasicLayerTest.cs:line 68
</StackTrace>
        </ErrorInfo>
      </Output>
    </UnitTestResult>
    <UnitTestResult executionId="0f78a5b1-950b-48b8-8068-f44a21bf95fe" testId="f1ce82b4-23b4-e9e2-a855-4dfbf8340573" testName="TrainingPreProcessorTest" computerName="LIL-MONEY-PIT" duration="00:00:00.0014050" startTime="2012-02-21T17:02:41.9860952-05:00" endTime="2012-02-21T17:02:41.9900954-05:00" testType="13cdc9d9-ddb5-4fa4-a97d-d965ccfc6d4b" outcome="Inconclusive" testListId="8c84fa94-04c1-424b-9868-57a2d4851a1d" relativeResultsDirectory="0f78a5b1-950b-48b8-8068-f44a21bf95fe">
      <Output>
        <ErrorInfo>
          <Message>Assert.Inconclusive failed. Verify the correctness of this test method.</Message>
          <StackTrace>   at TestSuite.Framework.NetworkTopologyTest.TrainingPreProcessorTest() in C:\Development Projects\ENN\TestSuite\Framework\NetworkTopologyTest.cs:line 239
</StackTrace>
        </ErrorInfo>
      </Output>
    </UnitTestResult>
    <UnitTestResult executionId="30f6dbbf-eb88-441e-bacf-4e096ff6da73" testId="f8957ebd-9c0b-9da1-0906-83765d4b5fea" testName="MetaDataTest" computerName="LIL-MONEY-PIT" duration="00:00:00.0009839" startTime="2012-02-21T17:02:41.9930956-05:00" endTime="2012-02-21T17:02:41.9970958-05:00" testType="13cdc9d9-ddb5-4fa4-a97d-d965ccfc6d4b" outcome="Passed" testListId="8c84fa94-04c1-424b-9868-57a2d4851a1d" relativeResultsDirectory="30f6dbbf-eb88-441e-bacf-4e096ff6da73">
    </UnitTestResult>
  </Results>
</TestRun>